# pdb file = /home/wagram/gelly/CORNICHON/PROJECTS/DR/DR_2/PDBs_Clean/2IXMA/2IXMA.pdb
# dssp file = /home/wagram/gelly/CORNICHON/PROJECTS/DR/DR_2/PDBs_Clean/2IXMA/2IXMA.dssp
# R2 value = 99
# S2D limit size = 8
# limit size of PU= 15
# max size of PU= 0
# d0 value= 6.0
# delta value= 1.5
# only secondary structure= 0
# pruning flag= 0
# cut off pruning= 0
# Max Number of pu= 40
# END PARSE PDB
# END PARSE DSSP
#i/e    i/i+e R2        CI        N DOMAINS
8.00    12.50 83.716706 70.084869 3 1 45 46 182 183 300 
7.73    12.94 87.280641 76.179102 4 183 285 286 300 1 45 46 182 
7.31    13.68 88.724073 78.719611 5 1 20 21 45 183 285 286 300 46 182 
6.62    15.10 90.877471 82.587148 6 183 270 271 285 1 20 21 45 286 300 46 182 
3.95    25.31 94.554124 89.404823 8 46 86 87 150 151 182 183 270 271 285 1 20 21 45 286 300 
3.81    26.25 95.045949 90.337324 9 46 68 69 86 87 150 151 182 183 270 271 285 1 20 21 45 286 300 
3.67    27.25 95.536547 91.272318 10 151 166 167 182 46 68 69 86 87 150 183 270 271 285 1 20 21 45 286 300 
3.31    30.19 96.338259 92.810601 11 87 115 116 150 151 166 167 182 46 68 69 86 183 270 271 285 1 20 21 45 286 300 
2.49    40.23 97.284410 94.642564 13 183 217 218 243 244 270 87 115 116 150 151 166 167 182 46 68 69 86 271 285 1 20 21 45 286 300 
2.33    42.92 97.545885 95.151998 14 116 135 136 150 183 217 218 243 244 270 87 115 151 166 167 182 46 68 69 86 271 285 1 20 21 45 286 300 
