# pdb file = /home/wagram/gelly/CORNICHON/PROJECTS/DR/DR_2/PDBs_Clean/1V7RA/1V7RA.pdb
# dssp file = /home/wagram/gelly/CORNICHON/PROJECTS/DR/DR_2/PDBs_Clean/1V7RA/1V7RA.dssp
# R2 value = 99
# S2D limit size = 8
# limit size of PU= 15
# max size of PU= 0
# d0 value= 6.0
# delta value= 1.5
# only secondary structure= 0
# pruning flag= 0
# cut off pruning= 0
# Max Number of pu= 40
# END PARSE PDB
# END PARSE DSSP
#i/e    i/i+e R2        CI        N DOMAINS
12.81    7.81 72.549991 52.635011 2 1 63 64 186 
9.41    10.63 79.191289 62.712603 3 1 33 34 63 64 186 
4.48    22.32 90.788033 82.424669 5 64 127 128 166 167 186 1 33 34 63 
3.27    30.57 93.921274 88.212057 7 64 81 82 101 102 127 128 166 167 186 1 33 34 63 
2.62    38.13 94.500546 89.303532 8 128 147 148 166 64 81 82 101 102 127 167 186 1 33 34 63 
2.17    46.18 94.734325 89.745924 9 1 16 17 33 128 147 148 166 64 81 82 101 102 127 167 186 34 63 
