# pdb file = /home/wagram/gelly/CORNICHON/PROJECTS/DR/DR_2/PDBs_Clean/1MB3A/1MB3A.pdb
# dssp file = /home/wagram/gelly/CORNICHON/PROJECTS/DR/DR_2/PDBs_Clean/1MB3A/1MB3A.dssp
# R2 value = 99
# S2D limit size = 8
# limit size of PU= 15
# max size of PU= 0
# d0 value= 6.0
# delta value= 1.5
# only secondary structure= 0
# pruning flag= 0
# cut off pruning= 0
# Max Number of pu= 40
# END PARSE PDB
# END PARSE DSSP
#i/e    i/i+e R2        CI        N DOMAINS
21.91    4.56 63.404563 40.201387 2 1 96 97 117 
7.03    14.22 82.304707 67.740648 3 1 51 52 96 97 117 
5.14    19.45 86.730256 75.221373 4 52 76 77 96 1 51 97 117 
3.49    28.69 89.820546 80.677306 5 1 32 33 51 52 76 77 96 97 117 
2.50    40.00 90.544907 81.983801 6 1 17 18 32 33 51 52 76 77 96 97 117 
