# pdb file = /home/wagram/gelly/CORNICHON/PROJECTS/DR/DR_2/PDBs_Clean/2FXUA/2FXUA.pdb
# dssp file = /home/wagram/gelly/CORNICHON/PROJECTS/DR/DR_2/PDBs_Clean/2FXUA/2FXUA.dssp
# R2 value = 99
# S2D limit size = 8
# limit size of PU= 15
# max size of PU= 0
# d0 value= 6.0
# delta value= 1.5
# only secondary structure= 0
# pruning flag= 0
# cut off pruning= 0
# Max Number of pu= 40
# END PARSE PDB
# END PARSE DSSP
#i/e    i/i+e R2        CI        N DOMAINS
13.70    7.30 84.651487 71.658742 3 1 127 128 329 330 361 
13.15    7.61 85.887495 73.766619 4 330 345 346 361 1 127 128 329 
6.07    16.46 93.460644 87.348919 6 128 174 175 249 250 329 330 345 346 361 1 127 
4.39    22.78 95.746316 91.673570 8 1 30 31 58 59 127 128 174 175 249 250 329 330 345 346 361 
4.09    24.42 96.448151 93.022459 9 59 86 87 127 1 30 31 58 128 174 175 249 250 329 330 345 346 361 
3.81    26.21 96.969081 94.030028 10 250 275 276 329 59 86 87 127 1 30 31 58 128 174 175 249 330 345 346 361 
3.51    28.45 97.423020 94.912449 11 175 205 206 249 250 275 276 329 59 86 87 127 1 30 31 58 128 174 330 345 346 361 
3.34    29.91 97.551577 95.163102 12 175 190 191 205 206 249 250 275 276 329 59 86 87 127 1 30 31 58 128 174 330 345 346 361 
2.88    34.73 97.878264 95.801545 14 276 290 291 315 316 329 175 190 191 205 206 249 250 275 59 86 87 127 1 30 31 58 128 174 330 345 346 361 
2.66    37.54 98.008383 96.056431 15 206 226 227 249 276 290 291 315 316 329 175 190 191 205 250 275 59 86 87 127 1 30 31 58 128 174 330 345 346 361 
2.43    41.09 98.194836 96.422258 16 128 144 145 174 206 226 227 249 276 290 291 315 316 329 175 190 191 205 250 275 59 86 87 127 1 30 31 58 330 345 346 361 
2.17    46.01 98.262350 96.554894 17 87 107 108 127 128 144 145 174 206 226 227 249 276 290 291 315 316 329 175 190 191 205 250 275 59 86 1 30 31 58 330 345 346 361 
