# pdb file = /home/wagram/gelly/CORNICHON/PROJECTS/DR/DR_2/PDBs_Clean/3QVNA/3QVNA.pdb
# dssp file = /home/wagram/gelly/CORNICHON/PROJECTS/DR/DR_2/PDBs_Clean/3QVNA/3QVNA.dssp
# R2 value = 99
# S2D limit size = 8
# limit size of PU= 15
# max size of PU= 0
# d0 value= 6.0
# delta value= 1.5
# only secondary structure= 0
# pruning flag= 0
# cut off pruning= 0
# Max Number of pu= 40
# END PARSE PDB
# END PARSE DSSP
#i/e    i/i+e R2        CI        N DOMAINS
16.59    6.03 76.697795 58.825517 2 1 78 79 205 
9.85    10.15 84.912282 72.100956 4 1 15 16 36 37 78 79 205 
4.53    22.10 91.840573 84.346909 6 79 118 119 191 192 205 1 15 16 36 37 78 
4.43    22.59 93.568621 87.550869 7 79 96 97 118 119 191 192 205 1 15 16 36 37 78 
3.93    25.48 95.153064 90.541055 8 119 171 172 191 79 96 97 118 192 205 1 15 16 36 37 78 
3.20    31.24 95.735402 91.652672 9 37 59 60 78 119 171 172 191 79 96 97 118 192 205 1 15 16 36 
2.58    38.73 96.109619 92.370588 10 119 156 157 171 37 59 60 78 172 191 79 96 97 118 192 205 1 15 16 36 
2.19    45.64 96.348099 92.829562 11 119 139 140 156 157 171 37 59 60 78 172 191 79 96 97 118 192 205 1 15 16 36 
