# pdb file = /home/wagram/gelly/CORNICHON/PROJECTS/DR/DR_2/PDBs_Clean/2CCMA/2CCMA.pdb
# dssp file = /home/wagram/gelly/CORNICHON/PROJECTS/DR/DR_2/PDBs_Clean/2CCMA/2CCMA.dssp
# R2 value = 99
# S2D limit size = 8
# limit size of PU= 15
# max size of PU= 0
# d0 value= 6.0
# delta value= 1.5
# only secondary structure= 0
# pruning flag= 0
# cut off pruning= 0
# Max Number of pu= 40
# END PARSE PDB
# END PARSE DSSP
#i/e    i/i+e R2        CI        N DOMAINS
20.27    4.93 79.348358 62.961619 2 1 109 110 190 
8.32    12.02 90.348615 81.628723 4 1 33 34 62 63 109 110 190 
7.40    13.52 91.597024 83.900147 5 1 16 17 33 34 62 63 109 110 190 
6.10    16.38 93.216589 86.893326 6 63 88 89 109 1 16 17 33 34 62 110 190 
4.45    22.48 95.040728 90.327400 7 110 139 140 190 63 88 89 109 1 16 17 33 34 62 
3.69    27.08 95.873173 91.916652 8 140 159 160 190 110 139 63 88 89 109 1 16 17 33 34 62 
3.27    30.57 96.235309 92.612346 9 160 175 176 190 140 159 110 139 63 88 89 109 1 16 17 33 34 62 
