# pdb file = /home/wagram/gelly/CORNICHON/PROJECTS/DR/DR_2/PDBs_Clean/2YINA/2YINA.pdb
# dssp file = /home/wagram/gelly/CORNICHON/PROJECTS/DR/DR_2/PDBs_Clean/2YINA/2YINA.dssp
# R2 value = 99
# S2D limit size = 8
# limit size of PU= 15
# max size of PU= 0
# d0 value= 6.0
# delta value= 1.5
# only secondary structure= 0
# pruning flag= 0
# cut off pruning= 0
# Max Number of pu= 40
# END PARSE PDB
# END PARSE DSSP
#i/e    i/i+e R2        CI        N DOMAINS
75.44    1.33 81.367587 66.206842 2 1 285 286 411 
33.15    3.02 92.242390 85.086586 3 1 128 129 285 286 411 
22.88    4.37 94.238289 88.808550 4 1 41 42 128 129 285 286 411 
14.57    6.86 96.002811 92.165398 5 129 201 202 285 1 41 42 128 286 411 
11.90    8.40 96.772825 93.649796 6 42 84 85 128 129 201 202 285 1 41 286 411 
7.87    12.70 97.806191 95.660510 8 286 327 328 358 359 411 42 84 85 128 129 201 202 285 1 41 
7.46    13.41 97.972714 95.986527 9 286 312 313 327 328 358 359 411 42 84 85 128 129 201 202 285 1 41 
5.94    16.84 98.413511 96.852192 11 202 237 238 254 255 285 286 312 313 327 328 358 359 411 42 84 85 128 129 201 1 41 
5.12    19.54 98.635688 97.289989 13 359 373 374 395 396 411 202 237 238 254 255 285 286 312 313 327 328 358 42 84 85 128 129 201 1 41 
4.06    24.64 98.842097 97.697600 15 129 160 161 175 176 201 359 373 374 395 396 411 202 237 238 254 255 285 286 312 313 327 328 358 42 84 85 128 1 41 
3.81    26.22 98.920502 97.852658 16 85 113 114 128 129 160 161 175 176 201 359 373 374 395 396 411 202 237 238 254 255 285 286 312 313 327 328 358 42 84 1 41 
3.58    27.95 98.996965 98.003990 17 1 25 26 41 85 113 114 128 129 160 161 175 176 201 359 373 374 395 396 411 202 237 238 254 255 285 286 312 313 327 328 358 42 84 
3.28    30.49 99.060941 98.130700 18 42 69 70 84 1 25 26 41 85 113 114 128 129 160 161 175 176 201 359 373 374 395 396 411 202 237 238 254 255 285 286 312 313 327 328 358 
