# pdb file = /home/wagram/gelly/CORNICHON/PROJECTS/DR/DR_2/PDBs_Clean/3KP7A/3KP7A.pdb
# dssp file = /home/wagram/gelly/CORNICHON/PROJECTS/DR/DR_2/PDBs_Clean/3KP7A/3KP7A.dssp
# R2 value = 99
# S2D limit size = 8
# limit size of PU= 15
# max size of PU= 0
# d0 value= 6.0
# delta value= 1.5
# only secondary structure= 0
# pruning flag= 0
# cut off pruning= 0
# Max Number of pu= 40
# END PARSE PDB
# END PARSE DSSP
#i/e    i/i+e R2        CI        N DOMAINS
102.65   0.97 74.815387 55.973421 2 1 113 114 140 
33.68    2.97 88.069071 77.561613 3 1 26 27 113 114 140 
18.71    5.35 92.467846 85.503026 4 27 96 97 113 1 26 114 140 
10.74    9.31 94.702855 89.686307 5 27 42 43 96 97 113 1 26 114 140 
6.27    15.95 95.893707 91.956030 6 43 71 72 96 27 42 97 113 1 26 114 140 
