# pdb file = /home/wagram/gelly/CORNICHON/PROJECTS/DR/DR_2/PDBs_Clean/3EP1A/3EP1A.pdb
# dssp file = /home/wagram/gelly/CORNICHON/PROJECTS/DR/DR_2/PDBs_Clean/3EP1A/3EP1A.dssp
# R2 value = 99
# S2D limit size = 8
# limit size of PU= 15
# max size of PU= 0
# d0 value= 6.0
# delta value= 1.5
# only secondary structure= 0
# pruning flag= 0
# cut off pruning= 0
# Max Number of pu= 40
# END PARSE PDB
# END PARSE DSSP
#i/e    i/i+e R2        CI        N DOMAINS
9.58    10.43 69.552587 48.375624 2 1 111 112 167 
6.25    16.01 79.557157 63.293412 4 112 126 127 144 145 167 1 111 
2.51    39.85 89.038587 79.278701 6 1 34 35 68 69 111 112 126 127 144 145 167 
2.47    40.48 90.965592 82.747388 7 1 19 20 34 35 68 69 111 112 126 127 144 145 167 
2.30    43.45 92.148830 84.914068 8 35 52 53 68 1 19 20 34 69 111 112 126 127 144 145 167 
1.89    52.95 93.297221 87.043715 9 69 91 92 111 35 52 53 68 1 19 20 34 112 126 127 144 145 167 
