# pdb file = /home/wagram/gelly/CORNICHON/PROJECTS/DR/DR_2/PDBs_Clean/2P51A/2P51A.pdb
# dssp file = /home/wagram/gelly/CORNICHON/PROJECTS/DR/DR_2/PDBs_Clean/2P51A/2P51A.dssp
# R2 value = 99
# S2D limit size = 8
# limit size of PU= 15
# max size of PU= 0
# d0 value= 6.0
# delta value= 1.5
# only secondary structure= 0
# pruning flag= 0
# cut off pruning= 0
# Max Number of pu= 40
# END PARSE PDB
# END PARSE DSSP
#i/e    i/i+e R2        CI        N DOMAINS
5.84    17.12 66.682267 44.465248 3 1 39 40 66 67 255 
3.94    25.39 85.689485 73.426879 5 67 93 94 124 125 255 1 39 40 66 
3.08    32.42 92.003266 84.646009 7 125 200 201 244 245 255 67 93 94 124 1 39 40 66 
2.98    33.51 92.882482 86.271554 8 1 23 24 39 125 200 201 244 245 255 67 93 94 124 40 66 
2.80    35.75 93.740081 87.872028 9 201 228 229 244 1 23 24 39 125 200 245 255 67 93 94 124 40 66 
2.21    45.23 95.662399 91.512946 11 125 152 153 179 180 200 201 228 229 244 1 23 24 39 245 255 67 93 94 124 40 66 
