# pdb file = /home/wagram/gelly/CORNICHON/PROJECTS/DR/DR_2/PDBs_Clean/4AW7A/4AW7A.pdb
# dssp file = /home/wagram/gelly/CORNICHON/PROJECTS/DR/DR_2/PDBs_Clean/4AW7A/4AW7A.dssp
# R2 value = 99
# S2D limit size = 8
# limit size of PU= 15
# max size of PU= 0
# d0 value= 6.0
# delta value= 1.5
# only secondary structure= 0
# pruning flag= 0
# cut off pruning= 0
# Max Number of pu= 40
# END PARSE PDB
# END PARSE DSSP
#i/e    i/i+e R2        CI        N DOMAINS
11.28    8.86 81.948170 67.155026 3 1 48 49 204 205 565 
11.11    9.00 83.490559 69.706735 4 1 18 19 48 49 204 205 565 
8.30    12.05 91.221421 83.213476 5 205 439 440 565 1 18 19 48 49 204 
7.07    14.14 94.419339 89.150116 6 205 331 332 439 440 565 1 18 19 48 49 204 
6.53    15.32 95.436239 91.080757 7 205 292 293 331 332 439 440 565 1 18 19 48 49 204 
5.93    16.86 96.155638 92.459067 8 49 177 178 204 205 292 293 331 332 439 440 565 1 18 19 48 
4.95    20.19 96.865519 93.829287 10 205 219 220 242 243 292 49 177 178 204 293 331 332 439 440 565 1 18 19 48 
3.96    25.26 97.496892 95.056440 12 49 127 128 150 151 177 205 219 220 242 243 292 178 204 293 331 332 439 440 565 1 18 19 48 
3.79    26.36 97.600707 95.258980 13 293 313 314 331 49 127 128 150 151 177 205 219 220 242 243 292 178 204 332 439 440 565 1 18 19 48 
3.36    29.74 97.869458 95.784309 14 332 373 374 439 293 313 314 331 49 127 128 150 151 177 205 219 220 242 243 292 178 204 440 565 1 18 19 48 
2.40    41.75 98.186507 96.405902 16 440 479 480 529 530 565 332 373 374 439 293 313 314 331 49 127 128 150 151 177 205 219 220 242 243 292 178 204 1 18 19 48 
2.37    42.18 98.249751 96.530136 17 530 548 549 565 440 479 480 529 332 373 374 439 293 313 314 331 49 127 128 150 151 177 205 219 220 242 243 292 178 204 1 18 19 48 
2.07    48.20 98.385983 96.798017 19 374 397 398 415 416 439 530 548 549 565 440 479 480 529 332 373 293 313 314 331 49 127 128 150 151 177 205 219 220 242 243 292 178 204 1 18 19 48 
2.02    49.43 98.478775 96.980692 20 440 457 458 479 374 397 398 415 416 439 530 548 549 565 480 529 332 373 293 313 314 331 49 127 128 150 151 177 205 219 220 242 243 292 178 204 1 18 19 48 
1.76    56.86 98.633618 97.285906 22 49 89 90 110 111 127 440 457 458 479 374 397 398 415 416 439 530 548 549 565 480 529 332 373 293 313 314 331 128 150 151 177 205 219 220 242 243 292 178 204 1 18 19 48 
1.70    58.65 98.691493 97.400107 23 49 70 71 89 90 110 111 127 440 457 458 479 374 397 398 415 416 439 530 548 549 565 480 529 332 373 293 313 314 331 128 150 151 177 205 219 220 242 243 292 178 204 1 18 19 48 
1.64    60.91 98.760916 97.537186 24 332 351 352 373 49 70 71 89 90 110 111 127 440 457 458 479 374 397 398 415 416 439 530 548 549 565 480 529 293 313 314 331 128 150 151 177 205 219 220 242 243 292 178 204 1 18 19 48 
1.56    64.25 98.826273 97.666323 25 243 272 273 292 332 351 352 373 49 70 71 89 90 110 111 127 440 457 458 479 374 397 398 415 416 439 530 548 549 565 480 529 293 313 314 331 128 150 151 177 205 219 220 242 178 204 1 18 19 48 
1.46    68.30 98.879517 97.771589 26 480 506 507 529 243 272 273 292 332 351 352 373 49 70 71 89 90 110 111 127 440 457 458 479 374 397 398 415 416 439 530 548 549 565 293 313 314 331 128 150 151 177 205 219 220 242 178 204 1 18 19 48 
