# pdb file = /home/wagram/gelly/CORNICHON/PROJECTS/DR/DR_2/PDBs_Clean/1I58A/1I58A.pdb
# dssp file = /home/wagram/gelly/CORNICHON/PROJECTS/DR/DR_2/PDBs_Clean/1I58A/1I58A.dssp
# R2 value = 99
# S2D limit size = 8
# limit size of PU= 15
# max size of PU= 0
# d0 value= 6.0
# delta value= 1.5
# only secondary structure= 0
# pruning flag= 0
# cut off pruning= 0
# Max Number of pu= 40
# END PARSE PDB
# END PARSE DSSP
#i/e    i/i+e R2        CI        N DOMAINS
7.74    12.92 83.922511 70.429878 3 1 103 104 154 155 189 
6.96    14.38 87.019061 75.723170 4 104 137 138 154 1 103 155 189 
3.86    25.91 92.341066 85.268724 6 1 64 65 79 80 103 104 137 138 154 155 189 
3.37    29.69 93.841786 88.062809 7 1 47 48 64 65 79 80 103 104 137 138 154 155 189 
3.00    33.32 94.412485 89.137173 8 104 122 123 137 1 47 48 64 65 79 80 103 138 154 155 189 
2.44    41.02 95.013258 90.275191 9 1 27 28 47 104 122 123 137 48 64 65 79 80 103 138 154 155 189 
2.13    46.88 95.623501 91.438540 10 155 174 175 189 1 27 28 47 104 122 123 137 48 64 65 79 80 103 138 154 
