# pdb file = /home/wagram/gelly/CORNICHON/PROJECTS/DR/DR_2/PDBs_Clean/1QJPA/1QJPA.pdb
# dssp file = /home/wagram/gelly/CORNICHON/PROJECTS/DR/DR_2/PDBs_Clean/1QJPA/1QJPA.dssp
# R2 value = 99
# S2D limit size = 8
# limit size of PU= 15
# max size of PU= 0
# d0 value= 6.0
# delta value= 1.5
# only secondary structure= 0
# pruning flag= 0
# cut off pruning= 0
# Max Number of pu= 40
# END PARSE PDB
# END PARSE DSSP
#i/e    i/i+e R2        CI        N DOMAINS
4.69    21.34 71.591054 51.252790 3 1 82 83 97 98 137 
3.24    30.89 80.308589 64.494694 4 1 55 56 82 83 97 98 137 
2.50    40.05 84.161906 70.832265 5 1 40 41 55 56 82 83 97 98 137 
1.99    50.20 86.633919 75.054360 6 1 25 26 40 41 55 56 82 83 97 98 137 
1.54    64.74 88.645876 78.580913 7 98 118 119 137 1 25 26 40 41 55 56 82 83 97 
