# pdb file = /home/wagram/gelly/CORNICHON/PROJECTS/DR/DR_2/PDBs_Clean/1ZYOA/1ZYOA.pdb
# dssp file = /home/wagram/gelly/CORNICHON/PROJECTS/DR/DR_2/PDBs_Clean/1ZYOA/1ZYOA.dssp
# R2 value = 99
# S2D limit size = 8
# limit size of PU= 15
# max size of PU= 0
# d0 value= 6.0
# delta value= 1.5
# only secondary structure= 0
# pruning flag= 0
# cut off pruning= 0
# Max Number of pu= 40
# END PARSE PDB
# END PARSE DSSP
#i/e    i/i+e R2        CI        N DOMAINS
8.26    12.10 70.996682 50.405288 2 1 97 98 184 
3.83    26.09 80.939530 65.512075 4 1 39 40 82 83 97 98 184 
3.39    29.51 83.275386 69.347900 5 40 63 64 82 1 39 83 97 98 184 
3.01    33.27 85.001737 72.252953 6 1 24 25 39 40 63 64 82 83 97 98 184 
2.24    44.72 88.171328 77.741830 7 98 159 160 184 1 24 25 39 40 63 64 82 83 97 
1.58    63.24 91.314004 83.382474 9 98 121 122 139 140 159 160 184 1 24 25 39 40 63 64 82 83 97 
