# pdb file = /home/wagram/gelly/CORNICHON/PROJECTS/DR/DR_2/PDBs_Clean/1SRRA/1SRRA.pdb
# dssp file = /home/wagram/gelly/CORNICHON/PROJECTS/DR/DR_2/PDBs_Clean/1SRRA/1SRRA.dssp
# R2 value = 99
# S2D limit size = 8
# limit size of PU= 15
# max size of PU= 0
# d0 value= 6.0
# delta value= 1.5
# only secondary structure= 0
# pruning flag= 0
# cut off pruning= 0
# Max Number of pu= 40
# END PARSE PDB
# END PARSE DSSP
#i/e    i/i+e R2        CI        N DOMAINS
26.47    3.78 58.518179 34.243773 2 1 104 105 119 
7.32    13.65 81.177346 65.897616 3 1 51 52 104 105 119 
5.25    19.04 86.305176 74.485835 4 52 73 74 104 1 51 105 119 
3.52    28.39 89.463497 80.037173 5 1 32 33 51 52 73 74 104 105 119 
2.53    39.53 90.180274 81.324818 6 1 17 18 32 33 51 52 73 74 104 105 119 
1.89    52.86 90.855457 82.547140 7 74 89 90 104 1 17 18 32 33 51 52 73 105 119 
