# pdb file = /home/wagram/gelly/CORNICHON/PROJECTS/DR/DR_2/PDBs_Clean/1YZHA/1YZHA.pdb
# dssp file = /home/wagram/gelly/CORNICHON/PROJECTS/DR/DR_2/PDBs_Clean/1YZHA/1YZHA.dssp
# R2 value = 99
# S2D limit size = 8
# limit size of PU= 15
# max size of PU= 0
# d0 value= 6.0
# delta value= 1.5
# only secondary structure= 0
# pruning flag= 0
# cut off pruning= 0
# Max Number of pu= 40
# END PARSE PDB
# END PARSE DSSP
#i/e    i/i+e R2        CI        N DOMAINS
16.38    6.10 78.212866 61.172524 2 1 98 99 204 
7.24    13.80 86.281682 74.445287 4 1 31 32 87 88 98 99 204 
4.72    21.19 90.585808 82.057887 5 99 145 146 204 1 31 32 87 88 98 
4.06    24.61 92.069864 84.768598 6 146 163 164 204 99 145 1 31 32 87 88 98 
3.04    32.92 93.329849 87.104606 7 32 61 62 87 146 163 164 204 99 145 1 31 88 98 
2.58    38.82 93.736902 87.866068 8 164 182 183 204 32 61 62 87 146 163 99 145 1 31 88 98 
2.12    47.23 94.339419 88.999260 9 99 125 126 145 164 182 183 204 32 61 62 87 146 163 1 31 88 98 
