# pdb file = /home/wagram/gelly/CORNICHON/PROJECTS/DR/DR_2/PDBs_Clean/3I45A/3I45A.pdb
# dssp file = /home/wagram/gelly/CORNICHON/PROJECTS/DR/DR_2/PDBs_Clean/3I45A/3I45A.dssp
# R2 value = 99
# S2D limit size = 8
# limit size of PU= 15
# max size of PU= 0
# d0 value= 6.0
# delta value= 1.5
# only secondary structure= 0
# pruning flag= 0
# cut off pruning= 0
# Max Number of pu= 40
# END PARSE PDB
# END PARSE DSSP
#i/e    i/i+e R2        CI        N DOMAINS
8.38    11.93 86.659589 75.098844 3 1 124 125 234 235 378 
5.63    17.75 91.615033 83.933142 5 235 261 262 337 338 378 1 124 125 234 
5.49    18.21 92.382089 85.344504 6 338 363 364 378 235 261 262 337 1 124 125 234 
5.19    19.25 93.432421 87.296173 7 262 281 282 337 338 363 364 378 235 261 1 124 125 234 
3.75    26.65 95.068590 90.380368 9 1 15 16 44 45 124 262 281 282 337 338 363 364 378 235 261 125 234 
3.45    28.98 95.919259 92.005043 10 45 73 74 124 1 15 16 44 262 281 282 337 338 363 364 378 235 261 125 234 
3.25    30.78 96.434973 92.997039 11 282 314 315 337 45 73 74 124 1 15 16 44 262 281 338 363 364 378 235 261 125 234 
3.15    31.72 96.703649 93.515957 12 282 297 298 314 315 337 45 73 74 124 1 15 16 44 262 281 338 363 364 378 235 261 125 234 
2.66    37.65 97.315019 94.702129 13 125 182 183 234 282 297 298 314 315 337 45 73 74 124 1 15 16 44 262 281 338 363 364 378 235 261 
2.51    39.90 97.513203 95.088247 14 183 199 200 234 125 182 282 297 298 314 315 337 45 73 74 124 1 15 16 44 262 281 338 363 364 378 235 261 
2.33    42.85 97.735623 95.522520 15 125 141 142 182 183 199 200 234 282 297 298 314 315 337 45 73 74 124 1 15 16 44 262 281 338 363 364 378 235 261 
2.12    47.16 97.981358 96.003465 16 74 104 105 124 125 141 142 182 183 199 200 234 282 297 298 314 315 337 45 73 1 15 16 44 262 281 338 363 364 378 235 261 
1.98    50.51 98.054070 96.146006 17 200 216 217 234 74 104 105 124 125 141 142 182 183 199 282 297 298 314 315 337 45 73 1 15 16 44 262 281 338 363 364 378 235 261 
1.81    55.32 98.128960 96.292927 18 142 161 162 182 200 216 217 234 74 104 105 124 125 141 183 199 282 297 298 314 315 337 45 73 1 15 16 44 262 281 338 363 364 378 235 261 
1.67    59.83 98.190498 96.413739 19 74 89 90 104 142 161 162 182 200 216 217 234 105 124 125 141 183 199 282 297 298 314 315 337 45 73 1 15 16 44 262 281 338 363 364 378 235 261 
