# pdb file = /home/wagram/gelly/CORNICHON/PROJECTS/DR/DR_2/PDBs_Clean/1JYKA/1JYKA.pdb
# dssp file = /home/wagram/gelly/CORNICHON/PROJECTS/DR/DR_2/PDBs_Clean/1JYKA/1JYKA.dssp
# R2 value = 99
# S2D limit size = 8
# limit size of PU= 15
# max size of PU= 0
# d0 value= 6.0
# delta value= 1.5
# only secondary structure= 0
# pruning flag= 0
# cut off pruning= 0
# Max Number of pu= 40
# END PARSE PDB
# END PARSE DSSP
#i/e    i/i+e R2        CI        N DOMAINS
8.72    11.47 80.886484 65.426233 3 1 116 117 209 210 229 
5.36    18.64 87.242577 76.112673 5 117 164 165 200 201 209 1 116 210 229 
4.87    20.53 88.397839 78.141779 6 165 185 186 200 117 164 201 209 1 116 210 229 
3.07    32.59 93.046889 86.577235 8 1 76 77 96 97 116 165 185 186 200 117 164 201 209 210 229 
2.31    43.32 95.141204 90.518487 10 1 28 29 50 51 76 77 96 97 116 165 185 186 200 117 164 201 209 210 229 
1.92    51.95 95.370456 90.955240 11 117 132 133 164 1 28 29 50 51 76 77 96 97 116 165 185 186 200 201 209 210 229 
1.80    55.55 95.894984 91.958479 12 133 149 150 164 117 132 1 28 29 50 51 76 77 96 97 116 165 185 186 200 201 209 210 229 
