# pdb file = /home/wagram/gelly/CORNICHON/PROJECTS/DR/DR_2/PDBs_Clean/2MASA/2MASA.pdb
# dssp file = /home/wagram/gelly/CORNICHON/PROJECTS/DR/DR_2/PDBs_Clean/2MASA/2MASA.dssp
# R2 value = 99
# S2D limit size = 8
# limit size of PU= 15
# max size of PU= 0
# d0 value= 6.0
# delta value= 1.5
# only secondary structure= 0
# pruning flag= 0
# cut off pruning= 0
# Max Number of pu= 40
# END PARSE PDB
# END PARSE DSSP
#i/e    i/i+e R2        CI        N DOMAINS
7.49    13.35 78.159868 61.089650 3 1 195 196 238 239 313 
5.95    16.80 83.110575 69.073677 5 239 258 259 286 287 313 1 195 196 238 
4.23    23.65 90.461685 81.833164 6 1 104 105 195 239 258 259 286 287 313 196 238 
3.91    25.56 91.303629 83.363527 7 196 219 220 238 1 104 105 195 239 258 259 286 287 313 
3.30    30.29 93.286582 87.023863 8 105 150 151 195 196 219 220 238 1 104 239 258 259 286 287 313 
2.73    36.64 94.570168 89.435166 9 1 33 34 104 105 150 151 195 196 219 220 238 239 258 259 286 287 313 
2.26    44.21 95.485061 91.173968 11 34 66 67 90 91 104 1 33 105 150 151 195 196 219 220 238 239 258 259 286 287 313 
2.08    47.98 95.849941 91.872111 12 151 170 171 195 34 66 67 90 91 104 1 33 105 150 196 219 220 238 239 258 259 286 287 313 
1.97    50.79 96.104287 92.360340 13 34 49 50 66 151 170 171 195 67 90 91 104 1 33 105 150 196 219 220 238 239 258 259 286 287 313 
1.78    56.16 96.403133 92.935640 14 105 123 124 150 34 49 50 66 151 170 171 195 67 90 91 104 1 33 196 219 220 238 239 258 259 286 287 313 
1.64    61.12 96.627030 93.367829 15 1 17 18 33 105 123 124 150 34 49 50 66 151 170 171 195 67 90 91 104 196 219 220 238 239 258 259 286 287 313 
