# pdb file = /home/wagram/gelly/CORNICHON/PROJECTS/DR/DR_2/PDBs_Clean/1U0KA/1U0KA.pdb
# dssp file = /home/wagram/gelly/CORNICHON/PROJECTS/DR/DR_2/PDBs_Clean/1U0KA/1U0KA.dssp
# R2 value = 99
# S2D limit size = 8
# limit size of PU= 15
# max size of PU= 0
# d0 value= 6.0
# delta value= 1.5
# only secondary structure= 0
# pruning flag= 0
# cut off pruning= 0
# Max Number of pu= 40
# END PARSE PDB
# END PARSE DSSP
#i/e    i/i+e R2        CI        N DOMAINS
10.04    9.96 81.243048 66.004329 3 1 119 120 267 268 283 
6.82    14.66 86.239070 74.371772 4 1 69 70 119 120 267 268 283 
4.72    21.18 90.735740 82.329745 5 120 215 216 267 1 69 70 119 268 283 
4.20    23.83 92.475399 85.516995 6 1 22 23 69 120 215 216 267 70 119 268 283 
3.62    27.61 93.491304 87.406240 7 120 197 198 215 1 22 23 69 216 267 70 119 268 283 
3.17    31.59 94.059294 88.471508 8 216 236 237 267 120 197 198 215 1 22 23 69 70 119 268 283 
2.80    35.73 94.538637 89.375539 9 70 88 89 119 216 236 237 267 120 197 198 215 1 22 23 69 268 283 
2.43    41.23 95.082452 90.406728 10 120 180 181 197 70 88 89 119 216 236 237 267 198 215 1 22 23 69 268 283 
2.17    46.10 95.485598 91.174995 11 23 42 43 69 120 180 181 197 70 88 89 119 216 236 237 267 198 215 1 22 268 283 
1.79    55.94 96.243726 92.628547 13 120 134 135 149 150 180 23 42 43 69 181 197 70 88 89 119 216 236 237 267 198 215 1 22 268 283 
