# pdb file = /home/wagram/gelly/CORNICHON/PROJECTS/DR/DR_2/PDBs_Clean/3EC2A/3EC2A.pdb
# dssp file = /home/wagram/gelly/CORNICHON/PROJECTS/DR/DR_2/PDBs_Clean/3EC2A/3EC2A.dssp
# R2 value = 99
# S2D limit size = 8
# limit size of PU= 15
# max size of PU= 0
# d0 value= 6.0
# delta value= 1.5
# only secondary structure= 0
# pruning flag= 0
# cut off pruning= 0
# Max Number of pu= 40
# END PARSE PDB
# END PARSE DSSP
#i/e    i/i+e R2        CI        N DOMAINS
4.95    20.19 78.026774 60.881775 3 1 75 76 100 101 177 
3.96    25.25 84.579087 71.536220 4 101 141 142 177 1 75 76 100 
2.92    34.23 90.217040 81.391143 6 1 15 16 42 43 75 101 141 142 177 76 100 
2.73    36.67 91.663574 84.022108 7 43 58 59 75 1 15 16 42 101 141 142 177 76 100 
2.50    40.03 92.791720 86.103034 8 142 161 162 177 43 58 59 75 1 15 16 42 101 141 76 100 
2.05    48.70 93.610251 87.628791 9 101 122 123 141 142 161 162 177 43 58 59 75 1 15 16 42 76 100 
