# pdb file = /home/wagram/gelly/CORNICHON/PROJECTS/DR/DR_2/PDBs_Clean/3OO3A/3OO3A.pdb
# dssp file = /home/wagram/gelly/CORNICHON/PROJECTS/DR/DR_2/PDBs_Clean/3OO3A/3OO3A.dssp
# R2 value = 99
# S2D limit size = 8
# limit size of PU= 15
# max size of PU= 0
# d0 value= 6.0
# delta value= 1.5
# only secondary structure= 0
# pruning flag= 0
# cut off pruning= 0
# Max Number of pu= 40
# END PARSE PDB
# END PARSE DSSP
#i/e    i/i+e R2        CI        N DOMAINS
8.47    11.81 84.712718 71.762447 3 1 59 60 219 220 371 
5.04    19.84 90.243333 81.438591 5 220 263 264 286 287 371 1 59 60 219 
4.90    20.41 92.169420 84.952019 6 287 320 321 371 220 263 264 286 1 59 60 219 
4.78    20.94 93.070003 86.620255 7 321 341 342 371 287 320 220 263 264 286 1 59 60 219 
4.58    21.83 93.928035 88.224758 8 1 37 38 59 321 341 342 371 287 320 220 263 264 286 60 219 
3.66    27.34 96.530837 93.182025 10 60 85 86 125 126 219 1 37 38 59 321 341 342 371 287 320 220 263 264 286 
3.52    28.42 96.848310 93.795952 11 86 101 102 125 60 85 126 219 1 37 38 59 321 341 342 371 287 320 220 263 264 286 
2.92    34.29 97.677605 95.409145 13 126 141 142 170 171 219 86 101 102 125 60 85 1 37 38 59 321 341 342 371 287 320 220 263 264 286 
2.79    35.84 97.932003 95.906773 14 171 204 205 219 126 141 142 170 86 101 102 125 60 85 1 37 38 59 321 341 342 371 287 320 220 263 264 286 
2.70    37.06 98.100510 96.237102 15 1 22 23 37 171 204 205 219 126 141 142 170 86 101 102 125 60 85 38 59 321 341 342 371 287 320 220 263 264 286 
2.63    38.09 98.229893 96.491119 16 287 305 306 320 1 22 23 37 171 204 205 219 126 141 142 170 86 101 102 125 60 85 38 59 321 341 342 371 220 263 264 286 
2.50    40.06 98.402585 96.830687 17 220 245 246 263 287 305 306 320 1 22 23 37 171 204 205 219 126 141 142 170 86 101 102 125 60 85 38 59 321 341 342 371 264 286 
2.35    42.50 98.488948 97.000729 18 171 189 190 204 220 245 246 263 287 305 306 320 1 22 23 37 205 219 126 141 142 170 86 101 102 125 60 85 38 59 321 341 342 371 264 286 
