# pdb file = /home/wagram/gelly/CORNICHON/PROJECTS/DR/DR_2/PDBs_Clean/1X9IA/1X9IA.pdb
# dssp file = /home/wagram/gelly/CORNICHON/PROJECTS/DR/DR_2/PDBs_Clean/1X9IA/1X9IA.dssp
# R2 value = 99
# S2D limit size = 8
# limit size of PU= 15
# max size of PU= 0
# d0 value= 6.0
# delta value= 1.5
# only secondary structure= 0
# pruning flag= 0
# cut off pruning= 0
# Max Number of pu= 40
# END PARSE PDB
# END PARSE DSSP
#i/e    i/i+e R2        CI        N DOMAINS
20.73    4.82 79.645277 63.433702 2 1 161 162 300 
16.81    5.95 83.052559 68.977276 3 162 285 286 300 1 161 
7.90    12.66 89.931969 80.877590 5 1 19 20 126 127 161 162 285 286 300 
7.34    13.62 90.695611 82.256938 6 127 143 144 161 1 19 20 126 162 285 286 300 
4.92    20.31 93.865452 88.107230 8 162 178 179 258 259 285 127 143 144 161 1 19 20 126 286 300 
3.60    27.81 95.863393 91.897900 10 20 36 37 71 72 126 162 178 179 258 259 285 127 143 144 161 1 19 286 300 
3.08    32.51 96.496384 93.115521 11 179 226 227 258 20 36 37 71 72 126 162 178 259 285 127 143 144 161 1 19 286 300 
2.74    36.53 96.800331 93.703041 12 179 207 208 226 227 258 20 36 37 71 72 126 162 178 259 285 127 143 144 161 1 19 286 300 
2.36    42.39 97.072624 94.230944 13 72 106 107 126 179 207 208 226 227 258 20 36 37 71 162 178 259 285 127 143 144 161 1 19 286 300 
2.16    46.24 97.224028 94.525115 14 72 91 92 106 107 126 179 207 208 226 227 258 20 36 37 71 162 178 259 285 127 143 144 161 1 19 286 300 
1.95    51.33 97.382488 94.833489 15 37 52 53 71 72 91 92 106 107 126 179 207 208 226 227 258 20 36 162 178 259 285 127 143 144 161 1 19 286 300 
1.78    56.18 97.464223 94.992748 16 227 243 244 258 37 52 53 71 72 91 92 106 107 126 179 207 208 226 20 36 162 178 259 285 127 143 144 161 1 19 286 300 
