# pdb file = /home/wagram/gelly/CORNICHON/PROJECTS/DR/DR_2/PDBs_Clean/3O8QA/3O8QA.pdb
# dssp file = /home/wagram/gelly/CORNICHON/PROJECTS/DR/DR_2/PDBs_Clean/3O8QA/3O8QA.dssp
# R2 value = 99
# S2D limit size = 8
# limit size of PU= 15
# max size of PU= 0
# d0 value= 6.0
# delta value= 1.5
# only secondary structure= 0
# pruning flag= 0
# cut off pruning= 0
# Max Number of pu= 40
# END PARSE PDB
# END PARSE DSSP
#i/e    i/i+e R2        CI        N DOMAINS
14.90    6.71 86.019287 73.993178 3 1 101 102 240 241 270 
10.00   10.00 89.876979 80.778713 4 1 59 60 101 102 240 241 270 
5.37    18.63 94.290096 88.906222 6 102 116 117 177 178 240 1 59 60 101 241 270 
4.70    21.29 95.017425 90.283110 7 1 37 38 59 102 116 117 177 178 240 60 101 241 270 
3.87    25.82 95.814907 91.804964 8 178 205 206 240 1 37 38 59 102 116 117 177 60 101 241 270 
3.19    31.34 96.338629 92.811314 9 117 149 150 177 178 205 206 240 1 37 38 59 102 116 60 101 241 270 
2.74    36.54 96.585634 93.287846 10 60 85 86 101 117 149 150 177 178 205 206 240 1 37 38 59 102 116 241 270 
2.44    41.03 96.788576 93.680284 11 206 225 226 240 60 85 86 101 117 149 150 177 178 205 1 37 38 59 102 116 241 270 
2.18    45.81 96.962066 94.016422 12 1 16 17 37 206 225 226 240 60 85 86 101 117 149 150 177 178 205 38 59 102 116 241 270 
1.93    51.82 97.085548 94.256037 13 117 133 134 149 1 16 17 37 206 225 226 240 60 85 86 101 150 177 178 205 38 59 102 116 241 270 
