# pdb file = /home/wagram/gelly/CORNICHON/PROJECTS/DR/DR_2/PDBs_Clean/3F3ZA/3F3ZA.pdb
# dssp file = /home/wagram/gelly/CORNICHON/PROJECTS/DR/DR_2/PDBs_Clean/3F3ZA/3F3ZA.dssp
# R2 value = 99
# S2D limit size = 8
# limit size of PU= 15
# max size of PU= 0
# d0 value= 6.0
# delta value= 1.5
# only secondary structure= 0
# pruning flag= 0
# cut off pruning= 0
# Max Number of pu= 40
# END PARSE PDB
# END PARSE DSSP
#i/e    i/i+e R2        CI        N DOMAINS
27.89    3.59 77.206086 59.607798 2 1 82 83 272 
12.05    8.30 84.199899 70.896230 4 1 42 43 64 65 82 83 272 
5.48    18.25 93.361034 87.162826 6 83 154 155 249 250 272 1 42 43 64 65 82 
4.07    24.54 95.019873 90.287762 8 83 97 98 122 123 154 155 249 250 272 1 42 43 64 65 82 
3.46    28.89 96.135443 92.420235 9 155 219 220 249 83 97 98 122 123 154 250 272 1 42 43 64 65 82 
3.14    31.85 96.724860 93.556986 10 155 201 202 219 220 249 83 97 98 122 123 154 250 272 1 42 43 64 65 82 
2.92    34.28 97.150446 94.382092 11 155 183 184 201 202 219 220 249 83 97 98 122 123 154 250 272 1 42 43 64 65 82 
2.51    39.90 97.305273 94.683161 12 1 24 25 42 155 183 184 201 202 219 220 249 83 97 98 122 123 154 250 272 43 64 65 82 
2.22    44.99 97.439575 94.944708 13 123 138 139 154 1 24 25 42 155 183 184 201 202 219 220 249 83 97 98 122 250 272 43 64 65 82 
