# pdb file = /home/wagram/gelly/CORNICHON/PROJECTS/DR/DR_2/PDBs_Clean/1V2XA/1V2XA.pdb
# dssp file = /home/wagram/gelly/CORNICHON/PROJECTS/DR/DR_2/PDBs_Clean/1V2XA/1V2XA.dssp
# R2 value = 99
# S2D limit size = 8
# limit size of PU= 15
# max size of PU= 0
# d0 value= 6.0
# delta value= 1.5
# only secondary structure= 0
# pruning flag= 0
# cut off pruning= 0
# Max Number of pu= 40
# END PARSE PDB
# END PARSE DSSP
#i/e    i/i+e R2        CI        N DOMAINS
32.16    3.11 71.191175 50.681834 3 1 17 18 178 179 191 
7.46    13.40 85.684015 73.417504 4 18 93 94 178 1 17 179 191 
6.41    15.61 88.755146 78.774760 5 18 78 79 93 94 178 1 17 179 191 
5.13    19.51 91.989846 84.621317 6 94 150 151 178 18 78 79 93 1 17 179 191 
3.17    31.53 93.440530 87.311326 8 94 111 112 135 136 150 151 178 18 78 79 93 1 17 179 191 
2.43    41.08 94.150671 88.643488 9 18 63 64 78 94 111 112 135 136 150 151 178 79 93 1 17 179 191 
1.96    50.95 94.704367 89.689172 10 18 48 49 63 64 78 94 111 112 135 136 150 151 178 79 93 1 17 179 191 
1.79    55.88 95.401124 91.013744 11 18 33 34 48 49 63 64 78 94 111 112 135 136 150 151 178 79 93 1 17 179 191 
