# pdb file = /home/wagram/gelly/CORNICHON/PROJECTS/DR/DR_2/PDBs_Clean/3HSYA/3HSYA.pdb
# dssp file = /home/wagram/gelly/CORNICHON/PROJECTS/DR/DR_2/PDBs_Clean/3HSYA/3HSYA.dssp
# R2 value = 99
# S2D limit size = 8
# limit size of PU= 15
# max size of PU= 0
# d0 value= 6.0
# delta value= 1.5
# only secondary structure= 0
# pruning flag= 0
# cut off pruning= 0
# Max Number of pu= 40
# END PARSE PDB
# END PARSE DSSP
#i/e    i/i+e R2        CI        N DOMAINS
7.94    12.59 86.528841 74.872403 3 1 107 108 216 217 354 
5.96    16.78 91.079043 82.953921 5 217 278 279 293 294 354 1 107 108 216 
5.71    17.51 92.521068 85.601480 6 217 249 250 278 279 293 294 354 1 107 108 216 
5.47    18.30 93.992297 88.345519 7 294 326 327 354 217 249 250 278 279 293 1 107 108 216 
4.68    21.37 95.363273 90.941538 8 108 160 161 216 294 326 327 354 217 249 250 278 279 293 1 107 
3.51    28.49 96.357522 92.847720 10 1 15 16 31 32 107 108 160 161 216 294 326 327 354 217 249 250 278 279 293 
3.20    31.25 96.978408 94.048116 11 32 61 62 107 1 15 16 31 108 160 161 216 294 326 327 354 217 249 250 278 279 293 
3.06    32.63 97.202858 94.483955 12 217 232 233 249 32 61 62 107 1 15 16 31 108 160 161 216 294 326 327 354 250 278 279 293 
2.80    35.69 97.423506 94.913395 13 108 127 128 160 217 232 233 249 32 61 62 107 1 15 16 31 161 216 294 326 327 354 250 278 279 293 
2.65    37.77 97.566619 95.192452 14 294 310 311 326 108 127 128 160 217 232 233 249 32 61 62 107 1 15 16 31 161 216 327 354 250 278 279 293 
2.38    41.99 97.804046 95.656313 15 161 184 185 216 294 310 311 326 108 127 128 160 217 232 233 249 32 61 62 107 1 15 16 31 327 354 250 278 279 293 
2.25    44.38 97.894699 95.833722 16 128 143 144 160 161 184 185 216 294 310 311 326 108 127 217 232 233 249 32 61 62 107 1 15 16 31 327 354 250 278 279 293 
2.07    48.32 98.100648 96.237372 17 62 88 89 107 128 143 144 160 161 184 185 216 294 310 311 326 108 127 217 232 233 249 32 61 1 15 16 31 327 354 250 278 279 293 
1.90    52.74 98.145007 96.324424 18 185 200 201 216 62 88 89 107 128 143 144 160 161 184 294 310 311 326 108 127 217 232 233 249 32 61 1 15 16 31 327 354 250 278 279 293 
