# pdb file = /home/wagram/gelly/CORNICHON/PROJECTS/DR/DR_2/PDBs_Clean/1OY5A/1OY5A.pdb
# dssp file = /home/wagram/gelly/CORNICHON/PROJECTS/DR/DR_2/PDBs_Clean/1OY5A/1OY5A.dssp
# R2 value = 99
# S2D limit size = 8
# limit size of PU= 15
# max size of PU= 0
# d0 value= 6.0
# delta value= 1.5
# only secondary structure= 0
# pruning flag= 0
# cut off pruning= 0
# Max Number of pu= 40
# END PARSE PDB
# END PARSE DSSP
#i/e    i/i+e R2        CI        N DOMAINS
27670.19  0.00 80.267007 64.427924 2 1 161 162 218 
149.16   0.67 83.755913 70.150529 3 162 203 204 218 1 161 
7.75    12.91 93.557609 87.530262 5 1 39 40 80 81 161 162 203 204 218 
6.22    16.09 94.869387 90.002007 6 81 143 144 161 1 39 40 80 162 203 204 218 
5.39    18.54 95.416236 91.042582 7 40 63 64 80 81 143 144 161 1 39 162 203 204 218 
4.75    21.06 95.920939 92.008265 8 162 181 182 203 40 63 64 80 81 143 144 161 1 39 204 218 
2.73    36.69 96.643380 93.399429 10 81 104 105 125 126 143 162 181 182 203 40 63 64 80 144 161 1 39 204 218 
2.24    44.68 96.904479 93.904781 11 1 18 19 39 81 104 105 125 126 143 162 181 182 203 40 63 64 80 144 161 204 218 
