# pdb file = /home/wagram/gelly/CORNICHON/PROJECTS/DR/DR_2/PDBs_Clean/3TVIA/3TVIA.pdb
# dssp file = /home/wagram/gelly/CORNICHON/PROJECTS/DR/DR_2/PDBs_Clean/3TVIA/3TVIA.dssp
# R2 value = 99
# S2D limit size = 8
# limit size of PU= 15
# max size of PU= 0
# d0 value= 6.0
# delta value= 1.5
# only secondary structure= 0
# pruning flag= 0
# cut off pruning= 0
# Max Number of pu= 40
# END PARSE PDB
# END PARSE DSSP
#i/e    i/i+e R2        CI        N DOMAINS
21.43    4.67 85.323541 72.801067 3 1 287 288 362 363 428 
7.63    13.10 93.451877 87.332533 5 1 39 40 110 111 287 288 362 363 428 
6.59    15.18 95.981331 92.124160 6 111 196 197 287 1 39 40 110 288 362 363 428 
5.58    17.91 96.618079 93.350532 8 40 72 73 95 96 110 111 196 197 287 1 39 288 362 363 428 
5.00    20.01 97.043893 94.175171 9 111 129 130 196 40 72 73 95 96 110 197 287 1 39 288 362 363 428 
3.66    27.31 97.493461 95.049750 11 197 234 235 249 250 287 111 129 130 196 40 72 73 95 96 110 1 39 288 362 363 428 
3.62    27.59 97.763292 95.576612 12 250 272 273 287 197 234 235 249 111 129 130 196 40 72 73 95 96 110 1 39 288 362 363 428 
3.50    28.59 97.885055 95.814840 13 197 219 220 234 250 272 273 287 235 249 111 129 130 196 40 72 73 95 96 110 1 39 288 362 363 428 
2.81    35.59 98.075205 96.187459 15 288 302 303 317 318 362 197 219 220 234 250 272 273 287 235 249 111 129 130 196 40 72 73 95 96 110 1 39 363 428 
2.74    36.46 98.202118 96.436560 16 318 339 340 362 288 302 303 317 197 219 220 234 250 272 273 287 235 249 111 129 130 196 40 72 73 95 96 110 1 39 363 428 
2.35    42.64 98.427538 96.879803 18 363 377 378 393 394 428 318 339 340 362 288 302 303 317 197 219 220 234 250 272 273 287 235 249 111 129 130 196 40 72 73 95 96 110 1 39 
2.30    43.43 98.529337 97.080303 19 394 411 412 428 363 377 378 393 318 339 340 362 288 302 303 317 197 219 220 234 250 272 273 287 235 249 111 129 130 196 40 72 73 95 96 110 1 39 
2.22    45.09 98.596979 97.213642 20 40 55 56 72 394 411 412 428 363 377 378 393 318 339 340 362 288 302 303 317 197 219 220 234 250 272 273 287 235 249 111 129 130 196 73 95 96 110 1 39 
2.06    48.54 98.749903 97.515434 21 130 177 178 196 40 55 56 72 394 411 412 428 363 377 378 393 318 339 340 362 288 302 303 317 197 219 220 234 250 272 273 287 235 249 111 129 73 95 96 110 1 39 
1.93    51.92 98.807469 97.629160 22 130 162 163 177 178 196 40 55 56 72 394 411 412 428 363 377 378 393 318 339 340 362 288 302 303 317 197 219 220 234 250 272 273 287 235 249 111 129 73 95 96 110 1 39 
1.86    53.84 98.868993 97.750777 23 130 147 148 162 163 177 178 196 40 55 56 72 394 411 412 428 363 377 378 393 318 339 340 362 288 302 303 317 197 219 220 234 250 272 273 287 235 249 111 129 73 95 96 110 1 39 
1.70    58.78 98.911478 97.834805 24 1 20 21 39 130 147 148 162 163 177 178 196 40 55 56 72 394 411 412 428 363 377 378 393 318 339 340 362 288 302 303 317 197 219 220 234 250 272 273 287 235 249 111 129 73 95 96 110 
