# pdb file = /home/wagram/gelly/CORNICHON/PROJECTS/DR/DR_2/PDBs_Clean/4B0TA/4B0TA.pdb
# dssp file = /home/wagram/gelly/CORNICHON/PROJECTS/DR/DR_2/PDBs_Clean/4B0TA/4B0TA.dssp
# R2 value = 99
# S2D limit size = 8
# limit size of PU= 15
# max size of PU= 0
# d0 value= 6.0
# delta value= 1.5
# only secondary structure= 0
# pruning flag= 0
# cut off pruning= 0
# Max Number of pu= 40
# END PARSE PDB
# END PARSE DSSP
#i/e    i/i+e R2        CI        N DOMAINS
425.17   0.24 57.956096 33.589090 2 1 42 43 470 
290.40   0.34 61.341210 37.627441 3 1 17 18 42 43 470 
17.04    5.87 90.130203 81.234534 5 43 106 107 393 394 470 1 17 18 42 
15.69    6.37 91.358683 83.464089 6 43 86 87 106 107 393 394 470 1 17 18 42 
9.48    10.55 94.897172 90.054732 8 107 121 122 343 344 393 43 86 87 106 394 470 1 17 18 42 
8.93    11.19 95.387534 90.987817 9 344 369 370 393 107 121 122 343 43 86 87 106 394 470 1 17 18 42 
4.96    20.18 96.414496 92.957550 11 122 158 159 173 174 343 344 369 370 393 107 121 43 86 87 106 394 470 1 17 18 42 
4.39    22.76 97.533873 95.128564 13 174 195 196 216 217 343 122 158 159 173 344 369 370 393 107 121 43 86 87 106 394 470 1 17 18 42 
3.73    26.84 98.344396 96.716203 15 217 248 249 285 286 343 174 195 196 216 122 158 159 173 344 369 370 393 107 121 43 86 87 106 394 470 1 17 18 42 
3.60    27.80 98.533850 97.089196 16 286 321 322 343 217 248 249 285 174 195 196 216 122 158 159 173 344 369 370 393 107 121 43 86 87 106 394 470 1 17 18 42 
3.51    28.47 98.664126 97.346097 17 122 142 143 158 286 321 322 343 217 248 249 285 174 195 196 216 159 173 344 369 370 393 107 121 43 86 87 106 394 470 1 17 18 42 
3.43    29.18 98.762003 97.539331 18 217 233 234 248 122 142 143 158 286 321 322 343 249 285 174 195 196 216 159 173 344 369 370 393 107 121 43 86 87 106 394 470 1 17 18 42 
3.31    30.26 98.862674 97.738283 19 43 68 69 86 217 233 234 248 122 142 143 158 286 321 322 343 249 285 174 195 196 216 159 173 344 369 370 393 107 121 87 106 394 470 1 17 18 42 
3.17    31.51 98.994748 97.999601 20 394 409 410 470 43 68 69 86 217 233 234 248 122 142 143 158 286 321 322 343 249 285 174 195 196 216 159 173 344 369 370 393 107 121 87 106 1 17 18 42 
3.08    32.46 99.064067 98.136893 21 286 301 302 321 394 409 410 470 43 68 69 86 217 233 234 248 122 142 143 158 322 343 249 285 174 195 196 216 159 173 344 369 370 393 107 121 87 106 1 17 18 42 
