# pdb file = /home/wagram/gelly/CORNICHON/PROJECTS/DR/DR_2/PDBs_Clean/3O6ZA/3O6ZA.pdb
# dssp file = /home/wagram/gelly/CORNICHON/PROJECTS/DR/DR_2/PDBs_Clean/3O6ZA/3O6ZA.dssp
# R2 value = 99
# S2D limit size = 8
# limit size of PU= 15
# max size of PU= 0
# d0 value= 6.0
# delta value= 1.5
# only secondary structure= 0
# pruning flag= 0
# cut off pruning= 0
# Max Number of pu= 40
# END PARSE PDB
# END PARSE DSSP
#i/e    i/i+e R2        CI        N DOMAINS
52.06    1.92 76.363674 58.314107 2 1 43 44 181 
13.24    7.55 86.288779 74.457534 3 44 148 149 181 1 43 
4.09    24.44 91.059481 82.918290 5 44 65 66 80 81 148 149 181 1 43 
3.29    30.37 94.110855 88.568529 7 81 108 109 132 133 148 44 65 66 80 149 181 1 43 
3.04    32.89 94.882214 90.026345 8 149 164 165 181 81 108 109 132 133 148 44 65 66 80 1 43 
2.35    42.53 95.246411 90.718788 9 1 24 25 43 149 164 165 181 81 108 109 132 133 148 44 65 66 80 
