# pdb file = /home/wagram/gelly/CORNICHON/PROJECTS/DR/DR_2/PDBs_Clean/1SVSA/1SVSA.pdb
# dssp file = /home/wagram/gelly/CORNICHON/PROJECTS/DR/DR_2/PDBs_Clean/1SVSA/1SVSA.dssp
# R2 value = 99
# S2D limit size = 8
# limit size of PU= 15
# max size of PU= 0
# d0 value= 6.0
# delta value= 1.5
# only secondary structure= 0
# pruning flag= 0
# cut off pruning= 0
# Max Number of pu= 40
# END PARSE PDB
# END PARSE DSSP
#i/e    i/i+e R2        CI        N DOMAINS
10.12    9.88 85.230474 72.642338 3 1 29 30 148 149 316 
9.05    11.05 90.395536 81.713528 4 149 185 186 316 1 29 30 148 
7.83    12.78 92.421634 85.417584 5 186 294 295 316 149 185 1 29 30 148 
4.98    20.08 94.902003 90.063903 7 30 49 50 117 118 148 186 294 295 316 149 185 1 29 
4.05    24.71 95.937262 92.039582 9 50 66 67 101 102 117 30 49 118 148 186 294 295 316 149 185 1 29 
3.00    33.31 97.157744 94.396272 11 186 238 239 275 276 294 50 66 67 101 102 117 30 49 118 148 295 316 149 185 1 29 
2.85    35.05 97.348347 94.767007 12 149 170 171 185 186 238 239 275 276 294 50 66 67 101 102 117 30 49 118 148 295 316 1 29 
2.73    36.60 97.530727 95.122427 13 118 133 134 148 149 170 171 185 186 238 239 275 276 294 50 66 67 101 102 117 30 49 295 316 1 29 
2.32    43.09 97.909299 95.862308 15 186 200 201 224 225 238 118 133 134 148 149 170 171 185 239 275 276 294 50 66 67 101 102 117 30 49 295 316 1 29 
2.19    45.69 98.045061 96.128340 16 239 260 261 275 186 200 201 224 225 238 118 133 134 148 149 170 171 185 276 294 50 66 67 101 102 117 30 49 295 316 1 29 
2.06    48.60 98.174798 96.382910 17 67 86 87 101 239 260 261 275 186 200 201 224 225 238 118 133 134 148 149 170 171 185 276 294 50 66 102 117 30 49 295 316 1 29 
