# pdb file = /home/wagram/gelly/CORNICHON/PROJECTS/DR/DR_2/PDBs_Clean/3Q49B/3Q49B.pdb
# dssp file = /home/wagram/gelly/CORNICHON/PROJECTS/DR/DR_2/PDBs_Clean/3Q49B/3Q49B.dssp
# R2 value = 99
# S2D limit size = 8
# limit size of PU= 15
# max size of PU= 0
# d0 value= 6.0
# delta value= 1.5
# only secondary structure= 0
# pruning flag= 0
# cut off pruning= 0
# Max Number of pu= 40
# END PARSE PDB
# END PARSE DSSP
#i/e    i/i+e R2        CI        N DOMAINS
18.76    5.33 79.038916 62.471503 2 1 69 70 132 
9.51    10.51 87.576476 76.696392 3 1 35 36 69 70 132 
6.49    15.41 91.447785 83.626974 4 70 107 108 132 1 35 36 69 
4.62    21.65 92.717286 85.964952 5 70 92 93 107 108 132 1 35 36 69 
3.41    29.34 93.487910 87.399893 6 1 19 20 35 70 92 93 107 108 132 36 69 
2.64    37.90 94.327395 88.976574 7 36 53 54 69 1 19 20 35 70 92 93 107 108 132 
