# pdb file = /home/wagram/gelly/CORNICHON/PROJECTS/DR/DR_2/PDBs_Clean/3U7QA/3U7QA.pdb
# dssp file = /home/wagram/gelly/CORNICHON/PROJECTS/DR/DR_2/PDBs_Clean/3U7QA/3U7QA.dssp
# R2 value = 99
# S2D limit size = 8
# limit size of PU= 15
# max size of PU= 0
# d0 value= 6.0
# delta value= 1.5
# only secondary structure= 0
# pruning flag= 0
# cut off pruning= 0
# Max Number of pu= 40
# END PARSE PDB
# END PARSE DSSP
#i/e    i/i+e R2        CI        N DOMAINS
13.37    7.48 85.937973 73.853352 3 1 57 58 294 295 477 
9.26    10.80 91.472403 83.672006 4 58 203 204 294 1 57 295 477 
6.55    15.27 94.825097 89.917990 6 295 343 344 444 445 477 58 203 204 294 1 57 
6.32    15.83 95.234003 90.695154 7 295 327 328 343 344 444 445 477 58 203 204 294 1 57 
6.12    16.35 95.506622 91.215148 8 445 460 461 477 295 327 328 343 344 444 58 203 204 294 1 57 
5.83    17.15 95.804412 91.784854 9 1 16 17 57 445 460 461 477 295 327 328 343 344 444 58 203 204 294 
5.18    19.32 96.495809 93.114411 10 344 401 402 444 1 16 17 57 445 460 461 477 295 327 328 343 58 203 204 294 
3.92    25.53 97.285694 94.645062 12 58 72 73 177 178 203 344 401 402 444 1 16 17 57 445 460 461 477 295 327 328 343 204 294 
3.13    31.99 97.695701 95.444500 14 204 226 227 243 244 294 58 72 73 177 178 203 344 401 402 444 1 16 17 57 445 460 461 477 295 327 328 343 
3.05    32.83 97.934754 95.912161 15 244 265 266 294 204 226 227 243 58 72 73 177 178 203 344 401 402 444 1 16 17 57 445 460 461 477 295 327 328 343 
2.85    35.10 98.147320 96.328965 16 73 158 159 177 244 265 266 294 204 226 227 243 58 72 178 203 344 401 402 444 1 16 17 57 445 460 461 477 295 327 328 343 
2.49    40.21 98.474149 96.971581 18 73 115 116 140 141 158 159 177 244 265 266 294 204 226 227 243 58 72 178 203 344 401 402 444 1 16 17 57 445 460 461 477 295 327 328 343 
2.41    41.49 98.554780 97.130446 19 295 312 313 327 73 115 116 140 141 158 159 177 244 265 266 294 204 226 227 243 58 72 178 203 344 401 402 444 1 16 17 57 445 460 461 477 328 343 
2.34    42.81 98.625648 97.270184 20 17 32 33 57 295 312 313 327 73 115 116 140 141 158 159 177 244 265 266 294 204 226 227 243 58 72 178 203 344 401 402 444 1 16 445 460 461 477 328 343 
2.25    44.49 98.713469 97.443490 21 402 419 420 444 17 32 33 57 295 312 313 327 73 115 116 140 141 158 159 177 244 265 266 294 204 226 227 243 58 72 178 203 344 401 1 16 445 460 461 477 328 343 
2.08    47.99 98.843844 97.701055 22 344 375 376 401 402 419 420 444 17 32 33 57 295 312 313 327 73 115 116 140 141 158 159 177 244 265 266 294 204 226 227 243 58 72 178 203 1 16 445 460 461 477 328 343 
1.93    51.76 98.878283 97.769148 23 73 96 97 115 344 375 376 401 402 419 420 444 17 32 33 57 295 312 313 327 116 140 141 158 159 177 244 265 266 294 204 226 227 243 58 72 178 203 1 16 445 460 461 477 328 343 
1.82    55.06 98.907557 97.827049 24 344 359 360 375 73 96 97 115 376 401 402 419 420 444 17 32 33 57 295 312 313 327 116 140 141 158 159 177 244 265 266 294 204 226 227 243 58 72 178 203 1 16 445 460 461 477 328 343 
