# pdb file = /home/wagram/gelly/CORNICHON/PROJECTS/DR/DR_2/PDBs_Clean/2J89A/2J89A.pdb
# dssp file = /home/wagram/gelly/CORNICHON/PROJECTS/DR/DR_2/PDBs_Clean/2J89A/2J89A.dssp
# R2 value = 99
# S2D limit size = 8
# limit size of PU= 15
# max size of PU= 0
# d0 value= 6.0
# delta value= 1.5
# only secondary structure= 0
# pruning flag= 0
# cut off pruning= 0
# Max Number of pu= 40
# END PARSE PDB
# END PARSE DSSP
#i/e    i/i+e R2        CI        N DOMAINS
19.71    5.07 63.030043 39.727864 2 1 151 152 183 
4.69    21.31 82.625805 68.270236 4 1 79 80 144 145 151 152 183 
3.69    27.10 86.246528 74.384636 5 80 108 109 144 1 79 145 151 152 183 
3.27    30.54 87.300100 76.213074 6 152 168 169 183 80 108 109 144 1 79 145 151 
2.52    39.73 89.598199 80.278373 7 1 22 23 79 152 168 169 183 80 108 109 144 145 151 
2.00    50.06 91.298643 83.354423 8 23 46 47 79 1 22 152 168 169 183 80 108 109 144 145 151 
1.84    54.31 92.333237 85.254266 9 47 64 65 79 23 46 1 22 152 168 169 183 80 108 109 144 145 151 
1.61    62.01 92.917064 86.335809 10 109 125 126 144 47 64 65 79 23 46 1 22 152 168 169 183 80 108 145 151 
