# pdb file = /home/wagram/gelly/CORNICHON/PROJECTS/DR/DR_2/PDBs_Clean/4EPCA/4EPCA.pdb
# dssp file = /home/wagram/gelly/CORNICHON/PROJECTS/DR/DR_2/PDBs_Clean/4EPCA/4EPCA.dssp
# R2 value = 99
# S2D limit size = 8
# limit size of PU= 15
# max size of PU= 0
# d0 value= 6.0
# delta value= 1.5
# only secondary structure= 0
# pruning flag= 0
# cut off pruning= 0
# Max Number of pu= 40
# END PARSE PDB
# END PARSE DSSP
#i/e    i/i+e R2        CI        N DOMAINS
25.26    3.96 80.890920 65.433410 2 1 78 79 152 
4.74    21.09 86.012793 73.982006 4 1 19 20 35 36 78 79 152 
2.28    43.83 89.617727 80.313369 6 79 93 94 112 113 152 1 19 20 35 36 78 
1.82    54.86 90.627440 82.133329 7 36 57 58 78 79 93 94 112 113 152 1 19 20 35 
1.52    65.84 91.473313 83.673670 8 113 137 138 152 36 57 58 78 79 93 94 112 1 19 20 35 
