# pdb file = /home/wagram/gelly/CORNICHON/PROJECTS/DR/DR_2/PDBs_Clean/3UA3A/3UA3A.pdb
# dssp file = /home/wagram/gelly/CORNICHON/PROJECTS/DR/DR_2/PDBs_Clean/3UA3A/3UA3A.dssp
# R2 value = 99
# S2D limit size = 8
# limit size of PU= 15
# max size of PU= 0
# d0 value= 6.0
# delta value= 1.5
# only secondary structure= 0
# pruning flag= 0
# cut off pruning= 0
# Max Number of pu= 40
# END PARSE PDB
# END PARSE DSSP
#i/e    i/i+e R2        CI        N DOMAINS
61.56    1.62 83.607224 69.901680 2 1 286 287 661 
17.89    5.59 91.619673 83.941645 4 287 310 311 426 427 661 1 286 
9.88    10.12 95.094678 90.429978 6 1 39 40 196 197 286 287 310 311 426 427 661 
8.52    11.74 96.227181 92.596703 7 40 121 122 196 1 39 197 286 287 310 311 426 427 661 
5.21    19.21 97.239667 94.555528 9 427 480 481 507 508 661 40 121 122 196 1 39 197 286 287 310 311 426 
5.18    19.30 97.433767 94.933389 10 427 464 465 480 481 507 508 661 40 121 122 196 1 39 197 286 287 310 311 426 
3.94    25.37 97.974800 95.990615 12 508 573 574 598 599 661 427 464 465 480 481 507 40 121 122 196 1 39 197 286 287 310 311 426 
3.91    25.60 98.119276 96.273924 13 508 523 524 573 574 598 599 661 427 464 465 480 481 507 40 121 122 196 1 39 197 286 287 310 311 426 
3.73    26.80 98.268067 96.566129 14 197 264 265 286 508 523 524 573 574 598 599 661 427 464 465 480 481 507 40 121 122 196 1 39 287 310 311 426 
3.52    28.40 98.451891 96.927748 15 311 333 334 426 197 264 265 286 508 523 524 573 574 598 599 661 427 464 465 480 481 507 40 121 122 196 1 39 287 310 
3.05    32.77 98.625610 97.270110 17 334 353 354 369 370 426 311 333 197 264 265 286 508 523 524 573 574 598 599 661 427 464 465 480 481 507 40 121 122 196 1 39 287 310 
2.99    33.46 98.738865 97.493635 18 370 405 406 426 334 353 354 369 311 333 197 264 265 286 508 523 524 573 574 598 599 661 427 464 465 480 481 507 40 121 122 196 1 39 287 310 
2.71    36.93 98.901827 97.815714 20 40 83 84 106 107 121 370 405 406 426 334 353 354 369 311 333 197 264 265 286 508 523 524 573 574 598 599 661 427 464 465 480 481 507 122 196 1 39 287 310 
2.65    37.78 98.952425 97.915824 21 40 65 66 83 84 106 107 121 370 405 406 426 334 353 354 369 311 333 197 264 265 286 508 523 524 573 574 598 599 661 427 464 465 480 481 507 122 196 1 39 287 310 
2.59    38.61 99.021307 98.052193 22 599 614 615 661 40 65 66 83 84 106 107 121 370 405 406 426 334 353 354 369 311 333 197 264 265 286 508 523 524 573 574 598 427 464 465 480 481 507 122 196 1 39 287 310 
