# pdb file = /home/wagram/gelly/CORNICHON/PROJECTS/DR/DR_2/PDBs_Clean/3KWOA/3KWOA.pdb
# dssp file = /home/wagram/gelly/CORNICHON/PROJECTS/DR/DR_2/PDBs_Clean/3KWOA/3KWOA.dssp
# R2 value = 99
# S2D limit size = 8
# limit size of PU= 15
# max size of PU= 0
# d0 value= 6.0
# delta value= 1.5
# only secondary structure= 0
# pruning flag= 0
# cut off pruning= 0
# Max Number of pu= 40
# END PARSE PDB
# END PARSE DSSP
#i/e    i/i+e R2        CI        N DOMAINS
16.09    6.22 76.485057 58.499640 2 1 93 94 149 
8.00    12.51 85.231457 72.644012 4 94 108 109 129 130 149 1 93 
3.29    30.40 91.912494 84.479065 6 1 18 19 51 52 93 94 108 109 129 130 149 
3.20    31.24 93.915080 88.200423 7 52 78 79 93 1 18 19 51 94 108 109 129 130 149 
2.62    38.15 94.591010 89.474592 8 19 35 36 51 52 78 79 93 1 18 94 108 109 129 130 149 
