# pdb file = /home/wagram/gelly/CORNICHON/PROJECTS/DR/DR_2/PDBs_Clean/3EBHA/3EBHA.pdb
# dssp file = /home/wagram/gelly/CORNICHON/PROJECTS/DR/DR_2/PDBs_Clean/3EBHA/3EBHA.dssp
# R2 value = 99
# S2D limit size = 8
# limit size of PU= 15
# max size of PU= 0
# d0 value= 6.0
# delta value= 1.5
# only secondary structure= 0
# pruning flag= 0
# cut off pruning= 0
# Max Number of pu= 40
# END PARSE PDB
# END PARSE DSSP
#i/e    i/i+e R2        CI        N DOMAINS
45.42    2.20 75.548825 57.076250 2 1 195 196 889 
15.73    6.36 93.584994 87.581512 4 196 303 304 576 577 889 1 195 
12.89    7.76 95.533507 91.266510 5 577 716 717 889 196 303 304 576 1 195 
11.81    8.47 96.392097 92.914363 6 717 815 816 889 577 716 196 303 304 576 1 195 
10.17    9.83 97.424266 94.914877 7 304 455 456 576 717 815 816 889 577 716 196 303 1 195 
9.28    10.77 97.769692 95.589126 8 577 665 666 716 304 455 456 576 717 815 816 889 196 303 1 195 
8.41    11.90 98.051483 96.140933 10 577 604 605 631 632 665 666 716 304 455 456 576 717 815 816 889 196 303 1 195 
7.87    12.71 98.253510 96.537522 11 717 757 758 815 577 604 605 631 632 665 666 716 304 455 456 576 816 889 196 303 1 195 
6.42    15.57 98.580319 97.180793 13 304 330 331 365 366 455 717 757 758 815 577 604 605 631 632 665 666 716 456 576 816 889 196 303 1 195 
6.02    16.62 98.753446 97.522432 15 366 393 394 444 445 455 304 330 331 365 717 757 758 815 577 604 605 631 632 665 666 716 456 576 816 889 196 303 1 195 
5.91    16.91 98.813467 97.641012 16 331 348 349 365 366 393 394 444 445 455 304 330 717 757 758 815 577 604 605 631 632 665 666 716 456 576 816 889 196 303 1 195 
5.81    17.21 98.854928 97.722968 17 632 647 648 665 331 348 349 365 366 393 394 444 445 455 304 330 717 757 758 815 577 604 605 631 666 716 456 576 816 889 196 303 1 195 
5.49    18.23 98.965299 97.941304 18 456 550 551 576 632 647 648 665 331 348 349 365 366 393 394 444 445 455 304 330 717 757 758 815 577 604 605 631 666 716 816 889 196 303 1 195 
4.75    21.03 99.132447 98.272420 19 1 101 102 195 456 550 551 576 632 647 648 665 331 348 349 365 366 393 394 444 445 455 304 330 717 757 758 815 577 604 605 631 666 716 816 889 196 303 
