# pdb file = /home/wagram/gelly/CORNICHON/PROJECTS/DR/DR_2/PDBs_Clean/3DAIA/3DAIA.pdb
# dssp file = /home/wagram/gelly/CORNICHON/PROJECTS/DR/DR_2/PDBs_Clean/3DAIA/3DAIA.dssp
# R2 value = 99
# S2D limit size = 8
# limit size of PU= 15
# max size of PU= 0
# d0 value= 6.0
# delta value= 1.5
# only secondary structure= 0
# pruning flag= 0
# cut off pruning= 0
# Max Number of pu= 40
# END PARSE PDB
# END PARSE DSSP
#i/e    i/i+e R2        CI        N DOMAINS
8.05    12.42 78.885502 62.229224 3 1 34 35 50 51 130 
6.51    15.36 85.908230 73.802240 4 51 115 116 130 1 34 35 50 
5.04    19.82 91.092133 82.977767 5 51 78 79 115 116 130 1 34 35 50 
4.52    22.13 92.958493 86.412814 6 1 16 17 34 51 78 79 115 116 130 35 50 
3.94    25.35 94.454022 89.215623 7 79 100 101 115 1 16 17 34 51 78 116 130 35 50 
