# pdb file = /home/wagram/gelly/CORNICHON/PROJECTS/DR/DR_2/PDBs_Clean/1PBGA/1PBGA.pdb
# dssp file = /home/wagram/gelly/CORNICHON/PROJECTS/DR/DR_2/PDBs_Clean/1PBGA/1PBGA.dssp
# R2 value = 99
# S2D limit size = 8
# limit size of PU= 15
# max size of PU= 0
# d0 value= 6.0
# delta value= 1.5
# only secondary structure= 0
# pruning flag= 0
# cut off pruning= 0
# Max Number of pu= 40
# END PARSE PDB
# END PARSE DSSP
#i/e    i/i+e R2        CI        N DOMAINS
9.78    10.23 85.894740 73.779064 3 1 126 127 358 359 454 
6.73    14.87 91.264208 83.291556 4 127 216 217 358 1 126 359 454 
5.36    18.66 93.265040 86.983677 6 127 159 160 190 191 216 217 358 1 126 359 454 
4.05    24.68 95.295778 90.812853 8 217 239 240 291 292 358 127 159 160 190 191 216 1 126 359 454 
3.61    27.72 95.982628 92.126649 10 292 306 307 323 324 358 217 239 240 291 127 159 160 190 191 216 1 126 359 454 
3.54    28.28 96.193168 92.531256 11 324 339 340 358 292 306 307 323 217 239 240 291 127 159 160 190 191 216 1 126 359 454 
3.00    33.37 96.979280 94.049807 13 359 385 386 404 405 454 324 339 340 358 292 306 307 323 217 239 240 291 127 159 160 190 191 216 1 126 
2.92    34.23 97.186697 94.452540 14 405 438 439 454 359 385 386 404 324 339 340 358 292 306 307 323 217 239 240 291 127 159 160 190 191 216 1 126 
2.85    35.04 97.305073 94.682773 15 127 142 143 159 405 438 439 454 359 385 386 404 324 339 340 358 292 306 307 323 217 239 240 291 160 190 191 216 1 126 
2.73    36.62 97.516162 95.094019 16 240 273 274 291 127 142 143 159 405 438 439 454 359 385 386 404 324 339 340 358 292 306 307 323 217 239 160 190 191 216 1 126 
2.66    37.65 97.666016 95.386507 17 240 255 256 273 274 291 127 142 143 159 405 438 439 454 359 385 386 404 324 339 340 358 292 306 307 323 217 239 160 190 191 216 1 126 
2.16    46.27 98.110355 96.256418 19 1 30 31 45 46 126 240 255 256 273 274 291 127 142 143 159 405 438 439 454 359 385 386 404 324 339 340 358 292 306 307 323 217 239 160 190 191 216 
2.08    48.16 98.372125 96.770750 20 46 68 69 126 1 30 31 45 240 255 256 273 274 291 127 142 143 159 405 438 439 454 359 385 386 404 324 339 340 358 292 306 307 323 217 239 160 190 191 216 
1.85    54.09 98.563818 97.148261 22 69 88 89 107 108 126 46 68 1 30 31 45 240 255 256 273 274 291 127 142 143 159 405 438 439 454 359 385 386 404 324 339 340 358 292 306 307 323 217 239 160 190 191 216 
1.77    56.50 98.625463 97.269820 23 405 422 423 438 69 88 89 107 108 126 46 68 1 30 31 45 240 255 256 273 274 291 127 142 143 159 439 454 359 385 386 404 324 339 340 358 292 306 307 323 217 239 160 190 191 216 
1.65    60.47 98.666421 97.350626 24 160 175 176 190 405 422 423 438 69 88 89 107 108 126 46 68 1 30 31 45 240 255 256 273 274 291 127 142 143 159 439 454 359 385 386 404 324 339 340 358 292 306 307 323 217 239 191 216 
