# pdb file = /home/wagram/gelly/CORNICHON/PROJECTS/DR/DR_2/PDBs_Clean/3FKDA/3FKDA.pdb
# dssp file = /home/wagram/gelly/CORNICHON/PROJECTS/DR/DR_2/PDBs_Clean/3FKDA/3FKDA.dssp
# R2 value = 99
# S2D limit size = 8
# limit size of PU= 15
# max size of PU= 0
# d0 value= 6.0
# delta value= 1.5
# only secondary structure= 0
# pruning flag= 0
# cut off pruning= 0
# Max Number of pu= 40
# END PARSE PDB
# END PARSE DSSP
#i/e    i/i+e R2        CI        N DOMAINS
13.33    7.50 81.091316 65.758015 3 1 24 25 233 234 326 
5.06    19.78 91.450640 83.632195 5 25 64 65 163 164 233 1 24 234 326 
4.70    21.28 92.786268 86.092915 6 164 208 209 233 25 64 65 163 1 24 234 326 
3.81    26.21 94.709257 89.698434 8 234 253 254 306 307 326 164 208 209 233 25 64 65 163 1 24 
3.63    27.53 95.284857 90.792041 9 25 40 41 64 234 253 254 306 307 326 164 208 209 233 65 163 1 24 
3.12    32.02 96.280233 92.698832 10 65 120 121 163 25 40 41 64 234 253 254 306 307 326 164 208 209 233 1 24 
2.86    34.93 96.711591 93.531317 11 254 271 272 306 65 120 121 163 25 40 41 64 234 253 307 326 164 208 209 233 1 24 
2.69    37.16 96.942352 93.978197 12 272 288 289 306 254 271 65 120 121 163 25 40 41 64 234 253 307 326 164 208 209 233 1 24 
2.43    41.07 97.214913 94.507393 13 65 101 102 120 272 288 289 306 254 271 121 163 25 40 41 64 234 253 307 326 164 208 209 233 1 24 
2.25    44.35 97.420071 94.906702 14 121 145 146 163 65 101 102 120 272 288 289 306 254 271 25 40 41 64 234 253 307 326 164 208 209 233 1 24 
2.08    48.07 97.635623 95.327148 15 164 190 191 208 121 145 146 163 65 101 102 120 272 288 289 306 254 271 25 40 41 64 234 253 307 326 209 233 1 24 
1.86    53.72 97.745449 95.541727 16 65 80 81 101 164 190 191 208 121 145 146 163 102 120 272 288 289 306 254 271 25 40 41 64 234 253 307 326 209 233 1 24 
