# pdb file = /home/wagram/gelly/CORNICHON/PROJECTS/DR/DR_2/PDBs_Clean/2X49A/2X49A.pdb
# dssp file = /home/wagram/gelly/CORNICHON/PROJECTS/DR/DR_2/PDBs_Clean/2X49A/2X49A.dssp
# R2 value = 99
# S2D limit size = 8
# limit size of PU= 15
# max size of PU= 0
# d0 value= 6.0
# delta value= 1.5
# only secondary structure= 0
# pruning flag= 0
# cut off pruning= 0
# Max Number of pu= 40
# END PARSE PDB
# END PARSE DSSP
#i/e    i/i+e R2        CI        N DOMAINS
25.79    3.88 78.428253 61.509908 2 1 221 222 333 
11.38    8.79 92.936118 86.371220 4 1 73 74 125 126 221 222 333 
6.33    15.79 94.986148 90.223684 6 222 241 242 282 283 333 1 73 74 125 126 221 
6.07    16.46 95.482678 91.169418 7 242 263 264 282 222 241 283 333 1 73 74 125 126 221 
5.50    18.19 96.386860 92.904268 8 126 145 146 221 242 263 264 282 222 241 283 333 1 73 74 125 
3.97    25.18 97.039292 94.166242 10 1 28 29 43 44 73 126 145 146 221 242 263 264 282 222 241 283 333 74 125 
3.76    26.61 97.330174 94.731627 11 283 317 318 333 1 28 29 43 44 73 126 145 146 221 242 263 264 282 222 241 74 125 
3.31    30.22 97.796724 95.641992 12 146 179 180 221 283 317 318 333 1 28 29 43 44 73 126 145 242 263 264 282 222 241 74 125 
3.12    32.04 98.024397 96.087824 13 180 195 196 221 146 179 283 317 318 333 1 28 29 43 44 73 126 145 242 263 264 282 222 241 74 125 
2.79    35.88 98.170543 96.374556 14 74 107 108 125 180 195 196 221 146 179 283 317 318 333 1 28 29 43 44 73 126 145 242 263 264 282 222 241 
2.62    38.17 98.261673 96.553565 15 74 92 93 107 108 125 180 195 196 221 146 179 283 317 318 333 1 28 29 43 44 73 126 145 242 263 264 282 222 241 
