# pdb file = /home/wagram/gelly/CORNICHON/PROJECTS/DR/DR_2/PDBs_Clean/3DFUA/3DFUA.pdb
# dssp file = /home/wagram/gelly/CORNICHON/PROJECTS/DR/DR_2/PDBs_Clean/3DFUA/3DFUA.dssp
# R2 value = 99
# S2D limit size = 8
# limit size of PU= 15
# max size of PU= 0
# d0 value= 6.0
# delta value= 1.5
# only secondary structure= 0
# pruning flag= 0
# cut off pruning= 0
# Max Number of pu= 40
# END PARSE PDB
# END PARSE DSSP
#i/e    i/i+e R2        CI        N DOMAINS
137.11   0.73 83.562223 69.826452 2 1 145 146 228 
73.72    1.36 89.384431 79.895765 3 146 180 181 228 1 145 
33.06    3.02 92.405206 85.387221 4 1 128 129 145 146 180 181 228 
11.21    8.92 95.140465 90.517081 5 1 49 50 128 129 145 146 180 181 228 
8.77    11.40 95.817379 91.809702 6 181 204 205 228 1 49 50 128 129 145 146 180 
7.48    13.37 96.212921 92.569262 7 146 163 164 180 181 204 205 228 1 49 50 128 129 145 
5.39    18.56 97.021644 94.131993 8 50 97 98 128 146 163 164 180 181 204 205 228 1 49 129 145 
4.44    22.50 97.373027 94.815064 9 50 65 66 97 98 128 146 163 164 180 181 204 205 228 1 49 129 145 
3.53    28.30 97.613725 95.284393 10 1 32 33 49 50 65 66 97 98 128 146 163 164 180 181 204 205 228 129 145 
3.10    32.21 97.751727 95.554002 11 1 16 17 32 33 49 50 65 66 97 98 128 146 163 164 180 181 204 205 228 129 145 
2.71    36.87 97.881780 95.808429 12 98 113 114 128 1 16 17 32 33 49 50 65 66 97 146 163 164 180 181 204 205 228 129 145 
