# pdb file = /home/wagram/gelly/CORNICHON/PROJECTS/DR/DR_2/PDBs_Clean/1VB5A/1VB5A.pdb
# dssp file = /home/wagram/gelly/CORNICHON/PROJECTS/DR/DR_2/PDBs_Clean/1VB5A/1VB5A.dssp
# R2 value = 99
# S2D limit size = 8
# limit size of PU= 15
# max size of PU= 0
# d0 value= 6.0
# delta value= 1.5
# only secondary structure= 0
# pruning flag= 0
# cut off pruning= 0
# Max Number of pu= 40
# END PARSE PDB
# END PARSE DSSP
#i/e    i/i+e R2        CI        N DOMAINS
22.01    4.54 77.575779 60.180015 2 1 92 93 274 
7.69    13.01 85.158294 72.519350 4 93 233 234 248 249 274 1 92 
5.29    18.92 90.387281 81.698606 5 93 165 166 233 234 248 249 274 1 92 
3.77    26.52 93.248682 86.953167 7 1 38 39 76 77 92 93 165 166 233 234 248 249 274 
3.23    30.95 94.283843 88.894431 8 93 139 140 165 1 38 39 76 77 92 166 233 234 248 249 274 
2.98    33.59 94.773147 89.819494 9 1 17 18 38 93 139 140 165 39 76 77 92 166 233 234 248 249 274 
2.67    37.47 95.501573 91.205505 10 166 181 182 233 1 17 18 38 93 139 140 165 39 76 77 92 234 248 249 274 
2.39    41.84 96.025657 92.209268 11 93 108 109 139 166 181 182 233 1 17 18 38 140 165 39 76 77 92 234 248 249 274 
2.19    45.77 96.330767 92.796167 12 39 54 55 76 93 108 109 139 166 181 182 233 1 17 18 38 140 165 77 92 234 248 249 274 
1.99    50.37 96.685660 93.481169 13 182 217 218 233 39 54 55 76 93 108 109 139 166 181 1 17 18 38 140 165 77 92 234 248 249 274 
1.88    53.07 97.015766 94.120588 14 182 197 198 217 218 233 39 54 55 76 93 108 109 139 166 181 1 17 18 38 140 165 77 92 234 248 249 274 
1.74    57.64 97.161464 94.403500 15 109 124 125 139 182 197 198 217 218 233 39 54 55 76 93 108 166 181 1 17 18 38 140 165 77 92 234 248 249 274 
