# pdb file = /home/wagram/gelly/CORNICHON/PROJECTS/DR/DR_2/PDBs_Clean/2RKVA/2RKVA.pdb
# dssp file = /home/wagram/gelly/CORNICHON/PROJECTS/DR/DR_2/PDBs_Clean/2RKVA/2RKVA.dssp
# R2 value = 99
# S2D limit size = 8
# limit size of PU= 15
# max size of PU= 0
# d0 value= 6.0
# delta value= 1.5
# only secondary structure= 0
# pruning flag= 0
# cut off pruning= 0
# Max Number of pu= 40
# END PARSE PDB
# END PARSE DSSP
#i/e    i/i+e R2        CI        N DOMAINS
12.32    8.12 75.367227 56.802189 2 1 194 195 443 
6.49    15.41 84.237599 70.959731 4 195 375 376 392 393 443 1 194 
6.25    16.01 85.651373 73.361577 5 393 421 422 443 195 375 376 392 1 194 
4.89    20.46 89.530403 80.156930 7 195 218 219 235 236 375 393 421 422 443 376 392 1 194 
4.08    24.50 92.744106 86.014691 9 236 330 331 355 356 375 195 218 219 235 393 421 422 443 376 392 1 194 
3.41    29.29 94.390574 89.095805 11 236 260 261 317 318 330 331 355 356 375 195 218 219 235 393 421 422 443 376 392 1 194 
3.10    32.21 95.241682 90.709781 13 261 276 277 309 310 317 236 260 318 330 331 355 356 375 195 218 219 235 393 421 422 443 376 392 1 194 
2.96    33.80 95.900562 91.969178 14 1 178 179 194 261 276 277 309 310 317 236 260 318 330 331 355 356 375 195 218 219 235 393 421 422 443 376 392 
2.03    49.31 97.163473 94.407404 16 1 87 88 115 116 178 179 194 261 276 277 309 310 317 236 260 318 330 331 355 356 375 195 218 219 235 393 421 422 443 376 392 
1.98    50.48 97.533084 95.127026 17 116 158 159 178 1 87 88 115 179 194 261 276 277 309 310 317 236 260 318 330 331 355 356 375 195 218 219 235 393 421 422 443 376 392 
1.83    54.69 98.069116 96.175514 19 1 17 18 44 45 87 116 158 159 178 88 115 179 194 261 276 277 309 310 317 236 260 318 330 331 355 356 375 195 218 219 235 393 421 422 443 376 392 
1.78    56.19 98.191274 96.415263 20 116 133 134 158 1 17 18 44 45 87 159 178 88 115 179 194 261 276 277 309 310 317 236 260 318 330 331 355 356 375 195 218 219 235 393 421 422 443 376 392 
1.66    60.20 98.265578 96.561239 21 45 61 62 87 116 133 134 158 1 17 18 44 159 178 88 115 179 194 261 276 277 309 310 317 236 260 318 330 331 355 356 375 195 218 219 235 393 421 422 443 376 392 
1.56    64.11 98.327940 96.683839 22 277 293 294 309 45 61 62 87 116 133 134 158 1 17 18 44 159 178 88 115 179 194 261 276 310 317 236 260 318 330 331 355 356 375 195 218 219 235 393 421 422 443 376 392 
