# pdb file = /home/wagram/gelly/CORNICHON/PROJECTS/DR/DR_2/PDBs_Clean/4DPVZ/4DPVZ.pdb
# dssp file = /home/wagram/gelly/CORNICHON/PROJECTS/DR/DR_2/PDBs_Clean/4DPVZ/4DPVZ.dssp
# R2 value = 99
# S2D limit size = 8
# limit size of PU= 15
# max size of PU= 0
# d0 value= 6.0
# delta value= 1.5
# only secondary structure= 0
# pruning flag= 0
# cut off pruning= 0
# Max Number of pu= 40
# END PARSE PDB
# END PARSE DSSP
#i/e    i/i+e R2        CI        N DOMAINS
6.25    15.99 78.440168 61.528599 3 1 261 262 306 307 559 
5.47    18.28 88.365712 78.084991 5 307 471 472 512 513 559 1 261 262 306 
5.19    19.26 90.969539 82.754570 6 307 433 434 471 472 512 513 559 1 261 262 306 
4.27    23.43 93.133996 86.739413 8 307 350 351 375 376 433 434 471 472 512 513 559 1 261 262 306 
4.20    23.83 93.604826 87.618634 9 262 282 283 306 307 350 351 375 376 433 434 471 472 512 513 559 1 261 
4.10    24.42 94.063781 88.479949 10 307 331 332 350 262 282 283 306 351 375 376 433 434 471 472 512 513 559 1 261 
4.03    24.81 94.404600 89.122285 11 472 497 498 512 307 331 332 350 262 282 283 306 351 375 376 433 434 471 513 559 1 261 
3.57    28.03 96.031959 92.221372 13 1 22 23 45 46 261 472 497 498 512 307 331 332 350 262 282 283 306 351 375 376 433 434 471 513 559 
2.55    39.24 97.146855 94.375115 15 46 128 129 146 147 261 1 22 23 45 472 497 498 512 307 331 332 350 262 282 283 306 351 375 376 433 434 471 513 559 
2.54    39.43 97.623164 95.302821 16 147 241 242 261 46 128 129 146 1 22 23 45 472 497 498 512 307 331 332 350 262 282 283 306 351 375 376 433 434 471 513 559 
2.51    39.82 98.052196 96.142332 17 46 91 92 128 147 241 242 261 129 146 1 22 23 45 472 497 498 512 307 331 332 350 262 282 283 306 351 375 376 433 434 471 513 559 
2.35    42.54 98.508694 97.039629 19 147 187 188 216 217 241 46 91 92 128 242 261 129 146 1 22 23 45 472 497 498 512 307 331 332 350 262 282 283 306 351 375 376 433 434 471 513 559 
2.33    42.89 98.656124 97.330309 20 92 113 114 128 147 187 188 216 217 241 46 91 242 261 129 146 1 22 23 45 472 497 498 512 307 331 332 350 262 282 283 306 351 375 376 433 434 471 513 559 
2.26    44.25 98.768882 97.552921 21 376 406 407 433 92 113 114 128 147 187 188 216 217 241 46 91 242 261 129 146 1 22 23 45 472 497 498 512 307 331 332 350 262 282 283 306 351 375 434 471 513 559 
2.22    45.11 98.866978 97.746793 22 147 169 170 187 376 406 407 433 92 113 114 128 188 216 217 241 46 91 242 261 129 146 1 22 23 45 472 497 498 512 307 331 332 350 262 282 283 306 351 375 434 471 513 559 
2.17    46.06 98.938204 97.887683 23 513 528 529 559 147 169 170 187 376 406 407 433 92 113 114 128 188 216 217 241 46 91 242 261 129 146 1 22 23 45 472 497 498 512 307 331 332 350 262 282 283 306 351 375 434 471 
2.15    46.61 98.997901 98.005843 24 529 544 545 559 513 528 147 169 170 187 376 406 407 433 92 113 114 128 188 216 217 241 46 91 242 261 129 146 1 22 23 45 472 497 498 512 307 331 332 350 262 282 283 306 351 375 434 471 
2.10    47.64 99.047237 98.103551 25 376 391 392 406 529 544 545 559 513 528 147 169 170 187 407 433 92 113 114 128 188 216 217 241 46 91 242 261 129 146 1 22 23 45 472 497 498 512 307 331 332 350 262 282 283 306 351 375 434 471 
