# pdb file = /home/wagram/gelly/CORNICHON/PROJECTS/DR/DR_2/PDBs_Clean/3OG6A/3OG6A.pdb
# dssp file = /home/wagram/gelly/CORNICHON/PROJECTS/DR/DR_2/PDBs_Clean/3OG6A/3OG6A.dssp
# R2 value = 99
# S2D limit size = 8
# limit size of PU= 15
# max size of PU= 0
# d0 value= 6.0
# delta value= 1.5
# only secondary structure= 0
# pruning flag= 0
# cut off pruning= 0
# Max Number of pu= 40
# END PARSE PDB
# END PARSE DSSP
#i/e    i/i+e R2        CI        N DOMAINS
18.14    5.51 63.034369 39.733316 2 1 24 25 143 
4.14    24.18 86.667106 75.111873 4 25 58 59 94 95 143 1 24 
3.86    25.93 90.459797 81.829749 5 95 114 115 143 25 58 59 94 1 24 
3.48    28.71 92.104522 84.832429 6 59 79 80 94 95 114 115 143 25 58 1 24 
3.20    31.24 93.494608 87.412418 7 25 41 42 58 59 79 80 94 95 114 115 143 1 24 
