# pdb file = /home/wagram/gelly/CORNICHON/PROJECTS/DR/DR_2/PDBs_Clean/2W8NA/2W8NA.pdb
# dssp file = /home/wagram/gelly/CORNICHON/PROJECTS/DR/DR_2/PDBs_Clean/2W8NA/2W8NA.dssp
# R2 value = 99
# S2D limit size = 8
# limit size of PU= 15
# max size of PU= 0
# d0 value= 6.0
# delta value= 1.5
# only secondary structure= 0
# pruning flag= 0
# cut off pruning= 0
# Max Number of pu= 40
# END PARSE PDB
# END PARSE DSSP
#i/e    i/i+e R2        CI        N DOMAINS
12.35    8.09 83.523495 69.761742 3 1 252 253 443 444 480 
5.59    17.89 90.012237 81.022028 5 1 119 120 138 139 252 253 443 444 480 
5.27    18.98 92.181122 84.973592 6 1 60 61 119 120 138 139 252 253 443 444 480 
5.07    19.71 92.871543 86.251235 7 1 38 39 60 61 119 120 138 139 252 253 443 444 480 
3.60    27.75 95.668228 91.524098 9 253 312 313 393 394 443 1 38 39 60 61 119 120 138 139 252 444 480 
3.25    30.74 96.316162 92.768031 11 61 78 79 105 106 119 253 312 313 393 394 443 1 38 39 60 120 138 139 252 444 480 
3.16    31.69 96.538448 93.196720 12 394 409 410 443 61 78 79 105 106 119 253 312 313 393 1 38 39 60 120 138 139 252 444 480 
2.85    35.06 97.171938 94.423855 13 139 203 204 252 394 409 410 443 61 78 79 105 106 119 253 312 313 393 1 38 39 60 120 138 444 480 
2.74    36.46 97.447070 94.959314 14 313 328 329 393 139 203 204 252 394 409 410 443 61 78 79 105 106 119 253 312 1 38 39 60 120 138 444 480 
2.66    37.57 97.582915 95.224253 15 1 16 17 38 313 328 329 393 139 203 204 252 394 409 410 443 61 78 79 105 106 119 253 312 39 60 120 138 444 480 
2.56    39.09 97.757110 95.564525 16 204 219 220 252 1 16 17 38 313 328 329 393 139 203 394 409 410 443 61 78 79 105 106 119 253 312 39 60 120 138 444 480 
2.49    40.15 97.917364 95.878101 17 444 463 464 480 204 219 220 252 1 16 17 38 313 328 329 393 139 203 394 409 410 443 61 78 79 105 106 119 253 312 39 60 120 138 
2.37    42.14 98.084484 96.205660 18 253 293 294 312 444 463 464 480 204 219 220 252 1 16 17 38 313 328 329 393 139 203 394 409 410 443 61 78 79 105 106 119 39 60 120 138 
2.22    45.11 98.297005 96.623012 19 139 179 180 203 253 293 294 312 444 463 464 480 204 219 220 252 1 16 17 38 313 328 329 393 394 409 410 443 61 78 79 105 106 119 39 60 120 138 
2.07    48.40 98.408138 96.841617 20 329 348 349 393 139 179 180 203 253 293 294 312 444 463 464 480 204 219 220 252 1 16 17 38 313 328 394 409 410 443 61 78 79 105 106 119 39 60 120 138 
1.98    50.55 98.496557 97.015718 21 349 372 373 393 329 348 139 179 180 203 253 293 294 312 444 463 464 480 204 219 220 252 1 16 17 38 313 328 394 409 410 443 61 78 79 105 106 119 39 60 120 138 
1.86    53.68 98.551261 97.123510 22 253 272 273 293 349 372 373 393 329 348 139 179 180 203 294 312 444 463 464 480 204 219 220 252 1 16 17 38 313 328 394 409 410 443 61 78 79 105 106 119 39 60 120 138 
1.76    56.88 98.586773 97.193519 23 220 237 238 252 253 272 273 293 349 372 373 393 329 348 139 179 180 203 294 312 444 463 464 480 204 219 1 16 17 38 313 328 394 409 410 443 61 78 79 105 106 119 39 60 120 138 
1.63    61.39 98.643291 97.304988 24 139 159 160 179 220 237 238 252 253 272 273 293 349 372 373 393 329 348 180 203 294 312 444 463 464 480 204 219 1 16 17 38 313 328 394 409 410 443 61 78 79 105 106 119 39 60 120 138 
1.54    65.00 98.665158 97.348135 25 410 428 429 443 139 159 160 179 220 237 238 252 253 272 273 293 349 372 373 393 329 348 180 203 294 312 444 463 464 480 204 219 1 16 17 38 313 328 394 409 61 78 79 105 106 119 39 60 120 138 
