# pdb file = /home/wagram/gelly/CORNICHON/PROJECTS/DR/DR_2/PDBs_Clean/3TJMA/3TJMA.pdb
# dssp file = /home/wagram/gelly/CORNICHON/PROJECTS/DR/DR_2/PDBs_Clean/3TJMA/3TJMA.dssp
# R2 value = 99
# S2D limit size = 8
# limit size of PU= 15
# max size of PU= 0
# d0 value= 6.0
# delta value= 1.5
# only secondary structure= 0
# pruning flag= 0
# cut off pruning= 0
# Max Number of pu= 40
# END PARSE PDB
# END PARSE DSSP
#i/e    i/i+e R2        CI        N DOMAINS
9.37    10.67 86.274207 74.432388 3 1 131 132 207 208 275 
8.35    11.97 88.879999 78.996543 4 208 251 252 275 1 131 132 207 
5.87    17.03 92.809761 86.136517 5 1 60 61 131 208 251 252 275 132 207 
5.24    19.10 94.032130 88.420414 6 61 82 83 131 1 60 208 251 252 275 132 207 
4.71    21.22 94.922637 90.103071 7 132 147 148 207 61 82 83 131 1 60 208 251 252 275 
4.39    22.79 95.541609 91.281990 8 208 223 224 251 132 147 148 207 61 82 83 131 1 60 252 275 
3.80    26.30 96.165960 92.478918 9 148 172 173 207 208 223 224 251 132 147 61 82 83 131 1 60 252 275 
3.50    28.54 96.518189 93.157608 10 173 192 193 207 148 172 208 223 224 251 132 147 61 82 83 131 1 60 252 275 
2.84    35.21 97.037292 94.162360 12 1 16 17 53 54 60 173 192 193 207 148 172 208 223 224 251 132 147 61 82 83 131 252 275 
2.41    41.45 97.329618 94.730546 13 83 114 115 131 1 16 17 53 54 60 173 192 193 207 148 172 208 223 224 251 132 147 61 82 252 275 
2.29    43.72 97.573583 95.206042 14 83 99 100 114 115 131 1 16 17 53 54 60 173 192 193 207 148 172 208 223 224 251 132 147 61 82 252 275 
2.00    49.89 97.706807 95.466201 15 17 36 37 53 83 99 100 114 115 131 1 16 54 60 173 192 193 207 148 172 208 223 224 251 132 147 61 82 252 275 
