# pdb file = /home/wagram/gelly/CORNICHON/PROJECTS/DR/DR_2/PDBs_Clean/3UNVA/3UNVA.pdb
# dssp file = /home/wagram/gelly/CORNICHON/PROJECTS/DR/DR_2/PDBs_Clean/3UNVA/3UNVA.dssp
# R2 value = 99
# S2D limit size = 8
# limit size of PU= 15
# max size of PU= 0
# d0 value= 6.0
# delta value= 1.5
# only secondary structure= 0
# pruning flag= 0
# cut off pruning= 0
# Max Number of pu= 40
# END PARSE PDB
# END PARSE DSSP
#i/e    i/i+e R2        CI        N DOMAINS
9.75    10.26 78.604929 61.787349 3 1 265 266 288 289 513 
9.34    10.71 87.362854 76.322682 4 1 207 208 265 266 288 289 513 
8.07    12.39 91.970586 84.585887 6 289 321 322 341 342 513 1 207 208 265 266 288 
6.74    14.84 93.973125 88.309483 7 342 452 453 513 289 321 322 341 1 207 208 265 266 288 
5.30    18.88 95.375817 90.965465 9 342 368 369 396 397 452 453 513 289 321 322 341 1 207 208 265 266 288 
4.94    20.24 96.032392 92.222203 11 397 414 415 439 440 452 342 368 369 396 453 513 289 321 322 341 1 207 208 265 266 288 
3.87    25.84 97.344253 94.759036 13 1 39 40 71 72 207 397 414 415 439 440 452 342 368 369 396 453 513 289 321 322 341 208 265 266 288 
3.79    26.39 97.526841 95.114847 14 289 306 307 321 1 39 40 71 72 207 397 414 415 439 440 452 342 368 369 396 453 513 322 341 208 265 266 288 
3.63    27.53 97.734693 95.520703 15 453 492 493 513 289 306 307 321 1 39 40 71 72 207 397 414 415 439 440 452 342 368 369 396 322 341 208 265 266 288 
3.44    29.04 97.932741 95.908218 16 208 228 229 265 453 492 493 513 289 306 307 321 1 39 40 71 72 207 397 414 415 439 440 452 342 368 369 396 322 341 266 288 
3.32    30.11 98.035481 96.109555 17 453 470 471 492 208 228 229 265 493 513 289 306 307 321 1 39 40 71 72 207 397 414 415 439 440 452 342 368 369 396 322 341 266 288 
2.58    38.72 98.504956 97.032263 19 72 150 151 181 182 207 453 470 471 492 208 228 229 265 493 513 289 306 307 321 1 39 40 71 397 414 415 439 440 452 342 368 369 396 322 341 266 288 
2.35    42.61 98.789695 97.594039 21 72 91 92 131 132 150 151 181 182 207 453 470 471 492 208 228 229 265 493 513 289 306 307 321 1 39 40 71 397 414 415 439 440 452 342 368 369 396 322 341 266 288 
2.28    43.78 98.873330 97.759354 22 92 113 114 131 72 91 132 150 151 181 182 207 453 470 471 492 208 228 229 265 493 513 289 306 307 321 1 39 40 71 397 414 415 439 440 452 342 368 369 396 322 341 266 288 
2.22    45.00 98.921692 97.855012 23 40 55 56 71 92 113 114 131 72 91 132 150 151 181 182 207 453 470 471 492 208 228 229 265 493 513 289 306 307 321 1 39 397 414 415 439 440 452 342 368 369 396 322 341 266 288 
2.14    46.68 98.974355 97.959229 24 1 23 24 39 40 55 56 71 92 113 114 131 72 91 132 150 151 181 182 207 453 470 471 492 208 228 229 265 493 513 289 306 307 321 397 414 415 439 440 452 342 368 369 396 322 341 266 288 
2.06    48.58 99.025147 98.059797 25 229 250 251 265 1 23 24 39 40 55 56 71 92 113 114 131 72 91 132 150 151 181 182 207 453 470 471 492 208 228 493 513 289 306 307 321 397 414 415 439 440 452 342 368 369 396 322 341 266 288 
