# pdb file = /home/wagram/gelly/CORNICHON/PROJECTS/DR/DR_2/PDBs_Clean/1VRBA/1VRBA.pdb
# dssp file = /home/wagram/gelly/CORNICHON/PROJECTS/DR/DR_2/PDBs_Clean/1VRBA/1VRBA.dssp
# R2 value = 99
# S2D limit size = 8
# limit size of PU= 15
# max size of PU= 0
# d0 value= 6.0
# delta value= 1.5
# only secondary structure= 0
# pruning flag= 0
# cut off pruning= 0
# Max Number of pu= 40
# END PARSE PDB
# END PARSE DSSP
#i/e    i/i+e R2        CI        N DOMAINS
31.76    3.15 81.847868 66.990735 3 1 218 219 283 284 302 
17.31    5.78 86.149365 74.217130 5 219 241 242 262 263 283 1 218 284 302 
6.10    16.40 94.470858 89.247430 7 1 35 36 115 116 218 219 241 242 262 263 283 284 302 
4.90    20.43 96.053261 92.262290 9 36 53 54 79 80 115 1 35 116 218 219 241 242 262 263 283 284 302 
2.39    41.90 96.915830 93.926781 11 116 147 148 173 174 218 36 53 54 79 80 115 1 35 219 241 242 262 263 283 284 302 
2.33    42.98 97.342441 94.755508 12 174 202 203 218 116 147 148 173 36 53 54 79 80 115 1 35 219 241 242 262 263 283 284 302 
2.20    45.45 97.560982 95.181452 13 1 17 18 35 174 202 203 218 116 147 148 173 36 53 54 79 80 115 219 241 242 262 263 283 284 302 
2.02    49.40 97.733030 95.517451 14 80 95 96 115 1 17 18 35 174 202 203 218 116 147 148 173 36 53 54 79 219 241 242 262 263 283 284 302 
