# pdb file = /home/wagram/gelly/CORNICHON/PROJECTS/DR/DR_2/PDBs_Clean/2CARA/2CARA.pdb
# dssp file = /home/wagram/gelly/CORNICHON/PROJECTS/DR/DR_2/PDBs_Clean/2CARA/2CARA.dssp
# R2 value = 99
# S2D limit size = 8
# limit size of PU= 15
# max size of PU= 0
# d0 value= 6.0
# delta value= 1.5
# only secondary structure= 0
# pruning flag= 0
# cut off pruning= 0
# Max Number of pu= 40
# END PARSE PDB
# END PARSE DSSP
#i/e    i/i+e R2        CI        N DOMAINS
14.21    7.04 74.299742 55.204516 3 1 42 43 187 188 196 
5.72    17.49 87.910590 77.282718 5 43 139 140 177 178 187 1 42 188 196 
3.56    28.12 93.999957 88.359919 7 43 75 76 116 117 139 140 177 178 187 1 42 188 196 
3.22    31.10 94.574431 89.443230 8 43 58 59 75 76 116 117 139 140 177 178 187 1 42 188 196 
2.74    36.52 95.180178 90.592663 9 76 91 92 116 43 58 59 75 117 139 140 177 178 187 1 42 188 196 
2.33    42.93 95.693064 91.571625 10 140 158 159 177 76 91 92 116 43 58 59 75 117 139 178 187 1 42 188 196 
2.00    50.11 96.045419 92.247225 11 1 16 17 42 140 158 159 177 76 91 92 116 43 58 59 75 117 139 178 187 188 196 
