# pdb file = /home/wagram/gelly/CORNICHON/PROJECTS/DR/DR_2/PDBs_Clean/1YKIA/1YKIA.pdb
# dssp file = /home/wagram/gelly/CORNICHON/PROJECTS/DR/DR_2/PDBs_Clean/1YKIA/1YKIA.dssp
# R2 value = 99
# S2D limit size = 8
# limit size of PU= 15
# max size of PU= 0
# d0 value= 6.0
# delta value= 1.5
# only secondary structure= 0
# pruning flag= 0
# cut off pruning= 0
# Max Number of pu= 40
# END PARSE PDB
# END PARSE DSSP
#i/e    i/i+e R2        CI        N DOMAINS
4.47    22.39 81.104206 65.778923 3 1 88 89 134 135 216 
4.33    23.09 86.116630 74.160739 4 135 192 193 216 1 88 89 134 
3.62    27.63 91.927127 84.505968 6 1 20 21 43 44 88 135 192 193 216 89 134 
3.30    30.30 93.757718 87.905098 7 135 157 158 192 1 20 21 43 44 88 193 216 89 134 
3.04    32.89 94.688344 89.658825 8 89 117 118 134 135 157 158 192 1 20 21 43 44 88 193 216 
2.50    40.00 95.112236 90.463375 9 44 59 60 88 89 117 118 134 135 157 158 192 1 20 21 43 193 216 
2.13    46.86 95.286045 90.794304 10 158 175 176 192 44 59 60 88 89 117 118 134 135 157 1 20 21 43 193 216 
