# pdb file = /home/wagram/gelly/CORNICHON/PROJECTS/DR/DR_2/PDBs_Clean/2BL2A/2BL2A.pdb
# dssp file = /home/wagram/gelly/CORNICHON/PROJECTS/DR/DR_2/PDBs_Clean/2BL2A/2BL2A.dssp
# R2 value = 99
# S2D limit size = 8
# limit size of PU= 15
# max size of PU= 0
# d0 value= 6.0
# delta value= 1.5
# only secondary structure= 0
# pruning flag= 0
# cut off pruning= 0
# Max Number of pu= 40
# END PARSE PDB
# END PARSE DSSP
#i/e    i/i+e R2        CI        N DOMAINS
7.23    13.84 70.979383 50.380728 3 1 112 113 137 138 156 
2.50    40.03 86.425971 74.694485 5 1 36 37 60 61 112 113 137 138 156 
2.37    42.19 88.719137 78.710853 6 1 19 20 36 37 60 61 112 113 137 138 156 
2.09    47.90 90.666620 82.204360 7 61 80 81 112 1 19 20 36 37 60 113 137 138 156 
2.01    49.69 92.753315 86.031774 8 81 96 97 112 61 80 1 19 20 36 37 60 113 137 138 156 
