# pdb file = /home/wagram/gelly/CORNICHON/PROJECTS/DR/DR_2/PDBs_Clean/3RQTA/3RQTA.pdb
# dssp file = /home/wagram/gelly/CORNICHON/PROJECTS/DR/DR_2/PDBs_Clean/3RQTA/3RQTA.dssp
# R2 value = 99
# S2D limit size = 8
# limit size of PU= 15
# max size of PU= 0
# d0 value= 6.0
# delta value= 1.5
# only secondary structure= 0
# pruning flag= 0
# cut off pruning= 0
# Max Number of pu= 40
# END PARSE PDB
# END PARSE DSSP
#i/e    i/i+e R2        CI        N DOMAINS
12.10    8.26 83.751411 70.142989 3 1 225 226 435 436 465 
10.36    9.66 88.574469 78.454366 4 1 184 185 225 226 435 436 465 
6.43    15.55 92.363876 85.310856 6 226 366 367 426 427 435 1 184 185 225 436 465 
4.73    21.12 94.438777 89.186826 8 226 252 253 287 288 366 367 426 427 435 1 184 185 225 436 465 
4.63    21.61 94.780368 89.833182 9 253 268 269 287 226 252 288 366 367 426 427 435 1 184 185 225 436 465 
4.39    22.77 95.339845 90.896861 10 367 392 393 426 253 268 269 287 226 252 288 366 427 435 1 184 185 225 436 465 
3.07    32.57 96.979774 94.050767 12 1 30 31 130 131 184 367 392 393 426 253 268 269 287 226 252 288 366 427 435 185 225 436 465 
2.97    33.62 97.214890 94.507349 13 131 146 147 184 1 30 31 130 367 392 393 426 253 268 269 287 226 252 288 366 427 435 185 225 436 465 
2.89    34.62 97.413004 94.892933 14 185 204 205 225 131 146 147 184 1 30 31 130 367 392 393 426 253 268 269 287 226 252 288 366 427 435 436 465 
2.76    36.27 97.656696 95.368303 15 288 306 307 366 185 204 205 225 131 146 147 184 1 30 31 130 367 392 393 426 253 268 269 287 226 252 427 435 436 465 
2.26    44.16 98.044225 96.126702 17 31 79 80 96 97 130 288 306 307 366 185 204 205 225 131 146 147 184 1 30 367 392 393 426 253 268 269 287 226 252 427 435 436 465 
2.24    44.67 98.171871 96.377162 18 97 115 116 130 31 79 80 96 288 306 307 366 185 204 205 225 131 146 147 184 1 30 367 392 393 426 253 268 269 287 226 252 427 435 436 465 
2.20    45.52 98.342154 96.711793 19 31 62 63 79 97 115 116 130 80 96 288 306 307 366 185 204 205 225 131 146 147 184 1 30 367 392 393 426 253 268 269 287 226 252 427 435 436 465 
2.07    48.31 98.486527 96.995960 20 307 343 344 366 31 62 63 79 97 115 116 130 80 96 288 306 185 204 205 225 131 146 147 184 1 30 367 392 393 426 253 268 269 287 226 252 427 435 436 465 
1.99    50.15 98.558450 97.137680 21 393 408 409 426 307 343 344 366 31 62 63 79 97 115 116 130 80 96 288 306 185 204 205 225 131 146 147 184 1 30 367 392 253 268 269 287 226 252 427 435 436 465 
1.87    53.34 98.604269 97.228019 22 147 163 164 184 393 408 409 426 307 343 344 366 31 62 63 79 97 115 116 130 80 96 288 306 185 204 205 225 131 146 1 30 367 392 253 268 269 287 226 252 427 435 436 465 
1.76    56.89 98.654735 97.327567 23 307 325 326 343 147 163 164 184 393 408 409 426 344 366 31 62 63 79 97 115 116 130 80 96 288 306 185 204 205 225 131 146 1 30 367 392 253 268 269 287 226 252 427 435 436 465 
