# pdb file = /home/wagram/gelly/CORNICHON/PROJECTS/DR/DR_2/PDBs_Clean/3QPIA/3QPIA.pdb
# dssp file = /home/wagram/gelly/CORNICHON/PROJECTS/DR/DR_2/PDBs_Clean/3QPIA/3QPIA.dssp
# R2 value = 99
# S2D limit size = 8
# limit size of PU= 15
# max size of PU= 0
# d0 value= 6.0
# delta value= 1.5
# only secondary structure= 0
# pruning flag= 0
# cut off pruning= 0
# Max Number of pu= 40
# END PARSE PDB
# END PARSE DSSP
#i/e    i/i+e R2        CI        N DOMAINS
8.18    12.23 77.093070 59.433414 3 1 48 49 64 65 173 
3.03    33.00 87.182624 76.008100 5 65 83 84 111 112 173 1 48 49 64 
2.75    36.41 90.286395 81.516331 6 112 138 139 173 65 83 84 111 1 48 49 64 
2.59    38.64 92.108943 84.840575 7 139 155 156 173 112 138 65 83 84 111 1 48 49 64 
1.80    55.45 92.745074 86.016488 8 1 28 29 48 139 155 156 173 112 138 65 83 84 111 49 64 
