# pdb file = /home/wagram/gelly/CORNICHON/PROJECTS/DR/DR_2/PDBs_Clean/2BKLA/2BKLA.pdb
# dssp file = /home/wagram/gelly/CORNICHON/PROJECTS/DR/DR_2/PDBs_Clean/2BKLA/2BKLA.dssp
# R2 value = 99
# S2D limit size = 8
# limit size of PU= 15
# max size of PU= 0
# d0 value= 6.0
# delta value= 1.5
# only secondary structure= 0
# pruning flag= 0
# cut off pruning= 0
# Max Number of pu= 40
# END PARSE PDB
# END PARSE DSSP
#i/e    i/i+e R2        CI        N DOMAINS
14.70    6.80 85.715008 73.470627 3 1 66 67 406 407 676 
11.82    8.46 91.630615 83.961695 4 67 272 273 406 1 66 407 676 
11.57    8.64 92.195003 84.999185 5 1 51 52 66 67 272 273 406 407 676 
10.20    9.81 93.821669 88.025056 6 67 118 119 272 1 51 52 66 273 406 407 676 
9.17    10.90 94.863603 89.991032 7 273 318 319 406 67 118 119 272 1 51 52 66 407 676 
7.22    13.84 96.660644 93.432801 8 407 521 522 676 273 318 319 406 67 118 119 272 1 51 52 66 
6.58    15.20 97.274939 94.624138 9 119 226 227 272 407 521 522 676 273 318 319 406 67 118 1 51 52 66 
5.08    19.69 97.969116 95.979477 11 522 560 561 591 592 676 119 226 227 272 407 521 273 318 319 406 67 118 1 51 52 66 
4.94    20.26 98.196320 96.425173 12 592 654 655 676 522 560 561 591 119 226 227 272 407 521 273 318 319 406 67 118 1 51 52 66 
4.80    20.85 98.291009 96.611225 13 1 27 28 51 592 654 655 676 522 560 561 591 119 226 227 272 407 521 273 318 319 406 67 118 52 66 
4.38    22.86 98.525342 97.072431 14 119 168 169 226 1 27 28 51 592 654 655 676 522 560 561 591 227 272 407 521 273 318 319 406 67 118 52 66 
4.00    25.02 98.655563 97.329201 15 319 356 357 406 119 168 169 226 1 27 28 51 592 654 655 676 522 560 561 591 227 272 407 521 273 318 67 118 52 66 
3.40    29.41 98.846974 97.707243 17 407 445 446 505 506 521 319 356 357 406 119 168 169 226 1 27 28 51 592 654 655 676 522 560 561 591 227 272 273 318 67 118 52 66 
3.11    32.18 98.974511 97.959537 19 446 460 461 479 480 505 407 445 506 521 319 356 357 406 119 168 169 226 1 27 28 51 592 654 655 676 522 560 561 591 227 272 273 318 67 118 52 66 
2.88    34.66 99.046816 98.102717 21 169 185 186 200 201 226 446 460 461 479 480 505 407 445 506 521 319 356 357 406 119 168 1 27 28 51 592 654 655 676 522 560 561 591 227 272 273 318 67 118 52 66 
