# pdb file = /home/wagram/gelly/CORNICHON/PROJECTS/DR/DR_2/PDBs_Clean/3CPGA/3CPGA.pdb
# dssp file = /home/wagram/gelly/CORNICHON/PROJECTS/DR/DR_2/PDBs_Clean/3CPGA/3CPGA.dssp
# R2 value = 99
# S2D limit size = 8
# limit size of PU= 15
# max size of PU= 0
# d0 value= 6.0
# delta value= 1.5
# only secondary structure= 0
# pruning flag= 0
# cut off pruning= 0
# Max Number of pu= 40
# END PARSE PDB
# END PARSE DSSP
#i/e    i/i+e R2        CI        N DOMAINS
8.88    11.26 83.173931 69.179028 3 1 120 121 228 229 253 
5.90    16.95 89.330057 79.798591 5 1 21 22 40 41 120 121 228 229 253 
3.95    25.34 92.763251 86.050208 7 121 189 190 205 206 228 1 21 22 40 41 120 229 253 
3.35    29.88 94.501900 89.306092 8 41 67 68 120 121 189 190 205 206 228 1 21 22 40 229 253 
2.79    35.89 95.490976 91.185266 10 68 82 83 103 104 120 41 67 121 189 190 205 206 228 1 21 22 40 229 253 
2.20    45.42 96.206346 92.556609 11 121 151 152 189 68 82 83 103 104 120 41 67 190 205 206 228 1 21 22 40 229 253 
2.08    47.99 96.598166 93.312056 12 152 168 169 189 121 151 68 82 83 103 104 120 41 67 190 205 206 228 1 21 22 40 229 253 
1.88    53.22 96.725515 93.558252 13 121 136 137 151 152 168 169 189 68 82 83 103 104 120 41 67 190 205 206 228 1 21 22 40 229 253 
