# pdb file = /home/wagram/gelly/CORNICHON/PROJECTS/DR/DR_2/PDBs_Clean/2PO3A/2PO3A.pdb
# dssp file = /home/wagram/gelly/CORNICHON/PROJECTS/DR/DR_2/PDBs_Clean/2PO3A/2PO3A.dssp
# R2 value = 99
# S2D limit size = 8
# limit size of PU= 15
# max size of PU= 0
# d0 value= 6.0
# delta value= 1.5
# only secondary structure= 0
# pruning flag= 0
# cut off pruning= 0
# Max Number of pu= 40
# END PARSE PDB
# END PARSE DSSP
#i/e    i/i+e R2        CI        N DOMAINS
13.21    7.57 81.139124 65.835574 3 1 23 24 257 258 393 
7.22    13.85 86.870388 75.464642 5 258 327 328 354 355 393 1 23 24 257 
6.88    14.54 88.769684 78.800569 6 258 309 310 327 328 354 355 393 1 23 24 257 
3.25    30.73 94.622346 89.533885 8 24 86 87 169 170 257 258 309 310 327 328 354 355 393 1 23 
3.21    31.11 95.331179 90.880337 9 24 70 71 86 87 169 170 257 258 309 310 327 328 354 355 393 1 23 
2.94    34.01 96.635246 93.383708 11 170 211 212 241 242 257 24 70 71 86 87 169 258 309 310 327 328 354 355 393 1 23 
2.89    34.64 96.998909 94.087883 12 24 45 46 70 170 211 212 241 242 257 71 86 87 169 258 309 310 327 328 354 355 393 1 23 
2.82    35.51 97.204789 94.487710 13 355 377 378 393 24 45 46 70 170 211 212 241 242 257 71 86 87 169 258 309 310 327 328 354 1 23 
2.67    37.39 97.468843 95.001754 14 258 277 278 309 355 377 378 393 24 45 46 70 170 211 212 241 242 257 71 86 87 169 310 327 328 354 1 23 
2.38    42.00 97.803266 95.654789 15 87 115 116 169 258 277 278 309 355 377 378 393 24 45 46 70 170 211 212 241 242 257 71 86 310 327 328 354 1 23 
2.23    44.74 97.993381 96.027027 16 116 133 134 169 87 115 258 277 278 309 355 377 378 393 24 45 46 70 170 211 212 241 242 257 71 86 310 327 328 354 1 23 
2.12    47.18 98.154835 96.343717 17 170 186 187 211 116 133 134 169 87 115 258 277 278 309 355 377 378 393 24 45 46 70 212 241 242 257 71 86 310 327 328 354 1 23 
2.00    49.96 98.251192 96.532967 18 134 150 151 169 170 186 187 211 116 133 87 115 258 277 278 309 355 377 378 393 24 45 46 70 212 241 242 257 71 86 310 327 328 354 1 23 
1.90    52.55 98.333846 96.695452 19 278 294 295 309 134 150 151 169 170 186 187 211 116 133 87 115 258 277 355 377 378 393 24 45 46 70 212 241 242 257 71 86 310 327 328 354 1 23 
