# pdb file = /home/wagram/gelly/CORNICHON/PROJECTS/DR/DR_2/PDBs_Clean/2FOZA/2FOZA.pdb
# dssp file = /home/wagram/gelly/CORNICHON/PROJECTS/DR/DR_2/PDBs_Clean/2FOZA/2FOZA.dssp
# R2 value = 99
# S2D limit size = 8
# limit size of PU= 15
# max size of PU= 0
# d0 value= 6.0
# delta value= 1.5
# only secondary structure= 0
# pruning flag= 0
# cut off pruning= 0
# Max Number of pu= 40
# END PARSE PDB
# END PARSE DSSP
#i/e    i/i+e R2        CI        N DOMAINS
5.56    18.00 78.957617 62.343053 3 1 181 182 234 235 339 
5.39    18.57 83.936326 70.453068 4 235 311 312 339 1 181 182 234 
4.68    21.39 91.122596 83.033275 6 1 23 24 46 47 181 235 311 312 339 182 234 
3.92    25.52 93.849917 88.078069 7 47 111 112 181 1 23 24 46 235 311 312 339 182 234 
3.55    28.15 94.785564 89.843032 9 182 196 197 217 218 234 47 111 112 181 1 23 24 46 235 311 312 339 
3.34    29.95 95.356998 90.929571 10 47 92 93 111 182 196 197 217 218 234 112 181 1 23 24 46 235 311 312 339 
3.04    32.87 96.083132 92.319683 11 235 255 256 311 47 92 93 111 182 196 197 217 218 234 112 181 1 23 24 46 312 339 
2.81    35.58 96.436828 93.000618 12 47 71 72 92 235 255 256 311 93 111 182 196 197 217 218 234 112 181 1 23 24 46 312 339 
2.54    39.44 96.868191 93.834465 13 256 283 284 311 47 71 72 92 235 255 93 111 182 196 197 217 218 234 112 181 1 23 24 46 312 339 
1.99    50.20 97.434933 94.935662 15 112 132 133 153 154 181 256 283 284 311 47 71 72 92 235 255 93 111 182 196 197 217 218 234 1 23 24 46 312 339 
