# pdb file = /home/wagram/gelly/CORNICHON/PROJECTS/DR/DR_2/PDBs_Clean/1MG7A/1MG7A.pdb
# dssp file = /home/wagram/gelly/CORNICHON/PROJECTS/DR/DR_2/PDBs_Clean/1MG7A/1MG7A.dssp
# R2 value = 99
# S2D limit size = 8
# limit size of PU= 15
# max size of PU= 0
# d0 value= 6.0
# delta value= 1.5
# only secondary structure= 0
# pruning flag= 0
# cut off pruning= 0
# Max Number of pu= 40
# END PARSE PDB
# END PARSE DSSP
#i/e    i/i+e R2        CI        N DOMAINS
6.22    16.06 79.469746 63.154405 3 1 44 45 147 148 351 
6.14    16.28 81.618353 66.615555 4 1 21 22 44 45 147 148 351 
5.63    17.78 84.670826 71.691487 5 45 128 129 147 1 21 22 44 148 351 
3.97    25.16 91.654635 84.005721 7 148 176 177 318 319 351 45 128 129 147 1 21 22 44 
3.92    25.48 92.585568 85.720874 8 319 336 337 351 148 176 177 318 45 128 129 147 1 21 22 44 
2.83    35.35 94.993451 90.237556 10 177 202 203 230 231 318 319 336 337 351 148 176 45 128 129 147 1 21 22 44 
2.59    38.62 96.004557 92.168749 11 231 285 286 318 177 202 203 230 319 336 337 351 148 176 45 128 129 147 1 21 22 44 
2.01    49.79 96.704325 93.517266 13 45 69 70 89 90 128 231 285 286 318 177 202 203 230 319 336 337 351 148 176 129 147 1 21 22 44 
1.94    51.47 97.021493 94.131702 14 90 109 110 128 45 69 70 89 231 285 286 318 177 202 203 230 319 336 337 351 148 176 129 147 1 21 22 44 
1.88    53.33 97.191461 94.461800 15 286 301 302 318 90 109 110 128 45 69 70 89 231 285 177 202 203 230 319 336 337 351 148 176 129 147 1 21 22 44 
1.74    57.49 97.492930 95.048715 16 231 249 250 285 286 301 302 318 90 109 110 128 45 69 70 89 177 202 203 230 319 336 337 351 148 176 129 147 1 21 22 44 
1.65    60.61 97.667699 95.389795 17 250 267 268 285 231 249 286 301 302 318 90 109 110 128 45 69 70 89 177 202 203 230 319 336 337 351 148 176 129 147 1 21 22 44 
