# pdb file = /home/wagram/gelly/CORNICHON/PROJECTS/DR/DR_2/PDBs_Clean/1XJVA/1XJVA.pdb
# dssp file = /home/wagram/gelly/CORNICHON/PROJECTS/DR/DR_2/PDBs_Clean/1XJVA/1XJVA.dssp
# R2 value = 99
# S2D limit size = 8
# limit size of PU= 15
# max size of PU= 0
# d0 value= 6.0
# delta value= 1.5
# only secondary structure= 0
# pruning flag= 0
# cut off pruning= 0
# Max Number of pu= 40
# END PARSE PDB
# END PARSE DSSP
#i/e    i/i+e R2        CI        N DOMAINS
60.28    1.66 83.915960 70.418884 2 1 140 141 291 
27.23    3.67 87.601506 76.740239 3 141 270 271 291 1 140 
12.77    7.83 90.944971 82.709877 4 1 100 101 140 141 270 271 291 
10.97    9.11 91.656869 84.009817 5 101 119 120 140 1 100 141 270 271 291 
5.91    16.91 93.978437 88.319466 7 1 21 22 73 74 100 101 119 120 140 141 270 271 291 
3.57    28.04 95.866595 91.904041 9 141 157 158 230 231 270 1 21 22 73 74 100 101 119 120 140 271 291 
2.53    39.47 96.545862 93.211035 11 158 177 178 208 209 230 141 157 231 270 1 21 22 73 74 100 101 119 120 140 271 291 
2.43    41.13 96.773560 93.651219 12 178 193 194 208 158 177 209 230 141 157 231 270 1 21 22 73 74 100 101 119 120 140 271 291 
2.16    46.26 97.046952 94.181109 13 22 57 58 73 178 193 194 208 158 177 209 230 141 157 231 270 1 21 74 100 101 119 120 140 271 291 
1.86    53.88 97.180055 94.439631 14 231 247 248 270 22 57 58 73 178 193 194 208 158 177 209 230 141 157 1 21 74 100 101 119 120 140 271 291 
