# pdb file = /home/wagram/gelly/CORNICHON/PROJECTS/DR/DR_2/PDBs_Clean/3BTPA/3BTPA.pdb
# dssp file = /home/wagram/gelly/CORNICHON/PROJECTS/DR/DR_2/PDBs_Clean/3BTPA/3BTPA.dssp
# R2 value = 99
# S2D limit size = 8
# limit size of PU= 15
# max size of PU= 0
# d0 value= 6.0
# delta value= 1.5
# only secondary structure= 0
# pruning flag= 0
# cut off pruning= 0
# Max Number of pu= 40
# END PARSE PDB
# END PARSE DSSP
#i/e    i/i+e R2        CI        N DOMAINS
126.81   0.79 84.704651 71.748780 2 1 228 229 386 
14.16    7.06 92.629761 85.802726 4 1 57 58 94 95 228 229 386 
11.51    8.69 94.725585 89.729364 5 95 146 147 228 1 57 58 94 229 386 
8.54    11.71 96.381072 92.893110 6 229 318 319 386 95 146 147 228 1 57 58 94 
7.90    12.66 96.614354 93.343333 7 58 79 80 94 229 318 319 386 95 146 147 228 1 57 
6.33    15.81 97.139637 94.361091 8 229 277 278 318 58 79 80 94 319 386 95 146 147 228 1 57 
5.79    17.27 97.396245 94.860284 9 1 41 42 57 229 277 278 318 58 79 80 94 319 386 95 146 147 228 
5.16    19.37 97.649370 95.353994 10 319 367 368 386 1 41 42 57 229 277 278 318 58 79 80 94 95 146 147 228 
4.45    22.46 97.976434 95.993815 11 147 203 204 228 319 367 368 386 1 41 42 57 229 277 278 318 58 79 80 94 95 146 
3.83    26.09 98.314023 96.656471 13 147 163 164 188 189 203 204 228 319 367 368 386 1 41 42 57 229 277 278 318 58 79 80 94 95 146 
3.51    28.47 98.452554 96.929054 14 229 250 251 277 147 163 164 188 189 203 204 228 319 367 368 386 1 41 42 57 278 318 58 79 80 94 95 146 
3.24    30.86 98.586628 97.193232 15 319 344 345 367 229 250 251 277 147 163 164 188 189 203 204 228 368 386 1 41 42 57 278 318 58 79 80 94 95 146 
2.99    33.49 98.699829 97.416563 16 95 120 121 146 319 344 345 367 229 250 251 277 147 163 164 188 189 203 204 228 368 386 1 41 42 57 278 318 58 79 80 94 
2.79    35.88 98.776864 97.568689 17 278 299 300 318 95 120 121 146 319 344 345 367 229 250 251 277 147 163 164 188 189 203 204 228 368 386 1 41 42 57 58 79 80 94 
2.62    38.12 98.858114 97.729268 18 1 26 27 41 278 299 300 318 95 120 121 146 319 344 345 367 229 250 251 277 147 163 164 188 189 203 204 228 368 386 42 57 58 79 80 94 
