# pdb file = /home/wagram/gelly/CORNICHON/PROJECTS/DR/DR_2/PDBs_Clean/3S5RA/3S5RA.pdb
# dssp file = /home/wagram/gelly/CORNICHON/PROJECTS/DR/DR_2/PDBs_Clean/3S5RA/3S5RA.dssp
# R2 value = 99
# S2D limit size = 8
# limit size of PU= 15
# max size of PU= 0
# d0 value= 6.0
# delta value= 1.5
# only secondary structure= 0
# pruning flag= 0
# cut off pruning= 0
# Max Number of pu= 40
# END PARSE PDB
# END PARSE DSSP
#i/e    i/i+e R2        CI        N DOMAINS
25.57    3.91 75.972536 57.718262 2 1 53 54 197 
14.27    7.01 86.544398 74.899329 3 54 163 164 197 1 53 
12.42    8.05 88.165464 77.731491 4 164 179 180 197 54 163 1 53 
6.18    16.17 94.595072 89.482277 6 54 94 95 120 121 163 164 179 180 197 1 53 
5.64    17.74 95.581858 91.358915 7 121 148 149 163 54 94 95 120 164 179 180 197 1 53 
5.10    19.62 96.334687 92.803719 8 54 69 70 94 121 148 149 163 95 120 164 179 180 197 1 53 
4.29    23.32 96.964133 94.020431 9 1 34 35 53 54 69 70 94 121 148 149 163 95 120 164 179 180 197 
3.72    26.89 97.239117 94.554459 10 1 19 20 34 35 53 54 69 70 94 121 148 149 163 95 120 164 179 180 197 
