# pdb file = /home/wagram/gelly/CORNICHON/PROJECTS/DR/DR_2/PDBs_Clean/1YW4A/1YW4A.pdb
# dssp file = /home/wagram/gelly/CORNICHON/PROJECTS/DR/DR_2/PDBs_Clean/1YW4A/1YW4A.dssp
# R2 value = 99
# S2D limit size = 8
# limit size of PU= 15
# max size of PU= 0
# d0 value= 6.0
# delta value= 1.5
# only secondary structure= 0
# pruning flag= 0
# cut off pruning= 0
# Max Number of pu= 40
# END PARSE PDB
# END PARSE DSSP
#i/e    i/i+e R2        CI        N DOMAINS
38.10    2.62 71.799297 51.551391 2 1 252 253 319 
9.23    10.84 86.537188 74.886850 3 1 140 141 252 253 319 
6.85    14.60 90.902406 82.632474 5 1 100 101 133 134 140 141 252 253 319 
5.47    18.28 93.489812 87.403450 7 141 214 215 243 244 252 1 100 101 133 134 140 253 319 
3.55    28.16 94.709689 89.699251 9 141 166 167 181 182 214 215 243 244 252 1 100 101 133 134 140 253 319 
2.95    33.89 95.843220 91.859228 10 1 38 39 100 141 166 167 181 182 214 215 243 244 252 101 133 134 140 253 319 
2.33    42.83 96.592091 93.300320 12 39 59 60 79 80 100 1 38 141 166 167 181 182 214 215 243 244 252 101 133 134 140 253 319 
2.23    44.80 96.842551 93.784796 13 1 16 17 38 39 59 60 79 80 100 141 166 167 181 182 214 215 243 244 252 101 133 134 140 253 319 
1.80    55.41 97.278345 94.630763 15 253 268 269 295 296 319 1 16 17 38 39 59 60 79 80 100 141 166 167 181 182 214 215 243 244 252 101 133 134 140 
1.69    59.28 97.420770 94.908063 16 101 118 119 133 253 268 269 295 296 319 1 16 17 38 39 59 60 79 80 100 141 166 167 181 182 214 215 243 244 252 134 140 
