# pdb file = /home/wagram/gelly/CORNICHON/PROJECTS/DR/DR_2/PDBs_Clean/4ETNA/4ETNA.pdb
# dssp file = /home/wagram/gelly/CORNICHON/PROJECTS/DR/DR_2/PDBs_Clean/4ETNA/4ETNA.dssp
# R2 value = 99
# S2D limit size = 8
# limit size of PU= 15
# max size of PU= 0
# d0 value= 6.0
# delta value= 1.5
# only secondary structure= 0
# pruning flag= 0
# cut off pruning= 0
# Max Number of pu= 40
# END PARSE PDB
# END PARSE DSSP
#i/e    i/i+e R2        CI        N DOMAINS
6.77    14.77 82.383770 67.870855 3 1 70 71 117 118 148 
6.01    16.63 84.707507 71.753617 4 118 133 134 148 1 70 71 117 
3.91    25.56 88.706109 78.687738 5 1 42 43 70 118 133 134 148 71 117 
2.81    35.63 90.270212 81.487112 6 71 95 96 117 1 42 43 70 118 133 134 148 
2.04    48.96 91.152137 83.087120 7 1 18 19 42 71 95 96 117 43 70 118 133 134 148 
