# pdb file = /home/wagram/gelly/CORNICHON/PROJECTS/DR/DR_2/PDBs_Clean/1HW7A/1HW7A.pdb
# dssp file = /home/wagram/gelly/CORNICHON/PROJECTS/DR/DR_2/PDBs_Clean/1HW7A/1HW7A.dssp
# R2 value = 99
# S2D limit size = 8
# limit size of PU= 15
# max size of PU= 0
# d0 value= 6.0
# delta value= 1.5
# only secondary structure= 0
# pruning flag= 0
# cut off pruning= 0
# Max Number of pu= 40
# END PARSE PDB
# END PARSE DSSP
#i/e    i/i+e R2        CI        N DOMAINS
229.54   0.44 77.015362 59.313660 2 1 173 174 229 
112.26   0.89 80.276587 64.443305 3 174 214 215 229 1 173 
57.23    1.75 83.248532 69.303180 4 174 191 192 214 215 229 1 173 
7.63    13.11 92.292847 85.179696 6 1 33 34 146 147 173 174 191 192 214 215 229 
6.22    16.07 94.221746 88.777374 7 34 128 129 146 1 33 147 173 174 191 192 214 215 229 
4.41    22.65 95.674353 91.535819 8 34 57 58 128 129 146 1 33 147 173 174 191 192 214 215 229 
3.42    29.21 96.374388 92.880227 9 58 106 107 128 34 57 129 146 1 33 147 173 174 191 192 214 215 229 
2.96    33.73 96.741716 93.589596 10 58 91 92 106 107 128 34 57 129 146 1 33 147 173 174 191 192 214 215 229 
