# pdb file = /home/wagram/gelly/CORNICHON/PROJECTS/DR/DR_2/PDBs_Clean/1RO7A/1RO7A.pdb
# dssp file = /home/wagram/gelly/CORNICHON/PROJECTS/DR/DR_2/PDBs_Clean/1RO7A/1RO7A.dssp
# R2 value = 99
# S2D limit size = 8
# limit size of PU= 15
# max size of PU= 0
# d0 value= 6.0
# delta value= 1.5
# only secondary structure= 0
# pruning flag= 0
# cut off pruning= 0
# Max Number of pu= 40
# END PARSE PDB
# END PARSE DSSP
#i/e    i/i+e R2        CI        N DOMAINS
4.66    21.45 78.112906 61.016261 3 1 41 42 127 128 257 
4.53    22.06 83.509114 69.737722 4 128 242 243 257 1 41 42 127 
4.28    23.34 87.299574 76.212156 5 42 110 111 127 128 242 243 257 1 41 
3.08    32.46 92.073785 84.775819 7 128 154 155 183 184 242 42 110 111 127 243 257 1 41 
3.04    32.89 93.515596 87.451668 8 184 227 228 242 128 154 155 183 42 110 111 127 243 257 1 41 
2.91    34.33 94.542195 89.382267 9 184 204 205 227 228 242 128 154 155 183 42 110 111 127 243 257 1 41 
2.60    38.47 95.691392 91.568426 10 42 78 79 110 184 204 205 227 228 242 128 154 155 183 111 127 243 257 1 41 
2.33    42.97 96.177432 92.500985 11 1 22 23 41 42 78 79 110 184 204 205 227 228 242 128 154 155 183 111 127 243 257 
2.01    49.68 96.366903 92.865800 12 42 60 61 78 1 22 23 41 79 110 184 204 205 227 228 242 128 154 155 183 111 127 243 257 
