# pdb file = /home/wagram/gelly/CORNICHON/PROJECTS/DR/DR_2/PDBs_Clean/1W07A/1W07A.pdb
# dssp file = /home/wagram/gelly/CORNICHON/PROJECTS/DR/DR_2/PDBs_Clean/1W07A/1W07A.dssp
# R2 value = 99
# S2D limit size = 8
# limit size of PU= 15
# max size of PU= 0
# d0 value= 6.0
# delta value= 1.5
# only secondary structure= 0
# pruning flag= 0
# cut off pruning= 0
# Max Number of pu= 40
# END PARSE PDB
# END PARSE DSSP
#i/e    i/i+e R2        CI        N DOMAINS
25.55    3.91 85.244667 72.666532 3 1 32 33 271 272 655 
24.43    4.09 87.565911 76.677888 4 272 636 637 655 1 32 33 271 
19.85    5.04 91.124973 83.037607 5 33 94 95 271 272 636 637 655 1 32 
10.06    9.94 96.068482 92.291533 7 272 426 427 592 593 636 33 94 95 271 637 655 1 32 
9.71    10.30 96.287674 92.713161 8 593 611 612 636 272 426 427 592 33 94 95 271 637 655 1 32 
6.88    14.54 97.062489 94.211268 10 272 302 303 331 332 426 593 611 612 636 427 592 33 94 95 271 637 655 1 32 
6.54    15.28 97.456013 94.976745 11 332 373 374 426 272 302 303 331 593 611 612 636 427 592 33 94 95 271 637 655 1 32 
6.37    15.70 97.597100 95.251939 12 332 348 349 373 374 426 272 302 303 331 593 611 612 636 427 592 33 94 95 271 637 655 1 32 
5.82    17.18 97.849461 95.745169 14 33 48 49 66 67 94 332 348 349 373 374 426 272 302 303 331 593 611 612 636 427 592 95 271 637 655 1 32 
5.04    19.83 98.288029 96.605366 15 427 526 527 592 33 48 49 66 67 94 332 348 349 373 374 426 272 302 303 331 593 611 612 636 95 271 637 655 1 32 
4.49    22.25 98.573838 97.168015 17 427 463 464 482 483 526 527 592 33 48 49 66 67 94 332 348 349 373 374 426 272 302 303 331 593 611 612 636 95 271 637 655 1 32 
4.34    23.03 98.693254 97.403584 18 527 552 553 592 427 463 464 482 483 526 33 48 49 66 67 94 332 348 349 373 374 426 272 302 303 331 593 611 612 636 95 271 637 655 1 32 
4.26    23.48 98.753497 97.522532 19 427 445 446 463 527 552 553 592 464 482 483 526 33 48 49 66 67 94 332 348 349 373 374 426 272 302 303 331 593 611 612 636 95 271 637 655 1 32 
4.18    23.93 98.821505 97.656899 20 272 287 288 302 427 445 446 463 527 552 553 592 464 482 483 526 33 48 49 66 67 94 332 348 349 373 374 426 303 331 593 611 612 636 95 271 637 655 1 32 
3.89    25.72 98.949889 97.910806 22 374 388 389 412 413 426 272 287 288 302 427 445 446 463 527 552 553 592 464 482 483 526 33 48 49 66 67 94 332 348 349 373 303 331 593 611 612 636 95 271 637 655 1 32 
3.35    29.87 99.179553 98.365837 24 95 130 131 253 254 271 374 388 389 412 413 426 272 287 288 302 427 445 446 463 527 552 553 592 464 482 483 526 33 48 49 66 67 94 332 348 349 373 303 331 593 611 612 636 637 655 1 32 
