# pdb file = /home/wagram/gelly/CORNICHON/PROJECTS/DR/DR_2/PDBs_Clean/2QI9C/2QI9C.pdb
# dssp file = /home/wagram/gelly/CORNICHON/PROJECTS/DR/DR_2/PDBs_Clean/2QI9C/2QI9C.dssp
# R2 value = 99
# S2D limit size = 8
# limit size of PU= 15
# max size of PU= 0
# d0 value= 6.0
# delta value= 1.5
# only secondary structure= 0
# pruning flag= 0
# cut off pruning= 0
# Max Number of pu= 40
# END PARSE PDB
# END PARSE DSSP
#i/e    i/i+e R2        CI        N DOMAINS
5.66    17.67 83.364438 69.496296 3 1 80 81 142 143 248 
5.28    18.94 89.842229 80.716260 4 143 188 189 248 1 80 81 142 
4.83    20.71 91.870362 84.401634 5 1 64 65 80 143 188 189 248 81 142 
4.23    23.65 93.381792 87.201591 6 189 220 221 248 1 64 65 80 143 188 81 142 
3.27    30.60 94.931557 90.120005 8 1 25 26 50 51 64 189 220 221 248 65 80 143 188 81 142 
2.45    40.86 95.817149 91.809260 10 81 98 99 117 118 142 1 25 26 50 51 64 189 220 221 248 65 80 143 188 
2.20    45.41 96.236864 92.615339 11 143 158 159 188 81 98 99 117 118 142 1 25 26 50 51 64 189 220 221 248 65 80 
1.97    50.65 96.415594 92.959667 12 189 205 206 220 143 158 159 188 81 98 99 117 118 142 1 25 26 50 51 64 221 248 65 80 
