# pdb file = /home/wagram/gelly/CORNICHON/PROJECTS/DR/DR_2/PDBs_Clean/1LSHA/1LSHA.pdb
# dssp file = /home/wagram/gelly/CORNICHON/PROJECTS/DR/DR_2/PDBs_Clean/1LSHA/1LSHA.dssp
# R2 value = 99
# S2D limit size = 8
# limit size of PU= 15
# max size of PU= 0
# d0 value= 6.0
# delta value= 1.5
# only secondary structure= 0
# pruning flag= 0
# cut off pruning= 0
# Max Number of pu= 40
# END PARSE PDB
# END PARSE DSSP
#i/e    i/i+e R2        CI        N DOMAINS
14.51    6.89 89.931021 80.875886 3 1 347 348 703 704 954 
14.06    7.11 92.859264 86.228430 4 1 267 268 347 348 703 704 954 
11.90    8.41 94.961609 90.177072 5 348 432 433 703 1 267 268 347 704 954 
7.56    13.23 96.012762 92.184504 7 1 169 170 188 189 267 348 432 433 703 268 347 704 954 
7.52    13.30 96.253681 92.647712 8 189 244 245 267 1 169 170 188 348 432 433 703 268 347 704 954 
7.29    13.72 96.811570 93.724801 9 1 119 120 169 189 244 245 267 170 188 348 432 433 703 268 347 704 954 
6.41    15.61 97.594947 95.247737 10 433 541 542 703 1 119 120 169 189 244 245 267 170 188 348 432 268 347 704 954 
5.51    18.16 98.138371 96.311399 12 704 839 840 943 944 954 433 541 542 703 1 119 120 169 189 244 245 267 170 188 348 432 268 347 
5.13    19.50 98.388675 96.803314 13 542 602 603 703 704 839 840 943 944 954 433 541 1 119 120 169 189 244 245 267 170 188 348 432 268 347 
4.66    21.45 98.561447 97.143589 15 840 854 855 886 887 943 542 602 603 703 704 839 944 954 433 541 1 119 120 169 189 244 245 267 170 188 348 432 268 347 
4.63    21.61 98.607194 97.233786 16 855 870 871 886 840 854 887 943 542 602 603 703 704 839 944 954 433 541 1 119 120 169 189 244 245 267 170 188 348 432 268 347 
4.50    22.22 98.695842 97.408693 17 268 322 323 347 855 870 871 886 840 854 887 943 542 602 603 703 704 839 944 954 433 541 1 119 120 169 189 244 245 267 170 188 348 432 
4.32    23.15 98.793343 97.601246 18 433 459 460 541 268 322 323 347 855 870 871 886 840 854 887 943 542 602 603 703 704 839 944 954 1 119 120 169 189 244 245 267 170 188 348 432 
4.08    24.48 98.914736 97.841251 19 1 70 71 119 433 459 460 541 268 322 323 347 855 870 871 886 840 854 887 943 542 602 603 703 704 839 944 954 120 169 189 244 245 267 170 188 348 432 
3.87    25.85 99.011214 98.032204 20 603 656 657 703 1 70 71 119 433 459 460 541 268 322 323 347 855 870 871 886 840 854 887 943 542 602 704 839 944 954 120 169 189 244 245 267 170 188 348 432 
