# pdb file = /home/wagram/gelly/CORNICHON/PROJECTS/DR/DR_2/PDBs_Clean/3GG7A/3GG7A.pdb
# dssp file = /home/wagram/gelly/CORNICHON/PROJECTS/DR/DR_2/PDBs_Clean/3GG7A/3GG7A.dssp
# R2 value = 99
# S2D limit size = 8
# limit size of PU= 15
# max size of PU= 0
# d0 value= 6.0
# delta value= 1.5
# only secondary structure= 0
# pruning flag= 0
# cut off pruning= 0
# Max Number of pu= 40
# END PARSE PDB
# END PARSE DSSP
#i/e    i/i+e R2        CI        N DOMAINS
8.75    11.42 82.493514 68.051799 3 1 31 32 167 168 243 
6.09    16.42 87.996143 77.433212 5 168 193 194 210 211 243 1 31 32 167 
4.43    22.56 92.772789 86.067904 6 32 86 87 167 168 193 194 210 211 243 1 31 
4.13    24.20 93.444292 87.318358 7 211 226 227 243 32 86 87 167 168 193 194 210 1 31 
3.51    28.46 94.633367 89.554741 8 87 108 109 167 211 226 227 243 32 86 168 193 194 210 1 31 
3.02    33.15 95.537665 91.274454 9 109 146 147 167 87 108 211 226 227 243 32 86 168 193 194 210 1 31 
2.54    39.30 96.167586 92.482046 10 32 54 55 86 109 146 147 167 87 108 211 226 227 243 168 193 194 210 1 31 
2.22    45.09 96.418106 92.964512 11 109 124 125 146 32 54 55 86 147 167 87 108 211 226 227 243 168 193 194 210 1 31 
2.00    50.12 96.588046 93.292506 12 1 16 17 31 109 124 125 146 32 54 55 86 147 167 87 108 211 226 227 243 168 193 194 210 
