# pdb file = /home/wagram/gelly/CORNICHON/PROJECTS/DR/DR_2/PDBs_Clean/3F70A/3F70A.pdb
# dssp file = /home/wagram/gelly/CORNICHON/PROJECTS/DR/DR_2/PDBs_Clean/3F70A/3F70A.dssp
# R2 value = 99
# S2D limit size = 8
# limit size of PU= 15
# max size of PU= 0
# d0 value= 6.0
# delta value= 1.5
# only secondary structure= 0
# pruning flag= 0
# cut off pruning= 0
# Max Number of pu= 40
# END PARSE PDB
# END PARSE DSSP
#i/e    i/i+e R2        CI        N DOMAINS
15.05    6.64 89.546555 80.185856 3 1 147 148 312 313 392 
12.61    7.93 93.394175 87.224719 4 148 209 210 312 1 147 313 392 
11.77    8.50 94.569434 89.433778 5 1 20 21 147 148 209 210 312 313 392 
9.15    10.93 96.025697 92.209345 7 21 38 39 134 135 147 1 20 148 209 210 312 313 392 
6.55    15.27 96.829617 93.759748 9 210 270 271 302 303 312 21 38 39 134 135 147 1 20 148 209 313 392 
6.21    16.10 97.000526 94.091021 10 271 287 288 302 210 270 303 312 21 38 39 134 135 147 1 20 148 209 313 392 
5.53    18.09 97.326711 94.724886 11 39 116 117 134 271 287 288 302 210 270 303 312 21 38 135 147 1 20 148 209 313 392 
4.15    24.11 97.789076 95.627035 13 39 59 60 91 92 116 117 134 271 287 288 302 210 270 303 312 21 38 135 147 1 20 148 209 313 392 
3.73    26.79 98.007554 96.054807 14 313 374 375 392 39 59 60 91 92 116 117 134 271 287 288 302 210 270 303 312 21 38 135 147 1 20 148 209 
3.13    31.98 98.281242 96.592026 16 148 169 170 195 196 209 313 374 375 392 39 59 60 91 92 116 117 134 271 287 288 302 210 270 303 312 21 38 135 147 1 20 
2.61    38.36 98.491465 97.005686 18 313 336 337 366 367 374 148 169 170 195 196 209 375 392 39 59 60 91 92 116 117 134 271 287 288 302 210 270 303 312 21 38 135 147 1 20 
2.29    43.63 98.593749 97.207274 19 210 241 242 270 313 336 337 366 367 374 148 169 170 195 196 209 375 392 39 59 60 91 92 116 117 134 271 287 288 302 303 312 21 38 135 147 1 20 
2.13    46.93 98.648222 97.314717 20 60 75 76 91 210 241 242 270 313 336 337 366 367 374 148 169 170 195 196 209 375 392 39 59 92 116 117 134 271 287 288 302 303 312 21 38 135 147 1 20 
