# pdb file = /home/wagram/gelly/CORNICHON/PROJECTS/DR/DR_2/PDBs_Clean/1WOQA/1WOQA.pdb
# dssp file = /home/wagram/gelly/CORNICHON/PROJECTS/DR/DR_2/PDBs_Clean/1WOQA/1WOQA.dssp
# R2 value = 99
# S2D limit size = 8
# limit size of PU= 15
# max size of PU= 0
# d0 value= 6.0
# delta value= 1.5
# only secondary structure= 0
# pruning flag= 0
# cut off pruning= 0
# Max Number of pu= 40
# END PARSE PDB
# END PARSE DSSP
#i/e    i/i+e R2        CI        N DOMAINS
11.36    8.80 82.662835 68.331442 3 1 113 114 240 241 253 
7.50    13.33 87.711532 76.933129 4 1 66 67 113 114 240 241 253 
3.94    25.40 92.961947 86.419236 6 114 157 158 204 205 240 1 66 67 113 241 253 
3.65    27.42 93.968992 88.301714 7 158 183 184 204 114 157 205 240 1 66 67 113 241 253 
3.12    32.06 94.903789 90.067291 8 1 35 36 66 158 183 184 204 114 157 205 240 67 113 241 253 
3.00    33.32 95.260393 90.745425 9 36 51 52 66 1 35 158 183 184 204 114 157 205 240 67 113 241 253 
2.64    37.82 95.765973 91.711216 10 114 130 131 157 36 51 52 66 1 35 158 183 184 204 205 240 67 113 241 253 
2.27    44.01 96.034997 92.227206 11 67 95 96 113 114 130 131 157 36 51 52 66 1 35 158 183 184 204 205 240 241 253 
2.04    48.90 96.278816 92.696104 12 205 225 226 240 67 95 96 113 114 130 131 157 36 51 52 66 1 35 158 183 184 204 241 253 
1.81    55.17 96.445549 93.017440 13 1 19 20 35 205 225 226 240 67 95 96 113 114 130 131 157 36 51 52 66 158 183 184 204 241 253 
