# pdb file = /home/wagram/gelly/CORNICHON/PROJECTS/DR/DR_2/PDBs_Clean/1WKCA/1WKCA.pdb
# dssp file = /home/wagram/gelly/CORNICHON/PROJECTS/DR/DR_2/PDBs_Clean/1WKCA/1WKCA.dssp
# R2 value = 99
# S2D limit size = 8
# limit size of PU= 15
# max size of PU= 0
# d0 value= 6.0
# delta value= 1.5
# only secondary structure= 0
# pruning flag= 0
# cut off pruning= 0
# Max Number of pu= 40
# END PARSE PDB
# END PARSE DSSP
#i/e    i/i+e R2        CI        N DOMAINS
32.53    3.07 54.946741 30.191443 2 1 16 17 167 
7.64    13.09 80.371247 64.595374 3 17 99 100 167 1 16 
5.83    17.15 85.842994 73.690197 4 17 37 38 99 100 167 1 16 
3.81    26.22 90.101575 81.182938 6 38 61 62 90 91 99 17 37 100 167 1 16 
2.26    44.33 93.046268 86.576079 8 100 114 115 132 133 167 38 61 62 90 91 99 17 37 1 16 
2.09    47.92 93.888557 88.150612 9 133 150 151 167 100 114 115 132 38 61 62 90 91 99 17 37 1 16 
