# pdb file = /home/wagram/gelly/CORNICHON/PROJECTS/DR/DR_2/PDBs_Clean/2OZVA/2OZVA.pdb
# dssp file = /home/wagram/gelly/CORNICHON/PROJECTS/DR/DR_2/PDBs_Clean/2OZVA/2OZVA.dssp
# R2 value = 99
# S2D limit size = 8
# limit size of PU= 15
# max size of PU= 0
# d0 value= 6.0
# delta value= 1.5
# only secondary structure= 0
# pruning flag= 0
# cut off pruning= 0
# Max Number of pu= 40
# END PARSE PDB
# END PARSE DSSP
#i/e    i/i+e R2        CI        N DOMAINS
8.90    11.24 80.252141 64.404062 3 1 74 75 189 190 207 
7.28    13.73 84.927635 72.127032 4 75 90 91 189 1 74 190 207 
4.98    20.07 89.893983 80.809281 5 91 124 125 189 75 90 1 74 190 207 
3.83    26.08 92.414091 85.403642 6 1 43 44 74 91 124 125 189 75 90 190 207 
3.28    30.46 93.515494 87.451476 7 125 141 142 189 1 43 44 74 91 124 75 90 190 207 
2.79    35.84 94.230422 88.793724 8 142 174 175 189 125 141 1 43 44 74 91 124 75 90 190 207 
2.34    42.79 94.901399 90.062755 9 1 18 19 43 142 174 175 189 125 141 44 74 91 124 75 90 190 207 
1.96    50.98 95.193394 90.617823 10 91 108 109 124 1 18 19 43 142 174 175 189 125 141 44 74 75 90 190 207 
1.63    61.16 95.419453 91.048721 11 142 158 159 174 91 108 109 124 1 18 19 43 175 189 125 141 44 74 75 90 190 207 
