# pdb file = /home/wagram/gelly/CORNICHON/PROJECTS/DR/DR_2/PDBs_Clean/2CNQA/2CNQA.pdb
# dssp file = /home/wagram/gelly/CORNICHON/PROJECTS/DR/DR_2/PDBs_Clean/2CNQA/2CNQA.dssp
# R2 value = 99
# S2D limit size = 8
# limit size of PU= 15
# max size of PU= 0
# d0 value= 6.0
# delta value= 1.5
# only secondary structure= 0
# pruning flag= 0
# cut off pruning= 0
# Max Number of pu= 40
# END PARSE PDB
# END PARSE DSSP
#i/e    i/i+e R2        CI        N DOMAINS
11.01    9.09 86.069507 74.079599 3 1 110 111 252 253 301 
6.81    14.68 90.732582 82.324015 5 1 58 59 73 74 110 111 252 253 301 
6.14    16.30 91.722154 84.129535 6 253 275 276 301 1 58 59 73 74 110 111 252 
3.53    28.36 93.810432 88.003972 8 111 125 126 147 148 252 253 275 276 301 1 58 59 73 74 110 
2.86    34.93 95.707444 91.599149 10 148 214 215 229 230 252 111 125 126 147 253 275 276 301 1 58 59 73 74 110 
2.69    37.11 96.438536 93.003912 11 148 192 193 214 215 229 230 252 111 125 126 147 253 275 276 301 1 58 59 73 74 110 
2.54    39.30 96.840074 93.779999 12 148 170 171 192 193 214 215 229 230 252 111 125 126 147 253 275 276 301 1 58 59 73 74 110 
2.30    43.39 97.314093 94.700326 13 1 35 36 58 148 170 171 192 193 214 215 229 230 252 111 125 126 147 253 275 276 301 59 73 74 110 
2.14    46.79 97.478680 95.020930 14 74 93 94 110 1 35 36 58 148 170 171 192 193 214 215 229 230 252 111 125 126 147 253 275 276 301 59 73 
1.96    50.92 97.565260 95.189799 15 1 16 17 35 74 93 94 110 36 58 148 170 171 192 193 214 215 229 230 252 111 125 126 147 253 275 276 301 59 73 
