# pdb file = /home/wagram/gelly/CORNICHON/PROJECTS/DR/DR_2/PDBs_Clean/1N7VA/1N7VA.pdb
# dssp file = /home/wagram/gelly/CORNICHON/PROJECTS/DR/DR_2/PDBs_Clean/1N7VA/1N7VA.dssp
# R2 value = 99
# S2D limit size = 8
# limit size of PU= 15
# max size of PU= 0
# d0 value= 6.0
# delta value= 1.5
# only secondary structure= 0
# pruning flag= 0
# cut off pruning= 0
# Max Number of pu= 40
# END PARSE PDB
# END PARSE DSSP
#i/e    i/i+e R2        CI        N DOMAINS
7.73    12.93 85.255837 72.685577 3 1 58 59 298 299 533 
7.11    14.06 91.223272 83.216853 4 299 396 397 533 1 58 59 298 
7.03    14.22 92.034152 84.702851 5 1 22 23 58 299 396 397 533 59 298 
4.38    22.84 93.929405 88.227332 7 59 239 240 276 277 298 1 22 23 58 299 396 397 533 
3.38    29.56 95.196084 90.622943 9 59 194 195 214 215 239 240 276 277 298 1 22 23 58 299 396 397 533 
3.08    32.52 96.297718 92.732505 11 59 155 156 175 176 194 195 214 215 239 240 276 277 298 1 22 23 58 299 396 397 533 
3.03    33.01 96.762606 93.630019 12 59 80 81 155 156 175 176 194 195 214 215 239 240 276 277 298 1 22 23 58 299 396 397 533 
2.80    35.67 97.352875 94.775824 13 397 482 483 533 59 80 81 155 156 175 176 194 195 214 215 239 240 276 277 298 1 22 23 58 299 396 
2.71    36.95 97.639718 95.335146 14 81 129 130 155 397 482 483 533 59 80 156 175 176 194 195 214 215 239 240 276 277 298 1 22 23 58 299 396 
2.56    39.04 97.943593 95.929474 15 299 329 330 396 81 129 130 155 397 482 483 533 59 80 156 175 176 194 195 214 215 239 240 276 277 298 1 22 23 58 
2.44    40.97 98.145117 96.324640 16 330 373 374 396 299 329 81 129 130 155 397 482 483 533 59 80 156 175 176 194 195 214 215 239 240 276 277 298 1 22 23 58 
2.36    42.30 98.267036 96.564104 17 81 114 115 129 330 373 374 396 299 329 130 155 397 482 483 533 59 80 156 175 176 194 195 214 215 239 240 276 277 298 1 22 23 58 
2.18    45.90 98.466066 96.955662 18 397 436 437 482 81 114 115 129 330 373 374 396 299 329 130 155 483 533 59 80 156 175 176 194 195 214 215 239 240 276 277 298 1 22 23 58 
2.11    47.30 98.513221 97.048547 19 240 256 257 276 397 436 437 482 81 114 115 129 330 373 374 396 299 329 130 155 483 533 59 80 156 175 176 194 195 214 215 239 277 298 1 22 23 58 
2.06    48.55 98.589980 97.199841 20 23 43 44 58 240 256 257 276 397 436 437 482 81 114 115 129 330 373 374 396 299 329 130 155 483 533 59 80 156 175 176 194 195 214 215 239 277 298 1 22 
1.96    50.91 98.659562 97.337091 21 483 502 503 533 23 43 44 58 240 256 257 276 397 436 437 482 81 114 115 129 330 373 374 396 299 329 130 155 59 80 156 175 176 194 195 214 215 239 277 298 1 22 
1.90    52.74 98.722309 97.460944 22 81 96 97 114 483 502 503 533 23 43 44 58 240 256 257 276 397 436 437 482 115 129 330 373 374 396 299 329 130 155 59 80 156 175 176 194 195 214 215 239 277 298 1 22 
1.79    55.91 98.793830 97.602209 23 330 351 352 373 81 96 97 114 483 502 503 533 23 43 44 58 240 256 257 276 397 436 437 482 115 129 374 396 299 329 130 155 59 80 156 175 176 194 195 214 215 239 277 298 1 22 
1.69    59.08 98.855677 97.724448 24 437 465 466 482 330 351 352 373 81 96 97 114 483 502 503 533 23 43 44 58 240 256 257 276 397 436 115 129 374 396 299 329 130 155 59 80 156 175 176 194 195 214 215 239 277 298 1 22 
1.60    62.39 98.896415 97.805009 25 397 419 420 436 437 465 466 482 330 351 352 373 81 96 97 114 483 502 503 533 23 43 44 58 240 256 257 276 115 129 374 396 299 329 130 155 59 80 156 175 176 194 195 214 215 239 277 298 1 22 
1.54    65.06 98.912032 97.835901 26 299 314 315 329 397 419 420 436 437 465 466 482 330 351 352 373 81 96 97 114 483 502 503 533 23 43 44 58 240 256 257 276 115 129 374 396 130 155 59 80 156 175 176 194 195 214 215 239 277 298 1 22 
1.46    68.42 98.936298 97.883911 27 503 518 519 533 299 314 315 329 397 419 420 436 437 465 466 482 330 351 352 373 81 96 97 114 483 502 23 43 44 58 240 256 257 276 115 129 374 396 130 155 59 80 156 175 176 194 195 214 215 239 277 298 1 22 
