# pdb file = /home/wagram/gelly/CORNICHON/PROJECTS/DR/DR_2/PDBs_Clean/1AYM3/1AYM3.pdb
# dssp file = /home/wagram/gelly/CORNICHON/PROJECTS/DR/DR_2/PDBs_Clean/1AYM3/1AYM3.dssp
# R2 value = 99
# S2D limit size = 8
# limit size of PU= 15
# max size of PU= 0
# d0 value= 6.0
# delta value= 1.5
# only secondary structure= 0
# pruning flag= 0
# cut off pruning= 0
# Max Number of pu= 40
# END PARSE PDB
# END PARSE DSSP
#i/e    i/i+e R2        CI        N DOMAINS
333.22   0.30 66.965532 44.843824 2 1 39 40 238 
187.22   0.53 71.192648 50.683932 3 1 20 21 39 40 238 
42.78    2.34 77.243030 59.664857 4 40 223 224 238 1 20 21 39 
9.99    10.01 86.666924 75.111557 6 40 54 55 71 72 223 224 238 1 20 21 39 
4.61    21.70 91.304572 83.365249 8 72 88 89 104 105 223 40 54 55 71 224 238 1 20 21 39 
2.27    44.01 94.100664 88.549349 10 105 169 170 186 187 223 72 88 89 104 40 54 55 71 224 238 1 20 21 39 
2.23    44.84 94.998877 90.247866 11 187 205 206 223 105 169 170 186 72 88 89 104 40 54 55 71 224 238 1 20 21 39 
1.81    55.25 96.618941 93.352198 13 105 126 127 156 157 169 187 205 206 223 170 186 72 88 89 104 40 54 55 71 224 238 1 20 21 39 
