# pdb file = /home/wagram/gelly/CORNICHON/PROJECTS/DR/DR_2/PDBs_Clean/3T5XA/3T5XA.pdb
# dssp file = /home/wagram/gelly/CORNICHON/PROJECTS/DR/DR_2/PDBs_Clean/3T5XA/3T5XA.dssp
# R2 value = 99
# S2D limit size = 8
# limit size of PU= 15
# max size of PU= 0
# d0 value= 6.0
# delta value= 1.5
# only secondary structure= 0
# pruning flag= 0
# cut off pruning= 0
# Max Number of pu= 40
# END PARSE PDB
# END PARSE DSSP
#i/e    i/i+e R2        CI        N DOMAINS
24.52    4.08 78.938752 62.313266 2 1 121 122 195 
13.14    7.61 89.338439 79.813567 3 1 61 62 121 122 195 
10.27    9.74 91.428333 83.591400 4 62 77 78 121 1 61 122 195 
6.17    16.21 94.201719 88.739638 6 122 136 137 159 160 195 62 77 78 121 1 61 
4.81    20.78 95.484042 91.172024 7 1 36 37 61 122 136 137 159 160 195 62 77 78 121 
3.94    25.40 96.100107 92.352305 8 78 96 97 121 1 36 37 61 122 136 137 159 160 195 62 77 
3.19    31.36 96.397889 92.925530 9 1 21 22 36 78 96 97 121 37 61 122 136 137 159 160 195 62 77 
2.68    37.30 96.664966 93.441156 10 160 177 178 195 1 21 22 36 78 96 97 121 37 61 122 136 137 159 62 77 
