# pdb file = /home/wagram/gelly/CORNICHON/PROJECTS/DR/DR_2/PDBs_Clean/2PQGA/2PQGA.pdb
# dssp file = /home/wagram/gelly/CORNICHON/PROJECTS/DR/DR_2/PDBs_Clean/2PQGA/2PQGA.dssp
# R2 value = 99
# S2D limit size = 8
# limit size of PU= 15
# max size of PU= 0
# d0 value= 6.0
# delta value= 1.5
# only secondary structure= 0
# pruning flag= 0
# cut off pruning= 0
# Max Number of pu= 40
# END PARSE PDB
# END PARSE DSSP
#i/e    i/i+e R2        CI        N DOMAINS
8.01    12.48 80.250474 64.401386 3 1 140 141 163 164 257 
5.31    18.84 89.296191 79.738098 5 1 82 83 122 123 140 141 163 164 257 
5.07    19.71 90.911548 82.649096 6 83 106 107 122 1 82 123 140 141 163 164 257 
4.35    22.96 93.702697 87.801953 7 164 203 204 257 83 106 107 122 1 82 123 140 141 163 
3.38    29.61 95.599125 91.391928 9 1 15 16 41 42 82 164 203 204 257 83 106 107 122 123 140 141 163 
3.15    31.75 96.129581 92.408963 10 164 183 184 203 1 15 16 41 42 82 204 257 83 106 107 122 123 140 141 163 
2.70    37.06 96.922707 93.940111 12 204 219 220 249 250 257 164 183 184 203 1 15 16 41 42 82 83 106 107 122 123 140 141 163 
2.32    43.09 97.143850 94.369277 13 42 60 61 82 204 219 220 249 250 257 164 183 184 203 1 15 16 41 83 106 107 122 123 140 141 163 
