# pdb file = /home/wagram/gelly/CORNICHON/PROJECTS/DR/DR_2/PDBs_Clean/2A6HD/2A6HD.pdb
# dssp file = /home/wagram/gelly/CORNICHON/PROJECTS/DR/DR_2/PDBs_Clean/2A6HD/2A6HD.dssp
# R2 value = 99
# S2D limit size = 8
# limit size of PU= 15
# max size of PU= 0
# d0 value= 6.0
# delta value= 1.5
# only secondary structure= 0
# pruning flag= 0
# cut off pruning= 0
# Max Number of pu= 40
# END PARSE PDB
# END PARSE DSSP
#i/e    i/i+e R2        CI        N DOMAINS
28.60    3.50 82.333802 67.788550 3 1 152 153 337 338 1381 
28.16    3.55 84.489791 71.385248 4 1 97 98 152 153 337 338 1381 
27.88    3.59 86.157121 74.230496 5 338 1361 1362 1381 1 97 98 152 153 337 
18.00    5.56 97.003061 94.095938 7 338 666 667 969 970 1361 1362 1381 1 97 98 152 153 337 
17.85    5.60 97.877319 95.799696 8 338 508 509 666 667 969 970 1361 1362 1381 1 97 98 152 153 337 
17.45    5.73 98.159175 96.352237 9 338 405 406 508 509 666 667 969 970 1361 1362 1381 1 97 98 152 153 337 
15.86    6.31 98.578317 97.176846 10 667 834 835 969 338 405 406 508 509 666 970 1361 1362 1381 1 97 98 152 153 337 
11.05    9.05 99.086736 98.181813 12 970 1142 1143 1220 1221 1361 667 834 835 969 338 405 406 508 509 666 1362 1381 1 97 98 152 153 337 
