# pdb file = /home/wagram/gelly/CORNICHON/PROJECTS/DR/DR_2/PDBs_Clean/1C9BA/1C9BA.pdb
# dssp file = /home/wagram/gelly/CORNICHON/PROJECTS/DR/DR_2/PDBs_Clean/1C9BA/1C9BA.dssp
# R2 value = 99
# S2D limit size = 8
# limit size of PU= 15
# max size of PU= 0
# d0 value= 6.0
# delta value= 1.5
# only secondary structure= 0
# pruning flag= 0
# cut off pruning= 0
# Max Number of pu= 40
# END PARSE PDB
# END PARSE DSSP
#i/e    i/i+e R2        CI        N DOMAINS
72.96    1.37 84.279028 71.029545 2 1 99 100 207 
14.81    6.75 88.888239 79.011191 3 1 41 42 99 100 207 
11.64    8.59 90.298589 81.538351 4 1 21 22 41 42 99 100 207 
8.59    11.64 91.589538 83.886435 5 42 83 84 99 1 21 22 41 100 207 
6.96    14.36 92.639968 85.821637 6 42 66 67 83 84 99 1 21 22 41 100 207 
4.96    20.15 94.186752 88.711442 7 100 183 184 207 42 66 67 83 84 99 1 21 22 41 
3.72    26.87 95.350752 90.917659 8 100 160 161 183 184 207 42 66 67 83 84 99 1 21 22 41 
2.98    33.55 96.114656 92.380271 9 100 121 122 160 161 183 184 207 42 66 67 83 84 99 1 21 22 41 
2.66    37.55 96.513621 93.148790 10 122 139 140 160 100 121 161 183 184 207 42 66 67 83 84 99 1 21 22 41 
