# pdb file = /home/wagram/gelly/CORNICHON/PROJECTS/DR/DR_2/PDBs_Clean/3VL1A/3VL1A.pdb
# dssp file = /home/wagram/gelly/CORNICHON/PROJECTS/DR/DR_2/PDBs_Clean/3VL1A/3VL1A.dssp
# R2 value = 99
# S2D limit size = 8
# limit size of PU= 15
# max size of PU= 0
# d0 value= 6.0
# delta value= 1.5
# only secondary structure= 0
# pruning flag= 0
# cut off pruning= 0
# Max Number of pu= 40
# END PARSE PDB
# END PARSE DSSP
#i/e    i/i+e R2        CI        N DOMAINS
10.02    9.98 86.774521 75.298175 3 1 94 95 288 289 416 
7.78    12.85 91.756867 84.193226 4 95 175 176 288 1 94 289 416 
7.01    14.26 93.103034 86.681749 5 1 54 55 94 95 175 176 288 289 416 
6.11    16.36 94.825907 89.919527 6 289 378 379 416 1 54 55 94 95 175 176 288 
4.69    21.32 96.013128 92.185207 8 176 234 235 249 250 288 289 378 379 416 1 54 55 94 95 175 
4.06    24.63 96.683531 93.477051 9 289 340 341 378 176 234 235 249 250 288 379 416 1 54 55 94 95 175 
3.52    28.38 97.134387 94.350892 10 95 143 144 175 289 340 341 378 176 234 235 249 250 288 379 416 1 54 55 94 
3.23    30.97 97.314439 94.701001 11 1 20 21 54 95 143 144 175 289 340 341 378 176 234 235 249 250 288 379 416 55 94 
3.03    33.03 97.445412 94.956083 12 341 359 360 378 1 20 21 54 95 143 144 175 289 340 176 234 235 249 250 288 379 416 55 94 
2.85    35.08 97.599555 95.256731 13 55 74 75 94 341 359 360 378 1 20 21 54 95 143 144 175 289 340 176 234 235 249 250 288 379 416 
2.61    38.30 97.799161 95.646758 14 176 216 217 234 55 74 75 94 341 359 360 378 1 20 21 54 95 143 144 175 289 340 235 249 250 288 379 416 
2.44    40.99 97.895198 95.834699 15 176 200 201 216 217 234 55 74 75 94 341 359 360 378 1 20 21 54 95 143 144 175 289 340 235 249 250 288 379 416 
2.20    45.54 98.020199 96.079595 16 289 306 307 340 176 200 201 216 217 234 55 74 75 94 341 359 360 378 1 20 21 54 95 143 144 175 235 249 250 288 379 416 
1.99    50.26 98.118883 96.273152 17 95 112 113 143 289 306 307 340 176 200 201 216 217 234 55 74 75 94 341 359 360 378 1 20 21 54 144 175 235 249 250 288 379 416 
1.85    53.99 98.208062 96.448234 18 250 265 266 288 95 112 113 143 289 306 307 340 176 200 201 216 217 234 55 74 75 94 341 359 360 378 1 20 21 54 144 175 235 249 379 416 
1.72    58.14 98.275289 96.580324 19 379 397 398 416 250 265 266 288 95 112 113 143 289 306 307 340 176 200 201 216 217 234 55 74 75 94 341 359 360 378 1 20 21 54 144 175 235 249 
1.60    62.36 98.315266 96.658916 20 21 36 37 54 379 397 398 416 250 265 266 288 95 112 113 143 289 306 307 340 176 200 201 216 217 234 55 74 75 94 341 359 360 378 1 20 144 175 235 249 
1.49    67.01 98.384289 96.794682 21 307 323 324 340 21 36 37 54 379 397 398 416 250 265 266 288 95 112 113 143 289 306 176 200 201 216 217 234 55 74 75 94 341 359 360 378 1 20 144 175 235 249 
