# pdb file = /home/wagram/gelly/CORNICHON/PROJECTS/DR/DR_2/PDBs_Clean/3TSHA/3TSHA.pdb
# dssp file = /home/wagram/gelly/CORNICHON/PROJECTS/DR/DR_2/PDBs_Clean/3TSHA/3TSHA.dssp
# R2 value = 99
# S2D limit size = 8
# limit size of PU= 15
# max size of PU= 0
# d0 value= 6.0
# delta value= 1.5
# only secondary structure= 0
# pruning flag= 0
# cut off pruning= 0
# Max Number of pu= 40
# END PARSE PDB
# END PARSE DSSP
#i/e    i/i+e R2        CI        N DOMAINS
11.27    8.87 85.561828 73.208265 3 1 217 218 427 428 490 
7.79    12.84 91.722823 84.130762 5 218 299 300 326 327 427 1 217 428 490 
6.30    15.89 94.653335 89.592538 6 1 101 102 217 218 299 300 326 327 427 428 490 
4.62    21.65 95.648132 91.485651 8 327 365 366 386 387 427 1 101 102 217 218 299 300 326 428 490 
4.48    22.34 95.891792 91.952357 9 387 410 411 427 327 365 366 386 1 101 102 217 218 299 300 326 428 490 
3.38    29.60 96.602641 93.320702 11 102 173 174 195 196 217 387 410 411 427 327 365 366 386 1 101 218 299 300 326 428 490 
3.15    31.78 96.963787 94.019760 12 102 136 137 173 174 195 196 217 387 410 411 427 327 365 366 386 1 101 218 299 300 326 428 490 
3.06    32.73 97.095923 94.276182 13 327 350 351 365 102 136 137 173 174 195 196 217 387 410 411 427 366 386 1 101 218 299 300 326 428 490 
2.65    37.76 97.613611 95.284170 15 1 18 19 42 43 101 327 350 351 365 102 136 137 173 174 195 196 217 387 410 411 427 366 386 218 299 300 326 428 490 
2.22    44.95 97.869685 95.784752 17 218 234 235 250 251 299 1 18 19 42 43 101 327 350 351 365 102 136 137 173 174 195 196 217 387 410 411 427 366 386 300 326 428 490 
2.19    45.75 98.061406 96.160393 18 251 270 271 299 218 234 235 250 1 18 19 42 43 101 327 350 351 365 102 136 137 173 174 195 196 217 387 410 411 427 366 386 300 326 428 490 
2.11    47.33 98.158658 96.351222 19 102 119 120 136 251 270 271 299 218 234 235 250 1 18 19 42 43 101 327 350 351 365 137 173 174 195 196 217 387 410 411 427 366 386 300 326 428 490 
1.97    50.69 98.321284 96.670750 20 428 463 464 490 102 119 120 136 251 270 271 299 218 234 235 250 1 18 19 42 43 101 327 350 351 365 137 173 174 195 196 217 387 410 411 427 366 386 300 326 
1.90    52.64 98.391219 96.808320 21 428 447 448 463 464 490 102 119 120 136 251 270 271 299 218 234 235 250 1 18 19 42 43 101 327 350 351 365 137 173 174 195 196 217 387 410 411 427 366 386 300 326 
1.69    59.07 98.558457 97.137695 23 43 57 58 73 74 101 428 447 448 463 464 490 102 119 120 136 251 270 271 299 218 234 235 250 1 18 19 42 327 350 351 365 137 173 174 195 196 217 387 410 411 427 366 386 300 326 
1.61    62.03 98.639093 97.296706 24 137 157 158 173 43 57 58 73 74 101 428 447 448 463 464 490 102 119 120 136 251 270 271 299 218 234 235 250 1 18 19 42 327 350 351 365 174 195 196 217 387 410 411 427 366 386 300 326 
