# pdb file = /home/wagram/gelly/CORNICHON/PROJECTS/DR/DR_2/PDBs_Clean/3ODTA/3ODTA.pdb
# dssp file = /home/wagram/gelly/CORNICHON/PROJECTS/DR/DR_2/PDBs_Clean/3ODTA/3ODTA.dssp
# R2 value = 99
# S2D limit size = 8
# limit size of PU= 15
# max size of PU= 0
# d0 value= 6.0
# delta value= 1.5
# only secondary structure= 0
# pruning flag= 0
# cut off pruning= 0
# Max Number of pu= 40
# END PARSE PDB
# END PARSE DSSP
#i/e    i/i+e R2        CI        N DOMAINS
7.25    13.80 84.938901 72.146168 3 1 96 97 217 218 296 
5.55    18.00 89.674318 80.414833 4 97 175 176 217 1 96 218 296 
4.68    21.38 91.702887 84.094195 5 218 268 269 296 97 175 176 217 1 96 
3.70    27.06 93.649924 87.703082 6 1 55 56 96 218 268 269 296 97 175 176 217 
3.01    33.22 94.865962 89.995507 7 97 134 135 175 1 55 56 96 218 268 269 296 176 217 
2.76    36.19 95.147035 90.529584 8 56 77 78 96 97 134 135 175 1 55 218 268 269 296 176 217 
2.46    40.63 95.719170 91.621595 9 1 34 35 55 56 77 78 96 97 134 135 175 218 268 269 296 176 217 
2.26    44.27 95.985893 92.132916 10 97 118 119 134 1 34 35 55 56 77 78 96 135 175 218 268 269 296 176 217 
2.07    48.37 96.227217 92.596773 11 135 160 161 175 97 118 119 134 1 34 35 55 56 77 78 96 218 268 269 296 176 217 
1.88    53.15 96.469421 93.063493 12 176 199 200 217 135 160 161 175 97 118 119 134 1 34 35 55 56 77 78 96 218 268 269 296 
1.64    60.88 96.728073 93.563201 13 218 240 241 268 176 199 200 217 135 160 161 175 97 118 119 134 1 34 35 55 56 77 78 96 269 296 
