# pdb file = /home/wagram/gelly/CORNICHON/PROJECTS/DR/DR_2/PDBs_Clean/3EDPA/3EDPA.pdb
# dssp file = /home/wagram/gelly/CORNICHON/PROJECTS/DR/DR_2/PDBs_Clean/3EDPA/3EDPA.dssp
# R2 value = 99
# S2D limit size = 8
# limit size of PU= 15
# max size of PU= 0
# d0 value= 6.0
# delta value= 1.5
# only secondary structure= 0
# pruning flag= 0
# cut off pruning= 0
# Max Number of pu= 40
# END PARSE PDB
# END PARSE DSSP
#i/e    i/i+e R2        CI        N DOMAINS
38.14    2.62 78.800954 62.095904 2 1 65 66 222 
9.51    10.51 89.034676 79.271736 4 66 92 93 110 111 222 1 65 
5.35    18.67 94.126146 88.597314 6 111 132 133 159 160 222 66 92 93 110 1 65 
3.96    25.26 95.832582 91.838837 8 1 24 25 42 43 65 111 132 133 159 160 222 66 92 93 110 
3.39    29.51 96.241021 92.623341 9 160 207 208 222 1 24 25 42 43 65 111 132 133 159 66 92 93 110 
2.95    33.94 96.682915 93.475860 10 160 191 192 207 208 222 1 24 25 42 43 65 111 132 133 159 66 92 93 110 
