# pdb file = /home/wagram/gelly/CORNICHON/PROJECTS/DR/DR_2/PDBs_Clean/2QGQA/2QGQA.pdb
# dssp file = /home/wagram/gelly/CORNICHON/PROJECTS/DR/DR_2/PDBs_Clean/2QGQA/2QGQA.dssp
# R2 value = 99
# S2D limit size = 8
# limit size of PU= 15
# max size of PU= 0
# d0 value= 6.0
# delta value= 1.5
# only secondary structure= 0
# pruning flag= 0
# cut off pruning= 0
# Max Number of pu= 40
# END PARSE PDB
# END PARSE DSSP
#i/e    i/i+e R2        CI        N DOMAINS
32.54    3.07 75.336271 56.755537 2 1 207 208 272 
16.91    5.91 89.869470 80.765216 3 1 101 102 207 208 272 
8.08    12.37 93.028895 86.543752 5 102 122 123 141 142 207 1 101 208 272 
5.30    18.87 94.383929 89.083260 7 142 156 157 171 172 207 102 122 123 141 1 101 208 272 
3.93    25.46 95.647038 91.483559 8 1 45 46 101 142 156 157 171 172 207 102 122 123 141 208 272 
3.39    29.46 96.205239 92.554481 9 46 71 72 101 1 45 142 156 157 171 172 207 102 122 123 141 208 272 
3.10    32.31 96.496561 93.115863 10 172 192 193 207 46 71 72 101 1 45 142 156 157 171 102 122 123 141 208 272 
2.18    45.80 96.941763 93.977054 12 208 222 223 248 249 272 172 192 193 207 46 71 72 101 1 45 142 156 157 171 102 122 123 141 
1.93    51.84 97.118453 94.319939 13 1 20 21 45 208 222 223 248 249 272 172 192 193 207 46 71 72 101 142 156 157 171 102 122 123 141 
