# pdb file = /home/wagram/gelly/CORNICHON/PROJECTS/DR/DR_2/PDBs_Clean/3NRSA/3NRSA.pdb
# dssp file = /home/wagram/gelly/CORNICHON/PROJECTS/DR/DR_2/PDBs_Clean/3NRSA/3NRSA.dssp
# R2 value = 99
# S2D limit size = 8
# limit size of PU= 15
# max size of PU= 0
# d0 value= 6.0
# delta value= 1.5
# only secondary structure= 0
# pruning flag= 0
# cut off pruning= 0
# Max Number of pu= 40
# END PARSE PDB
# END PARSE DSSP
#i/e    i/i+e R2        CI        N DOMAINS
54.13    1.85 81.231791 65.986039 2 1 273 274 401 
10.75    9.30 90.659099 82.190722 4 1 150 151 258 259 273 274 401 
8.90    11.24 92.607744 85.761942 5 151 211 212 258 1 150 259 273 274 401 
8.24    12.13 93.289452 87.029219 6 212 237 238 258 151 211 1 150 259 273 274 401 
4.78    20.92 95.330273 90.878610 8 1 44 45 65 66 150 212 237 238 258 151 211 259 273 274 401 
4.78    20.92 95.839848 91.852764 9 1 19 20 44 45 65 66 150 212 237 238 258 151 211 259 273 274 401 
4.54    22.04 96.394583 92.919155 10 66 135 136 150 1 19 20 44 45 65 212 237 238 258 151 211 259 273 274 401 
3.92    25.54 97.078233 94.241832 12 66 89 90 123 124 135 136 150 1 19 20 44 45 65 212 237 238 258 151 211 259 273 274 401 
3.73    26.78 97.238298 94.552867 13 90 108 109 123 66 89 124 135 136 150 1 19 20 44 45 65 212 237 238 258 151 211 259 273 274 401 
2.70    37.02 97.903330 95.850621 15 274 291 292 365 366 401 90 108 109 123 66 89 124 135 136 150 1 19 20 44 45 65 212 237 238 258 151 211 259 273 
2.62    38.11 98.024370 96.087771 16 366 385 386 401 274 291 292 365 90 108 109 123 66 89 124 135 136 150 1 19 20 44 45 65 212 237 238 258 151 211 259 273 
2.47    40.40 98.225900 96.483275 17 292 308 309 365 366 385 386 401 274 291 90 108 109 123 66 89 124 135 136 150 1 19 20 44 45 65 212 237 238 258 151 211 259 273 
2.25    44.35 98.368829 96.764265 18 309 338 339 365 292 308 366 385 386 401 274 291 90 108 109 123 66 89 124 135 136 150 1 19 20 44 45 65 212 237 238 258 151 211 259 273 
2.02    49.43 98.517790 97.057549 19 151 180 181 211 309 338 339 365 292 308 366 385 386 401 274 291 90 108 109 123 66 89 124 135 136 150 1 19 20 44 45 65 212 237 238 258 259 273 
1.88    53.17 98.550537 97.122083 20 181 196 197 211 151 180 309 338 339 365 292 308 366 385 386 401 274 291 90 108 109 123 66 89 124 135 136 150 1 19 20 44 45 65 212 237 238 258 259 273 
