# pdb file = /home/wagram/gelly/CORNICHON/PROJECTS/DR/DR_2/PDBs_Clean/1OXWA/1OXWA.pdb
# dssp file = /home/wagram/gelly/CORNICHON/PROJECTS/DR/DR_2/PDBs_Clean/1OXWA/1OXWA.dssp
# R2 value = 99
# S2D limit size = 8
# limit size of PU= 15
# max size of PU= 0
# d0 value= 6.0
# delta value= 1.5
# only secondary structure= 0
# pruning flag= 0
# cut off pruning= 0
# Max Number of pu= 40
# END PARSE PDB
# END PARSE DSSP
#i/e    i/i+e R2        CI        N DOMAINS
10.17    9.83 74.293747 55.195609 3 1 245 246 263 264 360 
9.56    10.47 80.062647 64.100275 4 264 294 295 360 1 245 246 263 
8.86    11.28 83.139631 69.121983 5 295 325 326 360 264 294 1 245 246 263 
8.39    11.92 84.507377 71.414968 6 326 345 346 360 295 325 264 294 1 245 246 263 
4.04    24.77 93.704343 87.805039 8 1 86 87 196 197 245 326 345 346 360 295 325 264 294 246 263 
3.63    27.55 94.830274 89.927808 9 87 115 116 196 1 86 197 245 326 345 346 360 295 325 264 294 246 263 
3.47    28.86 95.441247 91.090316 10 197 224 225 245 87 115 116 196 1 86 326 345 346 360 295 325 264 294 246 263 
3.35    29.87 95.753183 91.686721 11 264 279 280 294 197 224 225 245 87 115 116 196 1 86 326 345 346 360 295 325 246 263 
2.70    37.07 96.809838 93.721447 13 1 25 26 40 41 86 264 279 280 294 197 224 225 245 87 115 116 196 326 345 346 360 295 325 246 263 
2.55    39.17 97.148868 94.379026 14 41 60 61 86 1 25 26 40 264 279 280 294 197 224 225 245 87 115 116 196 326 345 346 360 295 325 246 263 
2.45    40.76 97.315274 94.702626 15 295 310 311 325 41 60 61 86 1 25 26 40 264 279 280 294 197 224 225 245 87 115 116 196 326 345 346 360 246 263 
2.11    47.44 97.623315 95.303117 16 116 156 157 196 295 310 311 325 41 60 61 86 1 25 26 40 264 279 280 294 197 224 225 245 87 115 326 345 346 360 246 263 
1.97    50.83 97.726206 95.504114 17 116 141 142 156 157 196 295 310 311 325 41 60 61 86 1 25 26 40 264 279 280 294 197 224 225 245 87 115 326 345 346 360 246 263 
1.81    55.34 97.850856 95.747901 18 157 177 178 196 116 141 142 156 295 310 311 325 41 60 61 86 1 25 26 40 264 279 280 294 197 224 225 245 87 115 326 345 346 360 246 263 
