# pdb file = /home/wagram/gelly/CORNICHON/PROJECTS/DR/DR_2/PDBs_Clean/3RYCA/3RYCA.pdb
# dssp file = /home/wagram/gelly/CORNICHON/PROJECTS/DR/DR_2/PDBs_Clean/3RYCA/3RYCA.dssp
# R2 value = 99
# S2D limit size = 8
# limit size of PU= 15
# max size of PU= 0
# d0 value= 6.0
# delta value= 1.5
# only secondary structure= 0
# pruning flag= 0
# cut off pruning= 0
# Max Number of pu= 40
# END PARSE PDB
# END PARSE DSSP
#i/e    i/i+e R2        CI        N DOMAINS
12.48    8.01 85.368049 72.877038 3 1 191 192 380 381 431 
11.41    8.77 86.614163 75.020132 4 381 408 409 431 1 191 192 380 
6.20    16.13 90.641499 82.158813 6 1 18 19 56 57 191 381 408 409 431 192 380 
5.61    17.83 92.871396 86.250962 7 57 91 92 191 1 18 19 56 381 408 409 431 192 380 
4.62    21.66 94.413489 89.139069 9 92 106 107 125 126 191 57 91 1 18 19 56 381 408 409 431 192 380 
2.80    35.74 95.671680 91.530703 11 192 316 317 333 334 380 92 106 107 125 126 191 57 91 1 18 19 56 381 408 409 431 
2.75    36.31 95.941607 92.047919 12 334 349 350 380 192 316 317 333 92 106 107 125 126 191 57 91 1 18 19 56 381 408 409 431 
2.36    42.31 97.237129 94.550592 14 192 231 232 259 260 316 334 349 350 380 317 333 92 106 107 125 126 191 57 91 1 18 19 56 381 408 409 431 
2.31    43.37 97.525134 95.111518 15 260 298 299 316 192 231 232 259 334 349 350 380 317 333 92 106 107 125 126 191 57 91 1 18 19 56 381 408 409 431 
2.24    44.71 97.726113 95.503931 16 192 215 216 231 260 298 299 316 232 259 334 349 350 380 317 333 92 106 107 125 126 191 57 91 1 18 19 56 381 408 409 431 
2.17    46.09 97.865628 95.776811 17 19 38 39 56 192 215 216 231 260 298 299 316 232 259 334 349 350 380 317 333 92 106 107 125 126 191 57 91 1 18 381 408 409 431 
1.99    50.26 98.091997 96.220398 18 126 165 166 191 19 38 39 56 192 215 216 231 260 298 299 316 232 259 334 349 350 380 317 333 92 106 107 125 57 91 1 18 381 408 409 431 
1.90    52.51 98.178036 96.389267 19 260 278 279 298 126 165 166 191 19 38 39 56 192 215 216 231 299 316 232 259 334 349 350 380 317 333 92 106 107 125 57 91 1 18 381 408 409 431 
1.78    56.28 98.289324 96.607912 20 126 146 147 165 260 278 279 298 166 191 19 38 39 56 192 215 216 231 299 316 232 259 334 349 350 380 317 333 92 106 107 125 57 91 1 18 381 408 409 431 
1.65    60.55 98.335570 96.698844 21 57 74 75 91 126 146 147 165 260 278 279 298 166 191 19 38 39 56 192 215 216 231 299 316 232 259 334 349 350 380 317 333 92 106 107 125 1 18 381 408 409 431 
