# pdb file = /home/wagram/gelly/CORNICHON/PROJECTS/DR/DR_2/PDBs_Clean/3P6BA/3P6BA.pdb
# dssp file = /home/wagram/gelly/CORNICHON/PROJECTS/DR/DR_2/PDBs_Clean/3P6BA/3P6BA.dssp
# R2 value = 99
# S2D limit size = 8
# limit size of PU= 15
# max size of PU= 0
# d0 value= 6.0
# delta value= 1.5
# only secondary structure= 0
# pruning flag= 0
# cut off pruning= 0
# Max Number of pu= 40
# END PARSE PDB
# END PARSE DSSP
#i/e    i/i+e R2        CI        N DOMAINS
12.53    7.98 65.427972 42.808196 3 1 20 21 170 171 186 
3.54    28.26 86.096828 74.126639 5 21 75 76 151 152 170 1 20 171 186 
2.05    48.67 89.958465 80.925254 7 76 93 94 129 130 151 21 75 152 170 1 20 171 186 
1.53    65.48 91.959954 84.566331 9 21 37 38 67 68 75 76 93 94 129 130 151 152 170 1 20 171 186 
1.26    79.07 92.343109 85.272499 10 94 112 113 129 21 37 38 67 68 75 76 93 130 151 152 170 1 20 171 186 
