# pdb file = /home/wagram/gelly/CORNICHON/PROJECTS/DR/DR_2/PDBs_Clean/3MGGA/3MGGA.pdb
# dssp file = /home/wagram/gelly/CORNICHON/PROJECTS/DR/DR_2/PDBs_Clean/3MGGA/3MGGA.dssp
# R2 value = 99
# S2D limit size = 8
# limit size of PU= 15
# max size of PU= 0
# d0 value= 6.0
# delta value= 1.5
# only secondary structure= 0
# pruning flag= 0
# cut off pruning= 0
# Max Number of pu= 40
# END PARSE PDB
# END PARSE DSSP
#i/e    i/i+e R2        CI        N DOMAINS
22.93    4.36 75.998243 57.757330 2 1 72 73 246 
5.55    18.00 87.210308 76.056378 4 73 178 179 235 236 246 1 72 
3.85    25.97 92.816695 86.149390 6 73 125 126 150 151 178 179 235 236 246 1 72 
3.20    31.21 94.307565 88.939169 8 179 194 195 225 226 235 73 125 126 150 151 178 236 246 1 72 
2.93    34.16 95.163276 90.560492 9 1 16 17 72 179 194 195 225 226 235 73 125 126 150 151 178 236 246 
2.75    36.43 95.534181 91.267797 10 195 210 211 225 1 16 17 72 179 194 226 235 73 125 126 150 151 178 236 246 
2.25    44.47 96.026728 92.211325 11 17 45 46 72 195 210 211 225 1 16 179 194 226 235 73 125 126 150 151 178 236 246 
1.98    50.42 96.454449 93.034608 12 73 110 111 125 17 45 46 72 195 210 211 225 1 16 179 194 226 235 126 150 151 178 236 246 
1.81    55.20 96.760018 93.625012 13 73 89 90 110 111 125 17 45 46 72 195 210 211 225 1 16 179 194 226 235 126 150 151 178 236 246 
