# pdb file = /home/wagram/gelly/CORNICHON/PROJECTS/DR/DR_2/PDBs_Clean/3BRUA/3BRUA.pdb
# dssp file = /home/wagram/gelly/CORNICHON/PROJECTS/DR/DR_2/PDBs_Clean/3BRUA/3BRUA.dssp
# R2 value = 99
# S2D limit size = 8
# limit size of PU= 15
# max size of PU= 0
# d0 value= 6.0
# delta value= 1.5
# only secondary structure= 0
# pruning flag= 0
# cut off pruning= 0
# Max Number of pu= 40
# END PARSE PDB
# END PARSE DSSP
#i/e    i/i+e R2        CI        N DOMAINS
21.58    4.63 75.335968 56.755081 2 1 55 56 191 
7.63    13.11 91.099292 82.990810 4 56 101 102 128 129 191 1 55 
6.34    15.77 93.357905 87.156983 5 129 161 162 191 56 101 102 128 1 55 
5.70    17.55 94.637894 89.563310 6 56 85 86 101 129 161 162 191 102 128 1 55 
4.80    20.83 95.612003 91.416551 7 1 36 37 55 56 85 86 101 129 161 162 191 102 128 
4.03    24.83 95.996840 92.153933 8 1 21 22 36 37 55 56 85 86 101 129 161 162 191 102 128 
3.42    29.26 96.352281 92.837620 9 129 146 147 161 1 21 22 36 37 55 56 85 86 101 162 191 102 128 
