# pdb file = /home/wagram/gelly/CORNICHON/PROJECTS/DR/DR_2/PDBs_Clean/2ZQ5A/2ZQ5A.pdb
# dssp file = /home/wagram/gelly/CORNICHON/PROJECTS/DR/DR_2/PDBs_Clean/2ZQ5A/2ZQ5A.dssp
# R2 value = 99
# S2D limit size = 8
# limit size of PU= 15
# max size of PU= 0
# d0 value= 6.0
# delta value= 1.5
# only secondary structure= 0
# pruning flag= 0
# cut off pruning= 0
# Max Number of pu= 40
# END PARSE PDB
# END PARSE DSSP
#i/e    i/i+e R2        CI        N DOMAINS
5.67    17.65 74.601736 55.654191 3 1 125 126 153 154 365 
5.25    19.05 84.263544 71.003449 5 1 83 84 113 114 125 126 153 154 365 
4.21    23.75 91.264820 83.292673 7 154 310 311 343 344 365 1 83 84 113 114 125 126 153 
4.02    24.90 92.301420 85.195521 8 1 68 69 83 154 310 311 343 344 365 84 113 114 125 126 153 
3.14    31.82 95.704632 91.593766 10 154 206 207 224 225 310 1 68 69 83 311 343 344 365 84 113 114 125 126 153 
2.73    36.65 96.968212 94.028341 12 225 249 250 286 287 310 154 206 207 224 1 68 69 83 311 343 344 365 84 113 114 125 126 153 
2.35    42.49 97.562917 95.185228 14 1 24 25 46 47 68 225 249 250 286 287 310 154 206 207 224 69 83 311 343 344 365 84 113 114 125 126 153 
2.25    44.43 97.848095 95.742497 15 154 178 179 206 1 24 25 46 47 68 225 249 250 286 287 310 207 224 69 83 311 343 344 365 84 113 114 125 126 153 
2.16    46.26 98.005621 96.051017 16 250 270 271 286 154 178 179 206 1 24 25 46 47 68 225 249 287 310 207 224 69 83 311 343 344 365 84 113 114 125 126 153 
2.08    48.06 98.102033 96.240089 17 311 328 329 343 250 270 271 286 154 178 179 206 1 24 25 46 47 68 225 249 287 310 207 224 69 83 344 365 84 113 114 125 126 153 
