# pdb file = /home/wagram/gelly/CORNICHON/PROJECTS/DR/DR_2/PDBs_Clean/2PLJA/2PLJA.pdb
# dssp file = /home/wagram/gelly/CORNICHON/PROJECTS/DR/DR_2/PDBs_Clean/2PLJA/2PLJA.dssp
# R2 value = 99
# S2D limit size = 8
# limit size of PU= 15
# max size of PU= 0
# d0 value= 6.0
# delta value= 1.5
# only secondary structure= 0
# pruning flag= 0
# cut off pruning= 0
# Max Number of pu= 40
# END PARSE PDB
# END PARSE DSSP
#i/e    i/i+e R2        CI        N DOMAINS
13.03    7.68 83.454383 69.646341 3 1 35 36 264 265 376 
6.43    15.55 91.370937 83.486481 5 36 119 120 253 254 264 1 35 265 376 
6.00    16.66 92.450916 85.471719 6 36 51 52 119 120 253 254 264 1 35 265 376 
5.00    20.02 94.537496 89.373382 7 120 177 178 253 36 51 52 119 254 264 1 35 265 376 
4.06    24.65 95.489581 91.182600 9 178 195 196 212 213 253 120 177 36 51 52 119 254 264 1 35 265 376 
3.80    26.32 96.125011 92.400178 10 265 359 360 376 178 195 196 212 213 253 120 177 36 51 52 119 254 264 1 35 
3.45    28.97 96.769293 93.642961 11 52 79 80 119 265 359 360 376 178 195 196 212 213 253 120 177 36 51 254 264 1 35 
3.32    30.11 96.920234 93.935317 12 1 18 19 35 52 79 80 119 265 359 360 376 178 195 196 212 213 253 120 177 36 51 254 264 
3.11    32.19 97.106650 94.297016 13 80 104 105 119 1 18 19 35 52 79 265 359 360 376 178 195 196 212 213 253 120 177 36 51 254 264 
2.94    33.97 97.309238 94.690879 14 213 229 230 253 80 104 105 119 1 18 19 35 52 79 265 359 360 376 178 195 196 212 120 177 36 51 254 264 
2.11    47.46 97.777619 95.604629 16 265 308 309 338 339 359 213 229 230 253 80 104 105 119 1 18 19 35 52 79 360 376 178 195 196 212 120 177 36 51 254 264 
2.06    48.47 97.979056 95.998954 17 265 287 288 308 309 338 339 359 213 229 230 253 80 104 105 119 1 18 19 35 52 79 360 376 178 195 196 212 120 177 36 51 254 264 
1.84    54.31 98.150427 96.335064 18 120 145 146 177 265 287 288 308 309 338 339 359 213 229 230 253 80 104 105 119 1 18 19 35 52 79 360 376 178 195 196 212 36 51 254 264 
1.79    55.90 98.245879 96.522528 19 146 161 162 177 120 145 265 287 288 308 309 338 339 359 213 229 230 253 80 104 105 119 1 18 19 35 52 79 360 376 178 195 196 212 36 51 254 264 
