# pdb file = /home/wagram/gelly/CORNICHON/PROJECTS/DR/DR_2/PDBs_Clean/3NETA/3NETA.pdb
# dssp file = /home/wagram/gelly/CORNICHON/PROJECTS/DR/DR_2/PDBs_Clean/3NETA/3NETA.dssp
# R2 value = 99
# S2D limit size = 8
# limit size of PU= 15
# max size of PU= 0
# d0 value= 6.0
# delta value= 1.5
# only secondary structure= 0
# pruning flag= 0
# cut off pruning= 0
# Max Number of pu= 40
# END PARSE PDB
# END PARSE DSSP
#i/e    i/i+e R2        CI        N DOMAINS
193.14   0.52 78.783146 62.067842 2 1 337 338 431 
12.34    8.10 92.890833 86.287068 4 1 124 125 297 298 337 338 431 
12.06    8.29 93.521451 87.462619 5 298 317 318 337 1 124 125 297 338 431 
5.57    17.97 95.898582 91.965380 7 125 166 167 213 214 297 298 317 318 337 1 124 338 431 
5.34    18.74 96.663217 93.437774 8 214 263 264 297 125 166 167 213 298 317 318 337 1 124 338 431 
5.20    19.24 97.021053 94.130848 9 125 146 147 166 214 263 264 297 167 213 298 317 318 337 1 124 338 431 
4.79    20.89 97.627517 95.311320 10 1 36 37 124 125 146 147 166 214 263 264 297 167 213 298 317 318 337 338 431 
4.64    21.57 97.777984 95.605342 11 1 21 22 36 37 124 125 146 147 166 214 263 264 297 167 213 298 317 318 337 338 431 
4.40    22.75 97.970458 95.982106 12 214 245 246 263 1 21 22 36 37 124 125 146 147 166 264 297 167 213 298 317 318 337 338 431 
4.16    24.01 98.107908 96.251617 13 167 198 199 213 214 245 246 263 1 21 22 36 37 124 125 146 147 166 264 297 298 317 318 337 338 431 
3.67    27.25 98.372334 96.771160 14 338 394 395 431 167 198 199 213 214 245 246 263 1 21 22 36 37 124 125 146 147 166 264 297 298 317 318 337 
3.09    32.40 98.680442 97.378296 16 37 76 77 92 93 124 338 394 395 431 167 198 199 213 214 245 246 263 1 21 22 36 125 146 147 166 264 297 298 317 318 337 
2.96    33.75 98.751710 97.519002 17 214 230 231 245 37 76 77 92 93 124 338 394 395 431 167 198 199 213 246 263 1 21 22 36 125 146 147 166 264 297 298 317 318 337 
2.51    39.90 98.856327 97.725733 19 338 352 353 367 368 394 214 230 231 245 37 76 77 92 93 124 395 431 167 198 199 213 246 263 1 21 22 36 125 146 147 166 264 297 298 317 318 337 
2.40    41.64 98.912006 97.835850 20 167 182 183 198 338 352 353 367 368 394 214 230 231 245 37 76 77 92 93 124 395 431 199 213 246 263 1 21 22 36 125 146 147 166 264 297 298 317 318 337 
2.31    43.33 98.968322 97.947288 21 264 279 280 297 167 182 183 198 338 352 353 367 368 394 214 230 231 245 37 76 77 92 93 124 395 431 199 213 246 263 1 21 22 36 125 146 147 166 298 317 318 337 
2.18    45.77 99.003358 98.016649 22 37 57 58 76 264 279 280 297 167 182 183 198 338 352 353 367 368 394 214 230 231 245 77 92 93 124 395 431 199 213 246 263 1 21 22 36 125 146 147 166 298 317 318 337 
