# pdb file = /home/wagram/gelly/CORNICHON/PROJECTS/DR/DR_2/PDBs_Clean/3FHDA/3FHDA.pdb
# dssp file = /home/wagram/gelly/CORNICHON/PROJECTS/DR/DR_2/PDBs_Clean/3FHDA/3FHDA.dssp
# R2 value = 99
# S2D limit size = 8
# limit size of PU= 15
# max size of PU= 0
# d0 value= 6.0
# delta value= 1.5
# only secondary structure= 0
# pruning flag= 0
# cut off pruning= 0
# Max Number of pu= 40
# END PARSE PDB
# END PARSE DSSP
#i/e    i/i+e R2        CI        N DOMAINS
19.51    5.13 79.006089 62.419622 3 1 104 105 435 436 456 
15.23    6.57 83.002920 68.894848 4 1 50 51 104 105 435 436 456 
14.10    7.09 84.631849 71.625499 5 1 29 30 50 51 104 105 435 436 456 
4.87    20.53 94.216648 88.767768 7 105 233 234 346 347 435 1 29 30 50 51 104 436 456 
4.44    22.50 95.532260 91.264127 9 347 381 382 412 413 435 105 233 234 346 1 29 30 50 51 104 436 456 
4.15    24.11 96.342995 92.819728 10 234 265 266 346 347 381 382 412 413 435 105 233 1 29 30 50 51 104 436 456 
3.49    28.65 97.457415 94.979478 12 105 133 134 158 159 233 234 265 266 346 347 381 382 412 413 435 1 29 30 50 51 104 436 456 
3.15    31.74 98.025355 96.089701 14 159 183 184 198 199 233 105 133 134 158 234 265 266 346 347 381 382 412 413 435 1 29 30 50 51 104 436 456 
2.79    35.79 98.370478 96.767509 16 266 308 309 338 339 346 159 183 184 198 199 233 105 133 134 158 234 265 347 381 382 412 413 435 1 29 30 50 51 104 436 456 
2.72    36.75 98.480737 96.984556 17 266 293 294 308 309 338 339 346 159 183 184 198 199 233 105 133 134 158 234 265 347 381 382 412 413 435 1 29 30 50 51 104 436 456 
2.66    37.59 98.583007 97.186092 18 347 366 367 381 266 293 294 308 309 338 339 346 159 183 184 198 199 233 105 133 134 158 234 265 382 412 413 435 1 29 30 50 51 104 436 456 
2.41    41.50 98.758917 97.533237 20 51 65 66 90 91 104 347 366 367 381 266 293 294 308 309 338 339 346 159 183 184 198 199 233 105 133 134 158 234 265 382 412 413 435 1 29 30 50 436 456 
2.30    43.46 98.806123 97.626500 21 234 250 251 265 51 65 66 90 91 104 347 366 367 381 266 293 294 308 309 338 339 346 159 183 184 198 199 233 105 133 134 158 382 412 413 435 1 29 30 50 436 456 
2.21    45.20 98.874123 97.760923 22 199 218 219 233 234 250 251 265 51 65 66 90 91 104 347 366 367 381 266 293 294 308 309 338 339 346 159 183 184 198 105 133 134 158 382 412 413 435 1 29 30 50 436 456 
2.08    48.15 98.890270 97.792856 23 382 397 398 412 199 218 219 233 234 250 251 265 51 65 66 90 91 104 347 366 367 381 266 293 294 308 309 338 339 346 159 183 184 198 105 133 134 158 413 435 1 29 30 50 436 456 
