# pdb file = /home/wagram/gelly/CORNICHON/PROJECTS/DR/DR_2/PDBs_Clean/1OAAA/1OAAA.pdb
# dssp file = /home/wagram/gelly/CORNICHON/PROJECTS/DR/DR_2/PDBs_Clean/1OAAA/1OAAA.dssp
# R2 value = 99
# S2D limit size = 8
# limit size of PU= 15
# max size of PU= 0
# d0 value= 6.0
# delta value= 1.5
# only secondary structure= 0
# pruning flag= 0
# cut off pruning= 0
# Max Number of pu= 40
# END PARSE PDB
# END PARSE DSSP
#i/e    i/i+e R2        CI        N DOMAINS
11.22    8.92 73.323784 53.763773 3 1 198 199 232 233 259 
6.54    15.28 87.410240 76.405500 4 1 100 101 198 199 232 233 259 
5.22    19.16 90.706456 82.276612 5 101 142 143 198 1 100 199 232 233 259 
4.91    20.35 91.741647 84.165297 6 101 127 128 142 143 198 1 100 199 232 233 259 
3.06    32.64 94.480858 89.266325 8 1 40 41 85 86 100 101 127 128 142 143 198 199 232 233 259 
2.93    34.11 95.364476 90.943833 9 41 66 67 85 1 40 86 100 101 127 128 142 143 198 199 232 233 259 
2.33    42.86 96.355760 92.844325 11 143 159 160 175 176 198 41 66 67 85 1 40 86 100 101 127 128 142 199 232 233 259 
2.13    46.84 96.588352 93.293097 12 199 214 215 232 143 159 160 175 176 198 41 66 67 85 1 40 86 100 101 127 128 142 233 259 
1.82    54.91 96.775773 93.655502 13 1 22 23 40 199 214 215 232 143 159 160 175 176 198 41 66 67 85 86 100 101 127 128 142 233 259 
