# pdb file = /home/wagram/gelly/CORNICHON/PROJECTS/DR/DR_2/PDBs_Clean/3NTVA/3NTVA.pdb
# dssp file = /home/wagram/gelly/CORNICHON/PROJECTS/DR/DR_2/PDBs_Clean/3NTVA/3NTVA.dssp
# R2 value = 99
# S2D limit size = 8
# limit size of PU= 15
# max size of PU= 0
# d0 value= 6.0
# delta value= 1.5
# only secondary structure= 0
# pruning flag= 0
# cut off pruning= 0
# Max Number of pu= 40
# END PARSE PDB
# END PARSE DSSP
#i/e    i/i+e R2        CI        N DOMAINS
93.39    1.07 54.611120 29.823744 2 1 16 17 210 
14.60    6.85 84.344519 71.139979 3 17 120 121 210 1 16 
9.26    10.80 91.092985 82.979319 5 17 33 34 51 52 120 121 210 1 16 
4.75    21.04 94.622311 89.533817 7 121 156 157 182 183 210 17 33 34 51 52 120 1 16 
3.08    32.43 95.995867 92.152065 9 52 82 83 101 102 120 121 156 157 182 183 210 17 33 34 51 1 16 
2.54    39.42 96.260939 92.661684 10 121 141 142 156 52 82 83 101 102 120 157 182 183 210 17 33 34 51 1 16 
