# pdb file = /home/wagram/gelly/CORNICHON/PROJECTS/DR/DR_2/PDBs_Clean/3R8S2/3R8S2.pdb
# dssp file = /home/wagram/gelly/CORNICHON/PROJECTS/DR/DR_2/PDBs_Clean/3R8S2/3R8S2.dssp
# R2 value = 99
# S2D limit size = 8
# limit size of PU= 15
# max size of PU= 0
# d0 value= 6.0
# delta value= 1.5
# only secondary structure= 0
# pruning flag= 0
# cut off pruning= 0
# Max Number of pu= 40
# END PARSE PDB
# END PARSE DSSP
#i/e    i/i+e R2        CI        N DOMAINS
46.51    2.15 76.328912 58.261027 3 1 218 219 256 257 271 
11.16    8.96 91.127554 83.042310 5 1 63 64 200 201 218 219 256 257 271 
10.82    9.24 92.840441 86.193475 6 1 26 27 63 64 200 201 218 219 256 257 271 
9.53    10.49 93.476313 87.378211 7 219 241 242 256 1 26 27 63 64 200 201 218 257 271 
5.61    17.82 95.755751 91.691639 8 64 116 117 200 219 241 242 256 1 26 27 63 201 218 257 271 
3.06    32.73 96.823880 93.748638 10 117 159 160 185 186 200 64 116 219 241 242 256 1 26 27 63 201 218 257 271 
2.96    33.76 97.195701 94.470044 11 117 140 141 159 160 185 186 200 64 116 219 241 242 256 1 26 27 63 201 218 257 271 
2.63    38.05 97.340574 94.751874 12 27 48 49 63 117 140 141 159 160 185 186 200 64 116 219 241 242 256 1 26 201 218 257 271 
2.05    48.69 97.453452 94.971754 13 64 87 88 116 27 48 49 63 117 140 141 159 160 185 186 200 219 241 242 256 1 26 201 218 257 271 
