# pdb file = /home/wagram/gelly/CORNICHON/PROJECTS/DR/DR_2/PDBs_Clean/3U5EY/3U5EY.pdb
# dssp file = /home/wagram/gelly/CORNICHON/PROJECTS/DR/DR_2/PDBs_Clean/3U5EY/3U5EY.dssp
# R2 value = 99
# S2D limit size = 8
# limit size of PU= 15
# max size of PU= 0
# d0 value= 6.0
# delta value= 1.5
# only secondary structure= 0
# pruning flag= 0
# cut off pruning= 0
# Max Number of pu= 40
# END PARSE PDB
# END PARSE DSSP
#i/e    i/i+e R2        CI        N DOMAINS
76.64    1.30 68.568234 47.016028 2 1 21 22 126 
20.91    4.78 81.429273 66.307265 3 22 109 110 126 1 21 
7.60    13.15 89.109268 79.404616 4 22 49 50 109 110 126 1 21 
3.34    29.95 92.585775 85.721257 6 50 64 65 98 99 109 22 49 110 126 1 21 
2.83    35.36 93.830423 88.041483 7 65 83 84 98 50 64 99 109 22 49 110 126 1 21 
