# pdb file = /home/wagram/gelly/CORNICHON/PROJECTS/DR/DR_2/PDBs_Clean/3BUXB/3BUXB.pdb
# dssp file = /home/wagram/gelly/CORNICHON/PROJECTS/DR/DR_2/PDBs_Clean/3BUXB/3BUXB.dssp
# R2 value = 99
# S2D limit size = 8
# limit size of PU= 15
# max size of PU= 0
# d0 value= 6.0
# delta value= 1.5
# only secondary structure= 0
# pruning flag= 0
# cut off pruning= 0
# Max Number of pu= 40
# END PARSE PDB
# END PARSE DSSP
#i/e    i/i+e R2        CI        N DOMAINS
27.94    3.58 80.862612 65.387620 2 1 128 129 305 
16.74    5.97 90.003810 81.006859 3 129 218 219 305 1 128 
8.74    11.44 93.644744 87.693380 5 1 81 82 108 109 128 129 218 219 305 
6.18    16.18 95.243533 90.713305 7 1 16 17 48 49 81 82 108 109 128 129 218 219 305 
5.90    16.95 95.691668 91.568954 8 49 65 66 81 1 16 17 48 82 108 109 128 129 218 219 305 
4.51    22.19 97.013431 94.116058 10 129 151 152 191 192 218 49 65 66 81 1 16 17 48 82 108 109 128 219 305 
4.26    23.49 97.270561 94.615620 11 17 32 33 48 129 151 152 191 192 218 49 65 66 81 1 16 82 108 109 128 219 305 
3.49    28.62 97.702456 95.457699 12 219 272 273 305 17 32 33 48 129 151 152 191 192 218 49 65 66 81 1 16 82 108 109 128 
3.32    30.16 97.838539 95.723796 13 273 290 291 305 219 272 17 32 33 48 129 151 152 191 192 218 49 65 66 81 1 16 82 108 109 128 
3.06    32.69 98.002816 96.045519 14 152 169 170 191 273 290 291 305 219 272 17 32 33 48 129 151 192 218 49 65 66 81 1 16 82 108 109 128 
2.70    36.99 98.165244 96.364151 15 219 237 238 272 152 169 170 191 273 290 291 305 17 32 33 48 129 151 192 218 49 65 66 81 1 16 82 108 109 128 
2.38    41.98 98.238741 96.508503 16 238 255 256 272 219 237 152 169 170 191 273 290 291 305 17 32 33 48 129 151 192 218 49 65 66 81 1 16 82 108 109 128 
