# pdb file = /home/wagram/gelly/CORNICHON/PROJECTS/DR/DR_2/PDBs_Clean/3U0HA/3U0HA.pdb
# dssp file = /home/wagram/gelly/CORNICHON/PROJECTS/DR/DR_2/PDBs_Clean/3U0HA/3U0HA.dssp
# R2 value = 99
# S2D limit size = 8
# limit size of PU= 15
# max size of PU= 0
# d0 value= 6.0
# delta value= 1.5
# only secondary structure= 0
# pruning flag= 0
# cut off pruning= 0
# Max Number of pu= 40
# END PARSE PDB
# END PARSE DSSP
#i/e    i/i+e R2        CI        N DOMAINS
8.10    12.35 85.329832 72.811803 3 1 62 63 176 177 279 
6.42    15.58 89.641957 80.356805 4 63 96 97 176 1 62 177 279 
5.50    18.17 91.961959 84.570020 5 177 255 256 279 63 96 97 176 1 62 
4.73    21.15 93.355245 87.152018 6 1 33 34 62 177 255 256 279 63 96 97 176 
4.38    22.84 93.770973 87.929954 7 63 81 82 96 1 33 34 62 177 255 256 279 97 176 
3.02    33.14 95.065607 90.374696 9 97 111 112 133 134 176 63 81 82 96 1 33 34 62 177 255 256 279 
2.21    45.17 96.296320 92.729813 11 177 204 205 227 228 255 97 111 112 133 134 176 63 81 82 96 1 33 34 62 256 279 
2.01    49.72 96.606906 93.328944 12 134 156 157 176 177 204 205 227 228 255 97 111 112 133 63 81 82 96 1 33 34 62 256 279 
1.86    53.84 96.820872 93.742813 13 1 16 17 33 134 156 157 176 177 204 205 227 228 255 97 111 112 133 63 81 82 96 34 62 256 279 
