# pdb file = /home/wagram/gelly/CORNICHON/PROJECTS/DR/DR_2/PDBs_Clean/2ZADA/2ZADA.pdb
# dssp file = /home/wagram/gelly/CORNICHON/PROJECTS/DR/DR_2/PDBs_Clean/2ZADA/2ZADA.dssp
# R2 value = 99
# S2D limit size = 8
# limit size of PU= 15
# max size of PU= 0
# d0 value= 6.0
# delta value= 1.5
# only secondary structure= 0
# pruning flag= 0
# cut off pruning= 0
# Max Number of pu= 40
# END PARSE PDB
# END PARSE DSSP
#i/e    i/i+e R2        CI        N DOMAINS
7.55    13.25 85.800798 73.617770 3 1 130 131 262 263 344 
7.09    14.10 88.285822 77.943864 4 1 115 116 130 131 262 263 344 
5.72    17.48 91.642768 83.983970 5 131 186 187 262 1 115 116 130 263 344 
5.10    19.61 93.157933 86.784005 6 263 288 289 344 131 186 187 262 1 115 116 130 
4.76    20.99 93.753690 87.897544 7 289 329 330 344 263 288 131 186 187 262 1 115 116 130 
3.59    27.84 95.017673 90.283582 9 1 15 16 30 31 115 289 329 330 344 263 288 131 186 187 262 116 130 
2.90    34.48 96.140178 92.429339 11 31 49 50 75 76 115 1 15 16 30 289 329 330 344 263 288 131 186 187 262 116 130 
2.73    36.60 96.472610 93.069645 12 76 99 100 115 31 49 50 75 1 15 16 30 289 329 330 344 263 288 131 186 187 262 116 130 
2.44    40.97 97.033835 94.155651 13 187 238 239 262 76 99 100 115 31 49 50 75 1 15 16 30 289 329 330 344 263 288 131 186 116 130 
2.19    45.68 97.301142 94.675123 14 131 160 161 186 187 238 239 262 76 99 100 115 31 49 50 75 1 15 16 30 289 329 330 344 263 288 116 130 
1.97    50.70 97.523451 95.108234 15 187 218 219 238 131 160 161 186 239 262 76 99 100 115 31 49 50 75 1 15 16 30 289 329 330 344 263 288 116 130 
1.84    54.32 97.671352 95.396929 16 289 314 315 329 187 218 219 238 131 160 161 186 239 262 76 99 100 115 31 49 50 75 1 15 16 30 330 344 263 288 116 130 
1.72    58.20 97.733145 95.517676 17 187 202 203 218 289 314 315 329 219 238 131 160 161 186 239 262 76 99 100 115 31 49 50 75 1 15 16 30 330 344 263 288 116 130 
