# pdb file = /home/wagram/gelly/CORNICHON/PROJECTS/DR/DR_2/PDBs_Clean/1STMA/1STMA.pdb
# dssp file = /home/wagram/gelly/CORNICHON/PROJECTS/DR/DR_2/PDBs_Clean/1STMA/1STMA.dssp
# R2 value = 99
# S2D limit size = 8
# limit size of PU= 15
# max size of PU= 0
# d0 value= 6.0
# delta value= 1.5
# only secondary structure= 0
# pruning flag= 0
# cut off pruning= 0
# Max Number of pu= 40
# END PARSE PDB
# END PARSE DSSP
#i/e    i/i+e R2        CI        N DOMAINS
2.17    46.14 69.646995 48.507039 3 1 42 43 94 95 141 
2.07    48.23 75.338635 56.759099 4 95 123 124 141 1 42 43 94 
1.86    53.79 78.719152 61.967048 5 1 18 19 42 95 123 124 141 43 94 
1.45    68.88 81.159852 65.869216 6 43 79 80 94 1 18 19 42 95 123 124 141 
1.18    84.63 83.040676 68.957539 7 43 59 60 79 80 94 1 18 19 42 95 123 124 141 
