# pdb file = /home/wagram/gelly/CORNICHON/PROJECTS/DR/DR_2/PDBs_Clean/1J1BA/1J1BA.pdb
# dssp file = /home/wagram/gelly/CORNICHON/PROJECTS/DR/DR_2/PDBs_Clean/1J1BA/1J1BA.dssp
# R2 value = 99
# S2D limit size = 8
# limit size of PU= 15
# max size of PU= 0
# d0 value= 6.0
# delta value= 1.5
# only secondary structure= 0
# pruning flag= 0
# cut off pruning= 0
# Max Number of pu= 40
# END PARSE PDB
# END PARSE DSSP
#i/e    i/i+e R2        CI        N DOMAINS
37.99    2.63 78.103484 61.001542 2 1 100 101 354 
9.38    10.67 92.444462 85.459785 4 101 173 174 295 296 354 1 100 
8.30    12.04 93.326130 87.097666 5 296 323 324 354 101 173 174 295 1 100 
5.49    18.22 94.949776 90.154600 7 1 55 56 76 77 100 296 323 324 354 101 173 174 295 
5.13    19.49 95.456685 91.119788 8 1 21 22 55 56 76 77 100 296 323 324 354 101 173 174 295 
3.78    26.49 97.092155 94.268865 10 174 222 223 265 266 295 1 21 22 55 56 76 77 100 296 323 324 354 101 173 
3.53    28.32 97.400960 94.869469 11 174 201 202 222 223 265 266 295 1 21 22 55 56 76 77 100 296 323 324 354 101 173 
2.95    33.91 97.992730 96.025752 13 101 119 120 143 144 173 174 201 202 222 223 265 266 295 1 21 22 55 56 76 77 100 296 323 324 354 
2.79    35.84 98.140328 96.315241 14 223 238 239 265 101 119 120 143 144 173 174 201 202 222 266 295 1 21 22 55 56 76 77 100 296 323 324 354 
2.53    39.52 98.217744 96.467252 15 22 40 41 55 223 238 239 265 101 119 120 143 144 173 174 201 202 222 266 295 1 21 56 76 77 100 296 323 324 354 
