# pdb file = /home/wagram/gelly/CORNICHON/PROJECTS/DR/DR_2/PDBs_Clean/3EPWA/3EPWA.pdb
# dssp file = /home/wagram/gelly/CORNICHON/PROJECTS/DR/DR_2/PDBs_Clean/3EPWA/3EPWA.dssp
# R2 value = 99
# S2D limit size = 8
# limit size of PU= 15
# max size of PU= 0
# d0 value= 6.0
# delta value= 1.5
# only secondary structure= 0
# pruning flag= 0
# cut off pruning= 0
# Max Number of pu= 40
# END PARSE PDB
# END PARSE DSSP
#i/e    i/i+e R2        CI        N DOMAINS
7.58    13.19 76.729722 58.874503 3 1 215 216 257 258 326 
6.65    15.03 82.270561 67.684452 5 258 272 273 309 310 326 1 215 216 257 
4.71    21.23 90.812619 82.469318 6 1 120 121 215 258 272 273 309 310 326 216 257 
3.52    28.39 93.435713 87.302324 8 121 164 165 188 189 215 1 120 258 272 273 309 310 326 216 257 
3.31    30.21 93.931979 88.232166 9 216 242 243 257 121 164 165 188 189 215 1 120 258 272 273 309 310 326 
2.74    36.54 95.253584 90.732453 10 1 34 35 120 216 242 243 257 121 164 165 188 189 215 258 272 273 309 310 326 
2.21    45.31 96.058252 92.271878 12 35 50 51 65 66 120 1 34 216 242 243 257 121 164 165 188 189 215 258 272 273 309 310 326 
2.06    48.59 96.448756 93.023625 13 66 96 97 120 35 50 51 65 1 34 216 242 243 257 121 164 165 188 189 215 258 272 273 309 310 326 
1.87    53.35 96.685697 93.481240 14 121 136 137 164 66 96 97 120 35 50 51 65 1 34 216 242 243 257 165 188 189 215 258 272 273 309 310 326 
1.72    58.15 96.840333 93.780502 15 1 18 19 34 121 136 137 164 66 96 97 120 35 50 51 65 216 242 243 257 165 188 189 215 258 272 273 309 310 326 
1.59    63.05 96.943739 93.980885 16 273 294 295 309 1 18 19 34 121 136 137 164 66 96 97 120 35 50 51 65 216 242 243 257 165 188 189 215 258 272 310 326 
