# pdb file = /home/wagram/gelly/CORNICHON/PROJECTS/DR/DR_2/PDBs_Clean/3I47A/3I47A.pdb
# dssp file = /home/wagram/gelly/CORNICHON/PROJECTS/DR/DR_2/PDBs_Clean/3I47A/3I47A.dssp
# R2 value = 99
# S2D limit size = 8
# limit size of PU= 15
# max size of PU= 0
# d0 value= 6.0
# delta value= 1.5
# only secondary structure= 0
# pruning flag= 0
# cut off pruning= 0
# Max Number of pu= 40
# END PARSE PDB
# END PARSE DSSP
#i/e    i/i+e R2        CI        N DOMAINS
70.91    1.41 75.098608 56.398010 2 1 201 202 259 
39.60    2.53 79.407954 63.056232 3 202 220 221 259 1 201 
30.41    3.29 81.747728 66.826910 4 221 236 237 259 202 220 1 201 
7.46    13.41 92.383346 85.346827 6 1 64 65 85 86 201 221 236 237 259 202 220 
6.54    15.29 93.938976 88.245312 7 86 185 186 201 1 64 65 85 221 236 237 259 202 220 
3.89    25.68 96.110085 92.371484 9 86 132 133 165 166 185 186 201 1 64 65 85 221 236 237 259 202 220 
2.79    35.88 96.870965 93.839839 11 1 26 27 46 47 64 86 132 133 165 166 185 186 201 65 85 221 236 237 259 202 220 
2.49    40.18 97.285561 94.644803 12 86 104 105 132 1 26 27 46 47 64 133 165 166 185 186 201 65 85 221 236 237 259 202 220 
