# pdb file = /home/wagram/gelly/CORNICHON/PROJECTS/DR/DR_2/PDBs_Clean/4E8DA/4E8DA.pdb
# dssp file = /home/wagram/gelly/CORNICHON/PROJECTS/DR/DR_2/PDBs_Clean/4E8DA/4E8DA.dssp
# R2 value = 99
# S2D limit size = 8
# limit size of PU= 15
# max size of PU= 0
# d0 value= 6.0
# delta value= 1.5
# only secondary structure= 0
# pruning flag= 0
# cut off pruning= 0
# Max Number of pu= 40
# END PARSE PDB
# END PARSE DSSP
#i/e    i/i+e R2        CI        N DOMAINS
24.49    4.08 80.097361 64.155872 2 1 340 341 590 
12.00    8.33 88.477828 78.283261 4 341 363 364 487 488 590 1 340 
5.83    17.15 94.388484 89.091860 6 1 51 52 208 209 340 341 363 364 487 488 590 
5.77    17.33 94.795052 89.861019 7 1 17 18 51 52 208 209 340 341 363 364 487 488 590 
5.03    19.87 95.848953 91.870217 8 52 150 151 208 1 17 18 51 209 340 341 363 364 487 488 590 
3.89    25.69 96.432367 92.992013 10 364 449 450 464 465 487 52 150 151 208 1 17 18 51 209 340 341 363 488 590 
3.81    26.28 96.759125 93.623282 11 364 382 383 449 450 464 465 487 52 150 151 208 1 17 18 51 209 340 341 363 488 590 
3.61    27.69 97.200752 94.479862 12 209 232 233 340 364 382 383 449 450 464 465 487 52 150 151 208 1 17 18 51 341 363 488 590 
3.10    32.22 97.782091 95.613372 14 233 280 281 300 301 340 209 232 364 382 383 449 450 464 465 487 52 150 151 208 1 17 18 51 341 363 488 590 
2.84    35.18 98.169195 96.371908 16 52 109 110 135 136 150 233 280 281 300 301 340 209 232 364 382 383 449 450 464 465 487 151 208 1 17 18 51 341 363 488 590 
2.69    37.22 98.424832 96.874475 18 52 66 67 88 89 109 110 135 136 150 233 280 281 300 301 340 209 232 364 382 383 449 450 464 465 487 151 208 1 17 18 51 341 363 488 590 
2.61    38.33 98.539767 97.100857 19 488 503 504 590 52 66 67 88 89 109 110 135 136 150 233 280 281 300 301 340 209 232 364 382 383 449 450 464 465 487 151 208 1 17 18 51 341 363 
2.54    39.34 98.608180 97.235731 20 301 319 320 340 488 503 504 590 52 66 67 88 89 109 110 135 136 150 233 280 281 300 209 232 364 382 383 449 450 464 465 487 151 208 1 17 18 51 341 363 
2.32    43.06 98.750674 97.516957 22 151 165 166 180 181 208 301 319 320 340 488 503 504 590 52 66 67 88 89 109 110 135 136 150 233 280 281 300 209 232 364 382 383 449 450 464 465 487 1 17 18 51 341 363 
2.21    45.20 98.810457 97.635064 23 233 253 254 280 151 165 166 180 181 208 301 319 320 340 488 503 504 590 52 66 67 88 89 109 110 135 136 150 281 300 209 232 364 382 383 449 450 464 465 487 1 17 18 51 341 363 
1.89    53.01 98.888287 97.788932 25 383 406 407 426 427 449 233 253 254 280 151 165 166 180 181 208 301 319 320 340 488 503 504 590 52 66 67 88 89 109 110 135 136 150 281 300 209 232 364 382 450 464 465 487 1 17 18 51 341 363 
1.54    65.04 98.983628 97.977585 27 504 523 524 552 553 590 383 406 407 426 427 449 233 253 254 280 151 165 166 180 181 208 301 319 320 340 488 503 52 66 67 88 89 109 110 135 136 150 281 300 209 232 364 382 450 464 465 487 1 17 18 51 341 363 
1.53    65.41 99.030642 98.070680 28 553 574 575 590 504 523 524 552 383 406 407 426 427 449 233 253 254 280 151 165 166 180 181 208 301 319 320 340 488 503 52 66 67 88 89 109 110 135 136 150 281 300 209 232 364 382 450 464 465 487 1 17 18 51 341 363 
