# pdb file = /home/wagram/gelly/CORNICHON/PROJECTS/DR/DR_2/PDBs_Clean/2A4VA/2A4VA.pdb
# dssp file = /home/wagram/gelly/CORNICHON/PROJECTS/DR/DR_2/PDBs_Clean/2A4VA/2A4VA.dssp
# R2 value = 99
# S2D limit size = 8
# limit size of PU= 15
# max size of PU= 0
# d0 value= 6.0
# delta value= 1.5
# only secondary structure= 0
# pruning flag= 0
# cut off pruning= 0
# Max Number of pu= 40
# END PARSE PDB
# END PARSE DSSP
#i/e    i/i+e R2        CI        N DOMAINS
26.12    3.83 52.991179 28.080651 2 1 140 141 156 
3.28    30.52 81.304860 66.104802 4 1 40 41 97 98 140 141 156 
3.02    33.10 85.299918 72.760760 5 98 116 117 140 1 40 41 97 141 156 
2.76    36.30 87.370695 76.336383 6 1 25 26 40 98 116 117 140 41 97 141 156 
2.25    44.42 90.378368 81.682494 7 41 66 67 97 1 25 26 40 98 116 117 140 141 156 
1.84    54.33 90.904749 82.636733 8 67 82 83 97 41 66 1 25 26 40 98 116 117 140 141 156 
