# pdb file = /home/wagram/gelly/CORNICHON/PROJECTS/DR/DR_2/PDBs_Clean/3NX4A/3NX4A.pdb
# dssp file = /home/wagram/gelly/CORNICHON/PROJECTS/DR/DR_2/PDBs_Clean/3NX4A/3NX4A.dssp
# R2 value = 99
# S2D limit size = 8
# limit size of PU= 15
# max size of PU= 0
# d0 value= 6.0
# delta value= 1.5
# only secondary structure= 0
# pruning flag= 0
# cut off pruning= 0
# Max Number of pu= 40
# END PARSE PDB
# END PARSE DSSP
#i/e    i/i+e R2        CI        N DOMAINS
12.26    8.15 84.621913 71.608682 3 1 125 126 293 294 323 
9.56    10.46 88.602191 78.503483 4 126 264 265 293 1 125 294 323 
6.40    15.62 92.081373 84.789792 5 126 199 200 264 265 293 1 125 294 323 
5.71    17.50 93.135201 86.741658 6 126 142 143 199 200 264 265 293 1 125 294 323 
3.39    29.47 94.778907 89.830412 8 1 37 38 54 55 125 126 142 143 199 200 264 265 293 294 323 
3.34    29.90 95.260153 90.744968 9 1 19 20 37 38 54 55 125 126 142 143 199 200 264 265 293 294 323 
3.11    32.15 95.844296 91.861291 10 55 110 111 125 1 19 20 37 38 54 126 142 143 199 200 264 265 293 294 323 
2.73    36.60 96.214613 92.572518 11 143 176 177 199 55 110 111 125 1 19 20 37 38 54 126 142 200 264 265 293 294 323 
2.43    41.18 96.483830 93.091294 12 200 249 250 264 143 176 177 199 55 110 111 125 1 19 20 37 38 54 126 142 265 293 294 323 
2.18    45.88 96.664839 93.440912 13 55 95 96 110 200 249 250 264 143 176 177 199 111 125 1 19 20 37 38 54 126 142 265 293 294 323 
1.98    50.44 96.826813 93.754318 14 143 160 161 176 55 95 96 110 200 249 250 264 177 199 111 125 1 19 20 37 38 54 126 142 265 293 294 323 
1.76    56.90 96.952830 93.998513 15 200 215 216 249 143 160 161 176 55 95 96 110 250 264 177 199 111 125 1 19 20 37 38 54 126 142 265 293 294 323 
1.58    63.10 97.078004 94.241389 16 55 79 80 95 200 215 216 249 143 160 161 176 96 110 250 264 177 199 111 125 1 19 20 37 38 54 126 142 265 293 294 323 
