# pdb file = /home/wagram/gelly/CORNICHON/PROJECTS/DR/DR_2/PDBs_Clean/1UFOA/1UFOA.pdb
# dssp file = /home/wagram/gelly/CORNICHON/PROJECTS/DR/DR_2/PDBs_Clean/1UFOA/1UFOA.dssp
# R2 value = 99
# S2D limit size = 8
# limit size of PU= 15
# max size of PU= 0
# d0 value= 6.0
# delta value= 1.5
# only secondary structure= 0
# pruning flag= 0
# cut off pruning= 0
# Max Number of pu= 40
# END PARSE PDB
# END PARSE DSSP
#i/e    i/i+e R2        CI        N DOMAINS
11.46    8.72 74.573648 55.612290 2 1 104 105 237 
5.20    19.22 85.857750 73.715532 4 105 141 142 160 161 237 1 104 
4.75    21.06 88.949237 79.119668 5 161 217 218 237 105 141 142 160 1 104 
3.61    27.70 93.408848 87.252128 7 1 57 58 89 90 104 161 217 218 237 105 141 142 160 
3.30    30.30 94.002599 88.364887 8 58 73 74 89 1 57 90 104 161 217 218 237 105 141 142 160 
2.81    35.54 94.808508 89.886533 9 1 20 21 57 58 73 74 89 90 104 161 217 218 237 105 141 142 160 
2.10    47.68 95.605028 91.403214 11 161 179 180 196 197 217 1 20 21 57 58 73 74 89 90 104 218 237 105 141 142 160 
1.83    54.78 95.869091 91.908827 12 21 42 43 57 161 179 180 196 197 217 1 20 58 73 74 89 90 104 218 237 105 141 142 160 
1.57    63.66 96.167303 92.481502 13 105 126 127 141 21 42 43 57 161 179 180 196 197 217 1 20 58 73 74 89 90 104 218 237 142 160 
