# pdb file = /home/wagram/gelly/CORNICHON/PROJECTS/DR/DR_2/PDBs_Clean/4AXVA/4AXVA.pdb
# dssp file = /home/wagram/gelly/CORNICHON/PROJECTS/DR/DR_2/PDBs_Clean/4AXVA/4AXVA.dssp
# R2 value = 99
# S2D limit size = 8
# limit size of PU= 15
# max size of PU= 0
# d0 value= 6.0
# delta value= 1.5
# only secondary structure= 0
# pruning flag= 0
# cut off pruning= 0
# Max Number of pu= 40
# END PARSE PDB
# END PARSE DSSP
#i/e    i/i+e R2        CI        N DOMAINS
5.82    17.19 75.318759 56.729155 3 1 115 116 132 133 241 
5.52    18.10 83.037395 68.952090 4 133 156 157 241 1 115 116 132 
5.00    20.00 87.062004 75.797926 5 157 219 220 241 133 156 1 115 116 132 
4.60    21.76 90.175732 81.316627 6 1 100 101 115 157 219 220 241 133 156 116 132 
4.17    23.97 91.889996 84.437714 7 1 18 19 100 101 115 157 219 220 241 133 156 116 132 
3.53    28.31 93.386746 87.210842 8 19 38 39 100 1 18 101 115 157 219 220 241 133 156 116 132 
2.46    40.68 94.903830 90.067370 10 39 58 59 76 77 100 19 38 1 18 101 115 157 219 220 241 133 156 116 132 
1.76    56.95 95.983342 92.128020 12 157 173 174 189 190 219 39 58 59 76 77 100 19 38 1 18 101 115 220 241 133 156 116 132 
