# pdb file = /home/wagram/gelly/CORNICHON/PROJECTS/DR/DR_2/PDBs_Clean/2QTZA/2QTZA.pdb
# dssp file = /home/wagram/gelly/CORNICHON/PROJECTS/DR/DR_2/PDBs_Clean/2QTZA/2QTZA.dssp
# R2 value = 99
# S2D limit size = 8
# limit size of PU= 15
# max size of PU= 0
# d0 value= 6.0
# delta value= 1.5
# only secondary structure= 0
# pruning flag= 0
# cut off pruning= 0
# Max Number of pu= 40
# END PARSE PDB
# END PARSE DSSP
#i/e    i/i+e R2        CI        N DOMAINS
30.57    3.27 80.663521 65.066036 2 1 283 284 447 
22.42    4.46 84.324145 71.105615 3 1 23 24 283 284 447 
5.95    16.79 91.873845 84.408033 5 24 146 147 206 207 283 1 23 284 447 
5.14    19.47 94.599052 89.489806 7 24 41 42 86 87 146 147 206 207 283 1 23 284 447 
4.99    20.05 95.375337 90.964549 8 207 240 241 283 24 41 42 86 87 146 147 206 1 23 284 447 
4.92    20.32 95.847538 91.867505 9 207 223 224 240 241 283 24 41 42 86 87 146 147 206 1 23 284 447 
4.77    20.95 96.185823 92.517126 10 241 265 266 283 207 223 224 240 24 41 42 86 87 146 147 206 1 23 284 447 
4.62    21.62 96.440249 93.007216 11 42 69 70 86 241 265 266 283 207 223 224 240 24 41 87 146 147 206 1 23 284 447 
3.80    26.34 97.409206 94.885534 12 284 380 381 447 42 69 70 86 241 265 266 283 207 223 224 240 24 41 87 146 147 206 1 23 
3.38    29.55 97.786281 95.621568 14 87 108 109 133 134 146 284 380 381 447 42 69 70 86 241 265 266 283 207 223 224 240 24 41 147 206 1 23 
2.84    35.27 98.265106 96.560311 16 284 304 305 324 325 380 87 108 109 133 134 146 381 447 42 69 70 86 241 265 266 283 207 223 224 240 24 41 147 206 1 23 
2.50    39.96 98.483600 96.990194 18 325 342 343 357 358 380 284 304 305 324 87 108 109 133 134 146 381 447 42 69 70 86 241 265 266 283 207 223 224 240 24 41 147 206 1 23 
2.19    45.61 98.697391 97.411750 20 381 406 407 433 434 447 325 342 343 357 358 380 284 304 305 324 87 108 109 133 134 146 42 69 70 86 241 265 266 283 207 223 224 240 24 41 147 206 1 23 
1.93    51.70 98.866385 97.745621 22 147 168 169 191 192 206 381 406 407 433 434 447 325 342 343 357 358 380 284 304 305 324 87 108 109 133 134 146 42 69 70 86 241 265 266 283 207 223 224 240 24 41 1 23 
