# pdb file = /home/wagram/gelly/CORNICHON/PROJECTS/DR/DR_2/PDBs_Clean/3SQ6A/3SQ6A.pdb
# dssp file = /home/wagram/gelly/CORNICHON/PROJECTS/DR/DR_2/PDBs_Clean/3SQ6A/3SQ6A.dssp
# R2 value = 99
# S2D limit size = 8
# limit size of PU= 15
# max size of PU= 0
# d0 value= 6.0
# delta value= 1.5
# only secondary structure= 0
# pruning flag= 0
# cut off pruning= 0
# Max Number of pu= 40
# END PARSE PDB
# END PARSE DSSP
#i/e    i/i+e R2        CI        N DOMAINS
8.74    11.44 70.194663 49.272907 2 1 125 126 204 
6.12    16.33 78.788203 62.075809 3 1 27 28 125 126 204 
3.46    28.90 86.411047 74.668691 5 28 56 57 115 116 125 1 27 126 204 
2.25    44.41 90.373514 81.673720 7 126 156 157 171 172 204 28 56 57 115 116 125 1 27 
1.78    56.32 92.431193 85.435255 9 57 73 74 107 108 115 126 156 157 171 172 204 28 56 116 125 1 27 
1.63    61.47 93.176885 86.819319 10 74 89 90 107 57 73 108 115 126 156 157 171 172 204 28 56 116 125 1 27 
1.40    71.49 93.468708 87.363994 11 172 189 190 204 74 89 90 107 57 73 108 115 126 156 157 171 28 56 116 125 1 27 
