# pdb file = /home/wagram/gelly/CORNICHON/PROJECTS/DR/DR_2/PDBs_Clean/2W72B/2W72B.pdb
# dssp file = /home/wagram/gelly/CORNICHON/PROJECTS/DR/DR_2/PDBs_Clean/2W72B/2W72B.dssp
# R2 value = 99
# S2D limit size = 8
# limit size of PU= 15
# max size of PU= 0
# d0 value= 6.0
# delta value= 1.5
# only secondary structure= 0
# pruning flag= 0
# cut off pruning= 0
# Max Number of pu= 40
# END PARSE PDB
# END PARSE DSSP
#i/e    i/i+e R2        CI        N DOMAINS
10.30    9.71 83.753618 70.146686 3 1 18 19 69 70 146 
5.00    20.01 90.888931 82.607977 5 70 100 101 135 136 146 1 18 19 69 
4.60    21.72 92.386623 85.352882 6 70 85 86 100 101 135 136 146 1 18 19 69 
3.88    25.79 93.712655 87.820617 7 101 119 120 135 70 85 86 100 136 146 1 18 19 69 
2.75    36.41 94.791258 89.853826 8 19 43 44 69 101 119 120 135 70 85 86 100 136 146 1 18 
