# pdb file = /home/wagram/gelly/CORNICHON/PROJECTS/DR/DR_2/PDBs_Clean/4EC3A/4EC3A.pdb
# dssp file = /home/wagram/gelly/CORNICHON/PROJECTS/DR/DR_2/PDBs_Clean/4EC3A/4EC3A.dssp
# R2 value = 99
# S2D limit size = 8
# limit size of PU= 15
# max size of PU= 0
# d0 value= 6.0
# delta value= 1.5
# only secondary structure= 0
# pruning flag= 0
# cut off pruning= 0
# Max Number of pu= 40
# END PARSE PDB
# END PARSE DSSP
#i/e    i/i+e R2        CI        N DOMAINS
11.35    8.81 85.493892 73.092055 3 1 221 222 434 435 500 
8.53    11.72 90.771312 82.394312 4 1 104 105 221 222 434 435 500 
6.04    16.56 94.586791 89.466610 6 222 306 307 333 334 434 1 104 105 221 435 500 
4.56    21.93 95.642204 91.474311 8 334 371 372 392 393 434 222 306 307 333 1 104 105 221 435 500 
4.42    22.63 95.870227 91.911004 9 393 418 419 434 334 371 372 392 222 306 307 333 1 104 105 221 435 500 
4.30    23.23 96.119076 92.388768 10 334 349 350 371 393 418 419 434 372 392 222 306 307 333 1 104 105 221 435 500 
3.57    28.05 96.831043 93.762509 12 1 22 23 48 49 104 334 349 350 371 393 418 419 434 372 392 222 306 307 333 105 221 435 500 
3.33    30.00 97.104553 94.292942 13 435 474 475 500 1 22 23 48 49 104 334 349 350 371 393 418 419 434 372 392 222 306 307 333 105 221 
2.62    38.22 97.628111 95.312481 15 105 177 178 199 200 221 435 474 475 500 1 22 23 48 49 104 334 349 350 371 393 418 419 434 372 392 222 306 307 333 
2.46    40.72 97.881627 95.808129 16 105 140 141 177 178 199 200 221 435 474 475 500 1 22 23 48 49 104 334 349 350 371 393 418 419 434 372 392 222 306 307 333 
2.38    41.97 98.002226 96.044363 17 105 123 124 140 141 177 178 199 200 221 435 474 475 500 1 22 23 48 49 104 334 349 350 371 393 418 419 434 372 392 222 306 307 333 
2.03    49.20 98.220810 96.473275 19 222 236 237 253 254 306 105 123 124 140 141 177 178 199 200 221 435 474 475 500 1 22 23 48 49 104 334 349 350 371 393 418 419 434 372 392 307 333 
1.99    50.17 98.387391 96.800787 20 254 279 280 306 222 236 237 253 105 123 124 140 141 177 178 199 200 221 435 474 475 500 1 22 23 48 49 104 334 349 350 371 393 418 419 434 372 392 307 333 
1.92    52.07 98.460781 96.945255 21 435 458 459 474 254 279 280 306 222 236 237 253 105 123 124 140 141 177 178 199 200 221 475 500 1 22 23 48 49 104 334 349 350 371 393 418 419 434 372 392 307 333 
1.79    55.71 98.576678 97.173614 22 49 74 75 104 435 458 459 474 254 279 280 306 222 236 237 253 105 123 124 140 141 177 178 199 200 221 475 500 1 22 23 48 334 349 350 371 393 418 419 434 372 392 307 333 
1.71    58.45 98.653124 97.324389 23 141 162 163 177 49 74 75 104 435 458 459 474 254 279 280 306 222 236 237 253 105 123 124 140 178 199 200 221 475 500 1 22 23 48 334 349 350 371 393 418 419 434 372 392 307 333 
