# pdb file = /home/wagram/gelly/CORNICHON/PROJECTS/DR/DR_2/PDBs_Clean/3FQIA/3FQIA.pdb
# dssp file = /home/wagram/gelly/CORNICHON/PROJECTS/DR/DR_2/PDBs_Clean/3FQIA/3FQIA.dssp
# R2 value = 99
# S2D limit size = 8
# limit size of PU= 15
# max size of PU= 0
# d0 value= 6.0
# delta value= 1.5
# only secondary structure= 0
# pruning flag= 0
# cut off pruning= 0
# Max Number of pu= 40
# END PARSE PDB
# END PARSE DSSP
#i/e    i/i+e R2        CI        N DOMAINS
6.70    14.92 80.858710 65.381310 3 1 201 202 285 286 348 
6.42    15.58 83.790819 70.209014 4 286 306 307 348 1 201 202 285 
3.20    31.27 91.477734 83.681758 6 1 63 64 140 141 201 286 306 307 348 202 285 
3.17    31.53 92.500952 85.564260 7 1 47 48 63 64 140 141 201 286 306 307 348 202 285 
3.14    31.81 93.566894 87.547636 8 1 18 19 47 48 63 64 140 141 201 286 306 307 348 202 285 
3.08    32.51 94.749798 89.775242 9 141 177 178 201 1 18 19 47 48 63 64 140 286 306 307 348 202 285 
2.97    33.64 95.618505 91.428985 10 64 84 85 140 141 177 178 201 1 18 19 47 48 63 286 306 307 348 202 285 
2.83    35.29 96.019545 92.197531 11 307 330 331 348 64 84 85 140 141 177 178 201 1 18 19 47 48 63 286 306 202 285 
2.70    37.00 96.330488 92.795629 12 141 156 157 177 307 330 331 348 64 84 85 140 178 201 1 18 19 47 48 63 286 306 202 285 
2.22    44.97 97.099424 94.282982 14 202 222 223 239 240 285 141 156 157 177 307 330 331 348 64 84 85 140 178 201 1 18 19 47 48 63 286 306 
2.13    46.85 97.388768 94.845721 15 240 270 271 285 202 222 223 239 141 156 157 177 307 330 331 348 64 84 85 140 178 201 1 18 19 47 48 63 286 306 
1.98    50.51 97.717780 95.487645 16 85 110 111 140 240 270 271 285 202 222 223 239 141 156 157 177 307 330 331 348 64 84 178 201 1 18 19 47 48 63 286 306 
