# pdb file = /home/wagram/gelly/CORNICHON/PROJECTS/DR/DR_2/PDBs_Clean/2AQJA/2AQJA.pdb
# dssp file = /home/wagram/gelly/CORNICHON/PROJECTS/DR/DR_2/PDBs_Clean/2AQJA/2AQJA.dssp
# R2 value = 99
# S2D limit size = 8
# limit size of PU= 15
# max size of PU= 0
# d0 value= 6.0
# delta value= 1.5
# only secondary structure= 0
# pruning flag= 0
# cut off pruning= 0
# Max Number of pu= 40
# END PARSE PDB
# END PARSE DSSP
#i/e    i/i+e R2        CI        N DOMAINS
7.16    13.97 74.970034 56.205060 3 1 184 185 209 210 517 
6.63    15.07 84.116508 70.755869 5 210 473 474 505 506 517 1 184 185 209 
4.79    20.89 90.142083 81.255952 7 1 78 79 156 157 184 210 473 474 505 506 517 185 209 
3.66    27.30 94.861319 89.986699 9 210 240 241 318 319 473 1 78 79 156 157 184 474 505 506 517 185 209 
3.59    27.87 95.580572 91.356457 10 1 48 49 78 210 240 241 318 319 473 79 156 157 184 474 505 506 517 185 209 
3.41    29.32 96.897834 93.891902 11 319 388 389 473 1 48 49 78 210 240 241 318 79 156 157 184 474 505 506 517 185 209 
3.12    32.08 97.451082 94.967133 13 389 434 435 453 454 473 319 388 1 48 49 78 210 240 241 318 79 156 157 184 474 505 506 517 185 209 
2.97    33.71 97.998568 96.037194 15 79 103 104 134 135 156 389 434 435 453 454 473 319 388 1 48 49 78 210 240 241 318 157 184 474 505 506 517 185 209 
2.92    34.30 98.172321 96.378046 16 389 414 415 434 79 103 104 134 135 156 435 453 454 473 319 388 1 48 49 78 210 240 241 318 157 184 474 505 506 517 185 209 
2.86    34.94 98.269421 96.568790 17 474 489 490 505 389 414 415 434 79 103 104 134 135 156 435 453 454 473 319 388 1 48 49 78 210 240 241 318 157 184 506 517 185 209 
2.66    37.56 98.443665 96.911552 18 319 356 357 388 474 489 490 505 389 414 415 434 79 103 104 134 135 156 435 453 454 473 1 48 49 78 210 240 241 318 157 184 506 517 185 209 
2.59    38.59 98.552938 97.126816 19 319 341 342 356 357 388 474 489 490 505 389 414 415 434 79 103 104 134 135 156 435 453 454 473 1 48 49 78 210 240 241 318 157 184 506 517 185 209 
2.52    39.67 98.618193 97.255480 20 357 373 374 388 319 341 342 356 474 489 490 505 389 414 415 434 79 103 104 134 135 156 435 453 454 473 1 48 49 78 210 240 241 318 157 184 506 517 185 209 
2.33    42.88 98.739004 97.493909 21 241 292 293 318 357 373 374 388 319 341 342 356 474 489 490 505 389 414 415 434 79 103 104 134 135 156 435 453 454 473 1 48 49 78 210 240 157 184 506 517 185 209 
2.27    44.11 98.799233 97.612884 22 210 225 226 240 241 292 293 318 357 373 374 388 319 341 342 356 474 489 490 505 389 414 415 434 79 103 104 134 135 156 435 453 454 473 1 48 49 78 157 184 506 517 185 209 
2.19    45.58 98.841736 97.696889 23 104 119 120 134 210 225 226 240 241 292 293 318 357 373 374 388 319 341 342 356 474 489 490 505 389 414 415 434 79 103 135 156 435 453 454 473 1 48 49 78 157 184 506 517 185 209 
2.06    48.47 98.889417 97.791167 24 1 30 31 48 104 119 120 134 210 225 226 240 241 292 293 318 357 373 374 388 319 341 342 356 474 489 490 505 389 414 415 434 79 103 135 156 435 453 454 473 49 78 157 184 506 517 185 209 
1.91    52.48 98.934004 97.879371 25 241 258 259 292 1 30 31 48 104 119 120 134 210 225 226 240 293 318 357 373 374 388 319 341 342 356 474 489 490 505 389 414 415 434 79 103 135 156 435 453 454 473 49 78 157 184 506 517 185 209 
1.81    55.22 98.977705 97.965860 26 259 276 277 292 241 258 1 30 31 48 104 119 120 134 210 225 226 240 293 318 357 373 374 388 319 341 342 356 474 489 490 505 389 414 415 434 79 103 135 156 435 453 454 473 49 78 157 184 506 517 185 209 
