# pdb file = /home/wagram/gelly/CORNICHON/PROJECTS/DR/DR_2/PDBs_Clean/2ZBVA/2ZBVA.pdb
# dssp file = /home/wagram/gelly/CORNICHON/PROJECTS/DR/DR_2/PDBs_Clean/2ZBVA/2ZBVA.dssp
# R2 value = 99
# S2D limit size = 8
# limit size of PU= 15
# max size of PU= 0
# d0 value= 6.0
# delta value= 1.5
# only secondary structure= 0
# pruning flag= 0
# cut off pruning= 0
# Max Number of pu= 40
# END PARSE PDB
# END PARSE DSSP
#i/e    i/i+e R2        CI        N DOMAINS
86.77    1.15 83.862477 70.329151 2 1 159 160 262 
15.21    6.57 88.741711 78.750913 3 1 39 40 159 160 262 
7.55    13.25 92.486078 85.536746 5 40 109 110 148 149 159 1 39 160 262 
6.08    16.44 93.620901 87.648731 6 40 56 57 109 110 148 149 159 1 39 160 262 
3.32    30.09 95.206743 90.643239 8 160 196 197 244 245 262 40 56 57 109 110 148 149 159 1 39 
3.04    32.87 95.732622 91.647349 9 197 215 216 244 160 196 245 262 40 56 57 109 110 148 149 159 1 39 
2.71    36.91 95.973768 92.109642 10 110 129 130 148 197 215 216 244 160 196 245 262 40 56 57 109 149 159 1 39 
2.39    41.84 96.403445 92.936243 11 57 74 75 109 110 129 130 148 197 215 216 244 160 196 245 262 40 56 149 159 1 39 
2.17    46.11 96.634627 93.382511 12 160 175 176 196 57 74 75 109 110 129 130 148 197 215 216 244 245 262 40 56 149 159 1 39 
1.93    51.92 96.858237 93.815180 13 75 92 93 109 160 175 176 196 57 74 110 129 130 148 197 215 216 244 245 262 40 56 149 159 1 39 
1.69    59.08 96.991551 94.073611 14 1 17 18 39 75 92 93 109 160 175 176 196 57 74 110 129 130 148 197 215 216 244 245 262 40 56 149 159 
