# pdb file = /home/wagram/gelly/CORNICHON/PROJECTS/DR/DR_2/PDBs_Clean/2F4MA/2F4MA.pdb
# dssp file = /home/wagram/gelly/CORNICHON/PROJECTS/DR/DR_2/PDBs_Clean/2F4MA/2F4MA.dssp
# R2 value = 99
# S2D limit size = 8
# limit size of PU= 15
# max size of PU= 0
# d0 value= 6.0
# delta value= 1.5
# only secondary structure= 0
# pruning flag= 0
# cut off pruning= 0
# Max Number of pu= 40
# END PARSE PDB
# END PARSE DSSP
#i/e    i/i+e R2        CI        N DOMAINS
11.71    8.54 85.906387 73.799073 3 1 79 80 130 131 295 
11.03    9.06 89.347322 79.829439 4 1 31 32 79 80 130 131 295 
6.88    14.54 94.307073 88.938239 6 131 238 239 272 273 295 1 31 32 79 80 130 
6.57    15.22 94.876832 90.016133 7 239 257 258 272 131 238 273 295 1 31 32 79 80 130 
6.28    15.91 95.324068 90.866779 8 1 16 17 31 239 257 258 272 131 238 273 295 32 79 80 130 
5.05    19.80 96.805646 93.713331 9 131 194 195 238 1 16 17 31 239 257 258 272 273 295 32 79 80 130 
4.66    21.46 97.163075 94.406631 10 32 64 65 79 131 194 195 238 1 16 17 31 239 257 258 272 273 295 80 130 
4.02    24.88 97.694360 95.441879 11 131 159 160 194 32 64 65 79 195 238 1 16 17 31 239 257 258 272 273 295 80 130 
3.65    27.37 97.869572 95.784531 12 160 176 177 194 131 159 32 64 65 79 195 238 1 16 17 31 239 257 258 272 273 295 80 130 
3.34    29.91 97.994614 96.029445 13 32 47 48 64 160 176 177 194 131 159 65 79 195 238 1 16 17 31 239 257 258 272 273 295 80 130 
2.94    34.04 98.137720 96.310120 14 80 96 97 130 32 47 48 64 160 176 177 194 131 159 65 79 195 238 1 16 17 31 239 257 258 272 273 295 
2.63    37.97 98.271543 96.572962 15 195 220 221 238 80 96 97 130 32 47 48 64 160 176 177 194 131 159 65 79 1 16 17 31 239 257 258 272 273 295 
