# pdb file = /home/wagram/gelly/CORNICHON/PROJECTS/DR/DR_2/PDBs_Clean/1TOAA/1TOAA.pdb
# dssp file = /home/wagram/gelly/CORNICHON/PROJECTS/DR/DR_2/PDBs_Clean/1TOAA/1TOAA.dssp
# R2 value = 99
# S2D limit size = 8
# limit size of PU= 15
# max size of PU= 0
# d0 value= 6.0
# delta value= 1.5
# only secondary structure= 0
# pruning flag= 0
# cut off pruning= 0
# Max Number of pu= 40
# END PARSE PDB
# END PARSE DSSP
#i/e    i/i+e R2        CI        N DOMAINS
16.75    5.97 78.322443 61.344050 2 1 147 148 277 
9.11    10.98 85.884636 73.761707 3 1 84 85 147 148 277 
8.39    11.92 87.848142 77.172960 4 85 101 102 147 1 84 148 277 
6.36    15.71 90.834337 82.508768 5 148 249 250 277 85 101 102 147 1 84 
5.12    19.55 93.308686 87.065109 6 148 194 195 249 250 277 85 101 102 147 1 84 
4.22    23.72 94.687779 89.657754 7 1 34 35 84 148 194 195 249 250 277 85 101 102 147 
3.87    25.87 95.298978 90.818952 8 102 117 118 147 1 34 35 84 148 194 195 249 250 277 85 101 
3.48    28.75 95.842715 91.858260 9 195 211 212 249 102 117 118 147 1 34 35 84 148 194 250 277 85 101 
3.17    31.59 96.284254 92.706576 10 35 52 53 84 195 211 212 249 102 117 118 147 1 34 148 194 250 277 85 101 
2.83    35.31 96.685767 93.481376 11 148 167 168 194 35 52 53 84 195 211 212 249 102 117 118 147 1 34 250 277 85 101 
2.47    40.46 96.821919 93.744840 12 212 228 229 249 148 167 168 194 35 52 53 84 195 211 102 117 118 147 1 34 250 277 85 101 
2.18    45.87 96.939399 93.972470 13 1 19 20 34 212 228 229 249 148 167 168 194 35 52 53 84 195 211 102 117 118 147 250 277 85 101 
