# pdb file = /home/wagram/gelly/CORNICHON/PROJECTS/DR/DR_2/PDBs_Clean/1PKOA/1PKOA.pdb
# dssp file = /home/wagram/gelly/CORNICHON/PROJECTS/DR/DR_2/PDBs_Clean/1PKOA/1PKOA.dssp
# R2 value = 99
# S2D limit size = 8
# limit size of PU= 15
# max size of PU= 0
# d0 value= 6.0
# delta value= 1.5
# only secondary structure= 0
# pruning flag= 0
# cut off pruning= 0
# Max Number of pu= 40
# END PARSE PDB
# END PARSE DSSP
#i/e    i/i+e R2        CI        N DOMAINS
2.71    36.90 71.384810 50.957911 3 1 33 34 65 66 124 
2.55    39.20 80.988782 65.591827 4 66 85 86 124 1 33 34 65 
2.25    44.39 84.159257 70.827805 5 86 109 110 124 66 85 1 33 34 65 
1.82    54.82 85.990919 73.944381 6 34 50 51 65 86 109 110 124 66 85 1 33 
1.54    65.02 88.169962 77.739422 7 1 18 19 33 34 50 51 65 86 109 110 124 66 85 
