# pdb file = /home/wagram/gelly/CORNICHON/PROJECTS/DR/DR_2/PDBs_Clean/2C31A/2C31A.pdb
# dssp file = /home/wagram/gelly/CORNICHON/PROJECTS/DR/DR_2/PDBs_Clean/2C31A/2C31A.dssp
# R2 value = 99
# S2D limit size = 8
# limit size of PU= 15
# max size of PU= 0
# d0 value= 6.0
# delta value= 1.5
# only secondary structure= 0
# pruning flag= 0
# cut off pruning= 0
# Max Number of pu= 40
# END PARSE PDB
# END PARSE DSSP
#i/e    i/i+e R2        CI        N DOMAINS
41.94    2.38 81.242444 66.003347 2 1 188 189 546 
23.89    4.19 91.399891 83.539401 3 189 355 356 546 1 188 
9.91    10.09 93.685496 87.769721 5 1 101 102 117 118 188 189 355 356 546 
9.29    10.76 94.391206 89.096998 6 1 19 20 101 102 117 118 188 189 355 356 546 
8.36    11.96 94.984389 90.220341 7 189 337 338 355 1 19 20 101 102 117 118 188 356 546 
5.43    18.41 96.355428 92.843685 9 356 473 474 497 498 546 189 337 338 355 1 19 20 101 102 117 118 188 
5.14    19.47 96.825904 93.752557 10 356 377 378 473 474 497 498 546 189 337 338 355 1 19 20 101 102 117 118 188 
3.91    25.55 97.504289 95.070864 12 189 207 208 293 294 337 356 377 378 473 474 497 498 546 338 355 1 19 20 101 102 117 118 188 
3.83    26.13 97.633202 95.322421 13 294 318 319 337 189 207 208 293 356 377 378 473 474 497 498 546 338 355 1 19 20 101 102 117 118 188 
3.68    27.18 97.845355 95.737135 14 208 275 276 293 294 318 319 337 189 207 356 377 378 473 474 497 498 546 338 355 1 19 20 101 102 117 118 188 
3.52    28.41 97.987198 96.014910 15 118 171 172 188 208 275 276 293 294 318 319 337 189 207 356 377 378 473 474 497 498 546 338 355 1 19 20 101 102 117 
3.23    30.93 98.191090 96.414902 16 20 48 49 101 118 171 172 188 208 275 276 293 294 318 319 337 189 207 356 377 378 473 474 497 498 546 338 355 1 19 102 117 
2.92    34.26 98.437817 96.900038 17 378 421 422 473 20 48 49 101 118 171 172 188 208 275 276 293 294 318 319 337 189 207 356 377 474 497 498 546 338 355 1 19 102 117 
2.67    37.48 98.572318 97.165018 19 118 132 133 155 156 171 378 421 422 473 20 48 49 101 172 188 208 275 276 293 294 318 319 337 189 207 356 377 474 497 498 546 338 355 1 19 102 117 
2.33    42.84 98.727888 97.471958 21 208 222 223 258 259 275 118 132 133 155 156 171 378 421 422 473 20 48 49 101 172 188 276 293 294 318 319 337 189 207 356 377 474 497 498 546 338 355 1 19 102 117 
2.26    44.16 98.791278 97.597165 22 223 239 240 258 208 222 259 275 118 132 133 155 156 171 378 421 422 473 20 48 49 101 172 188 276 293 294 318 319 337 189 207 356 377 474 497 498 546 338 355 1 19 102 117 
2.14    46.68 98.867840 97.748497 23 422 438 439 473 223 239 240 258 208 222 259 275 118 132 133 155 156 171 378 421 20 48 49 101 172 188 276 293 294 318 319 337 189 207 356 377 474 497 498 546 338 355 1 19 102 117 
2.03    49.17 98.912327 97.836485 24 498 513 514 546 422 438 439 473 223 239 240 258 208 222 259 275 118 132 133 155 156 171 378 421 20 48 49 101 172 188 276 293 294 318 319 337 189 207 356 377 474 497 338 355 1 19 102 117 
2.00    50.07 98.956115 97.923127 25 514 531 532 546 498 513 422 438 439 473 223 239 240 258 208 222 259 275 118 132 133 155 156 171 378 421 20 48 49 101 172 188 276 293 294 318 319 337 189 207 356 377 474 497 338 355 1 19 102 117 
1.92    52.20 99.011191 98.032160 26 378 406 407 421 514 531 532 546 498 513 422 438 439 473 223 239 240 258 208 222 259 275 118 132 133 155 156 171 20 48 49 101 172 188 276 293 294 318 319 337 189 207 356 377 474 497 338 355 1 19 102 117 
