# pdb file = /home/wagram/gelly/CORNICHON/PROJECTS/DR/DR_2/PDBs_Clean/1G60A/1G60A.pdb
# dssp file = /home/wagram/gelly/CORNICHON/PROJECTS/DR/DR_2/PDBs_Clean/1G60A/1G60A.dssp
# R2 value = 99
# S2D limit size = 8
# limit size of PU= 15
# max size of PU= 0
# d0 value= 6.0
# delta value= 1.5
# only secondary structure= 0
# pruning flag= 0
# cut off pruning= 0
# Max Number of pu= 40
# END PARSE PDB
# END PARSE DSSP
#i/e    i/i+e R2        CI        N DOMAINS
7.78    12.85 82.068147 67.351807 3 1 135 136 169 170 238 
6.97    14.35 87.188266 76.017937 4 1 19 20 135 136 169 170 238 
4.61    21.69 92.688701 85.911953 6 20 70 71 122 123 135 1 19 136 169 170 238 
4.07    24.56 94.483556 89.271424 7 170 192 193 238 20 70 71 122 123 135 1 19 136 169 
3.66    27.29 95.205978 90.641783 8 193 223 224 238 170 192 20 70 71 122 123 135 1 19 136 169 
3.13    31.99 95.773654 91.725929 9 71 90 91 122 193 223 224 238 170 192 20 70 123 135 1 19 136 169 
2.81    35.62 95.976922 92.115696 10 136 151 152 169 71 90 91 122 193 223 224 238 170 192 20 70 123 135 1 19 
2.38    41.98 96.403997 92.937307 11 20 42 43 70 136 151 152 169 71 90 91 122 193 223 224 238 170 192 123 135 1 19 
2.08    47.96 96.518769 93.158728 12 91 106 107 122 20 42 43 70 136 151 152 169 71 90 193 223 224 238 170 192 123 135 1 19 
