# pdb file = /home/wagram/gelly/CORNICHON/PROJECTS/DR/DR_2/PDBs_Clean/1RD5A/1RD5A.pdb
# dssp file = /home/wagram/gelly/CORNICHON/PROJECTS/DR/DR_2/PDBs_Clean/1RD5A/1RD5A.dssp
# R2 value = 99
# S2D limit size = 8
# limit size of PU= 15
# max size of PU= 0
# d0 value= 6.0
# delta value= 1.5
# only secondary structure= 0
# pruning flag= 0
# cut off pruning= 0
# Max Number of pu= 40
# END PARSE PDB
# END PARSE DSSP
#i/e    i/i+e R2        CI        N DOMAINS
8.84    11.32 82.554130 68.151844 3 1 145 146 227 228 261 
6.07    16.47 88.703583 78.683257 4 1 98 99 145 146 227 228 261 
5.45    18.36 90.777278 82.405141 5 1 16 17 98 99 145 146 227 228 261 
3.90    25.65 93.601113 87.611683 7 17 52 53 76 77 98 1 16 99 145 146 227 228 261 
3.29    30.41 94.930287 90.117595 8 146 175 176 227 17 52 53 76 77 98 1 16 99 145 228 261 
3.01    33.24 95.648892 91.487106 9 176 201 202 227 146 175 17 52 53 76 77 98 1 16 99 145 228 261 
2.79    35.89 95.962768 92.088528 10 228 246 247 261 176 201 202 227 146 175 17 52 53 76 77 98 1 16 99 145 
2.53    39.59 96.401210 92.931934 11 99 126 127 145 228 246 247 261 176 201 202 227 146 175 17 52 53 76 77 98 1 16 
2.24    44.67 96.638566 93.390125 12 17 36 37 52 99 126 127 145 228 246 247 261 176 201 202 227 146 175 53 76 77 98 1 16 
