# pdb file = /home/wagram/gelly/CORNICHON/PROJECTS/DR/DR_2/PDBs_Clean/2X32A/2X32A.pdb
# dssp file = /home/wagram/gelly/CORNICHON/PROJECTS/DR/DR_2/PDBs_Clean/2X32A/2X32A.dssp
# R2 value = 99
# S2D limit size = 8
# limit size of PU= 15
# max size of PU= 0
# d0 value= 6.0
# delta value= 1.5
# only secondary structure= 0
# pruning flag= 0
# cut off pruning= 0
# Max Number of pu= 40
# END PARSE PDB
# END PARSE DSSP
#i/e    i/i+e R2        CI        N DOMAINS
6.90    14.49 65.758819 43.242222 3 1 132 133 165 166 174 
4.83    20.69 82.991460 68.875824 4 1 81 82 132 133 165 166 174 
3.44    29.04 87.806115 77.099138 5 1 46 47 81 82 132 133 165 166 174 
3.00    33.33 89.337090 79.811156 6 47 66 67 81 1 46 82 132 133 165 166 174 
2.49    40.23 90.702165 82.268827 7 82 97 98 132 47 66 67 81 1 46 133 165 166 174 
2.39    41.91 92.713282 85.957526 8 98 114 115 132 82 97 47 66 67 81 1 46 133 165 166 174 
2.02    49.44 93.940220 88.247650 9 1 30 31 46 98 114 115 132 82 97 47 66 67 81 133 165 166 174 
1.75    57.13 94.491932 89.287252 10 133 148 149 165 1 30 31 46 98 114 115 132 82 97 47 66 67 81 166 174 
