# pdb file = /home/wagram/gelly/CORNICHON/PROJECTS/DR/DR_2/PDBs_Clean/2HAFA/2HAFA.pdb
# dssp file = /home/wagram/gelly/CORNICHON/PROJECTS/DR/DR_2/PDBs_Clean/2HAFA/2HAFA.dssp
# R2 value = 99
# S2D limit size = 8
# limit size of PU= 15
# max size of PU= 0
# d0 value= 6.0
# delta value= 1.5
# only secondary structure= 0
# pruning flag= 0
# cut off pruning= 0
# Max Number of pu= 40
# END PARSE PDB
# END PARSE DSSP
#i/e    i/i+e R2        CI        N DOMAINS
6.23    16.05 83.159920 69.155722 3 1 48 49 138 139 185 
5.89    16.98 86.662457 75.103814 4 139 158 159 185 1 48 49 138 
2.87    34.81 91.118166 83.025202 6 49 92 93 121 122 138 139 158 159 185 1 48 
2.51    39.80 92.114450 84.850719 7 49 77 78 92 93 121 122 138 139 158 159 185 1 48 
2.13    47.00 93.011394 86.511195 8 1 29 30 48 49 77 78 92 93 121 122 138 139 158 159 185 
