# pdb file = /home/wagram/gelly/CORNICHON/PROJECTS/DR/DR_2/PDBs_Clean/3CR3A/3CR3A.pdb
# dssp file = /home/wagram/gelly/CORNICHON/PROJECTS/DR/DR_2/PDBs_Clean/3CR3A/3CR3A.dssp
# R2 value = 99
# S2D limit size = 8
# limit size of PU= 15
# max size of PU= 0
# d0 value= 6.0
# delta value= 1.5
# only secondary structure= 0
# pruning flag= 0
# cut off pruning= 0
# Max Number of pu= 40
# END PARSE PDB
# END PARSE DSSP
#i/e    i/i+e R2        CI        N DOMAINS
7.64    13.09 84.981981 72.219371 3 1 42 43 116 117 192 
6.92    14.45 87.282028 76.181523 4 1 16 17 42 43 116 117 192 
4.37    22.89 91.915688 84.484937 6 117 152 153 172 173 192 1 16 17 42 43 116 
3.77    26.50 93.463864 87.354939 7 43 58 59 116 117 152 153 172 173 192 1 16 17 42 
3.36    29.77 94.092708 88.534377 8 117 132 133 152 43 58 59 116 153 172 173 192 1 16 17 42 
2.79    35.86 95.208522 90.646627 9 59 97 98 116 117 132 133 152 43 58 153 172 173 192 1 16 17 42 
2.30    43.51 95.771582 91.721959 10 59 81 82 97 98 116 117 132 133 152 43 58 153 172 173 192 1 16 17 42 
