# pdb file = /home/wagram/gelly/CORNICHON/PROJECTS/DR/DR_2/PDBs_Clean/3HSIA/3HSIA.pdb
# dssp file = /home/wagram/gelly/CORNICHON/PROJECTS/DR/DR_2/PDBs_Clean/3HSIA/3HSIA.dssp
# R2 value = 99
# S2D limit size = 8
# limit size of PU= 15
# max size of PU= 0
# d0 value= 6.0
# delta value= 1.5
# only secondary structure= 0
# pruning flag= 0
# cut off pruning= 0
# Max Number of pu= 40
# END PARSE PDB
# END PARSE DSSP
#i/e    i/i+e R2        CI        N DOMAINS
13.53    7.39 81.925321 67.117583 3 1 18 19 222 223 447 
11.03    9.06 86.182934 74.274981 4 223 417 418 447 1 18 19 222 
5.11    19.55 90.090955 81.163801 6 223 301 302 316 317 417 418 447 1 18 19 222 
4.53    22.07 92.427705 85.428807 8 317 352 353 406 407 417 223 301 302 316 418 447 1 18 19 222 
4.39    22.79 93.732255 87.857357 9 223 251 252 301 317 352 353 406 407 417 302 316 418 447 1 18 19 222 
4.25    23.52 94.327361 88.976510 10 353 391 392 406 223 251 252 301 317 352 407 417 302 316 418 447 1 18 19 222 
3.84    26.05 95.316470 90.852295 11 19 198 199 222 353 391 392 406 223 251 252 301 317 352 407 417 302 316 418 447 1 18 
3.71    26.95 95.623816 91.439142 12 317 337 338 352 19 198 199 222 353 391 392 406 223 251 252 301 407 417 302 316 418 447 1 18 
2.60    38.43 97.022529 94.133711 14 19 43 44 132 133 198 317 337 338 352 199 222 353 391 392 406 223 251 252 301 407 417 302 316 418 447 1 18 
2.54    39.33 97.411509 94.890020 15 133 177 178 198 19 43 44 132 317 337 338 352 199 222 353 391 392 406 223 251 252 301 407 417 302 316 418 447 1 18 
2.20    45.45 97.943342 95.928983 17 44 89 90 114 115 132 133 177 178 198 19 43 317 337 338 352 199 222 353 391 392 406 223 251 252 301 407 417 302 316 418 447 1 18 
2.06    48.55 98.091971 96.220349 18 252 267 268 301 44 89 90 114 115 132 133 177 178 198 19 43 317 337 338 352 199 222 353 391 392 406 223 251 407 417 302 316 418 447 1 18 
2.00    49.97 98.204708 96.441646 19 268 286 287 301 252 267 44 89 90 114 115 132 133 177 178 198 19 43 317 337 338 352 199 222 353 391 392 406 223 251 407 417 302 316 418 447 1 18 
1.88    53.22 98.312771 96.654009 20 133 162 163 177 268 286 287 301 252 267 44 89 90 114 115 132 178 198 19 43 317 337 338 352 199 222 353 391 392 406 223 251 407 417 302 316 418 447 1 18 
1.78    56.31 98.424207 96.873245 21 353 368 369 391 133 162 163 177 268 286 287 301 252 267 44 89 90 114 115 132 178 198 19 43 317 337 338 352 199 222 392 406 223 251 407 417 302 316 418 447 1 18 
1.65    60.66 98.506703 97.035706 22 44 66 67 89 353 368 369 391 133 162 163 177 268 286 287 301 252 267 90 114 115 132 178 198 19 43 317 337 338 352 199 222 392 406 223 251 407 417 302 316 418 447 1 18 
