# pdb file = /home/wagram/gelly/CORNICHON/PROJECTS/DR/DR_2/PDBs_Clean/3SWHA/3SWHA.pdb
# dssp file = /home/wagram/gelly/CORNICHON/PROJECTS/DR/DR_2/PDBs_Clean/3SWHA/3SWHA.dssp
# R2 value = 99
# S2D limit size = 8
# limit size of PU= 15
# max size of PU= 0
# d0 value= 6.0
# delta value= 1.5
# only secondary structure= 0
# pruning flag= 0
# cut off pruning= 0
# Max Number of pu= 40
# END PARSE PDB
# END PARSE DSSP
#i/e    i/i+e R2        CI        N DOMAINS
34.21    2.92 82.142375 67.473698 2 1 158 159 295 
13.45    7.44 88.793623 78.843074 3 1 65 66 158 159 295 
11.58    8.64 90.480156 81.866586 4 1 20 21 65 66 158 159 295 
10.54    9.49 91.509659 83.740178 5 21 50 51 65 1 20 66 158 159 295 
6.91    14.47 94.434944 89.179587 7 66 91 92 116 117 158 21 50 51 65 1 20 159 295 
4.81    20.80 96.165578 92.478185 8 159 229 230 295 66 91 92 116 117 158 21 50 51 65 1 20 
4.21    23.77 97.096378 94.277066 10 230 249 250 281 282 295 159 229 66 91 92 116 117 158 21 50 51 65 1 20 
3.56    28.09 97.852294 95.750715 12 159 173 174 197 198 229 230 249 250 281 282 295 66 91 92 116 117 158 21 50 51 65 1 20 
3.41    29.36 98.050275 96.138563 13 198 213 214 229 159 173 174 197 230 249 250 281 282 295 66 91 92 116 117 158 21 50 51 65 1 20 
3.25    30.79 98.219806 96.471302 14 250 265 266 281 198 213 214 229 159 173 174 197 230 249 282 295 66 91 92 116 117 158 21 50 51 65 1 20 
3.04    32.93 98.401403 96.828361 15 117 136 137 158 250 265 266 281 198 213 214 229 159 173 174 197 230 249 282 295 66 91 92 116 21 50 51 65 1 20 
