# pdb file = /home/wagram/gelly/CORNICHON/PROJECTS/DR/DR_2/PDBs_Clean/3LS8A/3LS8A.pdb
# dssp file = /home/wagram/gelly/CORNICHON/PROJECTS/DR/DR_2/PDBs_Clean/3LS8A/3LS8A.dssp
# R2 value = 99
# S2D limit size = 8
# limit size of PU= 15
# max size of PU= 0
# d0 value= 6.0
# delta value= 1.5
# only secondary structure= 0
# pruning flag= 0
# cut off pruning= 0
# Max Number of pu= 40
# END PARSE PDB
# END PARSE DSSP
#i/e    i/i+e R2        CI        N DOMAINS
98.07    1.02 69.473785 48.266068 2 1 77 78 547 
24.25    4.12 88.978729 79.172142 3 78 361 362 547 1 77 
16.76    5.97 93.923069 88.215429 4 78 219 220 361 362 547 1 77 
11.27    8.87 95.274660 90.772608 6 220 321 322 345 346 361 78 219 362 547 1 77 
8.67    11.53 96.902308 93.900573 8 362 483 484 525 526 547 220 321 322 345 346 361 78 219 1 77 
7.48    13.36 97.583198 95.224805 9 78 125 126 219 362 483 484 525 526 547 220 321 322 345 346 361 1 77 
7.04    14.20 97.747374 95.545492 10 78 106 107 125 126 219 362 483 484 525 526 547 220 321 322 345 346 361 1 77 
6.15    16.26 98.058585 96.154861 11 220 261 262 321 78 106 107 125 126 219 362 483 484 525 526 547 322 345 346 361 1 77 
5.69    17.58 98.215841 96.463514 12 1 55 56 77 220 261 262 321 78 106 107 125 126 219 362 483 484 525 526 547 322 345 346 361 
4.76    21.00 98.507830 97.037926 14 126 147 148 172 173 219 1 55 56 77 220 261 262 321 78 106 107 125 362 483 484 525 526 547 322 345 346 361 
4.64    21.56 98.628099 97.275018 15 173 198 199 219 126 147 148 172 1 55 56 77 220 261 262 321 78 106 107 125 362 483 484 525 526 547 322 345 346 361 
4.19    23.88 98.802175 97.618697 16 362 455 456 483 173 198 199 219 126 147 148 172 1 55 56 77 220 261 262 321 78 106 107 125 484 525 526 547 322 345 346 361 
3.81    26.23 98.947176 97.905437 17 362 395 396 455 456 483 173 198 199 219 126 147 148 172 1 55 56 77 220 261 262 321 78 106 107 125 484 525 526 547 322 345 346 361 
3.66    27.30 99.006044 98.021968 18 220 239 240 261 362 395 396 455 456 483 173 198 199 219 126 147 148 172 1 55 56 77 262 321 78 106 107 125 484 525 526 547 322 345 346 361 
