# pdb file = /home/wagram/gelly/CORNICHON/PROJECTS/DR/DR_2/PDBs_Clean/3B1FA/3B1FA.pdb
# dssp file = /home/wagram/gelly/CORNICHON/PROJECTS/DR/DR_2/PDBs_Clean/3B1FA/3B1FA.dssp
# R2 value = 99
# S2D limit size = 8
# limit size of PU= 15
# max size of PU= 0
# d0 value= 6.0
# delta value= 1.5
# only secondary structure= 0
# pruning flag= 0
# cut off pruning= 0
# Max Number of pu= 40
# END PARSE PDB
# END PARSE DSSP
#i/e    i/i+e R2        CI        N DOMAINS
143.65   0.70 65.726251 43.199401 2 1 252 253 286 
36.88    2.71 87.054787 75.785359 3 1 181 182 252 253 286 
23.26    4.30 89.330633 79.799620 4 182 229 230 252 1 181 253 286 
19.49    5.13 90.235559 81.424562 5 253 271 272 286 182 229 230 252 1 181 
7.39    13.53 94.046939 88.448268 6 1 74 75 181 253 271 272 286 182 229 230 252 
6.28    15.91 94.972863 90.198446 7 75 91 92 181 1 74 253 271 272 286 182 229 230 252 
5.58    17.91 95.552466 91.302738 8 182 197 198 229 75 91 92 181 1 74 253 271 272 286 230 252 
5.26    19.00 95.860433 91.892227 9 198 214 215 229 182 197 75 91 92 181 1 74 253 271 272 286 230 252 
3.80    26.31 96.918791 93.932520 11 92 127 128 174 175 181 198 214 215 229 182 197 75 91 1 74 253 271 272 286 230 252 
2.67    37.43 97.465196 94.994645 13 1 15 16 31 32 74 92 127 128 174 175 181 198 214 215 229 182 197 75 91 253 271 272 286 230 252 
2.55    39.27 97.798859 95.646168 14 32 58 59 74 1 15 16 31 92 127 128 174 175 181 198 214 215 229 182 197 75 91 253 271 272 286 230 252 
2.31    43.34 97.961413 95.964385 15 128 147 148 174 32 58 59 74 1 15 16 31 92 127 175 181 198 214 215 229 182 197 75 91 253 271 272 286 230 252 
2.04    49.07 98.078931 96.194767 16 92 107 108 127 128 147 148 174 32 58 59 74 1 15 16 31 175 181 198 214 215 229 182 197 75 91 253 271 272 286 230 252 
