# pdb file = /home/wagram/gelly/CORNICHON/PROJECTS/DR/DR_2/PDBs_Clean/2CM2A/2CM2A.pdb
# dssp file = /home/wagram/gelly/CORNICHON/PROJECTS/DR/DR_2/PDBs_Clean/2CM2A/2CM2A.dssp
# R2 value = 99
# S2D limit size = 8
# limit size of PU= 15
# max size of PU= 0
# d0 value= 6.0
# delta value= 1.5
# only secondary structure= 0
# pruning flag= 0
# cut off pruning= 0
# Max Number of pu= 40
# END PARSE PDB
# END PARSE DSSP
#i/e    i/i+e R2        CI        N DOMAINS
11.44    8.74 81.357216 66.189966 3 1 30 31 219 220 283 
7.57    13.21 88.942034 79.106855 4 31 84 85 219 1 30 220 283 
4.73    21.12 92.627527 85.798587 6 85 179 180 202 203 219 31 84 1 30 220 283 
4.25    23.51 93.509413 87.440104 7 31 55 56 84 85 179 180 202 203 219 1 30 220 283 
3.50    28.56 95.148839 90.533015 8 85 125 126 179 31 55 56 84 180 202 203 219 1 30 220 283 
3.29    30.43 95.576430 91.348540 9 85 109 110 125 126 179 31 55 56 84 180 202 203 219 1 30 220 283 
2.95    33.93 96.255487 92.651188 10 220 263 264 283 85 109 110 125 126 179 31 55 56 84 180 202 203 219 1 30 
2.65    37.78 96.629591 93.372779 11 126 145 146 179 220 263 264 283 85 109 110 125 31 55 56 84 180 202 203 219 1 30 
2.42    41.27 96.948415 93.989952 12 220 245 246 263 126 145 146 179 264 283 85 109 110 125 31 55 56 84 180 202 203 219 1 30 
2.18    45.90 97.066947 94.219922 13 146 161 162 179 220 245 246 263 126 145 264 283 85 109 110 125 31 55 56 84 180 202 203 219 1 30 
