# pdb file = /home/wagram/gelly/CORNICHON/PROJECTS/DR/DR_2/PDBs_Clean/1HG8A/1HG8A.pdb
# dssp file = /home/wagram/gelly/CORNICHON/PROJECTS/DR/DR_2/PDBs_Clean/1HG8A/1HG8A.dssp
# R2 value = 99
# S2D limit size = 8
# limit size of PU= 15
# max size of PU= 0
# d0 value= 6.0
# delta value= 1.5
# only secondary structure= 0
# pruning flag= 0
# cut off pruning= 0
# Max Number of pu= 40
# END PARSE PDB
# END PARSE DSSP
#i/e    i/i+e R2        CI        N DOMAINS
19.64    5.09 79.398776 63.041656 2 1 188 189 349 
9.05    11.05 86.839357 75.410740 3 1 81 82 188 189 349 
7.29    13.71 88.522380 78.362117 4 1 22 23 81 82 188 189 349 
4.36    22.94 91.722117 84.129467 5 189 263 264 349 1 22 23 81 82 188 
2.97    33.62 93.830149 88.040969 7 82 146 147 163 164 188 189 263 264 349 1 22 23 81 
2.77    36.14 94.450878 89.209684 8 82 101 102 146 147 163 164 188 189 263 264 349 1 22 23 81 
2.49    40.15 94.889252 90.039702 9 264 334 335 349 82 101 102 146 147 163 164 188 189 263 1 22 23 81 
2.02    49.53 95.388994 90.990602 11 264 278 279 293 294 334 335 349 82 101 102 146 147 163 164 188 189 263 1 22 23 81 
1.76    56.76 95.860070 91.891529 12 189 245 246 263 264 278 279 293 294 334 335 349 82 101 102 146 147 163 164 188 1 22 23 81 
1.57    63.81 96.041136 92.238998 13 23 38 39 81 189 245 246 263 264 278 279 293 294 334 335 349 82 101 102 146 147 163 164 188 1 22 
1.40    71.46 96.340841 92.815576 14 189 230 231 245 23 38 39 81 246 263 264 278 279 293 294 334 335 349 82 101 102 146 147 163 164 188 1 22 
1.28    77.96 96.499115 93.120792 15 39 61 62 81 189 230 231 245 23 38 246 263 264 278 279 293 294 334 335 349 82 101 102 146 147 163 164 188 1 22 
1.16    85.86 96.723041 93.553466 16 189 210 211 230 39 61 62 81 231 245 23 38 246 263 264 278 279 293 294 334 335 349 82 101 102 146 147 163 164 188 1 22 
1.05    95.00 96.892653 93.881862 17 102 117 118 146 189 210 211 230 39 61 62 81 231 245 23 38 246 263 264 278 279 293 294 334 335 349 82 101 147 163 164 188 1 22 
0.95    104.92 96.990334 94.071250 18 294 314 315 334 102 117 118 146 189 210 211 230 39 61 62 81 231 245 23 38 246 263 264 278 279 293 335 349 82 101 147 163 164 188 1 22 
