# pdb file = /home/wagram/gelly/CORNICHON/PROJECTS/DR/DR_2/PDBs_Clean/1H2EA/1H2EA.pdb
# dssp file = /home/wagram/gelly/CORNICHON/PROJECTS/DR/DR_2/PDBs_Clean/1H2EA/1H2EA.dssp
# R2 value = 99
# S2D limit size = 8
# limit size of PU= 15
# max size of PU= 0
# d0 value= 6.0
# delta value= 1.5
# only secondary structure= 0
# pruning flag= 0
# cut off pruning= 0
# Max Number of pu= 40
# END PARSE PDB
# END PARSE DSSP
#i/e    i/i+e R2        CI        N DOMAINS
4.63    21.62 78.647070 61.853617 3 1 83 84 121 122 207 
4.06    24.63 84.921131 72.115986 4 122 171 172 207 1 83 84 121 
3.67    27.24 87.467074 76.504890 5 122 148 149 171 172 207 1 83 84 121 
2.95    33.87 90.652223 82.178255 6 1 35 36 83 122 148 149 171 172 207 84 121 
2.69    37.18 91.882223 84.423429 7 84 99 100 121 1 35 36 83 122 148 149 171 172 207 
2.34    42.67 92.764779 86.053041 8 36 52 53 83 84 99 100 121 1 35 122 148 149 171 172 207 
2.10    47.64 93.448688 87.326573 9 1 20 21 35 36 52 53 83 84 99 100 121 122 148 149 171 172 207 
1.90    52.68 93.863984 88.104475 10 53 68 69 83 1 20 21 35 36 52 84 99 100 121 122 148 149 171 172 207 
1.61    62.15 94.089432 88.528212 11 172 187 188 207 53 68 69 83 1 20 21 35 36 52 84 99 100 121 122 148 149 171 
