# pdb file = /home/wagram/gelly/CORNICHON/PROJECTS/DR/DR_2/PDBs_Clean/2PN1A/2PN1A.pdb
# dssp file = /home/wagram/gelly/CORNICHON/PROJECTS/DR/DR_2/PDBs_Clean/2PN1A/2PN1A.dssp
# R2 value = 99
# S2D limit size = 8
# limit size of PU= 15
# max size of PU= 0
# d0 value= 6.0
# delta value= 1.5
# only secondary structure= 0
# pruning flag= 0
# cut off pruning= 0
# Max Number of pu= 40
# END PARSE PDB
# END PARSE DSSP
#i/e    i/i+e R2        CI        N DOMAINS
19.62    5.10 82.760590 68.493153 3 1 103 104 292 293 308 
12.67    7.89 90.413950 81.746823 4 104 167 168 292 1 103 293 308 
10.65    9.39 92.020071 84.676934 5 104 129 130 167 168 292 1 103 293 308 
7.72    12.96 94.056265 88.465809 6 1 52 53 103 104 129 130 167 168 292 293 308 
6.92    14.45 94.813375 89.895761 7 53 73 74 103 1 52 104 129 130 167 168 292 293 308 
3.55    28.16 96.203014 92.550200 9 168 208 209 225 226 292 53 73 74 103 1 52 104 129 130 167 293 308 
3.42    29.25 96.946105 93.985473 10 226 250 251 292 168 208 209 225 53 73 74 103 1 52 104 129 130 167 293 308 
3.27    30.61 97.220578 94.518408 11 251 276 277 292 226 250 168 208 209 225 53 73 74 103 1 52 104 129 130 167 293 308 
3.07    32.60 97.491723 95.046361 12 168 190 191 208 251 276 277 292 226 250 209 225 53 73 74 103 1 52 104 129 130 167 293 308 
2.83    35.36 97.630828 95.317785 13 130 149 150 167 168 190 191 208 251 276 277 292 226 250 209 225 53 73 74 103 1 52 104 129 293 308 
2.42    41.37 97.826171 95.699597 14 1 34 35 52 130 149 150 167 168 190 191 208 251 276 277 292 226 250 209 225 53 73 74 103 104 129 293 308 
2.19    45.76 97.913111 95.869773 15 1 16 17 34 35 52 130 149 150 167 168 190 191 208 251 276 277 292 226 250 209 225 53 73 74 103 104 129 293 308 
