# pdb file = /home/wagram/gelly/CORNICHON/PROJECTS/DR/DR_2/PDBs_Clean/3KDNA/3KDNA.pdb
# dssp file = /home/wagram/gelly/CORNICHON/PROJECTS/DR/DR_2/PDBs_Clean/3KDNA/3KDNA.dssp
# R2 value = 99
# S2D limit size = 8
# limit size of PU= 15
# max size of PU= 0
# d0 value= 6.0
# delta value= 1.5
# only secondary structure= 0
# pruning flag= 0
# cut off pruning= 0
# Max Number of pu= 40
# END PARSE PDB
# END PARSE DSSP
#i/e    i/i+e R2        CI        N DOMAINS
35.45    2.82 77.912934 60.704253 2 1 128 129 437 
8.98    11.14 90.494427 81.892413 4 129 153 154 277 278 437 1 128 
6.89    14.52 93.402294 87.239885 6 278 383 384 430 431 437 129 153 154 277 1 128 
5.89    16.98 94.941135 90.138191 7 154 221 222 277 278 383 384 430 431 437 129 153 1 128 
4.54    22.02 96.204085 92.552260 9 278 331 332 353 354 383 154 221 222 277 384 430 431 437 129 153 1 128 
4.29    23.33 96.669642 93.450196 10 278 306 307 331 332 353 354 383 154 221 222 277 384 430 431 437 129 153 1 128 
2.91    34.38 97.206595 94.491220 12 1 48 49 63 64 128 278 306 307 331 332 353 354 383 154 221 222 277 384 430 431 437 129 153 
2.84    35.19 97.503743 95.069799 13 64 84 85 128 1 48 49 63 278 306 307 331 332 353 354 383 154 221 222 277 384 430 431 437 129 153 
2.77    36.16 97.680688 95.415168 14 85 113 114 128 64 84 1 48 49 63 278 306 307 331 332 353 354 383 154 221 222 277 384 430 431 437 129 153 
2.63    38.04 97.849027 95.744322 15 384 399 400 430 85 113 114 128 64 84 1 48 49 63 278 306 307 331 332 353 354 383 154 221 222 277 431 437 129 153 
2.52    39.73 97.968940 95.979132 16 1 21 22 48 384 399 400 430 85 113 114 128 64 84 49 63 278 306 307 331 332 353 354 383 154 221 222 277 431 437 129 153 
2.37    42.26 98.143664 96.321788 17 222 242 243 277 1 21 22 48 384 399 400 430 85 113 114 128 64 84 49 63 278 306 307 331 332 353 354 383 154 221 431 437 129 153 
2.16    46.19 98.301632 96.632110 18 154 194 195 221 222 242 243 277 1 21 22 48 384 399 400 430 85 113 114 128 64 84 49 63 278 306 307 331 332 353 354 383 431 437 129 153 
2.06    48.51 98.388449 96.802869 19 154 178 179 194 195 221 222 242 243 277 1 21 22 48 384 399 400 430 85 113 114 128 64 84 49 63 278 306 307 331 332 353 354 383 431 437 129 153 
1.92    52.09 98.431263 96.887136 20 243 258 259 277 154 178 179 194 195 221 222 242 1 21 22 48 384 399 400 430 85 113 114 128 64 84 49 63 278 306 307 331 332 353 354 383 431 437 129 153 
