# pdb file = /home/wagram/gelly/CORNICHON/PROJECTS/DR/DR_2/PDBs_Clean/1A8RA/1A8RA.pdb
# dssp file = /home/wagram/gelly/CORNICHON/PROJECTS/DR/DR_2/PDBs_Clean/1A8RA/1A8RA.dssp
# R2 value = 99
# S2D limit size = 8
# limit size of PU= 15
# max size of PU= 0
# d0 value= 6.0
# delta value= 1.5
# only secondary structure= 0
# pruning flag= 0
# cut off pruning= 0
# Max Number of pu= 40
# END PARSE PDB
# END PARSE DSSP
#i/e    i/i+e R2        CI        N DOMAINS
21.15    4.73 83.643846 69.962930 3 1 23 24 73 74 221 
12.38    8.08 88.310241 77.986987 4 74 200 201 221 1 23 24 73 
9.63    10.39 89.707900 80.475074 5 24 39 40 73 74 200 201 221 1 23 
5.07    19.71 93.086467 86.650904 6 74 149 150 200 24 39 40 73 201 221 1 23 
4.30    23.27 94.138587 88.620736 7 150 169 170 200 74 149 24 39 40 73 201 221 1 23 
2.76    36.29 96.006536 92.172550 9 74 96 97 126 127 149 150 169 170 200 24 39 40 73 201 221 1 23 
2.50    40.02 96.344900 92.823398 10 40 55 56 73 74 96 97 126 127 149 150 169 170 200 24 39 201 221 1 23 
2.11    47.43 96.480429 93.084732 11 170 185 186 200 40 55 56 73 74 96 97 126 127 149 150 169 24 39 201 221 1 23 
