# pdb file = /home/wagram/gelly/CORNICHON/PROJECTS/DR/DR_2/PDBs_Clean/3SMTA/3SMTA.pdb
# dssp file = /home/wagram/gelly/CORNICHON/PROJECTS/DR/DR_2/PDBs_Clean/3SMTA/3SMTA.dssp
# R2 value = 99
# S2D limit size = 8
# limit size of PU= 15
# max size of PU= 0
# d0 value= 6.0
# delta value= 1.5
# only secondary structure= 0
# pruning flag= 0
# cut off pruning= 0
# Max Number of pu= 40
# END PARSE PDB
# END PARSE DSSP
#i/e    i/i+e R2        CI        N DOMAINS
40.05    2.50 80.763085 65.226760 2 1 306 307 464 
17.22    5.81 87.101544 75.866789 4 307 413 414 442 443 464 1 306 
15.26    6.55 88.718841 78.710328 5 307 398 399 413 414 442 443 464 1 306 
11.22    8.91 92.000029 84.640054 6 1 40 41 306 307 398 399 413 414 442 443 464 
4.79    20.88 95.745714 91.672418 8 41 164 165 200 201 306 1 40 307 398 399 413 414 442 443 464 
4.44    22.52 96.956977 94.006554 10 201 226 227 286 287 306 41 164 165 200 1 40 307 398 399 413 414 442 443 464 
3.91    25.58 97.914774 95.873030 12 41 103 104 139 140 164 201 226 227 286 287 306 165 200 1 40 307 398 399 413 414 442 443 464 
3.79    26.39 98.135556 96.305873 13 227 242 243 286 41 103 104 139 140 164 201 226 287 306 165 200 1 40 307 398 399 413 414 442 443 464 
3.69    27.09 98.292408 96.613975 14 165 183 184 200 227 242 243 286 41 103 104 139 140 164 201 226 287 306 1 40 307 398 399 413 414 442 443 464 
3.57    28.03 98.487723 96.998316 15 41 58 59 103 165 183 184 200 227 242 243 286 104 139 140 164 201 226 287 306 1 40 307 398 399 413 414 442 443 464 
3.46    28.94 98.589153 97.198212 16 1 20 21 40 41 58 59 103 165 183 184 200 227 242 243 286 104 139 140 164 201 226 287 306 307 398 399 413 414 442 443 464 
3.15    31.72 98.793341 97.601242 17 307 349 350 398 1 20 21 40 41 58 59 103 165 183 184 200 227 242 243 286 104 139 140 164 201 226 287 306 399 413 414 442 443 464 
3.03    33.04 98.864318 97.741534 18 59 88 89 103 307 349 350 398 1 20 21 40 41 58 165 183 184 200 227 242 243 286 104 139 140 164 201 226 287 306 399 413 414 442 443 464 
2.86    35.01 98.915451 97.842665 19 104 121 122 139 59 88 89 103 307 349 350 398 1 20 21 40 41 58 165 183 184 200 227 242 243 286 140 164 201 226 287 306 399 413 414 442 443 464 
2.64    37.90 98.978453 97.967341 20 350 374 375 398 104 121 122 139 59 88 89 103 307 349 1 20 21 40 41 58 165 183 184 200 227 242 243 286 140 164 201 226 287 306 399 413 414 442 443 464 
2.47    40.48 99.012600 98.034949 21 243 270 271 286 350 374 375 398 104 121 122 139 59 88 89 103 307 349 1 20 21 40 41 58 165 183 184 200 227 242 140 164 201 226 287 306 399 413 414 442 443 464 
