# pdb file = /home/wagram/gelly/CORNICHON/PROJECTS/DR/DR_2/PDBs_Clean/3ISRA/3ISRA.pdb
# dssp file = /home/wagram/gelly/CORNICHON/PROJECTS/DR/DR_2/PDBs_Clean/3ISRA/3ISRA.dssp
# R2 value = 99
# S2D limit size = 8
# limit size of PU= 15
# max size of PU= 0
# d0 value= 6.0
# delta value= 1.5
# only secondary structure= 0
# pruning flag= 0
# cut off pruning= 0
# Max Number of pu= 40
# END PARSE PDB
# END PARSE DSSP
#i/e    i/i+e R2        CI        N DOMAINS
6.36    15.71 79.637307 63.421007 3 1 91 92 245 246 286 
6.28    15.92 81.603615 66.591500 4 246 261 262 286 1 91 92 245 
3.75    26.63 90.023948 81.043112 6 92 110 111 189 190 245 246 261 262 286 1 91 
2.87    34.87 92.327598 85.243854 8 111 145 146 180 181 189 92 110 190 245 246 261 262 286 1 91 
2.77    36.06 93.055930 86.594060 9 111 130 131 145 146 180 181 189 92 110 190 245 246 261 262 286 1 91 
1.81    55.30 94.282803 88.892469 11 1 47 48 66 67 91 111 130 131 145 146 180 181 189 92 110 190 245 246 261 262 286 
1.76    56.81 94.901849 90.063610 12 1 27 28 47 48 66 67 91 111 130 131 145 146 180 181 189 92 110 190 245 246 261 262 286 
1.40    71.32 95.633618 91.457889 14 190 205 206 227 228 245 1 27 28 47 48 66 67 91 111 130 131 145 146 180 181 189 92 110 246 261 262 286 
1.29    77.78 95.866133 91.903155 15 146 161 162 180 190 205 206 227 228 245 1 27 28 47 48 66 67 91 111 130 131 145 181 189 92 110 246 261 262 286 
