# pdb file = /home/wagram/gelly/CORNICHON/PROJECTS/DR/DR_2/PDBs_Clean/3C2QA/3C2QA.pdb
# dssp file = /home/wagram/gelly/CORNICHON/PROJECTS/DR/DR_2/PDBs_Clean/3C2QA/3C2QA.dssp
# R2 value = 99
# S2D limit size = 8
# limit size of PU= 15
# max size of PU= 0
# d0 value= 6.0
# delta value= 1.5
# only secondary structure= 0
# pruning flag= 0
# cut off pruning= 0
# Max Number of pu= 40
# END PARSE PDB
# END PARSE DSSP
#i/e    i/i+e R2        CI        N DOMAINS
67.36    1.48 79.253862 62.811747 2 1 88 89 328 
8.95    11.17 91.731369 84.146440 4 89 127 128 255 256 328 1 88 
8.43    11.87 92.930741 86.361227 5 256 312 313 328 89 127 128 255 1 88 
7.95    12.58 93.586199 87.583767 6 89 106 107 127 256 312 313 328 128 255 1 88 
4.62    21.63 96.024313 92.206688 8 128 159 160 213 214 255 89 106 107 127 256 312 313 328 1 88 
4.31    23.20 96.523751 93.168345 9 160 193 194 213 128 159 214 255 89 106 107 127 256 312 313 328 1 88 
4.06    24.62 96.812883 93.727343 10 214 229 230 255 160 193 194 213 128 159 89 106 107 127 256 312 313 328 1 88 
2.67    37.49 97.300034 94.672966 12 1 25 26 64 65 88 214 229 230 255 160 193 194 213 128 159 89 106 107 127 256 312 313 328 
2.35    42.57 97.615040 95.286961 13 256 279 280 312 1 25 26 64 65 88 214 229 230 255 160 193 194 213 128 159 89 106 107 127 313 328 
2.22    45.11 97.771289 95.592249 14 128 144 145 159 256 279 280 312 1 25 26 64 65 88 214 229 230 255 160 193 194 213 89 106 107 127 313 328 
2.04    49.01 97.873736 95.792682 15 26 49 50 64 128 144 145 159 256 279 280 312 1 25 65 88 214 229 230 255 160 193 194 213 89 106 107 127 313 328 
1.85    53.98 97.955633 95.953061 16 160 178 179 193 26 49 50 64 128 144 145 159 256 279 280 312 1 25 65 88 214 229 230 255 194 213 89 106 107 127 313 328 
