# pdb file = /home/wagram/gelly/CORNICHON/PROJECTS/DR/DR_2/PDBs_Clean/1VMEA/1VMEA.pdb
# dssp file = /home/wagram/gelly/CORNICHON/PROJECTS/DR/DR_2/PDBs_Clean/1VMEA/1VMEA.dssp
# R2 value = 99
# S2D limit size = 8
# limit size of PU= 15
# max size of PU= 0
# d0 value= 6.0
# delta value= 1.5
# only secondary structure= 0
# pruning flag= 0
# cut off pruning= 0
# Max Number of pu= 40
# END PARSE PDB
# END PARSE DSSP
#i/e    i/i+e R2        CI        N DOMAINS
44.36    2.25 81.588065 66.566123 2 1 252 253 401 
13.83    7.23 89.938486 80.889313 3 1 133 134 252 253 401 
10.28    9.72 92.253365 85.106834 4 1 49 50 133 134 252 253 401 
8.83    11.32 93.265392 86.984334 5 50 112 113 133 1 49 134 252 253 401 
7.21    13.87 94.687313 89.656872 6 134 165 166 252 50 112 113 133 1 49 253 401 
5.35    18.71 95.912986 91.993009 7 253 318 319 401 134 165 166 252 50 112 113 133 1 49 
5.04    19.84 96.421252 92.970579 8 319 379 380 401 253 318 134 165 166 252 50 112 113 133 1 49 
3.79    26.36 96.827464 93.755577 10 253 267 268 286 287 318 319 379 380 401 134 165 166 252 50 112 113 133 1 49 
2.92    34.27 97.394865 94.857597 12 166 201 202 223 224 252 253 267 268 286 287 318 319 379 380 401 134 165 50 112 113 133 1 49 
2.68    37.30 97.622583 95.301687 13 319 342 343 379 166 201 202 223 224 252 253 267 268 286 287 318 380 401 134 165 50 112 113 133 1 49 
2.24    44.57 97.910137 95.863949 15 50 66 67 81 82 112 319 342 343 379 166 201 202 223 224 252 253 267 268 286 287 318 380 401 134 165 113 133 1 49 
2.15    46.53 98.050907 96.139804 16 166 183 184 201 50 66 67 81 82 112 319 342 343 379 202 223 224 252 253 267 268 286 287 318 380 401 134 165 113 133 1 49 
2.06    48.60 98.152423 96.338982 17 134 149 150 165 166 183 184 201 50 66 67 81 82 112 319 342 343 379 202 223 224 252 253 267 268 286 287 318 380 401 113 133 1 49 
1.93    51.94 98.266852 96.563741 18 1 25 26 49 134 149 150 165 166 183 184 201 50 66 67 81 82 112 319 342 343 379 202 223 224 252 253 267 268 286 287 318 380 401 113 133 
1.79    55.83 98.310200 96.648953 19 343 359 360 379 1 25 26 49 134 149 150 165 166 183 184 201 50 66 67 81 82 112 319 342 202 223 224 252 253 267 268 286 287 318 380 401 113 133 
