# pdb file = /home/wagram/gelly/CORNICHON/PROJECTS/DR/DR_2/PDBs_Clean/2VSHA/2VSHA.pdb
# dssp file = /home/wagram/gelly/CORNICHON/PROJECTS/DR/DR_2/PDBs_Clean/2VSHA/2VSHA.dssp
# R2 value = 99
# S2D limit size = 8
# limit size of PU= 15
# max size of PU= 0
# d0 value= 6.0
# delta value= 1.5
# only secondary structure= 0
# pruning flag= 0
# cut off pruning= 0
# Max Number of pu= 40
# END PARSE PDB
# END PARSE DSSP
#i/e    i/i+e R2        CI        N DOMAINS
6.41    15.61 76.331494 58.264969 3 1 131 132 154 155 223 
6.13    16.32 81.997306 67.235581 4 155 202 203 223 1 131 132 154 
5.38    18.60 88.751842 78.768894 5 1 108 109 131 155 202 203 223 132 154 
4.74    21.08 90.320524 81.577970 6 155 174 175 202 1 108 109 131 203 223 132 154 
2.44    40.95 93.669655 87.740042 8 1 45 46 64 65 108 155 174 175 202 109 131 203 223 132 154 
2.36    42.37 94.838827 89.944032 9 65 92 93 108 1 45 46 64 155 174 175 202 109 131 203 223 132 154 
2.02    49.58 95.320597 90.860161 10 1 26 27 45 65 92 93 108 46 64 155 174 175 202 109 131 203 223 132 154 
