# pdb file = /home/wagram/gelly/CORNICHON/PROJECTS/DR/DR_2/PDBs_Clean/2WA7A/2WA7A.pdb
# dssp file = /home/wagram/gelly/CORNICHON/PROJECTS/DR/DR_2/PDBs_Clean/2WA7A/2WA7A.dssp
# R2 value = 99
# S2D limit size = 8
# limit size of PU= 15
# max size of PU= 0
# d0 value= 6.0
# delta value= 1.5
# only secondary structure= 0
# pruning flag= 0
# cut off pruning= 0
# Max Number of pu= 40
# END PARSE PDB
# END PARSE DSSP
#i/e    i/i+e R2        CI        N DOMAINS
15.41    6.49 84.972445 72.203164 3 1 15 16 106 107 225 
7.45    13.41 91.969384 84.583676 5 107 146 147 210 211 225 1 15 16 106 
6.67    14.99 93.015570 86.518963 6 107 122 123 146 147 210 211 225 1 15 16 106 
4.44    22.53 95.540565 91.279996 8 16 34 35 82 83 106 107 122 123 146 147 210 211 225 1 15 
3.84    26.06 96.109706 92.370756 9 35 50 51 82 16 34 83 106 107 122 123 146 147 210 211 225 1 15 
3.50    28.56 96.376941 92.885148 10 51 67 68 82 35 50 16 34 83 106 107 122 123 146 147 210 211 225 1 15 
2.89    34.63 97.054814 94.196370 11 147 186 187 210 51 67 68 82 35 50 16 34 83 106 107 122 123 146 211 225 1 15 
2.46    40.62 97.284287 94.642325 12 147 169 170 186 187 210 51 67 68 82 35 50 16 34 83 106 107 122 123 146 211 225 1 15 
