# pdb file = /home/wagram/gelly/CORNICHON/PROJECTS/DR/DR_2/PDBs_Clean/2RG4A/2RG4A.pdb
# dssp file = /home/wagram/gelly/CORNICHON/PROJECTS/DR/DR_2/PDBs_Clean/2RG4A/2RG4A.dssp
# R2 value = 99
# S2D limit size = 8
# limit size of PU= 15
# max size of PU= 0
# d0 value= 6.0
# delta value= 1.5
# only secondary structure= 0
# pruning flag= 0
# cut off pruning= 0
# Max Number of pu= 40
# END PARSE PDB
# END PARSE DSSP
#i/e    i/i+e R2        CI        N DOMAINS
3.18    31.47 60.910985 37.101480 3 1 145 146 165 166 206 
3.05    32.83 66.053447 43.630578 4 166 187 188 206 1 145 146 165 
2.67    37.51 81.842105 66.981302 5 1 113 114 145 166 187 188 206 146 165 
2.48    40.37 87.059398 75.793388 6 1 20 21 113 114 145 166 187 188 206 146 165 
1.96    51.07 92.424215 85.422356 8 21 62 63 104 105 113 1 20 114 145 166 187 188 206 146 165 
1.87    53.54 93.736048 87.864467 9 21 40 41 62 63 104 105 113 1 20 114 145 166 187 188 206 146 165 
1.75    57.15 94.712304 89.704206 10 63 78 79 104 21 40 41 62 105 113 1 20 114 145 166 187 188 206 146 165 
