# pdb file = /home/wagram/gelly/CORNICHON/PROJECTS/DR/DR_2/PDBs_Clean/2FQXA/2FQXA.pdb
# dssp file = /home/wagram/gelly/CORNICHON/PROJECTS/DR/DR_2/PDBs_Clean/2FQXA/2FQXA.dssp
# R2 value = 99
# S2D limit size = 8
# limit size of PU= 15
# max size of PU= 0
# d0 value= 6.0
# delta value= 1.5
# only secondary structure= 0
# pruning flag= 0
# cut off pruning= 0
# Max Number of pu= 40
# END PARSE PDB
# END PARSE DSSP
#i/e    i/i+e R2        CI        N DOMAINS
7.57    13.21 84.583797 71.544188 3 1 106 107 242 243 316 
7.21    13.88 88.182069 77.760772 4 243 277 278 316 1 106 107 242 
6.85    14.60 89.019020 79.243859 5 278 295 296 316 243 277 1 106 107 242 
5.52    18.11 91.345130 83.439328 6 1 44 45 106 278 295 296 316 243 277 107 242 
4.13    24.23 94.085952 88.521663 7 107 167 168 242 1 44 45 106 278 295 296 316 243 277 
3.93    25.42 94.636188 89.560081 8 243 261 262 277 107 167 168 242 1 44 45 106 278 295 296 316 
3.61    27.70 95.241727 90.709866 9 45 61 62 106 243 261 262 277 107 167 168 242 1 44 278 295 296 316 
3.12    32.09 96.038683 92.234286 10 168 204 205 242 45 61 62 106 243 261 262 277 107 167 1 44 278 295 296 316 
2.65    37.68 96.417567 92.963473 11 107 127 128 167 168 204 205 242 45 61 62 106 243 261 262 277 1 44 278 295 296 316 
2.37    42.20 96.746839 93.599508 12 62 85 86 106 107 127 128 167 168 204 205 242 45 61 243 261 262 277 1 44 278 295 296 316 
2.16    46.31 96.937715 93.969205 13 205 220 221 242 62 85 86 106 107 127 128 167 168 204 45 61 243 261 262 277 1 44 278 295 296 316 
1.93    51.80 97.099621 94.283364 14 1 24 25 44 205 220 221 242 62 85 86 106 107 127 128 167 168 204 45 61 243 261 262 277 278 295 296 316 
1.75    57.09 97.213097 94.503862 15 128 148 149 167 1 24 25 44 205 220 221 242 62 85 86 106 107 127 168 204 45 61 243 261 262 277 278 295 296 316 
1.58    63.25 97.357134 94.784115 16 168 187 188 204 128 148 149 167 1 24 25 44 205 220 221 242 62 85 86 106 107 127 45 61 243 261 262 277 278 295 296 316 
