# pdb file = /home/wagram/gelly/CORNICHON/PROJECTS/DR/DR_2/PDBs_Clean/3VRCA/3VRCA.pdb
# dssp file = /home/wagram/gelly/CORNICHON/PROJECTS/DR/DR_2/PDBs_Clean/3VRCA/3VRCA.dssp
# R2 value = 99
# S2D limit size = 8
# limit size of PU= 15
# max size of PU= 0
# d0 value= 6.0
# delta value= 1.5
# only secondary structure= 0
# pruning flag= 0
# cut off pruning= 0
# Max Number of pu= 40
# END PARSE PDB
# END PARSE DSSP
#i/e    i/i+e R2        CI        N DOMAINS
10.24    9.77 73.714783 54.338692 2 1 70 71 130 
5.54    18.04 86.308890 74.492245 4 1 15 16 51 52 70 71 130 
3.68    27.15 92.136154 84.890708 6 71 88 89 120 121 130 1 15 16 51 52 70 
3.04    32.90 93.496033 87.415083 7 16 33 34 51 71 88 89 120 121 130 1 15 52 70 
2.42    41.36 94.395104 89.104357 8 89 105 106 120 16 33 34 51 71 88 121 130 1 15 52 70 
