# pdb file = /home/wagram/gelly/CORNICHON/PROJECTS/DR/DR_2/PDBs_Clean/4DE9A/4DE9A.pdb
# dssp file = /home/wagram/gelly/CORNICHON/PROJECTS/DR/DR_2/PDBs_Clean/4DE9A/4DE9A.dssp
# R2 value = 99
# S2D limit size = 8
# limit size of PU= 15
# max size of PU= 0
# d0 value= 6.0
# delta value= 1.5
# only secondary structure= 0
# pruning flag= 0
# cut off pruning= 0
# Max Number of pu= 40
# END PARSE PDB
# END PARSE DSSP
#i/e    i/i+e R2        CI        N DOMAINS
8.07    12.40 86.317988 74.507950 3 1 103 104 179 180 240 
7.88    12.68 89.354958 79.843086 4 180 204 205 240 1 103 104 179 
7.17    13.95 90.397175 81.716492 5 205 223 224 240 180 204 1 103 104 179 
4.37    22.90 92.815741 86.147618 7 104 122 123 141 142 179 205 223 224 240 180 204 1 103 
4.09    24.44 93.807533 87.998532 8 142 159 160 179 104 122 123 141 205 223 224 240 180 204 1 103 
3.61    27.72 95.048271 90.341739 9 1 22 23 103 142 159 160 179 104 122 123 141 205 223 224 240 180 204 
2.66    37.56 96.512680 93.146974 11 23 56 57 95 96 103 1 22 142 159 160 179 104 122 123 141 205 223 224 240 180 204 
2.43    41.21 96.970093 94.031990 12 57 74 75 95 23 56 96 103 1 22 142 159 160 179 104 122 123 141 205 223 224 240 180 204 
2.20    45.51 97.271301 94.617060 13 23 39 40 56 57 74 75 95 96 103 1 22 142 159 160 179 104 122 123 141 205 223 224 240 180 204 
