# pdb file = /home/wagram/gelly/CORNICHON/PROJECTS/DR/DR_2/PDBs_Clean/3U2EA/3U2EA.pdb
# dssp file = /home/wagram/gelly/CORNICHON/PROJECTS/DR/DR_2/PDBs_Clean/3U2EA/3U2EA.dssp
# R2 value = 99
# S2D limit size = 8
# limit size of PU= 15
# max size of PU= 0
# d0 value= 6.0
# delta value= 1.5
# only secondary structure= 0
# pruning flag= 0
# cut off pruning= 0
# Max Number of pu= 40
# END PARSE PDB
# END PARSE DSSP
#i/e    i/i+e R2        CI        N DOMAINS
10.34    9.67 81.197949 65.931069 3 1 98 99 241 242 260 
7.44    13.45 89.239475 79.636840 4 99 177 178 241 1 98 242 260 
6.33    15.80 91.263775 83.290766 5 1 17 18 98 99 177 178 241 242 260 
4.73    21.14 94.436055 89.181684 7 18 40 41 65 66 98 1 17 99 177 178 241 242 260 
4.03    24.80 95.431125 91.070996 8 99 122 123 177 18 40 41 65 66 98 1 17 178 241 242 260 
3.38    29.56 96.271778 92.682552 9 178 215 216 241 99 122 123 177 18 40 41 65 66 98 1 17 242 260 
3.07    32.58 96.718488 93.544659 10 123 161 162 177 178 215 216 241 99 122 18 40 41 65 66 98 1 17 242 260 
2.87    34.89 96.993990 94.078341 11 66 81 82 98 123 161 162 177 178 215 216 241 99 122 18 40 41 65 1 17 242 260 
2.60    38.53 97.198602 94.475683 12 178 200 201 215 66 81 82 98 123 161 162 177 216 241 99 122 18 40 41 65 1 17 242 260 
2.26    44.25 97.361683 94.792972 13 123 140 141 161 178 200 201 215 66 81 82 98 162 177 216 241 99 122 18 40 41 65 1 17 242 260 
