# pdb file = /home/wagram/gelly/CORNICHON/PROJECTS/DR/DR_2/PDBs_Clean/3PE6A/3PE6A.pdb
# dssp file = /home/wagram/gelly/CORNICHON/PROJECTS/DR/DR_2/PDBs_Clean/3PE6A/3PE6A.dssp
# R2 value = 99
# S2D limit size = 8
# limit size of PU= 15
# max size of PU= 0
# d0 value= 6.0
# delta value= 1.5
# only secondary structure= 0
# pruning flag= 0
# cut off pruning= 0
# Max Number of pu= 40
# END PARSE PDB
# END PARSE DSSP
#i/e    i/i+e R2        CI        N DOMAINS
8.44    11.84 79.969043 63.950478 3 1 146 147 168 169 289 
6.74    14.85 85.915805 73.815256 4 169 217 218 289 1 146 147 168 
6.40    15.61 87.695725 76.905402 5 169 200 201 217 218 289 1 146 147 168 
5.82    17.19 90.023493 81.042294 6 218 263 264 289 169 200 201 217 1 146 147 168 
4.23    23.65 93.798016 87.980678 7 1 83 84 146 218 263 264 289 169 200 201 217 147 168 
3.95    25.34 94.957175 90.168651 8 84 108 109 146 1 83 218 263 264 289 169 200 201 217 147 168 
3.07    32.60 96.318175 92.771908 10 1 29 30 68 69 83 84 108 109 146 218 263 264 289 169 200 201 217 147 168 
2.68    37.27 96.562491 93.243146 11 30 51 52 68 1 29 69 83 84 108 109 146 218 263 264 289 169 200 201 217 147 168 
2.30    43.56 96.816566 93.734475 12 109 125 126 146 30 51 52 68 1 29 69 83 84 108 218 263 264 289 169 200 201 217 147 168 
1.95    51.21 96.951867 93.996646 13 218 248 249 263 109 125 126 146 30 51 52 68 1 29 69 83 84 108 264 289 169 200 201 217 147 168 
1.84    54.33 97.110219 94.303945 14 218 233 234 248 249 263 109 125 126 146 30 51 52 68 1 29 69 83 84 108 264 289 169 200 201 217 147 168 
