# pdb file = /home/wagram/gelly/CORNICHON/PROJECTS/DR/DR_2/PDBs_Clean/2YVSA/2YVSA.pdb
# dssp file = /home/wagram/gelly/CORNICHON/PROJECTS/DR/DR_2/PDBs_Clean/2YVSA/2YVSA.dssp
# R2 value = 99
# S2D limit size = 8
# limit size of PU= 15
# max size of PU= 0
# d0 value= 6.0
# delta value= 1.5
# only secondary structure= 0
# pruning flag= 0
# cut off pruning= 0
# Max Number of pu= 40
# END PARSE PDB
# END PARSE DSSP
#i/e    i/i+e R2        CI        N DOMAINS
10.57    9.46 85.560929 73.206725 3 1 113 114 173 174 219 
9.88    10.12 87.848779 77.174079 4 174 204 205 219 1 113 114 173 
4.89    20.46 92.099732 84.823606 6 1 16 17 39 40 113 174 204 205 219 114 173 
3.83    26.09 93.605497 87.619891 7 40 61 62 113 1 16 17 39 174 204 205 219 114 173 
3.06    32.71 94.271217 88.870624 8 114 155 156 173 40 61 62 113 1 16 17 39 174 204 205 219 
2.49    40.13 94.999577 90.249196 9 62 93 94 113 114 155 156 173 40 61 1 16 17 39 174 204 205 219 
2.31    43.35 95.345840 90.908292 10 62 77 78 93 94 113 114 155 156 173 40 61 1 16 17 39 174 204 205 219 
1.94    51.47 95.653913 91.496711 11 114 134 135 155 62 77 78 93 94 113 156 173 40 61 1 16 17 39 174 204 205 219 
1.69    59.32 95.885645 91.940568 12 174 189 190 204 114 134 135 155 62 77 78 93 94 113 156 173 40 61 1 16 17 39 205 219 
