# pdb file = /home/wagram/gelly/CORNICHON/PROJECTS/DR/DR_2/PDBs_Clean/4E6NA/4E6NA.pdb
# dssp file = /home/wagram/gelly/CORNICHON/PROJECTS/DR/DR_2/PDBs_Clean/4E6NA/4E6NA.dssp
# R2 value = 99
# S2D limit size = 8
# limit size of PU= 15
# max size of PU= 0
# d0 value= 6.0
# delta value= 1.5
# only secondary structure= 0
# pruning flag= 0
# cut off pruning= 0
# Max Number of pu= 40
# END PARSE PDB
# END PARSE DSSP
#i/e    i/i+e R2        CI        N DOMAINS
5.50    18.18 80.147940 64.236923 3 1 163 164 217 218 407 
4.82    20.73 88.949526 79.120181 5 1 43 44 77 78 163 164 217 218 407 
4.44    22.53 93.267341 86.987968 6 218 356 357 407 1 43 44 77 78 163 164 217 
4.00    24.97 95.474706 91.154195 8 218 236 237 332 333 356 357 407 1 43 44 77 78 163 164 217 
3.78    26.45 96.489511 93.102257 9 237 277 278 332 218 236 333 356 357 407 1 43 44 77 78 163 164 217 
3.68    27.17 96.773650 93.651394 10 1 17 18 43 237 277 278 332 218 236 333 356 357 407 44 77 78 163 164 217 
3.52    28.37 97.100975 94.285993 11 278 305 306 332 1 17 18 43 237 277 218 236 333 356 357 407 44 77 78 163 164 217 
3.38    29.59 97.370716 94.810563 12 164 180 181 217 278 305 306 332 1 17 18 43 237 277 218 236 333 356 357 407 44 77 78 163 
2.80    35.71 97.942629 95.927586 14 78 118 119 147 148 163 164 180 181 217 278 305 306 332 1 17 18 43 237 277 218 236 333 356 357 407 44 77 
2.67    37.47 98.054196 96.146254 15 181 196 197 217 78 118 119 147 148 163 164 180 278 305 306 332 1 17 18 43 237 277 218 236 333 356 357 407 44 77 
2.50    39.99 98.191704 96.416107 16 357 373 374 407 181 196 197 217 78 118 119 147 148 163 164 180 278 305 306 332 1 17 18 43 237 277 218 236 333 356 44 77 
2.44    40.97 98.303133 96.635059 17 374 392 393 407 357 373 181 196 197 217 78 118 119 147 148 163 164 180 278 305 306 332 1 17 18 43 237 277 218 236 333 356 44 77 
2.30    43.40 98.421307 96.867536 18 237 254 255 277 374 392 393 407 357 373 181 196 197 217 78 118 119 147 148 163 164 180 278 305 306 332 1 17 18 43 218 236 333 356 44 77 
2.13    46.93 98.503054 97.028517 19 78 103 104 118 237 254 255 277 374 392 393 407 357 373 181 196 197 217 119 147 148 163 164 180 278 305 306 332 1 17 18 43 218 236 333 356 44 77 
