# pdb file = /home/wagram/gelly/CORNICHON/PROJECTS/DR/DR_2/PDBs_Clean/3RRKA/3RRKA.pdb
# dssp file = /home/wagram/gelly/CORNICHON/PROJECTS/DR/DR_2/PDBs_Clean/3RRKA/3RRKA.dssp
# R2 value = 99
# S2D limit size = 8
# limit size of PU= 15
# max size of PU= 0
# d0 value= 6.0
# delta value= 1.5
# only secondary structure= 0
# pruning flag= 0
# cut off pruning= 0
# Max Number of pu= 40
# END PARSE PDB
# END PARSE DSSP
#i/e    i/i+e R2        CI        N DOMAINS
6.02    16.61 86.677131 75.129250 3 1 106 107 225 226 301 
5.91    16.92 90.921048 82.666369 4 1 40 41 106 107 225 226 301 
5.62    17.81 93.641194 87.686732 5 226 255 256 301 1 40 41 106 107 225 
4.15    24.12 96.115786 92.382443 7 107 131 132 200 201 225 226 255 256 301 1 40 41 106 
3.95    25.29 96.611903 93.338598 8 256 272 273 301 107 131 132 200 201 225 226 255 1 40 41 106 
3.70    27.00 97.134468 94.351049 9 41 57 58 106 256 272 273 301 107 131 132 200 201 225 226 255 1 40 
3.52    28.40 97.355590 94.781108 10 1 24 25 40 41 57 58 106 256 272 273 301 107 131 132 200 201 225 226 255 
3.28    30.46 97.626209 95.308767 11 58 76 77 106 1 24 25 40 41 57 256 272 273 301 107 131 132 200 201 225 226 255 
2.45    40.80 97.936329 95.915245 13 132 146 147 162 163 200 58 76 77 106 1 24 25 40 41 57 256 272 273 301 107 131 201 225 226 255 
2.38    42.01 98.133780 96.302387 14 163 180 181 200 132 146 147 162 58 76 77 106 1 24 25 40 41 57 256 272 273 301 107 131 201 225 226 255 
