# pdb file = /home/wagram/gelly/CORNICHON/PROJECTS/DR/DR_2/PDBs_Clean/2EVAA/2EVAA.pdb
# dssp file = /home/wagram/gelly/CORNICHON/PROJECTS/DR/DR_2/PDBs_Clean/2EVAA/2EVAA.dssp
# R2 value = 99
# S2D limit size = 8
# limit size of PU= 15
# max size of PU= 0
# d0 value= 6.0
# delta value= 1.5
# only secondary structure= 0
# pruning flag= 0
# cut off pruning= 0
# Max Number of pu= 40
# END PARSE PDB
# END PARSE DSSP
#i/e    i/i+e R2        CI        N DOMAINS
33.40    2.99 76.967645 59.240184 2 1 80 81 295 
23.07    4.33 82.198844 67.566499 3 81 280 281 295 1 80 
6.04    16.55 92.257830 85.115072 5 81 152 153 237 238 280 281 295 1 80 
5.95    16.81 93.127038 86.726452 6 238 263 264 280 81 152 153 237 281 295 1 80 
4.53    22.07 94.797811 89.866250 8 81 98 99 127 128 152 238 263 264 280 153 237 281 295 1 80 
3.35    29.87 95.987478 92.135959 10 1 40 41 64 65 80 81 98 99 127 128 152 238 263 264 280 153 237 281 295 
2.70    37.08 97.144686 94.370901 12 153 190 191 210 211 237 1 40 41 64 65 80 81 98 99 127 128 152 238 263 264 280 281 295 
2.55    39.25 97.405605 94.878520 13 153 175 176 190 191 210 211 237 1 40 41 64 65 80 81 98 99 127 128 152 238 263 264 280 281 295 
2.32    43.04 97.513739 95.089293 14 1 16 17 40 153 175 176 190 191 210 211 237 41 64 65 80 81 98 99 127 128 152 238 263 264 280 281 295 
