# pdb file = /home/wagram/gelly/CORNICHON/PROJECTS/DR/DR_2/PDBs_Clean/2ERXA/2ERXA.pdb
# dssp file = /home/wagram/gelly/CORNICHON/PROJECTS/DR/DR_2/PDBs_Clean/2ERXA/2ERXA.dssp
# R2 value = 99
# S2D limit size = 8
# limit size of PU= 15
# max size of PU= 0
# d0 value= 6.0
# delta value= 1.5
# only secondary structure= 0
# pruning flag= 0
# cut off pruning= 0
# Max Number of pu= 40
# END PARSE PDB
# END PARSE DSSP
#i/e    i/i+e R2        CI        N DOMAINS
7.29    13.71 74.314559 55.226537 3 1 74 75 161 162 168 
3.96    25.24 83.960007 70.492828 5 75 90 91 105 106 161 1 74 162 168 
3.48    28.77 87.625442 76.782181 6 1 59 60 74 75 90 91 105 106 161 162 168 
2.46    40.65 91.138909 83.063007 8 106 121 122 136 137 161 1 59 60 74 75 90 91 105 162 168 
1.93    51.69 92.817461 86.150811 9 1 33 34 59 106 121 122 136 137 161 60 74 75 90 91 105 162 168 
