# pdb file = /home/wagram/gelly/CORNICHON/PROJECTS/DR/DR_2/PDBs_Clean/2C40A/2C40A.pdb
# dssp file = /home/wagram/gelly/CORNICHON/PROJECTS/DR/DR_2/PDBs_Clean/2C40A/2C40A.dssp
# R2 value = 99
# S2D limit size = 8
# limit size of PU= 15
# max size of PU= 0
# d0 value= 6.0
# delta value= 1.5
# only secondary structure= 0
# pruning flag= 0
# cut off pruning= 0
# Max Number of pu= 40
# END PARSE PDB
# END PARSE DSSP
#i/e    i/i+e R2        CI        N DOMAINS
8.07    12.39 75.763224 57.400661 3 1 204 205 234 235 302 
7.03    14.22 82.117097 67.432176 5 235 251 252 285 286 302 1 204 205 234 
4.72    21.18 90.647695 82.170046 6 1 105 106 204 235 251 252 285 286 302 205 234 
3.43    29.13 93.308281 87.064353 8 106 154 155 170 171 204 1 105 235 251 252 285 286 302 205 234 
3.37    29.65 94.011150 88.380963 9 171 189 190 204 106 154 155 170 1 105 235 251 252 285 286 302 205 234 
2.75    36.32 95.223488 90.675126 10 1 33 34 105 171 189 190 204 106 154 155 170 235 251 252 285 286 302 205 234 
2.21    45.25 95.997588 92.155368 12 34 67 68 95 96 105 1 33 171 189 190 204 106 154 155 170 235 251 252 285 286 302 205 234 
2.08    48.19 96.213732 92.570823 13 34 49 50 67 68 95 96 105 1 33 171 189 190 204 106 154 155 170 235 251 252 285 286 302 205 234 
1.87    53.41 96.576956 93.271083 14 106 123 124 154 34 49 50 67 68 95 96 105 1 33 171 189 190 204 155 170 235 251 252 285 286 302 205 234 
1.71    58.32 96.768698 93.641809 15 1 18 19 33 106 123 124 154 34 49 50 67 68 95 96 105 171 189 190 204 155 170 235 251 252 285 286 302 205 234 
1.53    65.34 96.863061 93.824525 16 252 270 271 285 1 18 19 33 106 123 124 154 34 49 50 67 68 95 96 105 171 189 190 204 155 170 235 251 286 302 205 234 
