# pdb file = /home/wagram/gelly/CORNICHON/PROJECTS/DR/DR_2/PDBs_Clean/2VQEE/2VQEE.pdb
# dssp file = /home/wagram/gelly/CORNICHON/PROJECTS/DR/DR_2/PDBs_Clean/2VQEE/2VQEE.dssp
# R2 value = 99
# S2D limit size = 8
# limit size of PU= 15
# max size of PU= 0
# d0 value= 6.0
# delta value= 1.5
# only secondary structure= 0
# pruning flag= 0
# cut off pruning= 0
# Max Number of pu= 40
# END PARSE PDB
# END PARSE DSSP
#i/e    i/i+e R2        CI        N DOMAINS
13.83    7.23 76.386262 58.348610 2 1 64 65 150 
9.98    10.02 82.462806 68.001144 3 65 135 136 150 1 64 
3.46    28.90 87.587921 76.716440 5 65 94 95 112 113 135 136 150 1 64 
2.54    39.36 89.631381 80.337845 6 1 23 24 64 65 94 95 112 113 135 136 150 
1.81    55.19 90.697618 82.260579 7 24 43 44 64 1 23 65 94 95 112 113 135 136 150 
