# pdb file = /home/wagram/gelly/CORNICHON/PROJECTS/DR/DR_2/PDBs_Clean/3U5EB/3U5EB.pdb
# dssp file = /home/wagram/gelly/CORNICHON/PROJECTS/DR/DR_2/PDBs_Clean/3U5EB/3U5EB.dssp
# R2 value = 99
# S2D limit size = 8
# limit size of PU= 15
# max size of PU= 0
# d0 value= 6.0
# delta value= 1.5
# only secondary structure= 0
# pruning flag= 0
# cut off pruning= 0
# Max Number of pu= 40
# END PARSE PDB
# END PARSE DSSP
#i/e    i/i+e R2        CI        N DOMAINS
6.31    15.84 79.254336 62.812498 3 1 222 223 269 270 386 
6.21    16.09 83.918362 70.422915 4 1 19 20 222 223 269 270 386 
4.40    22.71 90.014252 81.025655 6 20 51 52 76 77 222 1 19 223 269 270 386 
4.26    23.45 92.737532 86.002498 7 77 202 203 222 20 51 52 76 1 19 223 269 270 386 
4.09    24.42 93.863104 88.102823 8 270 370 371 386 77 202 203 222 20 51 52 76 1 19 223 269 
3.44    29.03 95.411696 91.033917 10 270 328 329 352 353 370 371 386 77 202 203 222 20 51 52 76 1 19 223 269 
3.09    32.39 96.344293 92.822227 12 270 285 286 318 319 328 329 352 353 370 371 386 77 202 203 222 20 51 52 76 1 19 223 269 
3.03    33.04 96.602480 93.320392 13 20 35 36 51 270 285 286 318 319 328 329 352 353 370 371 386 77 202 203 222 52 76 1 19 223 269 
2.14    46.66 97.518731 95.099029 15 77 117 118 145 146 202 20 35 36 51 270 285 286 318 319 328 329 352 353 370 371 386 203 222 52 76 1 19 223 269 
1.94    51.62 97.897509 95.839222 17 146 162 163 180 181 202 77 117 118 145 20 35 36 51 270 285 286 318 319 328 329 352 353 370 371 386 203 222 52 76 1 19 223 269 
1.88    53.27 98.032454 96.103621 18 286 303 304 318 146 162 163 180 181 202 77 117 118 145 20 35 36 51 270 285 319 328 329 352 353 370 371 386 203 222 52 76 1 19 223 269 
1.76    56.81 98.129941 96.294853 19 223 249 250 269 286 303 304 318 146 162 163 180 181 202 77 117 118 145 20 35 36 51 270 285 319 328 329 352 353 370 371 386 203 222 52 76 1 19 
1.66    60.41 98.296194 96.621418 20 77 92 93 117 223 249 250 269 286 303 304 318 146 162 163 180 181 202 118 145 20 35 36 51 270 285 319 328 329 352 353 370 371 386 203 222 52 76 1 19 
