# pdb file = /home/wagram/gelly/CORNICHON/PROJECTS/DR/DR_2/PDBs_Clean/2FD5A/2FD5A.pdb
# dssp file = /home/wagram/gelly/CORNICHON/PROJECTS/DR/DR_2/PDBs_Clean/2FD5A/2FD5A.dssp
# R2 value = 99
# S2D limit size = 8
# limit size of PU= 15
# max size of PU= 0
# d0 value= 6.0
# delta value= 1.5
# only secondary structure= 0
# pruning flag= 0
# cut off pruning= 0
# Max Number of pu= 40
# END PARSE PDB
# END PARSE DSSP
#i/e    i/i+e R2        CI        N DOMAINS
20.36    4.91 76.713208 58.849164 2 1 59 60 180 
6.33    15.79 89.934235 80.881666 4 60 108 109 130 131 180 1 59 
5.60    17.87 91.982241 84.607326 5 131 146 147 180 60 108 109 130 1 59 
4.89    20.45 93.343270 87.129661 6 60 91 92 108 131 146 147 180 109 130 1 59 
4.54    22.01 94.458497 89.224077 7 60 76 77 91 92 108 131 146 147 180 109 130 1 59 
3.63    27.59 95.406929 91.024821 8 1 39 40 59 60 76 77 91 92 108 131 146 147 180 109 130 
3.13    31.94 95.954471 92.072604 9 1 16 17 39 40 59 60 76 77 91 92 108 131 146 147 180 109 130 
2.68    37.31 96.322872 92.780958 10 147 163 164 180 1 16 17 39 40 59 60 76 77 91 92 108 131 146 109 130 
