# pdb file = /home/wagram/gelly/CORNICHON/PROJECTS/DR/DR_2/PDBs_Clean/2G5GX/2G5GX.pdb
# dssp file = /home/wagram/gelly/CORNICHON/PROJECTS/DR/DR_2/PDBs_Clean/2G5GX/2G5GX.dssp
# R2 value = 99
# S2D limit size = 8
# limit size of PU= 15
# max size of PU= 0
# d0 value= 6.0
# delta value= 1.5
# only secondary structure= 0
# pruning flag= 0
# cut off pruning= 0
# Max Number of pu= 40
# END PARSE PDB
# END PARSE DSSP
#i/e    i/i+e R2        CI        N DOMAINS
5.88    17.00 82.484646 68.037168 3 1 131 132 188 189 255 
5.23    19.14 88.946673 79.115106 4 1 37 38 131 132 188 189 255 
4.57    21.90 91.768953 84.215408 5 38 65 66 131 1 37 132 188 189 255 
4.35    23.00 92.561809 85.676886 6 1 19 20 37 38 65 66 131 132 188 189 255 
4.03    24.79 93.614889 87.637475 7 132 147 148 188 1 19 20 37 38 65 66 131 189 255 
3.62    27.60 95.086560 90.414539 8 189 230 231 255 132 147 148 188 1 19 20 37 38 65 66 131 
2.66    37.57 96.030532 92.218630 10 66 91 92 122 123 131 189 230 231 255 132 147 148 188 1 19 20 37 38 65 
2.55    39.21 96.383066 92.896955 11 92 107 108 122 66 91 123 131 189 230 231 255 132 147 148 188 1 19 20 37 38 65 
2.35    42.61 96.702044 93.512854 12 148 170 171 188 92 107 108 122 66 91 123 131 189 230 231 255 132 147 1 19 20 37 38 65 
2.14    46.69 97.138194 94.358287 13 189 208 209 230 148 170 171 188 92 107 108 122 66 91 123 131 231 255 132 147 1 19 20 37 38 65 
