# pdb file = /home/wagram/gelly/CORNICHON/PROJECTS/DR/DR_2/PDBs_Clean/2PYWA/2PYWA.pdb
# dssp file = /home/wagram/gelly/CORNICHON/PROJECTS/DR/DR_2/PDBs_Clean/2PYWA/2PYWA.dssp
# R2 value = 99
# S2D limit size = 8
# limit size of PU= 15
# max size of PU= 0
# d0 value= 6.0
# delta value= 1.5
# only secondary structure= 0
# pruning flag= 0
# cut off pruning= 0
# Max Number of pu= 40
# END PARSE PDB
# END PARSE DSSP
#i/e    i/i+e R2        CI        N DOMAINS
31.91    3.13 76.949893 59.212860 2 1 116 117 417 
8.39    11.91 87.898053 77.260676 4 117 326 327 345 346 417 1 116 
4.67    21.39 93.472926 87.371878 6 117 172 173 227 228 326 327 345 346 417 1 116 
4.62    21.66 94.123047 88.591481 7 117 133 134 172 173 227 228 326 327 345 346 417 1 116 
4.40    22.74 95.454920 91.116417 8 228 272 273 326 117 133 134 172 173 227 327 345 346 417 1 116 
4.27    23.43 96.076762 92.307442 9 273 301 302 326 228 272 117 133 134 172 173 227 327 345 346 417 1 116 
4.16    24.07 96.379553 92.890182 10 134 157 158 172 273 301 302 326 228 272 117 133 173 227 327 345 346 417 1 116 
3.64    27.44 97.113120 94.309580 12 346 370 371 388 389 417 134 157 158 172 273 301 302 326 228 272 117 133 173 227 327 345 1 116 
3.48    28.74 97.364818 94.799078 13 173 210 211 227 346 370 371 388 389 417 134 157 158 172 273 301 302 326 228 272 117 133 327 345 1 116 
3.38    29.60 97.553811 95.167459 14 173 194 195 210 211 227 346 370 371 388 389 417 134 157 158 172 273 301 302 326 228 272 117 133 327 345 1 116 
2.84    35.25 98.170107 96.373700 16 1 78 79 100 101 116 173 194 195 210 211 227 346 370 371 388 389 417 134 157 158 172 273 301 302 326 228 272 117 133 327 345 
2.72    36.78 98.360855 96.748577 17 1 62 63 78 79 100 101 116 173 194 195 210 211 227 346 370 371 388 389 417 134 157 158 172 273 301 302 326 228 272 117 133 327 345 
2.56    38.99 98.471658 96.966674 18 1 18 19 62 63 78 79 100 101 116 173 194 195 210 211 227 346 370 371 388 389 417 134 157 158 172 273 301 302 326 228 272 117 133 327 345 
2.44    41.04 98.561896 97.144473 19 19 34 35 62 1 18 63 78 79 100 101 116 173 194 195 210 211 227 346 370 371 388 389 417 134 157 158 172 273 301 302 326 228 272 117 133 327 345 
2.22    45.12 98.665579 97.348965 20 228 256 257 272 19 34 35 62 1 18 63 78 79 100 101 116 173 194 195 210 211 227 346 370 371 388 389 417 134 157 158 172 273 301 302 326 117 133 327 345 
