# pdb file = /home/wagram/gelly/CORNICHON/PROJECTS/DR/DR_2/PDBs_Clean/2VGLS/2VGLS.pdb
# dssp file = /home/wagram/gelly/CORNICHON/PROJECTS/DR/DR_2/PDBs_Clean/2VGLS/2VGLS.dssp
# R2 value = 99
# S2D limit size = 8
# limit size of PU= 15
# max size of PU= 0
# d0 value= 6.0
# delta value= 1.5
# only secondary structure= 0
# pruning flag= 0
# cut off pruning= 0
# Max Number of pu= 40
# END PARSE PDB
# END PARSE DSSP
#i/e    i/i+e R2        CI        N DOMAINS
17.32    5.77 77.578464 60.184180 2 1 85 86 142 
5.72    17.49 88.811870 78.875483 4 1 21 22 46 47 85 86 142 
4.46    22.43 91.739409 84.161191 5 86 110 111 142 1 21 22 46 47 85 
4.06    24.65 93.211756 86.884314 6 111 126 127 142 86 110 1 21 22 46 47 85 
3.26    30.68 94.234060 88.800581 7 47 70 71 85 111 126 127 142 86 110 1 21 22 46 
