# pdb file = /home/wagram/gelly/CORNICHON/PROJECTS/DR/DR_2/PDBs_Clean/1QLMA/1QLMA.pdb
# dssp file = /home/wagram/gelly/CORNICHON/PROJECTS/DR/DR_2/PDBs_Clean/1QLMA/1QLMA.dssp
# R2 value = 99
# S2D limit size = 8
# limit size of PU= 15
# max size of PU= 0
# d0 value= 6.0
# delta value= 1.5
# only secondary structure= 0
# pruning flag= 0
# cut off pruning= 0
# Max Number of pu= 40
# END PARSE PDB
# END PARSE DSSP
#i/e    i/i+e R2        CI        N DOMAINS
14.20    7.04 76.284809 58.193720 2 1 183 184 316 
5.49    18.22 86.168484 74.250077 4 1 63 64 79 80 183 184 316 
5.09    19.66 88.595099 78.490915 5 80 168 169 183 1 63 64 79 184 316 
4.26    23.46 90.583450 82.053614 7 1 15 16 49 50 63 80 168 169 183 64 79 184 316 
2.67    37.51 93.067136 86.614918 9 184 262 263 279 280 316 1 15 16 49 50 63 80 168 169 183 64 79 
2.29    43.58 94.996135 90.242656 11 184 209 210 233 234 262 263 279 280 316 1 15 16 49 50 63 80 168 169 183 64 79 
2.02    49.49 96.031492 92.220475 12 80 131 132 168 184 209 210 233 234 262 263 279 280 316 1 15 16 49 50 63 169 183 64 79 
1.89    52.93 96.422032 92.972083 13 80 111 112 131 132 168 184 209 210 233 234 262 263 279 280 316 1 15 16 49 50 63 169 183 64 79 
1.82    55.08 96.725683 93.558578 14 80 95 96 111 112 131 132 168 184 209 210 233 234 262 263 279 280 316 1 15 16 49 50 63 169 183 64 79 
1.71    58.38 96.912410 93.920152 15 280 297 298 316 80 95 96 111 112 131 132 168 184 209 210 233 234 262 263 279 1 15 16 49 50 63 169 183 64 79 
1.58    63.45 97.056904 94.200426 16 16 32 33 49 280 297 298 316 80 95 96 111 112 131 132 168 184 209 210 233 234 262 263 279 1 15 50 63 169 183 64 79 
1.45    68.80 97.179442 94.438440 17 132 147 148 168 16 32 33 49 280 297 298 316 80 95 96 111 112 131 184 209 210 233 234 262 263 279 1 15 50 63 169 183 64 79 
