# pdb file = /home/wagram/gelly/CORNICHON/PROJECTS/DR/DR_2/PDBs_Clean/3UJTL/3UJTL.pdb
# dssp file = /home/wagram/gelly/CORNICHON/PROJECTS/DR/DR_2/PDBs_Clean/3UJTL/3UJTL.dssp
# R2 value = 99
# S2D limit size = 8
# limit size of PU= 15
# max size of PU= 0
# d0 value= 6.0
# delta value= 1.5
# only secondary structure= 0
# pruning flag= 0
# cut off pruning= 0
# Max Number of pu= 40
# END PARSE PDB
# END PARSE DSSP
#i/e    i/i+e R2        CI        N DOMAINS
53.20    1.88 83.551669 69.808814 2 1 113 114 217 
5.60    17.87 89.141707 79.462439 4 1 27 28 80 81 113 114 217 
2.77    36.11 92.615303 85.775944 6 114 161 162 186 187 217 1 27 28 80 81 113 
2.65    37.73 93.565213 87.544492 7 114 146 147 161 162 186 187 217 1 27 28 80 81 113 
2.29    43.62 94.294915 88.915310 8 28 64 65 80 114 146 147 161 162 186 187 217 1 27 81 113 
2.03    49.22 94.667214 89.618813 9 28 43 44 64 65 80 114 146 147 161 162 186 187 217 1 27 81 113 
1.85    54.18 94.889843 90.040824 10 187 202 203 217 28 43 44 64 65 80 114 146 147 161 162 186 1 27 81 113 
1.64    61.08 95.140189 90.516556 11 81 96 97 113 187 202 203 217 28 43 44 64 65 80 114 146 147 161 162 186 1 27 
