# pdb file = /home/wagram/gelly/CORNICHON/PROJECTS/DR/DR_2/PDBs_Clean/2BSYA/2BSYA.pdb
# dssp file = /home/wagram/gelly/CORNICHON/PROJECTS/DR/DR_2/PDBs_Clean/2BSYA/2BSYA.dssp
# R2 value = 99
# S2D limit size = 8
# limit size of PU= 15
# max size of PU= 0
# d0 value= 6.0
# delta value= 1.5
# only secondary structure= 0
# pruning flag= 0
# cut off pruning= 0
# Max Number of pu= 40
# END PARSE PDB
# END PARSE DSSP
#i/e    i/i+e R2        CI        N DOMAINS
7.73    12.93 83.287991 69.368894 3 1 107 108 212 213 249 
7.01    14.26 85.405547 72.941074 4 213 234 235 249 1 107 108 212 
3.93    25.44 89.291785 79.730230 6 108 133 134 198 199 212 213 234 235 249 1 107 
2.70    37.02 91.133220 83.052639 8 134 150 151 179 180 198 108 133 199 212 213 234 235 249 1 107 
1.81    55.14 93.589864 87.590627 10 1 29 30 94 95 107 134 150 151 179 180 198 108 133 199 212 213 234 235 249 
1.40    71.49 94.826932 89.921470 12 30 46 47 77 78 94 1 29 95 107 134 150 151 179 180 198 108 133 199 212 213 234 235 249 
1.28    78.25 95.183043 90.598117 13 47 62 63 77 30 46 78 94 1 29 95 107 134 150 151 179 180 198 108 133 199 212 213 234 235 249 
