# pdb file = /home/wagram/gelly/CORNICHON/PROJECTS/DR/DR_2/PDBs_Clean/2R2JA/2R2JA.pdb
# dssp file = /home/wagram/gelly/CORNICHON/PROJECTS/DR/DR_2/PDBs_Clean/2R2JA/2R2JA.dssp
# R2 value = 99
# S2D limit size = 8
# limit size of PU= 15
# max size of PU= 0
# d0 value= 6.0
# delta value= 1.5
# only secondary structure= 0
# pruning flag= 0
# cut off pruning= 0
# Max Number of pu= 40
# END PARSE PDB
# END PARSE DSSP
#i/e    i/i+e R2        CI        N DOMAINS
42.55    2.35 85.749420 73.529631 3 1 188 189 319 320 328 
32.68    3.06 93.221694 86.902843 4 1 107 108 188 189 319 320 328 
11.80    8.48 95.123404 90.484620 6 189 277 278 309 310 319 1 107 108 188 320 328 
10.79    9.27 95.444257 91.096061 7 278 294 295 309 189 277 310 319 1 107 108 188 320 328 
5.74    17.42 96.467860 93.060481 9 189 216 217 239 240 277 278 294 295 309 310 319 1 107 108 188 320 328 
5.02    19.93 97.020957 94.130661 10 1 88 89 107 189 216 217 239 240 277 278 294 295 309 310 319 108 188 320 328 
3.24    30.87 97.629305 95.314811 12 1 24 25 48 49 88 89 107 189 216 217 239 240 277 278 294 295 309 310 319 108 188 320 328 
3.12    32.04 97.831480 95.709986 13 49 70 71 88 1 24 25 48 89 107 189 216 217 239 240 277 278 294 295 309 310 319 108 188 320 328 
2.78    35.98 98.102831 96.241655 14 108 168 169 188 49 70 71 88 1 24 25 48 89 107 189 216 217 239 240 277 278 294 295 309 310 319 320 328 
2.16    46.39 98.323739 96.675576 16 108 122 123 142 143 168 169 188 49 70 71 88 1 24 25 48 89 107 189 216 217 239 240 277 278 294 295 309 310 319 320 328 
2.05    48.77 98.445235 96.914643 17 240 262 263 277 108 122 123 142 143 168 169 188 49 70 71 88 1 24 25 48 89 107 189 216 217 239 278 294 295 309 310 319 320 328 
