# pdb file = /home/wagram/gelly/CORNICHON/PROJECTS/DR/DR_2/PDBs_Clean/3RF3A/3RF3A.pdb
# dssp file = /home/wagram/gelly/CORNICHON/PROJECTS/DR/DR_2/PDBs_Clean/3RF3A/3RF3A.dssp
# R2 value = 99
# S2D limit size = 8
# limit size of PU= 15
# max size of PU= 0
# d0 value= 6.0
# delta value= 1.5
# only secondary structure= 0
# pruning flag= 0
# cut off pruning= 0
# Max Number of pu= 40
# END PARSE PDB
# END PARSE DSSP
#i/e    i/i+e R2        CI        N DOMAINS
28.73    3.48 84.675725 71.699784 3 1 128 129 249 250 257 
18.70    5.35 89.424023 79.966559 4 1 27 28 128 129 249 250 257 
8.19    12.20 93.645899 87.695543 6 129 199 200 235 236 249 1 27 28 128 250 257 
7.19    13.92 95.093821 90.428348 7 129 170 171 199 200 235 236 249 1 27 28 128 250 257 
6.46    15.49 95.719489 91.622205 8 129 149 150 170 171 199 200 235 236 249 1 27 28 128 250 257 
4.33    23.07 97.137367 94.356681 10 28 51 52 74 75 128 129 149 150 170 171 199 200 235 236 249 1 27 250 257 
3.35    29.87 97.797269 95.643059 12 75 89 90 108 109 128 28 51 52 74 129 149 150 170 171 199 200 235 236 249 1 27 250 257 
2.98    33.59 97.970959 95.983089 13 200 219 220 235 75 89 90 108 109 128 28 51 52 74 129 149 150 170 171 199 236 249 1 27 250 257 
