# pdb file = /home/wagram/gelly/CORNICHON/PROJECTS/DR/DR_2/PDBs_Clean/3SP7A/3SP7A.pdb
# dssp file = /home/wagram/gelly/CORNICHON/PROJECTS/DR/DR_2/PDBs_Clean/3SP7A/3SP7A.dssp
# R2 value = 99
# S2D limit size = 8
# limit size of PU= 15
# max size of PU= 0
# d0 value= 6.0
# delta value= 1.5
# only secondary structure= 0
# pruning flag= 0
# cut off pruning= 0
# Max Number of pu= 40
# END PARSE PDB
# END PARSE DSSP
#i/e    i/i+e R2        CI        N DOMAINS
23.00    4.35 62.391747 38.927301 2 1 128 129 150 
6.45    15.50 87.629801 76.789820 4 1 32 33 57 58 128 129 150 
5.65    17.69 89.327548 79.794108 5 1 16 17 32 33 57 58 128 129 150 
3.69    27.08 94.129534 88.603691 7 58 75 76 97 98 128 1 16 17 32 33 57 129 150 
3.28    30.45 95.086187 90.413830 8 98 113 114 128 58 75 76 97 1 16 17 32 33 57 129 150 
