# pdb file = /home/wagram/gelly/CORNICHON/PROJECTS/DR/DR_2/PDBs_Clean/2XTZA/2XTZA.pdb
# dssp file = /home/wagram/gelly/CORNICHON/PROJECTS/DR/DR_2/PDBs_Clean/2XTZA/2XTZA.dssp
# R2 value = 99
# S2D limit size = 8
# limit size of PU= 15
# max size of PU= 0
# d0 value= 6.0
# delta value= 1.5
# only secondary structure= 0
# pruning flag= 0
# cut off pruning= 0
# Max Number of pu= 40
# END PARSE PDB
# END PARSE DSSP
#i/e    i/i+e R2        CI        N DOMAINS
10.97    9.12 85.554918 73.196440 3 1 34 35 160 161 343 
9.73    10.28 90.341383 81.615655 4 161 195 196 343 1 34 35 160 
8.48    11.79 92.641757 85.824952 5 196 317 318 343 161 195 1 34 35 160 
8.07    12.40 93.306319 87.060691 6 1 18 19 34 196 317 318 343 161 195 35 160 
5.50    18.20 95.413381 91.037134 8 35 51 52 129 130 160 1 18 19 34 196 317 318 343 161 195 
4.34    23.06 96.441213 93.009075 10 52 77 78 113 114 129 35 51 130 160 1 18 19 34 196 317 318 343 161 195 
3.15    31.70 97.597728 95.253166 12 196 258 259 293 294 317 52 77 78 113 114 129 35 51 130 160 1 18 19 34 318 343 161 195 
2.61    38.38 98.046481 96.131124 14 196 210 211 236 237 258 259 293 294 317 52 77 78 113 114 129 35 51 130 160 1 18 19 34 318 343 161 195 
2.51    39.86 98.193836 96.420295 15 259 274 275 293 196 210 211 236 237 258 294 317 52 77 78 113 114 129 35 51 130 160 1 18 19 34 318 343 161 195 
2.41    41.56 98.334651 96.697036 16 78 98 99 113 259 274 275 293 196 210 211 236 237 258 294 317 52 77 114 129 35 51 130 160 1 18 19 34 318 343 161 195 
2.33    42.92 98.458018 96.939814 17 130 145 146 160 78 98 99 113 259 274 275 293 196 210 211 236 237 258 294 317 52 77 114 129 35 51 1 18 19 34 318 343 161 195 
