# pdb file = /home/wagram/gelly/CORNICHON/PROJECTS/DR/DR_2/PDBs_Clean/1NRIA/1NRIA.pdb
# dssp file = /home/wagram/gelly/CORNICHON/PROJECTS/DR/DR_2/PDBs_Clean/1NRIA/1NRIA.dssp
# R2 value = 99
# S2D limit size = 8
# limit size of PU= 15
# max size of PU= 0
# d0 value= 6.0
# delta value= 1.5
# only secondary structure= 0
# pruning flag= 0
# cut off pruning= 0
# Max Number of pu= 40
# END PARSE PDB
# END PARSE DSSP
#i/e    i/i+e R2        CI        N DOMAINS
89.64    1.12 55.566692 30.876573 2 1 226 227 247 
6.55    15.28 86.188943 74.285338 4 1 55 56 179 180 226 227 247 
6.23    16.06 88.627772 78.548819 5 1 33 34 55 56 179 180 226 227 247 
5.85    17.09 90.644300 82.163890 6 180 203 204 226 1 33 34 55 56 179 227 247 
5.54    18.06 91.575947 83.861540 7 1 18 19 33 180 203 204 226 34 55 56 179 227 247 
3.98    25.13 94.522050 89.344180 8 56 112 113 179 1 18 19 33 180 203 204 226 34 55 227 247 
3.62    27.61 95.227222 90.682237 9 56 97 98 112 113 179 1 18 19 33 180 203 204 226 34 55 227 247 
3.23    30.96 95.943243 92.051059 10 113 128 129 179 56 97 98 112 1 18 19 33 180 203 204 226 34 55 227 247 
2.78    35.99 96.393963 92.917961 11 56 75 76 97 113 128 129 179 98 112 1 18 19 33 180 203 204 226 34 55 227 247 
2.30    43.55 96.772602 93.649364 12 129 162 163 179 56 75 76 97 113 128 98 112 1 18 19 33 180 203 204 226 34 55 227 247 
2.01    49.77 96.947427 93.988035 13 129 146 147 162 163 179 56 75 76 97 113 128 98 112 1 18 19 33 180 203 204 226 34 55 227 247 
