# pdb file = /home/wagram/gelly/CORNICHON/PROJECTS/DR/DR_2/PDBs_Clean/2PFTA/2PFTA.pdb
# dssp file = /home/wagram/gelly/CORNICHON/PROJECTS/DR/DR_2/PDBs_Clean/2PFTA/2PFTA.dssp
# R2 value = 99
# S2D limit size = 8
# limit size of PU= 15
# max size of PU= 0
# d0 value= 6.0
# delta value= 1.5
# only secondary structure= 0
# pruning flag= 0
# cut off pruning= 0
# Max Number of pu= 40
# END PARSE PDB
# END PARSE DSSP
#i/e    i/i+e R2        CI        N DOMAINS
70.47    1.42 84.254687 70.988523 2 1 268 269 519 
42.15    2.37 90.620557 82.120854 3 1 66 67 268 269 519 
26.96    3.71 94.674894 89.633355 4 269 407 408 519 1 66 67 268 
17.77    5.63 96.427124 92.981903 5 67 199 200 268 269 407 408 519 1 66 
10.55    9.48 97.387138 94.842546 7 269 304 305 330 331 407 67 199 200 268 408 519 1 66 
10.06    9.94 97.526218 95.113631 8 269 286 287 304 305 330 331 407 67 199 200 268 408 519 1 66 
8.27    12.09 97.886597 95.817858 10 200 230 231 256 257 268 269 286 287 304 305 330 331 407 67 199 408 519 1 66 
7.00    14.28 98.190178 96.413111 11 408 454 455 519 200 230 231 256 257 268 269 286 287 304 305 330 331 407 67 199 1 66 
6.02    16.60 98.421165 96.867258 13 455 479 480 502 503 519 408 454 200 230 231 256 257 268 269 286 287 304 305 330 331 407 67 199 1 66 
4.85    20.64 98.806689 97.627618 15 67 95 96 120 121 199 455 479 480 502 503 519 408 454 200 230 231 256 257 268 269 286 287 304 305 330 331 407 1 66 
4.20    23.80 99.004831 98.019566 17 121 137 138 163 164 199 67 95 96 120 455 479 480 502 503 519 408 454 200 230 231 256 257 268 269 286 287 304 305 330 331 407 1 66 
