# pdb file = /home/wagram/gelly/CORNICHON/PROJECTS/DR/DR_2/PDBs_Clean/2ZD1A/2ZD1A.pdb
# dssp file = /home/wagram/gelly/CORNICHON/PROJECTS/DR/DR_2/PDBs_Clean/2ZD1A/2ZD1A.dssp
# R2 value = 99
# S2D limit size = 8
# limit size of PU= 15
# max size of PU= 0
# d0 value= 6.0
# delta value= 1.5
# only secondary structure= 0
# pruning flag= 0
# cut off pruning= 0
# Max Number of pu= 40
# END PARSE PDB
# END PARSE DSSP
#i/e    i/i+e R2        CI        N DOMAINS
95.83    1.04 79.455092 63.131116 2 1 427 428 554 
36.53    2.74 92.185670 84.981978 3 1 226 227 427 428 554 
23.17    4.32 94.698160 89.677415 4 227 320 321 427 1 226 428 554 
17.99    5.56 95.556456 91.310363 6 227 245 246 313 314 320 321 427 1 226 428 554 
9.27    10.79 97.059837 94.206119 8 1 89 90 104 105 226 227 245 246 313 314 320 321 427 428 554 
6.92    14.46 97.672101 95.398393 10 105 121 122 149 150 226 1 89 90 104 227 245 246 313 314 320 321 427 428 554 
6.24    16.02 98.008310 96.056289 12 1 21 22 78 79 89 105 121 122 149 150 226 90 104 227 245 246 313 314 320 321 427 428 554 
5.92    16.89 98.237440 96.505946 13 150 193 194 226 1 21 22 78 79 89 105 121 122 149 90 104 227 245 246 313 314 320 321 427 428 554 
5.71    17.51 98.373109 96.772686 14 150 169 170 193 194 226 1 21 22 78 79 89 105 121 122 149 90 104 227 245 246 313 314 320 321 427 428 554 
5.14    19.46 98.532742 97.087013 16 22 39 40 57 58 78 150 169 170 193 194 226 1 21 79 89 105 121 122 149 90 104 227 245 246 313 314 320 321 427 428 554 
4.65    21.49 98.724731 97.465725 17 321 392 393 427 22 39 40 57 58 78 150 169 170 193 194 226 1 21 79 89 105 121 122 149 90 104 227 245 246 313 314 320 428 554 
4.51    22.15 98.779109 97.573124 18 194 210 211 226 321 392 393 427 22 39 40 57 58 78 150 169 170 193 1 21 79 89 105 121 122 149 90 104 227 245 246 313 314 320 428 554 
3.45    28.98 99.007946 98.025735 20 428 500 501 529 530 554 194 210 211 226 321 392 393 427 22 39 40 57 58 78 150 169 170 193 1 21 79 89 105 121 122 149 90 104 227 245 246 313 314 320 
