# pdb file = /home/wagram/gelly/CORNICHON/PROJECTS/DR/DR_2/PDBs_Clean/1PXZA/1PXZA.pdb
# dssp file = /home/wagram/gelly/CORNICHON/PROJECTS/DR/DR_2/PDBs_Clean/1PXZA/1PXZA.dssp
# R2 value = 99
# S2D limit size = 8
# limit size of PU= 15
# max size of PU= 0
# d0 value= 6.0
# delta value= 1.5
# only secondary structure= 0
# pruning flag= 0
# cut off pruning= 0
# Max Number of pu= 40
# END PARSE PDB
# END PARSE DSSP
#i/e    i/i+e R2        CI        N DOMAINS
10.86    9.21 76.999121 59.288646 3 1 193 194 339 340 346 
9.36    10.68 82.499662 68.061943 4 1 24 25 193 194 339 340 346 
4.58    21.82 88.809829 78.871858 6 25 129 130 147 148 193 1 24 194 339 340 346 
3.31    30.22 91.553370 83.820195 7 194 263 264 339 25 129 130 147 148 193 1 24 340 346 
2.76    36.23 92.642024 85.825447 9 264 278 279 294 295 339 194 263 25 129 130 147 148 193 1 24 340 346 
2.67    37.39 93.334539 87.113362 10 295 316 317 339 264 278 279 294 194 263 25 129 130 147 148 193 1 24 340 346 
2.11    47.35 94.926817 90.111007 12 25 43 44 64 65 129 295 316 317 339 264 278 279 294 194 263 130 147 148 193 1 24 340 346 
1.86    53.68 95.356270 90.928183 13 194 212 213 263 25 43 44 64 65 129 295 316 317 339 264 278 279 294 130 147 148 193 1 24 340 346 
1.60    62.54 95.852843 91.877674 14 65 101 102 129 194 212 213 263 25 43 44 64 295 316 317 339 264 278 279 294 130 147 148 193 1 24 340 346 
1.43    70.00 96.173758 92.493916 15 213 228 229 263 65 101 102 129 194 212 25 43 44 64 295 316 317 339 264 278 279 294 130 147 148 193 1 24 340 346 
1.32    75.64 96.269329 92.677836 16 65 84 85 101 213 228 229 263 102 129 194 212 25 43 44 64 295 316 317 339 264 278 279 294 130 147 148 193 1 24 340 346 
1.20    83.56 96.529243 93.178948 17 148 178 179 193 65 84 85 101 213 228 229 263 102 129 194 212 25 43 44 64 295 316 317 339 264 278 279 294 130 147 1 24 340 346 
1.13    88.30 96.670749 93.452337 18 148 163 164 178 179 193 65 84 85 101 213 228 229 263 102 129 194 212 25 43 44 64 295 316 317 339 264 278 279 294 130 147 1 24 340 346 
1.04    96.01 96.803973 93.710091 19 229 244 245 263 148 163 164 178 179 193 65 84 85 101 213 228 102 129 194 212 25 43 44 64 295 316 317 339 264 278 279 294 130 147 1 24 340 346 
