# pdb file = /home/wagram/gelly/CORNICHON/PROJECTS/DR/DR_2/PDBs_Clean/3ZYIA/3ZYIA.pdb
# dssp file = /home/wagram/gelly/CORNICHON/PROJECTS/DR/DR_2/PDBs_Clean/3ZYIA/3ZYIA.dssp
# R2 value = 99
# S2D limit size = 8
# limit size of PU= 15
# max size of PU= 0
# d0 value= 6.0
# delta value= 1.5
# only secondary structure= 0
# pruning flag= 0
# cut off pruning= 0
# Max Number of pu= 40
# END PARSE PDB
# END PARSE DSSP
#i/e    i/i+e R2        CI        N DOMAINS
50.17    1.99 76.147164 57.983905 2 1 303 304 395 
19.54    5.12 90.555838 82.003599 3 1 155 156 303 304 395 
13.36    7.48 93.071146 86.622382 4 156 257 258 303 1 155 304 395 
8.73    11.45 95.170795 90.574802 5 1 82 83 155 156 257 258 303 304 395 
6.77    14.76 95.836376 91.846110 6 1 44 45 82 83 155 156 257 258 303 304 395 
5.35    18.69 96.635919 93.385008 7 156 186 187 257 1 44 45 82 83 155 258 303 304 395 
3.57    28.03 97.080623 94.246474 9 304 346 347 366 367 395 156 186 187 257 1 44 45 82 83 155 258 303 
3.49    28.67 97.268556 94.611719 10 304 331 332 346 347 366 367 395 156 186 187 257 1 44 45 82 83 155 258 303 
3.18    31.43 97.397496 94.862722 11 258 276 277 303 304 331 332 346 347 366 367 395 156 186 187 257 1 44 45 82 83 155 
2.72    36.81 97.746540 95.543860 12 83 116 117 155 258 276 277 303 304 331 332 346 347 366 367 395 156 186 187 257 1 44 45 82 
2.35    42.63 98.016716 96.072766 13 187 225 226 257 83 116 117 155 258 276 277 303 304 331 332 346 347 366 367 395 156 186 1 44 45 82 
2.16    46.33 98.112322 96.260276 14 1 17 18 44 187 225 226 257 83 116 117 155 258 276 277 303 304 331 332 346 347 366 367 395 156 186 45 82 
1.97    50.66 98.191019 96.414762 15 187 210 211 225 1 17 18 44 226 257 83 116 117 155 258 276 277 303 304 331 332 346 347 366 367 395 156 186 45 82 
1.84    54.39 98.241619 96.514156 16 226 242 243 257 187 210 211 225 1 17 18 44 83 116 117 155 258 276 277 303 304 331 332 346 347 366 367 395 156 186 45 82 
1.67    60.03 98.281267 96.592074 17 117 133 134 155 226 242 243 257 187 210 211 225 1 17 18 44 83 116 258 276 277 303 304 331 332 346 347 366 367 395 156 186 45 82 
1.54    64.94 98.329852 96.687598 18 83 101 102 116 117 133 134 155 226 242 243 257 187 210 211 225 1 17 18 44 258 276 277 303 304 331 332 346 347 366 367 395 156 186 45 82 
1.43    69.82 98.368132 96.762894 19 156 171 172 186 83 101 102 116 117 133 134 155 226 242 243 257 187 210 211 225 1 17 18 44 258 276 277 303 304 331 332 346 347 366 367 395 45 82 
1.30    76.83 98.414451 96.854042 20 45 67 68 82 156 171 172 186 83 101 102 116 117 133 134 155 226 242 243 257 187 210 211 225 1 17 18 44 258 276 277 303 304 331 332 346 347 366 367 395 
