# pdb file = /home/wagram/gelly/CORNICHON/PROJECTS/DR/DR_2/PDBs_Clean/2WYHA/2WYHA.pdb
# dssp file = /home/wagram/gelly/CORNICHON/PROJECTS/DR/DR_2/PDBs_Clean/2WYHA/2WYHA.dssp
# R2 value = 99
# S2D limit size = 8
# limit size of PU= 15
# max size of PU= 0
# d0 value= 6.0
# delta value= 1.5
# only secondary structure= 0
# pruning flag= 0
# cut off pruning= 0
# Max Number of pu= 40
# END PARSE PDB
# END PARSE DSSP
#i/e    i/i+e R2        CI        N DOMAINS
34.04    2.94 79.573862 63.319995 2 1 295 296 905 
10.63    9.41 92.239576 85.081393 4 296 524 525 807 808 905 1 295 
10.14    9.86 94.341873 89.003890 5 296 402 403 524 525 807 808 905 1 295 
10.07    9.94 94.849184 89.963677 6 808 826 827 905 296 402 403 524 525 807 1 295 
7.27    13.76 96.332172 92.798874 8 1 23 24 128 129 295 808 826 827 905 296 402 403 524 525 807 
6.16    16.24 97.025595 94.139661 10 129 199 200 284 285 295 1 23 24 128 808 826 827 905 296 402 403 524 525 807 
6.03    16.59 97.171717 94.423426 11 200 268 269 284 129 199 285 295 1 23 24 128 808 826 827 905 296 402 403 524 525 807 
5.78    17.31 97.431215 94.928416 12 24 57 58 128 200 268 269 284 129 199 285 295 1 23 808 826 827 905 296 402 403 524 525 807 
5.28    18.95 97.646639 95.348662 14 129 160 161 180 181 199 24 57 58 128 200 268 269 284 285 295 1 23 808 826 827 905 296 402 403 524 525 807 
5.20    19.24 97.720248 95.492469 15 24 40 41 57 129 160 161 180 181 199 58 128 200 268 269 284 285 295 1 23 808 826 827 905 296 402 403 524 525 807 
4.32    23.15 97.945515 95.933239 17 403 438 439 459 460 524 24 40 41 57 129 160 161 180 181 199 58 128 200 268 269 284 285 295 1 23 808 826 827 905 296 402 525 807 
4.04    24.72 98.103143 96.242267 19 460 480 481 501 502 524 403 438 439 459 24 40 41 57 129 160 161 180 181 199 58 128 200 268 269 284 285 295 1 23 808 826 827 905 296 402 525 807 
4.01    24.97 98.168203 96.369960 20 403 423 424 438 460 480 481 501 502 524 439 459 24 40 41 57 129 160 161 180 181 199 58 128 200 268 269 284 285 295 1 23 808 826 827 905 296 402 525 807 
3.92    25.52 98.324673 96.677413 21 296 311 312 402 403 423 424 438 460 480 481 501 502 524 439 459 24 40 41 57 129 160 161 180 181 199 58 128 200 268 269 284 285 295 1 23 808 826 827 905 525 807 
3.34    29.96 98.708914 97.434496 22 525 663 664 807 296 311 312 402 403 423 424 438 460 480 481 501 502 524 439 459 24 40 41 57 129 160 161 180 181 199 58 128 200 268 269 284 285 295 1 23 808 826 827 905 
2.96    33.80 98.859578 97.732162 24 664 761 762 777 778 807 525 663 296 311 312 402 403 423 424 438 460 480 481 501 502 524 439 459 24 40 41 57 129 160 161 180 181 199 58 128 200 268 269 284 285 295 1 23 808 826 827 905 
2.70    37.09 98.989900 97.990004 26 525 617 618 648 649 663 664 761 762 777 778 807 296 311 312 402 403 423 424 438 460 480 481 501 502 524 439 459 24 40 41 57 129 160 161 180 181 199 58 128 200 268 269 284 285 295 1 23 808 826 827 905 
2.55    39.20 99.121190 98.250102 28 525 572 573 587 588 617 618 648 649 663 664 761 762 777 778 807 296 311 312 402 403 423 424 438 460 480 481 501 502 524 439 459 24 40 41 57 129 160 161 180 181 199 58 128 200 268 269 284 285 295 1 23 808 826 827 905 
