# pdb file = /home/wagram/gelly/CORNICHON/PROJECTS/DR/DR_2/PDBs_Clean/3SQLA/3SQLA.pdb
# dssp file = /home/wagram/gelly/CORNICHON/PROJECTS/DR/DR_2/PDBs_Clean/3SQLA/3SQLA.dssp
# R2 value = 99
# S2D limit size = 8
# limit size of PU= 15
# max size of PU= 0
# d0 value= 6.0
# delta value= 1.5
# only secondary structure= 0
# pruning flag= 0
# cut off pruning= 0
# Max Number of pu= 40
# END PARSE PDB
# END PARSE DSSP
#i/e    i/i+e R2        CI        N DOMAINS
41.84    2.39 77.948621 60.759874 2 1 372 373 525 
8.63    11.59 90.812555 82.469201 4 1 184 185 324 325 372 373 525 
8.53    11.72 91.671107 84.035918 5 325 347 348 372 1 184 185 324 373 525 
7.23    13.83 94.226852 88.786997 6 1 82 83 184 325 347 348 372 185 324 373 525 
6.77    14.76 94.989723 90.230475 7 185 305 306 324 1 82 83 184 325 347 348 372 373 525 
5.18    19.32 96.097059 92.346448 9 185 208 209 230 231 305 306 324 1 82 83 184 325 347 348 372 373 525 
4.90    20.40 96.416559 92.961529 10 1 16 17 82 185 208 209 230 231 305 306 324 83 184 325 347 348 372 373 525 
3.91    25.55 97.146002 94.373457 12 83 142 143 168 169 184 1 16 17 82 185 208 209 230 231 305 306 324 325 347 348 372 373 525 
3.57    28.01 97.569610 95.198289 14 83 101 102 122 123 142 143 168 169 184 1 16 17 82 185 208 209 230 231 305 306 324 325 347 348 372 373 525 
2.82    35.52 98.105519 96.246928 16 373 433 434 501 502 525 83 101 102 122 123 142 143 168 169 184 1 16 17 82 185 208 209 230 231 305 306 324 325 347 348 372 
2.51    39.81 98.295413 96.619883 18 434 448 449 468 469 501 373 433 502 525 83 101 102 122 123 142 143 168 169 184 1 16 17 82 185 208 209 230 231 305 306 324 325 347 348 372 
2.31    43.26 98.470718 96.964822 19 231 270 271 305 434 448 449 468 469 501 373 433 502 525 83 101 102 122 123 142 143 168 169 184 1 16 17 82 185 208 209 230 306 324 325 347 348 372 
2.23    44.76 98.561155 97.143012 20 373 388 389 433 231 270 271 305 434 448 449 468 469 501 502 525 83 101 102 122 123 142 143 168 169 184 1 16 17 82 185 208 209 230 306 324 325 347 348 372 
2.14    46.68 98.626761 97.272380 21 231 251 252 270 373 388 389 433 271 305 434 448 449 468 469 501 502 525 83 101 102 122 123 142 143 168 169 184 1 16 17 82 185 208 209 230 306 324 325 347 348 372 
2.00    50.00 98.726569 97.469355 22 17 59 60 82 231 251 252 270 373 388 389 433 271 305 434 448 449 468 469 501 502 525 83 101 102 122 123 142 143 168 169 184 1 16 185 208 209 230 306 324 325 347 348 372 
1.91    52.43 98.778675 97.572266 23 271 286 287 305 17 59 60 82 231 251 252 270 373 388 389 433 434 448 449 468 469 501 502 525 83 101 102 122 123 142 143 168 169 184 1 16 185 208 209 230 306 324 325 347 348 372 
1.79    55.78 98.816268 97.646549 24 17 38 39 59 271 286 287 305 60 82 231 251 252 270 373 388 389 433 434 448 449 468 469 501 502 525 83 101 102 122 123 142 143 168 169 184 1 16 185 208 209 230 306 324 325 347 348 372 
1.69    59.25 98.851230 97.715657 25 389 406 407 433 17 38 39 59 271 286 287 305 60 82 231 251 252 270 373 388 434 448 449 468 469 501 502 525 83 101 102 122 123 142 143 168 169 184 1 16 185 208 209 230 306 324 325 347 348 372 
