# pdb file = /home/wagram/gelly/CORNICHON/PROJECTS/DR/DR_2/PDBs_Clean/1XS5A/1XS5A.pdb
# dssp file = /home/wagram/gelly/CORNICHON/PROJECTS/DR/DR_2/PDBs_Clean/1XS5A/1XS5A.dssp
# R2 value = 99
# S2D limit size = 8
# limit size of PU= 15
# max size of PU= 0
# d0 value= 6.0
# delta value= 1.5
# only secondary structure= 0
# pruning flag= 0
# cut off pruning= 0
# Max Number of pu= 40
# END PARSE PDB
# END PARSE DSSP
#i/e    i/i+e R2        CI        N DOMAINS
7.18    13.94 85.378289 72.894522 3 1 83 84 191 192 240 
6.40    15.62 89.097033 79.382812 4 1 58 59 83 84 191 192 240 
5.88    17.02 90.734300 82.327132 5 192 220 221 240 1 58 59 83 84 191 
2.88    34.69 93.713986 87.823112 7 84 108 109 146 147 191 192 220 221 240 1 58 59 83 
2.72    36.74 94.528838 89.357012 8 147 169 170 191 84 108 109 146 192 220 221 240 1 58 59 83 
2.39    41.93 95.293263 90.808059 9 1 36 37 58 147 169 170 191 84 108 109 146 192 220 221 240 59 83 
2.13    47.00 95.667051 91.521846 10 109 125 126 146 1 36 37 58 147 169 170 191 84 108 192 220 221 240 59 83 
1.87    53.57 95.910650 91.988528 11 1 18 19 36 109 125 126 146 37 58 147 169 170 191 84 108 192 220 221 240 59 83 
