# pdb file = /home/wagram/gelly/CORNICHON/PROJECTS/DR/DR_2/PDBs_Clean/1JMSA/1JMSA.pdb
# dssp file = /home/wagram/gelly/CORNICHON/PROJECTS/DR/DR_2/PDBs_Clean/1JMSA/1JMSA.dssp
# R2 value = 99
# S2D limit size = 8
# limit size of PU= 15
# max size of PU= 0
# d0 value= 6.0
# delta value= 1.5
# only secondary structure= 0
# pruning flag= 0
# cut off pruning= 0
# Max Number of pu= 40
# END PARSE PDB
# END PARSE DSSP
#i/e    i/i+e R2        CI        N DOMAINS
20.41    4.90 83.797735 70.220604 3 1 15 16 147 148 360 
16.95    5.90 89.370688 79.871198 4 16 96 97 147 1 15 148 360 
10.30    9.71 93.995535 88.351606 5 148 290 291 360 16 96 97 147 1 15 
5.75    17.38 95.585230 91.365362 7 148 236 237 253 254 290 291 360 16 96 97 147 1 15 
5.28    18.93 96.409500 92.947918 8 148 205 206 236 237 253 254 290 291 360 16 96 97 147 1 15 
4.57    21.88 96.971343 94.034413 9 16 57 58 96 148 205 206 236 237 253 254 290 291 360 97 147 1 15 
4.31    23.20 97.185710 94.450623 10 58 79 80 96 16 57 148 205 206 236 237 253 254 290 291 360 97 147 1 15 
3.96    25.26 97.447326 94.959813 11 97 125 126 147 58 79 80 96 16 57 148 205 206 236 237 253 254 290 291 360 1 15 
3.27    30.62 97.975912 95.992793 13 291 307 308 336 337 360 97 125 126 147 58 79 80 96 16 57 148 205 206 236 237 253 254 290 1 15 
3.13    31.99 98.099647 96.235407 14 206 221 222 236 291 307 308 336 337 360 97 125 126 147 58 79 80 96 16 57 148 205 237 253 254 290 1 15 
2.74    36.51 98.418810 96.862621 16 148 162 163 178 179 205 206 221 222 236 291 307 308 336 337 360 97 125 126 147 58 79 80 96 16 57 237 253 254 290 1 15 
2.47    40.47 98.522411 97.066654 17 16 41 42 57 148 162 163 178 179 205 206 221 222 236 291 307 308 336 337 360 97 125 126 147 58 79 80 96 237 253 254 290 1 15 
2.25    44.48 98.586793 97.193558 18 254 273 274 290 16 41 42 57 148 162 163 178 179 205 206 221 222 236 291 307 308 336 337 360 97 125 126 147 58 79 80 96 237 253 1 15 
