# pdb file = /home/wagram/gelly/CORNICHON/PROJECTS/DR/DR_2/PDBs_Clean/1EZ4A/1EZ4A.pdb
# dssp file = /home/wagram/gelly/CORNICHON/PROJECTS/DR/DR_2/PDBs_Clean/1EZ4A/1EZ4A.dssp
# R2 value = 99
# S2D limit size = 8
# limit size of PU= 15
# max size of PU= 0
# d0 value= 6.0
# delta value= 1.5
# only secondary structure= 0
# pruning flag= 0
# cut off pruning= 0
# Max Number of pu= 40
# END PARSE PDB
# END PARSE DSSP
#i/e    i/i+e R2        CI        N DOMAINS
8.60    11.63 86.058844 74.061247 3 1 139 140 220 221 307 
7.84    12.75 89.124157 79.431154 4 221 278 279 307 1 139 140 220 
5.91    16.92 92.807833 86.132939 5 1 65 66 139 221 278 279 307 140 220 
5.16    19.37 94.027900 88.412460 6 140 194 195 220 1 65 66 139 221 278 279 307 
4.62    21.64 94.692311 89.666338 7 140 159 160 194 195 220 1 65 66 139 221 278 279 307 
4.35    22.99 95.157112 90.548760 8 160 177 178 194 140 159 195 220 1 65 66 139 221 278 279 307 
3.94    25.38 95.876140 91.922342 9 221 239 240 278 160 177 178 194 140 159 195 220 1 65 66 139 279 307 
3.34    29.96 96.647554 93.407497 10 66 108 109 139 221 239 240 278 160 177 178 194 140 159 195 220 1 65 279 307 
2.84    35.22 97.039840 94.167306 11 1 37 38 65 66 108 109 139 221 239 240 278 160 177 178 194 140 159 195 220 279 307 
2.58    38.68 97.192275 94.463384 12 240 262 263 278 1 37 38 65 66 108 109 139 221 239 160 177 178 194 140 159 195 220 279 307 
2.39    41.77 97.354165 94.778335 13 109 124 125 139 240 262 263 278 1 37 38 65 66 108 221 239 160 177 178 194 140 159 195 220 279 307 
2.14    46.82 97.546368 95.152939 14 66 82 83 108 109 124 125 139 240 262 263 278 1 37 38 65 221 239 160 177 178 194 140 159 195 220 279 307 
1.93    51.78 97.668965 95.392267 15 1 20 21 37 66 82 83 108 109 124 125 139 240 262 263 278 38 65 221 239 160 177 178 194 140 159 195 220 279 307 
