# pdb file = /home/wagram/gelly/CORNICHON/PROJECTS/DR/DR_2/PDBs_Clean/2D42A/2D42A.pdb
# dssp file = /home/wagram/gelly/CORNICHON/PROJECTS/DR/DR_2/PDBs_Clean/2D42A/2D42A.dssp
# R2 value = 99
# S2D limit size = 8
# limit size of PU= 15
# max size of PU= 0
# d0 value= 6.0
# delta value= 1.5
# only secondary structure= 0
# pruning flag= 0
# cut off pruning= 0
# Max Number of pu= 40
# END PARSE PDB
# END PARSE DSSP
#i/e    i/i+e R2        CI        N DOMAINS
4.92    20.32 62.471213 39.026524 3 1 179 180 194 195 249 
4.86    20.57 70.625267 49.879284 4 195 225 226 249 1 179 180 194 
3.51    28.46 85.568755 73.220118 6 1 34 35 172 173 179 195 225 226 249 180 194 
1.78    56.02 91.223492 83.217255 8 35 81 82 135 136 172 1 34 173 179 195 225 226 249 180 194 
1.77    56.51 92.683673 85.902632 9 35 53 54 81 82 135 136 172 1 34 173 179 195 225 226 249 180 194 
1.75    57.10 93.975359 88.313681 10 136 157 158 172 35 53 54 81 82 135 1 34 173 179 195 225 226 249 180 194 
1.41    71.03 95.062804 90.369367 12 82 97 98 121 122 135 136 157 158 172 35 53 54 81 1 34 173 179 195 225 226 249 180 194 
1.32    75.83 95.541688 91.282142 13 1 16 17 34 82 97 98 121 122 135 136 157 158 172 35 53 54 81 173 179 195 225 226 249 180 194 
