# pdb file = /home/wagram/gelly/CORNICHON/PROJECTS/DR/DR_2/PDBs_Clean/1NSTA/1NSTA.pdb
# dssp file = /home/wagram/gelly/CORNICHON/PROJECTS/DR/DR_2/PDBs_Clean/1NSTA/1NSTA.dssp
# R2 value = 99
# S2D limit size = 8
# limit size of PU= 15
# max size of PU= 0
# d0 value= 6.0
# delta value= 1.5
# only secondary structure= 0
# pruning flag= 0
# cut off pruning= 0
# Max Number of pu= 40
# END PARSE PDB
# END PARSE DSSP
#i/e    i/i+e R2        CI        N DOMAINS
9.31    10.74 85.398934 72.929780 3 1 112 113 156 157 282 
6.97    14.34 92.387175 85.353902 5 157 180 181 240 241 282 1 112 113 156 
6.29    15.91 93.682986 87.765019 6 181 206 207 240 157 180 241 282 1 112 113 156 
5.90    16.94 94.471736 89.249090 7 241 256 257 282 181 206 207 240 157 180 1 112 113 156 
5.19    19.26 95.054849 90.354244 8 113 131 132 156 241 256 257 282 181 206 207 240 157 180 1 112 
2.78    35.99 96.592389 93.300896 10 1 40 41 72 73 112 113 131 132 156 241 256 257 282 181 206 207 240 157 180 
2.73    36.61 96.939717 93.973087 11 1 16 17 40 41 72 73 112 113 131 132 156 241 256 257 282 181 206 207 240 157 180 
2.62    38.20 97.320992 94.713755 12 73 97 98 112 1 16 17 40 41 72 113 131 132 156 241 256 257 282 181 206 207 240 157 180 
2.43    41.17 97.491105 95.045156 13 207 223 224 240 73 97 98 112 1 16 17 40 41 72 113 131 132 156 241 256 257 282 181 206 157 180 
