# pdb file = /home/wagram/gelly/CORNICHON/PROJECTS/DR/DR_2/PDBs_Clean/3LL9A/3LL9A.pdb
# dssp file = /home/wagram/gelly/CORNICHON/PROJECTS/DR/DR_2/PDBs_Clean/3LL9A/3LL9A.dssp
# R2 value = 99
# S2D limit size = 8
# limit size of PU= 15
# max size of PU= 0
# d0 value= 6.0
# delta value= 1.5
# only secondary structure= 0
# pruning flag= 0
# cut off pruning= 0
# Max Number of pu= 40
# END PARSE PDB
# END PARSE DSSP
#i/e    i/i+e R2        CI        N DOMAINS
16.56    6.04 73.207859 53.593906 2 1 171 172 243 
8.26    12.11 79.959815 63.935720 4 172 199 200 216 217 243 1 171 
3.77    26.53 91.390097 83.521498 6 1 50 51 83 84 171 172 199 200 216 217 243 
3.47    28.78 93.097797 86.671998 7 84 100 101 171 1 50 51 83 172 199 200 216 217 243 
3.21    31.18 94.454378 89.216294 8 101 156 157 171 84 100 1 50 51 83 172 199 200 216 217 243 
2.75    36.35 95.129987 90.497145 9 101 138 139 156 157 171 84 100 1 50 51 83 172 199 200 216 217 243 
2.53    39.56 95.612191 91.416910 10 101 122 123 138 139 156 157 171 84 100 1 50 51 83 172 199 200 216 217 243 
2.31    43.20 95.890290 91.949478 11 51 66 67 83 101 122 123 138 139 156 157 171 84 100 1 50 172 199 200 216 217 243 
1.95    51.24 96.253560 92.647477 12 1 26 27 50 51 66 67 83 101 122 123 138 139 156 157 171 84 100 172 199 200 216 217 243 
