# pdb file = /home/wagram/gelly/CORNICHON/PROJECTS/DR/DR_2/PDBs_Clean/2ARRA/2ARRA.pdb
# dssp file = /home/wagram/gelly/CORNICHON/PROJECTS/DR/DR_2/PDBs_Clean/2ARRA/2ARRA.dssp
# R2 value = 99
# S2D limit size = 8
# limit size of PU= 15
# max size of PU= 0
# d0 value= 6.0
# delta value= 1.5
# only secondary structure= 0
# pruning flag= 0
# cut off pruning= 0
# Max Number of pu= 40
# END PARSE PDB
# END PARSE DSSP
#i/e    i/i+e R2        CI        N DOMAINS
8.23    12.15 83.978560 70.523986 3 1 61 62 165 166 358 
4.34    23.06 91.136053 83.057802 5 166 272 273 306 307 358 1 61 62 165 
4.26    23.49 92.043603 84.720248 6 307 331 332 358 166 272 273 306 1 61 62 165 
3.38    29.58 94.088909 88.527228 8 62 116 117 154 155 165 307 331 332 358 166 272 273 306 1 61 
3.26    30.68 94.894008 90.048727 9 62 85 86 116 117 154 155 165 307 331 332 358 166 272 273 306 1 61 
2.79    35.86 96.229937 92.602007 11 166 195 196 258 259 272 62 85 86 116 117 154 155 165 307 331 332 358 273 306 1 61 
2.61    38.29 96.777019 93.657914 12 1 28 29 61 166 195 196 258 259 272 62 85 86 116 117 154 155 165 307 331 332 358 273 306 
2.53    39.60 97.045170 94.177650 13 29 44 45 61 1 28 166 195 196 258 259 272 62 85 86 116 117 154 155 165 307 331 332 358 273 306 
2.40    41.68 97.246294 94.568417 14 273 291 292 306 29 44 45 61 1 28 166 195 196 258 259 272 62 85 86 116 117 154 155 165 307 331 332 358 
2.17    46.15 97.501441 95.065310 15 196 227 228 258 273 291 292 306 29 44 45 61 1 28 166 195 259 272 62 85 86 116 117 154 155 165 307 331 332 358 
1.99    50.26 97.622534 95.301591 16 117 132 133 154 196 227 228 258 273 291 292 306 29 44 45 61 1 28 166 195 259 272 62 85 86 116 155 165 307 331 332 358 
1.84    54.46 97.697012 95.447061 17 86 101 102 116 117 132 133 154 196 227 228 258 273 291 292 306 29 44 45 61 1 28 166 195 259 272 62 85 155 165 307 331 332 358 
