# pdb file = /home/wagram/gelly/CORNICHON/PROJECTS/DR/DR_2/PDBs_Clean/2ZKTA/2ZKTA.pdb
# dssp file = /home/wagram/gelly/CORNICHON/PROJECTS/DR/DR_2/PDBs_Clean/2ZKTA/2ZKTA.dssp
# R2 value = 99
# S2D limit size = 8
# limit size of PU= 15
# max size of PU= 0
# d0 value= 6.0
# delta value= 1.5
# only secondary structure= 0
# pruning flag= 0
# cut off pruning= 0
# Max Number of pu= 40
# END PARSE PDB
# END PARSE DSSP
#i/e    i/i+e R2        CI        N DOMAINS
4.15    24.08 78.766901 62.042247 3 1 76 77 150 151 330 
4.06    24.62 82.989207 68.872085 4 1 49 50 76 77 150 151 330 
3.99    25.08 84.611558 71.591157 5 1 33 34 49 50 76 77 150 151 330 
3.92    25.49 85.948136 73.870821 6 1 16 17 33 34 49 50 76 77 150 151 330 
3.45    28.98 92.089620 84.804981 7 151 252 253 330 1 16 17 33 34 49 50 76 77 150 
3.15    31.79 94.133758 88.611645 8 151 219 220 252 253 330 1 16 17 33 34 49 50 76 77 150 
2.98    33.52 95.033498 90.313657 9 253 309 310 330 151 219 220 252 1 16 17 33 34 49 50 76 77 150 
2.30    43.54 95.911987 91.991092 11 77 101 102 128 129 150 253 309 310 330 151 219 220 252 1 16 17 33 34 49 50 76 
2.20    45.49 96.479055 93.082080 12 253 288 289 309 77 101 102 128 129 150 310 330 151 219 220 252 1 16 17 33 34 49 50 76 
2.13    46.89 96.741430 93.589043 13 220 237 238 252 253 288 289 309 77 101 102 128 129 150 310 330 151 219 1 16 17 33 34 49 50 76 
1.91    52.30 97.246791 94.569383 14 151 186 187 219 220 237 238 252 253 288 289 309 77 101 102 128 129 150 310 330 1 16 17 33 34 49 50 76 
1.85    54.14 97.445768 94.956778 15 187 204 205 219 151 186 220 237 238 252 253 288 289 309 77 101 102 128 129 150 310 330 1 16 17 33 34 49 50 76 
1.75    57.15 97.612267 95.281547 16 151 166 167 186 187 204 205 219 220 237 238 252 253 288 289 309 77 101 102 128 129 150 310 330 1 16 17 33 34 49 50 76 
1.60    62.65 97.750906 95.552396 17 253 273 274 288 151 166 167 186 187 204 205 219 220 237 238 252 289 309 77 101 102 128 129 150 310 330 1 16 17 33 34 49 50 76 
