# pdb file = /home/wagram/gelly/CORNICHON/PROJECTS/DR/DR_2/PDBs_Clean/3TEGA/3TEGA.pdb
# dssp file = /home/wagram/gelly/CORNICHON/PROJECTS/DR/DR_2/PDBs_Clean/3TEGA/3TEGA.dssp
# R2 value = 99
# S2D limit size = 8
# limit size of PU= 15
# max size of PU= 0
# d0 value= 6.0
# delta value= 1.5
# only secondary structure= 0
# pruning flag= 0
# cut off pruning= 0
# Max Number of pu= 40
# END PARSE PDB
# END PARSE DSSP
#i/e    i/i+e R2        CI        N DOMAINS
50.66    1.97 76.658353 58.765031 2 1 311 312 405 
11.45    8.73 92.272775 85.142650 4 1 151 152 268 269 311 312 405 
7.98    12.53 95.150939 90.537011 6 1 30 31 63 64 151 152 268 269 311 312 405 
7.60    13.16 95.500953 91.204320 7 31 47 48 63 1 30 64 151 152 268 269 311 312 405 
7.13    14.02 95.877742 91.925414 8 269 288 289 311 31 47 48 63 1 30 64 151 152 268 312 405 
5.53    18.08 97.093581 94.271636 10 152 198 199 213 214 268 269 288 289 311 31 47 48 63 1 30 64 151 312 405 
5.27    18.98 97.346537 94.763482 11 152 169 170 198 199 213 214 268 269 288 289 311 31 47 48 63 1 30 64 151 312 405 
3.76    26.58 97.701360 95.455557 13 312 330 331 345 346 405 152 169 170 198 199 213 214 268 269 288 289 311 31 47 48 63 1 30 64 151 
3.65    27.42 97.980471 96.001727 14 346 379 380 405 312 330 331 345 152 169 170 198 199 213 214 268 269 288 289 311 31 47 48 63 1 30 64 151 
3.36    29.79 98.177884 96.388968 15 214 246 247 268 346 379 380 405 312 330 331 345 152 169 170 198 199 213 269 288 289 311 31 47 48 63 1 30 64 151 
2.70    37.02 98.459504 96.942740 17 64 79 80 96 97 151 214 246 247 268 346 379 380 405 312 330 331 345 152 169 170 198 199 213 269 288 289 311 31 47 48 63 1 30 
2.49    40.14 98.611737 97.242746 18 97 122 123 151 64 79 80 96 214 246 247 268 346 379 380 405 312 330 331 345 152 169 170 198 199 213 269 288 289 311 31 47 48 63 1 30 
2.32    43.06 98.659472 97.336915 19 214 229 230 246 97 122 123 151 64 79 80 96 247 268 346 379 380 405 312 330 331 345 152 169 170 198 199 213 269 288 289 311 31 47 48 63 1 30 
2.12    47.17 98.700267 97.417428 20 346 362 363 379 214 229 230 246 97 122 123 151 64 79 80 96 247 268 380 405 312 330 331 345 152 169 170 198 199 213 269 288 289 311 31 47 48 63 1 30 
