# pdb file = /home/wagram/gelly/CORNICHON/PROJECTS/DR/DR_2/PDBs_Clean/3QB8A/3QB8A.pdb
# dssp file = /home/wagram/gelly/CORNICHON/PROJECTS/DR/DR_2/PDBs_Clean/3QB8A/3QB8A.dssp
# R2 value = 99
# S2D limit size = 8
# limit size of PU= 15
# max size of PU= 0
# d0 value= 6.0
# delta value= 1.5
# only secondary structure= 0
# pruning flag= 0
# cut off pruning= 0
# Max Number of pu= 40
# END PARSE PDB
# END PARSE DSSP
#i/e    i/i+e R2        CI        N DOMAINS
12.57    7.95 70.048885 49.068463 2 1 141 142 197 
5.31    18.84 85.980835 73.927039 4 1 85 86 104 105 141 142 197 
3.30    30.31 91.247217 83.260546 6 1 18 19 42 43 85 86 104 105 141 142 197 
3.01    33.23 92.206073 85.019600 7 105 125 126 141 1 18 19 42 43 85 86 104 142 197 
2.42    41.38 93.230526 86.919310 8 142 161 162 197 105 125 126 141 1 18 19 42 43 85 86 104 
2.03    49.24 93.825686 88.032593 9 43 60 61 85 142 161 162 197 105 125 126 141 1 18 19 42 86 104 
1.76    56.90 94.211135 88.757379 10 162 182 183 197 43 60 61 85 142 161 105 125 126 141 1 18 19 42 86 104 
