# pdb file = /home/wagram/gelly/CORNICHON/PROJECTS/DR/DR_2/PDBs_Clean/2P9BA/2P9BA.pdb
# dssp file = /home/wagram/gelly/CORNICHON/PROJECTS/DR/DR_2/PDBs_Clean/2P9BA/2P9BA.dssp
# R2 value = 99
# S2D limit size = 8
# limit size of PU= 15
# max size of PU= 0
# d0 value= 6.0
# delta value= 1.5
# only secondary structure= 0
# pruning flag= 0
# cut off pruning= 0
# Max Number of pu= 40
# END PARSE PDB
# END PARSE DSSP
#i/e    i/i+e R2        CI        N DOMAINS
6.47    15.46 84.626748 71.616864 3 1 127 128 297 298 407 
6.31    15.86 89.514001 80.127563 4 1 63 64 127 128 297 298 407 
6.07    16.48 90.851819 82.540530 5 298 392 393 407 1 63 64 127 128 297 
5.53    18.07 92.449515 85.469129 6 298 357 358 392 393 407 1 63 64 127 128 297 
5.23    19.12 93.280871 87.013210 7 298 335 336 357 358 392 393 407 1 63 64 127 128 297 
4.09    24.43 95.395708 91.003410 9 128 250 251 281 282 297 298 335 336 357 358 392 393 407 1 63 64 127 
3.61    27.71 96.239183 92.619803 10 128 162 163 250 251 281 282 297 298 335 336 357 358 392 393 407 1 63 64 127 
3.51    28.52 96.416832 92.962054 11 128 143 144 162 163 250 251 281 282 297 298 335 336 357 358 392 393 407 1 63 64 127 
3.38    29.63 96.711667 93.531465 12 298 313 314 335 128 143 144 162 163 250 251 281 282 297 336 357 358 392 393 407 1 63 64 127 
2.80    35.73 97.367896 94.805072 14 163 179 180 198 199 250 298 313 314 335 128 143 144 162 251 281 282 297 336 357 358 392 393 407 1 63 64 127 
2.53    39.46 97.683524 95.420709 15 64 96 97 127 163 179 180 198 199 250 298 313 314 335 128 143 144 162 251 281 282 297 336 357 358 392 393 407 1 63 
2.43    41.12 97.801901 95.652118 16 251 266 267 281 64 96 97 127 163 179 180 198 199 250 298 313 314 335 128 143 144 162 282 297 336 357 358 392 393 407 1 63 
2.22    45.13 97.964139 95.969726 17 199 226 227 250 251 266 267 281 64 96 97 127 163 179 180 198 298 313 314 335 128 143 144 162 282 297 336 357 358 392 393 407 1 63 
2.11    47.41 98.040146 96.118701 18 358 377 378 392 199 226 227 250 251 266 267 281 64 96 97 127 163 179 180 198 298 313 314 335 128 143 144 162 282 297 336 357 393 407 1 63 
1.74    57.50 98.198750 96.429945 20 1 20 21 46 47 63 358 377 378 392 199 226 227 250 251 266 267 281 64 96 97 127 163 179 180 198 298 313 314 335 128 143 144 162 282 297 336 357 393 407 
1.64    61.11 98.252674 96.535880 21 64 81 82 96 1 20 21 46 47 63 358 377 378 392 199 226 227 250 251 266 267 281 97 127 163 179 180 198 298 313 314 335 128 143 144 162 282 297 336 357 393 407 
1.52    65.72 98.292741 96.614629 22 97 112 113 127 64 81 82 96 1 20 21 46 47 63 358 377 378 392 199 226 227 250 251 266 267 281 163 179 180 198 298 313 314 335 128 143 144 162 282 297 336 357 393 407 
