# pdb file = /home/wagram/gelly/CORNICHON/PROJECTS/DR/DR_2/PDBs_Clean/2GYSA/2GYSA.pdb
# dssp file = /home/wagram/gelly/CORNICHON/PROJECTS/DR/DR_2/PDBs_Clean/2GYSA/2GYSA.dssp
# R2 value = 99
# S2D limit size = 8
# limit size of PU= 15
# max size of PU= 0
# d0 value= 6.0
# delta value= 1.5
# only secondary structure= 0
# pruning flag= 0
# cut off pruning= 0
# Max Number of pu= 40
# END PARSE PDB
# END PARSE DSSP
#i/e    i/i+e R2        CI        N DOMAINS
822.01   0.12 81.058697 65.705124 2 1 96 97 397 
373.72   0.27 92.999683 86.489410 3 97 301 302 397 1 96 
112.46   0.89 96.418826 92.965900 4 97 211 212 301 302 397 1 96 
12.91    7.74 97.023898 94.136367 6 302 329 330 355 356 397 97 211 212 301 1 96 
5.56    17.98 97.542435 95.145267 8 97 143 144 160 161 211 302 329 330 355 356 397 212 301 1 96 
5.23    19.12 97.684711 95.423027 9 97 128 129 143 144 160 161 211 302 329 330 355 356 397 212 301 1 96 
4.84    20.66 97.815257 95.678246 10 161 176 177 211 97 128 129 143 144 160 302 329 330 355 356 397 212 301 1 96 
3.30    30.32 98.145984 96.326341 12 1 26 27 49 50 96 161 176 177 211 97 128 129 143 144 160 302 329 330 355 356 397 212 301 
3.27    30.60 98.325108 96.678268 13 50 75 76 96 1 26 27 49 161 176 177 211 97 128 129 143 144 160 302 329 330 355 356 397 212 301 
2.73    36.60 98.503995 97.030370 14 212 243 244 301 50 75 76 96 1 26 27 49 161 176 177 211 97 128 129 143 144 160 302 329 330 355 356 397 
2.40    41.67 98.701251 97.419369 16 244 261 262 280 281 301 212 243 50 75 76 96 1 26 27 49 161 176 177 211 97 128 129 143 144 160 302 329 330 355 356 397 
2.18    45.82 98.734179 97.484380 17 356 376 377 397 244 261 262 280 281 301 212 243 50 75 76 96 1 26 27 49 161 176 177 211 97 128 129 143 144 160 302 329 330 355 
2.01    49.80 98.771052 97.557207 18 177 196 197 211 356 376 377 397 244 261 262 280 281 301 212 243 50 75 76 96 1 26 27 49 161 176 97 128 129 143 144 160 302 329 330 355 
