# pdb file = /home/wagram/gelly/CORNICHON/PROJECTS/DR/DR_2/PDBs_Clean/4GT6A/4GT6A.pdb
# dssp file = /home/wagram/gelly/CORNICHON/PROJECTS/DR/DR_2/PDBs_Clean/4GT6A/4GT6A.dssp
# R2 value = 99
# S2D limit size = 8
# limit size of PU= 15
# max size of PU= 0
# d0 value= 6.0
# delta value= 1.5
# only secondary structure= 0
# pruning flag= 0
# cut off pruning= 0
# Max Number of pu= 40
# END PARSE PDB
# END PARSE DSSP
#i/e    i/i+e R2        CI        N DOMAINS
32.42    3.08 81.691597 66.735170 2 1 213 214 379 
14.75    6.78 89.858937 80.746286 3 1 128 129 213 214 379 
9.55    10.47 93.304324 87.056968 4 214 298 299 379 1 128 129 213 
7.08    14.13 94.787809 89.847287 5 1 52 53 128 214 298 299 379 129 213 
6.09    16.41 95.483161 91.170340 6 214 236 237 298 1 52 53 128 299 379 129 213 
5.47    18.27 95.833064 91.839762 7 299 364 365 379 214 236 237 298 1 52 53 128 129 213 
4.92    20.34 96.084621 92.322545 8 1 30 31 52 299 364 365 379 214 236 237 298 53 128 129 213 
3.85    25.98 96.736212 93.578947 9 129 170 171 213 1 30 31 52 299 364 365 379 214 236 237 298 53 128 
3.06    32.64 97.104120 94.292101 10 53 97 98 128 129 170 171 213 1 30 31 52 299 364 365 379 214 236 237 298 
2.54    39.44 97.338864 94.748545 11 299 335 336 364 53 97 98 128 129 170 171 213 1 30 31 52 365 379 214 236 237 298 
2.23    44.79 97.498060 95.058717 12 237 254 255 298 299 335 336 364 53 97 98 128 129 170 171 213 1 30 31 52 365 379 214 236 
2.04    48.94 97.592092 95.242165 13 53 82 83 97 237 254 255 298 299 335 336 364 98 128 129 170 171 213 1 30 31 52 365 379 214 236 
1.92    52.06 97.649936 95.355099 14 98 113 114 128 53 82 83 97 237 254 255 298 299 335 336 364 129 170 171 213 1 30 31 52 365 379 214 236 
1.73    57.87 97.746498 95.543779 15 255 283 284 298 98 113 114 128 53 82 83 97 237 254 299 335 336 364 129 170 171 213 1 30 31 52 365 379 214 236 
1.55    64.34 97.827058 95.701332 16 129 155 156 170 255 283 284 298 98 113 114 128 53 82 83 97 237 254 299 335 336 364 171 213 1 30 31 52 365 379 214 236 
1.39    71.81 97.922942 95.889025 17 171 198 199 213 129 155 156 170 255 283 284 298 98 113 114 128 53 82 83 97 237 254 299 335 336 364 1 30 31 52 365 379 214 236 
1.26    79.66 98.001557 96.043052 18 299 315 316 335 171 198 199 213 129 155 156 170 255 283 284 298 98 113 114 128 53 82 83 97 237 254 336 364 1 30 31 52 365 379 214 236 
