# pdb file = /home/wagram/gelly/CORNICHON/PROJECTS/DR/DR_2/PDBs_Clean/4G41A/4G41A.pdb
# dssp file = /home/wagram/gelly/CORNICHON/PROJECTS/DR/DR_2/PDBs_Clean/4G41A/4G41A.dssp
# R2 value = 99
# S2D limit size = 8
# limit size of PU= 15
# max size of PU= 0
# d0 value= 6.0
# delta value= 1.5
# only secondary structure= 0
# pruning flag= 0
# cut off pruning= 0
# Max Number of pu= 40
# END PARSE PDB
# END PARSE DSSP
#i/e    i/i+e R2        CI        N DOMAINS
3.82    26.17 69.775183 48.685761 3 1 104 105 122 123 236 
3.73    26.79 81.104850 65.779967 4 1 81 82 104 105 122 123 236 
3.38    29.59 87.157884 75.964967 5 123 199 200 236 1 81 82 104 105 122 
2.64    37.90 90.950099 82.719205 7 123 156 157 172 173 199 200 236 1 81 82 104 105 122 
2.54    39.42 92.259360 85.117894 8 200 217 218 236 123 156 157 172 173 199 1 81 82 104 105 122 
2.41    41.54 92.961432 86.418278 9 123 141 142 156 200 217 218 236 157 172 173 199 1 81 82 104 105 122 
2.02    49.49 94.545269 89.388078 10 1 53 54 81 123 141 142 156 200 217 218 236 157 172 173 199 82 104 105 122 
1.74    57.43 95.090276 90.421605 11 1 24 25 53 54 81 123 141 142 156 200 217 218 236 157 172 173 199 82 104 105 122 
