# pdb file = /home/wagram/gelly/CORNICHON/PROJECTS/DR/DR_2/PDBs_Clean/3SZPA/3SZPA.pdb
# dssp file = /home/wagram/gelly/CORNICHON/PROJECTS/DR/DR_2/PDBs_Clean/3SZPA/3SZPA.dssp
# R2 value = 99
# S2D limit size = 8
# limit size of PU= 15
# max size of PU= 0
# d0 value= 6.0
# delta value= 1.5
# only secondary structure= 0
# pruning flag= 0
# cut off pruning= 0
# Max Number of pu= 40
# END PARSE PDB
# END PARSE DSSP
#i/e    i/i+e R2        CI        N DOMAINS
142.18   0.70 81.976444 67.201373 2 1 85 86 290 
11.03    9.06 93.427926 87.287774 4 86 160 161 260 261 290 1 85 
9.97    10.03 94.647402 89.581307 5 1 69 70 85 86 160 161 260 261 290 
9.12    10.96 95.394027 91.000204 6 86 144 145 160 1 69 70 85 161 260 261 290 
7.67    13.04 96.172516 92.491529 7 1 45 46 69 86 144 145 160 70 85 161 260 261 290 
5.09    19.64 96.725180 93.557604 9 86 100 101 118 119 144 1 45 46 69 145 160 70 85 161 260 261 290 
4.46    22.43 97.012704 94.114647 10 1 27 28 45 86 100 101 118 119 144 46 69 145 160 70 85 161 260 261 290 
2.68    37.36 97.704207 95.461121 12 161 176 177 218 219 260 1 27 28 45 86 100 101 118 119 144 46 69 145 160 70 85 261 290 
2.54    39.41 97.905893 95.855639 13 219 240 241 260 161 176 177 218 1 27 28 45 86 100 101 118 119 144 46 69 145 160 70 85 261 290 
2.26    44.31 98.023833 96.086719 14 177 195 196 218 219 240 241 260 161 176 1 27 28 45 86 100 101 118 119 144 46 69 145 160 70 85 261 290 
