# pdb file = /home/wagram/gelly/CORNICHON/PROJECTS/DR/DR_2/PDBs_Clean/3FLEA/3FLEA.pdb
# dssp file = /home/wagram/gelly/CORNICHON/PROJECTS/DR/DR_2/PDBs_Clean/3FLEA/3FLEA.dssp
# R2 value = 99
# S2D limit size = 8
# limit size of PU= 15
# max size of PU= 0
# d0 value= 6.0
# delta value= 1.5
# only secondary structure= 0
# pruning flag= 0
# cut off pruning= 0
# Max Number of pu= 40
# END PARSE PDB
# END PARSE DSSP
#i/e    i/i+e R2        CI        N DOMAINS
11.80    8.48 81.346244 66.172114 3 1 127 128 230 231 243 
5.31    18.82 86.342379 74.550065 5 1 17 18 32 33 127 128 230 231 243 
4.58    21.84 90.436265 81.787181 6 33 67 68 127 1 17 18 32 128 230 231 243 
3.83    26.11 92.177575 84.967053 7 68 90 91 127 33 67 1 17 18 32 128 230 231 243 
2.51    39.77 94.287776 88.901847 9 128 154 155 173 174 230 68 90 91 127 33 67 1 17 18 32 231 243 
1.92    52.07 95.448228 91.103643 11 174 192 193 208 209 230 128 154 155 173 68 90 91 127 33 67 1 17 18 32 231 243 
1.70    58.98 95.756164 91.692430 12 91 107 108 127 174 192 193 208 209 230 128 154 155 173 68 90 33 67 1 17 18 32 231 243 
1.53    65.50 95.998891 92.157871 13 33 52 53 67 91 107 108 127 174 192 193 208 209 230 128 154 155 173 68 90 1 17 18 32 231 243 
