# pdb file = /home/wagram/gelly/CORNICHON/PROJECTS/DR/DR_2/PDBs_Clean/3EYYA/3EYYA.pdb
# dssp file = /home/wagram/gelly/CORNICHON/PROJECTS/DR/DR_2/PDBs_Clean/3EYYA/3EYYA.dssp
# R2 value = 99
# S2D limit size = 8
# limit size of PU= 15
# max size of PU= 0
# d0 value= 6.0
# delta value= 1.5
# only secondary structure= 0
# pruning flag= 0
# cut off pruning= 0
# Max Number of pu= 40
# END PARSE PDB
# END PARSE DSSP
#i/e    i/i+e R2        CI        N DOMAINS
25.48    3.92 78.698116 61.933935 2 1 84 85 133 
15.11    6.62 85.992868 73.947734 3 1 16 17 84 85 133 
7.23    13.84 90.820828 82.484227 4 17 56 57 84 1 16 85 133 
5.23    19.11 92.448420 85.467104 5 17 32 33 56 57 84 1 16 85 133 
3.63    27.54 93.503286 87.428645 6 85 104 105 133 17 32 33 56 57 84 1 16 
