# pdb file = /home/wagram/gelly/CORNICHON/PROJECTS/DR/DR_2/PDBs_Clean/3FLPA/3FLPA.pdb
# dssp file = /home/wagram/gelly/CORNICHON/PROJECTS/DR/DR_2/PDBs_Clean/3FLPA/3FLPA.dssp
# R2 value = 99
# S2D limit size = 8
# limit size of PU= 15
# max size of PU= 0
# d0 value= 6.0
# delta value= 1.5
# only secondary structure= 0
# pruning flag= 0
# cut off pruning= 0
# Max Number of pu= 40
# END PARSE PDB
# END PARSE DSSP
#i/e    i/i+e R2        CI        N DOMAINS
4.81    20.78 71.131945 50.597537 3 1 26 27 159 160 217 
4.51    22.19 76.682468 58.802009 4 160 199 200 217 1 26 27 159 
2.07    48.38 87.175698 75.996023 6 27 65 66 132 133 159 160 199 200 217 1 26 
2.00    49.90 89.165512 79.504885 7 27 46 47 65 66 132 133 159 160 199 200 217 1 26 
1.78    56.07 91.559553 83.831517 8 66 98 99 132 27 46 47 65 133 159 160 199 200 217 1 26 
1.58    63.25 92.246346 85.093883 9 160 182 183 199 66 98 99 132 27 46 47 65 133 159 200 217 1 26 
1.40    71.48 92.592649 85.733987 10 66 83 84 98 160 182 183 199 99 132 27 46 47 65 133 159 200 217 1 26 
1.19    83.80 92.877555 86.262403 11 99 116 117 132 66 83 84 98 160 182 183 199 27 46 47 65 133 159 200 217 1 26 
