# pdb file = /home/wagram/gelly/CORNICHON/PROJECTS/DR/DR_2/PDBs_Clean/3M47A/3M47A.pdb
# dssp file = /home/wagram/gelly/CORNICHON/PROJECTS/DR/DR_2/PDBs_Clean/3M47A/3M47A.dssp
# R2 value = 99
# S2D limit size = 8
# limit size of PU= 15
# max size of PU= 0
# d0 value= 6.0
# delta value= 1.5
# only secondary structure= 0
# pruning flag= 0
# cut off pruning= 0
# Max Number of pu= 40
# END PARSE PDB
# END PARSE DSSP
#i/e    i/i+e R2        CI        N DOMAINS
10.13    9.87 82.226694 67.612292 3 1 119 120 187 188 209 
6.85    14.59 89.811019 80.660191 4 1 68 69 119 120 187 188 209 
5.50    18.17 92.091528 84.808496 5 120 147 148 187 1 68 69 119 188 209 
3.82    26.18 94.395522 89.105146 7 1 16 17 33 34 68 120 147 148 187 69 119 188 209 
3.07    32.60 95.103484 90.446727 8 69 88 89 119 1 16 17 33 34 68 120 147 148 187 188 209 
2.61    38.38 95.609925 91.412578 9 148 170 171 187 69 88 89 119 1 16 17 33 34 68 120 147 188 209 
2.27    44.04 95.987459 92.135923 10 34 49 50 68 148 170 171 187 69 88 89 119 1 16 17 33 120 147 188 209 
2.00    49.88 96.213051 92.569513 11 89 104 105 119 34 49 50 68 148 170 171 187 69 88 1 16 17 33 120 147 188 209 
