# pdb file = /home/wagram/gelly/CORNICHON/PROJECTS/DR/DR_2/PDBs_Clean/2YFRA/2YFRA.pdb
# dssp file = /home/wagram/gelly/CORNICHON/PROJECTS/DR/DR_2/PDBs_Clean/2YFRA/2YFRA.dssp
# R2 value = 99
# S2D limit size = 8
# limit size of PU= 15
# max size of PU= 0
# d0 value= 6.0
# delta value= 1.5
# only secondary structure= 0
# pruning flag= 0
# cut off pruning= 0
# Max Number of pu= 40
# END PARSE PDB
# END PARSE DSSP
#i/e    i/i+e R2        CI        N DOMAINS
144.02   0.69 51.633476 26.660158 2 1 32 33 533 
7.19    13.90 83.757732 70.153577 4 33 76 77 224 225 533 1 32 
5.93    16.86 91.003390 82.816170 5 225 347 348 533 33 76 77 224 1 32 
5.80    17.24 91.744754 84.170998 6 33 59 60 76 225 347 348 533 77 224 1 32 
4.57    21.91 93.835813 88.051598 8 225 275 276 311 312 347 33 59 60 76 348 533 77 224 1 32 
3.74    26.76 96.281442 92.701162 10 348 418 419 498 499 533 225 275 276 311 312 347 33 59 60 76 77 224 1 32 
3.31    30.24 97.084734 94.254456 11 77 158 159 224 348 418 419 498 499 533 225 275 276 311 312 347 33 59 60 76 1 32 
3.23    30.95 97.216297 94.510083 12 499 515 516 533 77 158 159 224 348 418 419 498 225 275 276 311 312 347 33 59 60 76 1 32 
2.87    34.88 97.627612 95.311506 14 348 367 368 386 387 418 499 515 516 533 77 158 159 224 419 498 225 275 276 311 312 347 33 59 60 76 1 32 
2.64    37.81 97.827230 95.701669 15 419 460 461 498 348 367 368 386 387 418 499 515 516 533 77 158 159 224 225 275 276 311 312 347 33 59 60 76 1 32 
2.49    40.17 97.973800 95.988656 16 159 195 196 224 419 460 461 498 348 367 368 386 387 418 499 515 516 533 77 158 225 275 276 311 312 347 33 59 60 76 1 32 
2.41    41.53 98.064079 96.165636 17 276 296 297 311 159 195 196 224 419 460 461 498 348 367 368 386 387 418 499 515 516 533 77 158 225 275 312 347 33 59 60 76 1 32 
2.29    43.59 98.176668 96.386582 18 225 246 247 275 276 296 297 311 159 195 196 224 419 460 461 498 348 367 368 386 387 418 499 515 516 533 77 158 312 347 33 59 60 76 1 32 
2.04    48.98 98.379602 96.785462 20 77 92 93 141 142 158 225 246 247 275 276 296 297 311 159 195 196 224 419 460 461 498 348 367 368 386 387 418 499 515 516 533 312 347 33 59 60 76 1 32 
1.98    50.49 98.419647 96.864268 21 1 17 18 32 77 92 93 141 142 158 225 246 247 275 276 296 297 311 159 195 196 224 419 460 461 498 348 367 368 386 387 418 499 515 516 533 312 347 33 59 60 76 
1.91    52.29 98.489168 97.001163 22 461 479 480 498 1 17 18 32 77 92 93 141 142 158 225 246 247 275 276 296 297 311 159 195 196 224 419 460 348 367 368 386 387 418 499 515 516 533 312 347 33 59 60 76 
1.84    54.31 98.557577 97.135960 23 419 445 446 460 461 479 480 498 1 17 18 32 77 92 93 141 142 158 225 246 247 275 276 296 297 311 159 195 196 224 348 367 368 386 387 418 499 515 516 533 312 347 33 59 60 76 
1.74    57.31 98.638340 97.295221 24 93 110 111 141 419 445 446 460 461 479 480 498 1 17 18 32 77 92 142 158 225 246 247 275 276 296 297 311 159 195 196 224 348 367 368 386 387 418 499 515 516 533 312 347 33 59 60 76 
1.68    59.67 98.690439 97.398028 25 387 403 404 418 93 110 111 141 419 445 446 460 461 479 480 498 1 17 18 32 77 92 142 158 225 246 247 275 276 296 297 311 159 195 196 224 348 367 368 386 499 515 516 533 312 347 33 59 60 76 
1.58    63.26 98.729300 97.474747 26 159 174 175 195 387 403 404 418 93 110 111 141 419 445 446 460 461 479 480 498 1 17 18 32 77 92 142 158 225 246 247 275 276 296 297 311 196 224 348 367 368 386 499 515 516 533 312 347 33 59 60 76 
1.50    66.80 98.757591 97.530617 27 111 126 127 141 159 174 175 195 387 403 404 418 93 110 419 445 446 460 461 479 480 498 1 17 18 32 77 92 142 158 225 246 247 275 276 296 297 311 196 224 348 367 368 386 499 515 516 533 312 347 33 59 60 76 
1.40    71.54 98.785273 97.585302 28 312 329 330 347 111 126 127 141 159 174 175 195 387 403 404 418 93 110 419 445 446 460 461 479 480 498 1 17 18 32 77 92 142 158 225 246 247 275 276 296 297 311 196 224 348 367 368 386 499 515 516 533 33 59 60 76 
