# pdb file = /home/wagram/gelly/CORNICHON/PROJECTS/DR/DR_2/PDBs_Clean/2DYTA/2DYTA.pdb
# dssp file = /home/wagram/gelly/CORNICHON/PROJECTS/DR/DR_2/PDBs_Clean/2DYTA/2DYTA.dssp
# R2 value = 99
# S2D limit size = 8
# limit size of PU= 15
# max size of PU= 0
# d0 value= 6.0
# delta value= 1.5
# only secondary structure= 0
# pruning flag= 0
# cut off pruning= 0
# Max Number of pu= 40
# END PARSE PDB
# END PARSE DSSP
#i/e    i/i+e R2        CI        N DOMAINS
9.88    10.12 71.597343 51.261796 3 1 166 167 185 186 213 
4.29    23.34 87.270999 76.162272 5 1 62 63 77 78 166 167 185 186 213 
4.00    25.01 90.649881 82.174010 6 78 151 152 166 1 62 63 77 167 185 186 213 
3.57    28.03 92.644385 85.829820 7 1 28 29 62 78 151 152 166 63 77 167 185 186 213 
3.40    29.44 93.619168 87.645486 8 29 47 48 62 1 28 78 151 152 166 63 77 167 185 186 213 
2.79    35.79 95.038529 90.323220 9 78 111 112 151 29 47 48 62 1 28 152 166 63 77 167 185 186 213 
2.46    40.65 95.585114 91.365140 10 112 132 133 151 78 111 29 47 48 62 1 28 152 166 63 77 167 185 186 213 
2.11    47.46 95.879863 91.929482 11 78 96 97 111 112 132 133 151 29 47 48 62 1 28 152 166 63 77 167 185 186 213 
