# pdb file = /home/wagram/gelly/CORNICHON/PROJECTS/DR/DR_2/PDBs_Clean/3N77A/3N77A.pdb
# dssp file = /home/wagram/gelly/CORNICHON/PROJECTS/DR/DR_2/PDBs_Clean/3N77A/3N77A.dssp
# R2 value = 99
# S2D limit size = 8
# limit size of PU= 15
# max size of PU= 0
# d0 value= 6.0
# delta value= 1.5
# only secondary structure= 0
# pruning flag= 0
# cut off pruning= 0
# Max Number of pu= 40
# END PARSE PDB
# END PARSE DSSP
#i/e    i/i+e R2        CI        N DOMAINS
2.95    33.93 67.117752 45.047926 3 1 75 76 90 91 141 
2.82    35.46 78.649102 61.856812 4 91 116 117 141 1 75 76 90 
2.35    42.59 85.731727 73.499290 5 1 39 40 75 91 116 117 141 76 90 
2.21    45.15 88.574700 78.454774 6 40 60 61 75 1 39 91 116 117 141 76 90 
1.86    53.71 90.060197 81.108391 7 1 21 22 39 40 60 61 75 91 116 117 141 76 90 
