# pdb file = /home/wagram/gelly/CORNICHON/PROJECTS/DR/DR_2/PDBs_Clean/1CG2A/1CG2A.pdb
# dssp file = /home/wagram/gelly/CORNICHON/PROJECTS/DR/DR_2/PDBs_Clean/1CG2A/1CG2A.dssp
# R2 value = 99
# S2D limit size = 8
# limit size of PU= 15
# max size of PU= 0
# d0 value= 6.0
# delta value= 1.5
# only secondary structure= 0
# pruning flag= 0
# cut off pruning= 0
# Max Number of pu= 40
# END PARSE PDB
# END PARSE DSSP
#i/e    i/i+e R2        CI        N DOMAINS
6.78    14.75 85.440836 73.001365 3 1 190 191 298 299 389 
6.55    15.27 88.527160 78.370580 4 1 175 176 190 191 298 299 389 
5.95    16.81 90.627993 82.134331 5 299 350 351 389 1 175 176 190 191 298 
5.61    17.82 92.021467 84.679503 6 1 16 17 175 299 350 351 389 176 190 191 298 
5.39    18.56 92.696256 85.925959 7 351 368 369 389 1 16 17 175 299 350 176 190 191 298 
3.07    32.54 94.646193 89.579018 9 17 94 95 111 112 175 351 368 369 389 1 16 299 350 176 190 191 298 
2.97    33.66 95.462669 91.131211 10 112 138 139 175 17 94 95 111 351 368 369 389 1 16 299 350 176 190 191 298 
2.66    37.53 96.300898 92.738629 12 17 41 42 86 87 94 112 138 139 175 95 111 351 368 369 389 1 16 299 350 176 190 191 298 
2.58    38.83 96.577087 93.271338 13 139 158 159 175 17 41 42 86 87 94 112 138 95 111 351 368 369 389 1 16 299 350 176 190 191 298 
2.41    41.57 96.883468 93.864063 14 299 328 329 350 139 158 159 175 17 41 42 86 87 94 112 138 95 111 351 368 369 389 1 16 176 190 191 298 
1.95    51.23 97.363939 94.797366 16 191 260 261 283 284 298 299 328 329 350 139 158 159 175 17 41 42 86 87 94 112 138 95 111 351 368 369 389 1 16 176 190 
1.67    59.90 97.757009 95.564328 18 191 220 221 239 240 260 261 283 284 298 299 328 329 350 139 158 159 175 17 41 42 86 87 94 112 138 95 111 351 368 369 389 1 16 176 190 
1.58    63.31 97.923044 95.889226 19 42 59 60 86 191 220 221 239 240 260 261 283 284 298 299 328 329 350 139 158 159 175 17 41 87 94 112 138 95 111 351 368 369 389 1 16 176 190 
