# pdb file = /home/wagram/gelly/CORNICHON/PROJECTS/DR/DR_2/PDBs_Clean/3APZA/3APZA.pdb
# dssp file = /home/wagram/gelly/CORNICHON/PROJECTS/DR/DR_2/PDBs_Clean/3APZA/3APZA.dssp
# R2 value = 99
# S2D limit size = 8
# limit size of PU= 15
# max size of PU= 0
# d0 value= 6.0
# delta value= 1.5
# only secondary structure= 0
# pruning flag= 0
# cut off pruning= 0
# Max Number of pu= 40
# END PARSE PDB
# END PARSE DSSP
#i/e    i/i+e R2        CI        N DOMAINS
11.54    8.67 84.030889 70.611904 3 1 185 186 254 255 299 
10.04    9.96 88.600920 78.501230 4 1 27 28 185 186 254 255 299 
6.60    15.15 94.630766 89.549818 6 28 48 49 101 102 185 1 27 186 254 255 299 
5.05    19.81 96.350077 92.833373 8 102 116 117 144 145 185 28 48 49 101 1 27 186 254 255 299 
4.45    22.46 96.915667 93.926464 9 186 210 211 254 102 116 117 144 145 185 28 48 49 101 1 27 255 299 
3.92    25.53 97.482949 95.029254 11 49 63 64 91 92 101 186 210 211 254 102 116 117 144 145 185 28 48 1 27 255 299 
3.63    27.52 97.777960 95.605295 12 255 274 275 299 49 63 64 91 92 101 186 210 211 254 102 116 117 144 145 185 28 48 1 27 
3.22    31.10 98.025205 96.089408 13 145 170 171 185 255 274 275 299 49 63 64 91 92 101 186 210 211 254 102 116 117 144 28 48 1 27 
2.82    35.47 98.151058 96.336303 14 211 229 230 254 145 170 171 185 255 274 275 299 49 63 64 91 92 101 186 210 102 116 117 144 28 48 1 27 
