# pdb file = /home/wagram/gelly/CORNICHON/PROJECTS/DR/DR_2/PDBs_Clean/3JVIA/3JVIA.pdb
# dssp file = /home/wagram/gelly/CORNICHON/PROJECTS/DR/DR_2/PDBs_Clean/3JVIA/3JVIA.dssp
# R2 value = 99
# S2D limit size = 8
# limit size of PU= 15
# max size of PU= 0
# d0 value= 6.0
# delta value= 1.5
# only secondary structure= 0
# pruning flag= 0
# cut off pruning= 0
# Max Number of pu= 40
# END PARSE PDB
# END PARSE DSSP
#i/e    i/i+e R2        CI        N DOMAINS
13.62    7.34 70.871615 50.227858 2 1 109 110 156 
7.33    13.63 83.379458 69.521340 3 1 73 74 109 110 156 
6.03    16.59 86.001878 73.963231 4 110 141 142 156 1 73 74 109 
2.88    34.76 90.752495 82.360154 6 1 21 22 36 37 73 110 141 142 156 74 109 
2.47    40.41 91.658650 84.013081 7 110 126 127 141 1 21 22 36 37 73 142 156 74 109 
2.06    48.61 92.402766 85.382711 8 74 89 90 109 110 126 127 141 1 21 22 36 37 73 142 156 
