# pdb file = /home/wagram/gelly/CORNICHON/PROJECTS/DR/DR_2/PDBs_Clean/3R7WA/3R7WA.pdb
# dssp file = /home/wagram/gelly/CORNICHON/PROJECTS/DR/DR_2/PDBs_Clean/3R7WA/3R7WA.dssp
# R2 value = 99
# S2D limit size = 8
# limit size of PU= 15
# max size of PU= 0
# d0 value= 6.0
# delta value= 1.5
# only secondary structure= 0
# pruning flag= 0
# cut off pruning= 0
# Max Number of pu= 40
# END PARSE PDB
# END PARSE DSSP
#i/e    i/i+e R2        CI        N DOMAINS
27.74    3.60 80.834608 65.342338 2 1 165 166 289 
11.54    8.66 88.435408 78.208214 3 1 77 78 165 166 289 
9.88    10.12 90.184568 81.332562 4 1 61 62 77 78 165 166 289 
5.81    17.22 94.136826 88.617420 6 166 217 218 244 245 289 1 61 62 77 78 165 
5.31    18.85 95.065952 90.375353 7 166 181 182 217 218 244 245 289 1 61 62 77 78 165 
4.91    20.37 95.547833 91.293885 8 245 273 274 289 166 181 182 217 218 244 1 61 62 77 78 165 
3.66    27.32 96.692271 93.493953 10 78 127 128 155 156 165 245 273 274 289 166 181 182 217 218 244 1 61 62 77 
3.38    29.56 97.006936 94.103457 11 182 197 198 217 78 127 128 155 156 165 245 273 274 289 166 181 218 244 1 61 62 77 
2.88    34.78 97.357034 94.783921 12 1 36 37 61 182 197 198 217 78 127 128 155 156 165 245 273 274 289 166 181 218 244 62 77 
2.41    41.51 97.546402 95.153005 13 78 105 106 127 1 36 37 61 182 197 198 217 128 155 156 165 245 273 274 289 166 181 218 244 62 77 
