# pdb file = /home/wagram/gelly/CORNICHON/PROJECTS/DR/DR_2/PDBs_Clean/1EKQA/1EKQA.pdb
# dssp file = /home/wagram/gelly/CORNICHON/PROJECTS/DR/DR_2/PDBs_Clean/1EKQA/1EKQA.dssp
# R2 value = 99
# S2D limit size = 8
# limit size of PU= 15
# max size of PU= 0
# d0 value= 6.0
# delta value= 1.5
# only secondary structure= 0
# pruning flag= 0
# cut off pruning= 0
# Max Number of pu= 40
# END PARSE PDB
# END PARSE DSSP
#i/e    i/i+e R2        CI        N DOMAINS
6.10    16.41 81.445519 66.333726 3 1 45 46 167 168 254 
5.05    19.80 87.635341 76.799531 4 46 131 132 167 1 45 168 254 
4.76    21.03 89.332171 79.802368 5 1 16 17 45 46 131 132 167 168 254 
3.65    27.40 92.670005 85.877299 7 168 182 183 207 208 254 1 16 17 45 46 131 132 167 
3.06    32.72 94.469068 89.244049 8 46 93 94 131 168 182 183 207 208 254 1 16 17 45 132 167 
2.85    35.06 95.121588 90.481165 9 208 239 240 254 46 93 94 131 168 182 183 207 1 16 17 45 132 167 
2.60    38.46 95.436244 91.080767 10 208 224 225 239 240 254 46 93 94 131 168 182 183 207 1 16 17 45 132 167 
2.36    42.36 95.807687 91.791130 11 94 116 117 131 208 224 225 239 240 254 46 93 168 182 183 207 1 16 17 45 132 167 
2.12    47.06 96.094248 92.341044 12 132 147 148 167 94 116 117 131 208 224 225 239 240 254 46 93 168 182 183 207 1 16 17 45 
1.83    54.60 96.381490 92.893916 13 46 64 65 93 132 147 148 167 94 116 117 131 208 224 225 239 240 254 168 182 183 207 1 16 17 45 
