# pdb file = /home/wagram/gelly/CORNICHON/PROJECTS/DR/DR_2/PDBs_Clean/3U62A/3U62A.pdb
# dssp file = /home/wagram/gelly/CORNICHON/PROJECTS/DR/DR_2/PDBs_Clean/3U62A/3U62A.dssp
# R2 value = 99
# S2D limit size = 8
# limit size of PU= 15
# max size of PU= 0
# d0 value= 6.0
# delta value= 1.5
# only secondary structure= 0
# pruning flag= 0
# cut off pruning= 0
# Max Number of pu= 40
# END PARSE PDB
# END PARSE DSSP
#i/e    i/i+e R2        CI        N DOMAINS
15.89    6.29 85.629786 73.324603 3 1 92 93 228 229 253 
10.51    9.52 89.270395 79.692034 4 1 62 63 92 93 228 229 253 
5.42    18.46 93.772797 87.933375 6 93 157 158 221 222 228 1 62 63 92 229 253 
4.83    20.72 94.775538 89.824026 7 93 108 109 157 158 221 222 228 1 62 63 92 229 253 
3.40    29.43 95.800752 91.777840 9 1 15 16 35 36 62 93 108 109 157 158 221 222 228 63 92 229 253 
2.79    35.79 96.415960 92.960373 10 158 193 194 221 1 15 16 35 36 62 93 108 109 157 222 228 63 92 229 253 
2.46    40.65 96.744195 93.594393 11 109 138 139 157 158 193 194 221 1 15 16 35 36 62 93 108 222 228 63 92 229 253 
2.26    44.33 96.972476 94.036611 12 158 173 174 193 109 138 139 157 194 221 1 15 16 35 36 62 93 108 222 228 63 92 229 253 
