# pdb file = /home/wagram/gelly/CORNICHON/PROJECTS/DR/DR_2/PDBs_Clean/2HMAA/2HMAA.pdb
# dssp file = /home/wagram/gelly/CORNICHON/PROJECTS/DR/DR_2/PDBs_Clean/2HMAA/2HMAA.dssp
# R2 value = 99
# S2D limit size = 8
# limit size of PU= 15
# max size of PU= 0
# d0 value= 6.0
# delta value= 1.5
# only secondary structure= 0
# pruning flag= 0
# cut off pruning= 0
# Max Number of pu= 40
# END PARSE PDB
# END PARSE DSSP
#i/e    i/i+e R2        CI        N DOMAINS
14.77    6.77 87.319279 76.246564 3 1 200 201 274 275 364 
7.28    13.74 93.786108 87.958341 5 1 69 70 170 171 200 201 274 275 364 
6.40    15.63 95.219113 90.666796 6 70 116 117 170 1 69 171 200 201 274 275 364 
5.90    16.94 95.761877 91.703371 7 70 92 93 116 117 170 1 69 171 200 201 274 275 364 
4.93    20.28 96.269800 92.678744 8 201 233 234 274 70 92 93 116 117 170 1 69 171 200 275 364 
4.19    23.88 96.708770 93.525862 9 1 37 38 69 201 233 234 274 70 92 93 116 117 170 171 200 275 364 
3.99    25.07 96.856217 93.811267 10 38 53 54 69 1 37 201 233 234 274 70 92 93 116 117 170 171 200 275 364 
2.83    35.36 97.372166 94.813388 12 275 289 290 326 327 364 38 53 54 69 1 37 201 233 234 274 70 92 93 116 117 170 171 200 
2.67    37.43 97.526197 95.113591 13 327 349 350 364 275 289 290 326 38 53 54 69 1 37 201 233 234 274 70 92 93 116 117 170 171 200 
2.48    40.38 97.616179 95.289184 14 234 249 250 274 327 349 350 364 275 289 290 326 38 53 54 69 1 37 201 233 70 92 93 116 117 170 171 200 
2.01    49.67 97.857277 95.760466 16 117 132 133 160 161 170 234 249 250 274 327 349 350 364 275 289 290 326 38 53 54 69 1 37 201 233 70 92 93 116 171 200 
1.88    53.22 97.920549 95.884340 17 201 218 219 233 117 132 133 160 161 170 234 249 250 274 327 349 350 364 275 289 290 326 38 53 54 69 1 37 70 92 93 116 171 200 
1.74    57.58 97.990738 96.021847 18 290 307 308 326 201 218 219 233 117 132 133 160 161 170 234 249 250 274 327 349 350 364 275 289 38 53 54 69 1 37 70 92 93 116 171 200 
1.57    63.58 98.062268 96.162084 19 1 21 22 37 290 307 308 326 201 218 219 233 117 132 133 160 161 170 234 249 250 274 327 349 350 364 275 289 38 53 54 69 70 92 93 116 171 200 
