# pdb file = /home/wagram/gelly/CORNICHON/PROJECTS/DR/DR_2/PDBs_Clean/2B4HA/2B4HA.pdb
# dssp file = /home/wagram/gelly/CORNICHON/PROJECTS/DR/DR_2/PDBs_Clean/2B4HA/2B4HA.dssp
# R2 value = 99
# S2D limit size = 8
# limit size of PU= 15
# max size of PU= 0
# d0 value= 6.0
# delta value= 1.5
# only secondary structure= 0
# pruning flag= 0
# cut off pruning= 0
# Max Number of pu= 40
# END PARSE PDB
# END PARSE DSSP
#i/e    i/i+e R2        CI        N DOMAINS
22.92    4.36 56.767859 32.225898 3 1 18 19 220 221 227 
3.16    31.68 73.855089 54.545741 5 19 160 161 175 176 220 1 18 221 227 
3.07    32.52 77.747548 60.446813 6 176 201 202 220 19 160 161 175 1 18 221 227 
2.73    36.68 87.483978 76.534463 7 19 116 117 160 176 201 202 220 161 175 1 18 221 227 
1.92    52.05 91.730575 84.144985 9 19 72 73 99 100 116 117 160 176 201 202 220 161 175 1 18 221 227 
1.73    57.77 93.246002 86.948170 10 19 48 49 72 73 99 100 116 117 160 176 201 202 220 161 175 1 18 221 227 
1.59    62.93 94.041153 88.437384 11 117 132 133 160 19 48 49 72 73 99 100 116 176 201 202 220 161 175 1 18 221 227 
