# pdb file = /home/wagram/gelly/CORNICHON/PROJECTS/DR/DR_2/PDBs_Clean/1LQTA/1LQTA.pdb
# dssp file = /home/wagram/gelly/CORNICHON/PROJECTS/DR/DR_2/PDBs_Clean/1LQTA/1LQTA.dssp
# R2 value = 99
# S2D limit size = 8
# limit size of PU= 15
# max size of PU= 0
# d0 value= 6.0
# delta value= 1.5
# only secondary structure= 0
# pruning flag= 0
# cut off pruning= 0
# Max Number of pu= 40
# END PARSE PDB
# END PARSE DSSP
#i/e    i/i+e R2        CI        N DOMAINS
9.43    10.60 87.190386 76.021634 3 1 109 110 320 321 452 
9.37    10.67 90.993536 82.798235 4 321 396 397 452 1 109 110 320 
9.06    11.04 91.888831 84.435573 5 397 412 413 452 321 396 1 109 110 320 
8.56    11.68 92.690603 85.915479 6 321 380 381 396 397 412 413 452 1 109 110 320 
4.71    21.24 95.816814 91.808618 8 110 199 200 267 268 320 321 380 381 396 397 412 413 452 1 109 
4.35    22.99 96.431782 92.990885 9 110 142 143 199 200 267 268 320 321 380 381 396 397 412 413 452 1 109 
3.31    30.17 97.233805 94.544129 11 1 44 45 72 73 109 110 142 143 199 200 267 268 320 321 380 381 396 397 412 413 452 
3.22    31.08 97.436915 94.939524 12 110 125 126 142 1 44 45 72 73 109 143 199 200 267 268 320 321 380 381 396 397 412 413 452 
3.14    31.88 97.613357 95.283676 13 73 94 95 109 110 125 126 142 1 44 45 72 143 199 200 267 268 320 321 380 381 396 397 412 413 452 
2.76    36.26 97.926725 95.896434 15 143 161 162 188 189 199 73 94 95 109 110 125 126 142 1 44 45 72 200 267 268 320 321 380 381 396 397 412 413 452 
2.62    38.14 98.117186 96.269821 16 321 363 364 380 143 161 162 188 189 199 73 94 95 109 110 125 126 142 1 44 45 72 200 267 268 320 381 396 397 412 413 452 
2.36    42.35 98.355575 96.738192 18 200 223 224 258 259 267 321 363 364 380 143 161 162 188 189 199 73 94 95 109 110 125 126 142 1 44 45 72 268 320 381 396 397 412 413 452 
2.25    44.52 98.454846 96.933568 19 321 339 340 363 200 223 224 258 259 267 364 380 143 161 162 188 189 199 73 94 95 109 110 125 126 142 1 44 45 72 268 320 381 396 397 412 413 452 
2.14    46.70 98.531863 97.085280 20 413 437 438 452 321 339 340 363 200 223 224 258 259 267 364 380 143 161 162 188 189 199 73 94 95 109 110 125 126 142 1 44 45 72 268 320 381 396 397 412 
2.04    48.98 98.579056 97.178302 21 224 241 242 258 413 437 438 452 321 339 340 363 200 223 259 267 364 380 143 161 162 188 189 199 73 94 95 109 110 125 126 142 1 44 45 72 268 320 381 396 397 412 
1.89    52.85 98.646606 97.311529 22 268 287 288 320 224 241 242 258 413 437 438 452 321 339 340 363 200 223 259 267 364 380 143 161 162 188 189 199 73 94 95 109 110 125 126 142 1 44 45 72 381 396 397 412 
1.86    53.74 98.743898 97.503573 23 288 305 306 320 268 287 224 241 242 258 413 437 438 452 321 339 340 363 200 223 259 267 364 380 143 161 162 188 189 199 73 94 95 109 110 125 126 142 1 44 45 72 381 396 397 412 
1.72    58.18 98.813233 97.640551 24 1 20 21 44 288 305 306 320 268 287 224 241 242 258 413 437 438 452 321 339 340 363 200 223 259 267 364 380 143 161 162 188 189 199 73 94 95 109 110 125 126 142 45 72 381 396 397 412 
