# pdb file = /home/wagram/gelly/CORNICHON/PROJECTS/DR/DR_2/PDBs_Clean/4EU0A/4EU0A.pdb
# dssp file = /home/wagram/gelly/CORNICHON/PROJECTS/DR/DR_2/PDBs_Clean/4EU0A/4EU0A.dssp
# R2 value = 99
# S2D limit size = 8
# limit size of PU= 15
# max size of PU= 0
# d0 value= 6.0
# delta value= 1.5
# only secondary structure= 0
# pruning flag= 0
# cut off pruning= 0
# Max Number of pu= 40
# END PARSE PDB
# END PARSE DSSP
#i/e    i/i+e R2        CI        N DOMAINS
49.66    2.01 83.453915 69.645559 2 1 140 141 285 
27.86    3.59 87.402358 76.391722 3 1 21 22 140 141 285 
10.91    9.17 93.100018 86.676134 5 141 170 171 258 259 285 1 21 22 140 
6.64    15.05 94.799910 89.870229 7 171 220 221 246 247 258 141 170 259 285 1 21 22 140 
4.28    23.36 96.647316 93.407038 9 22 41 42 112 113 140 171 220 221 246 247 258 141 170 259 285 1 21 
3.09    32.37 97.326516 94.724506 11 42 69 70 97 98 112 22 41 113 140 171 220 221 246 247 258 141 170 259 285 1 21 
2.65    37.73 97.554325 95.168464 12 171 195 196 220 42 69 70 97 98 112 22 41 113 140 221 246 247 258 141 170 259 285 1 21 
