# pdb file = /home/wagram/gelly/CORNICHON/PROJECTS/DR/DR_2/PDBs_Clean/4FR4A/4FR4A.pdb
# dssp file = /home/wagram/gelly/CORNICHON/PROJECTS/DR/DR_2/PDBs_Clean/4FR4A/4FR4A.dssp
# R2 value = 99
# S2D limit size = 8
# limit size of PU= 15
# max size of PU= 0
# d0 value= 6.0
# delta value= 1.5
# only secondary structure= 0
# pruning flag= 0
# cut off pruning= 0
# Max Number of pu= 40
# END PARSE PDB
# END PARSE DSSP
#i/e    i/i+e R2        CI        N DOMAINS
40.16    2.49 70.133112 49.186534 3 1 293 294 309 310 350 
35.59    2.81 73.352260 53.805541 4 310 335 336 350 1 293 294 309 
17.02    5.88 89.608475 80.296788 5 1 89 90 293 310 335 336 350 294 309 
6.59    15.17 95.068228 90.379680 7 90 162 163 257 258 293 1 89 310 335 336 350 294 309 
4.89    20.47 96.355099 92.843051 9 1 42 43 65 66 89 90 162 163 257 258 293 310 335 336 350 294 309 
3.96    25.28 97.067562 94.221116 11 90 104 105 127 128 162 1 42 43 65 66 89 163 257 258 293 310 335 336 350 294 309 
3.81    26.23 97.323378 94.718399 12 258 278 279 293 90 104 105 127 128 162 1 42 43 65 66 89 163 257 310 335 336 350 294 309 
3.10    32.28 98.066252 96.169898 14 163 209 210 229 230 257 258 278 279 293 90 104 105 127 128 162 1 42 43 65 66 89 310 335 336 350 294 309 
2.92    34.19 98.281443 96.592420 15 163 188 189 209 210 229 230 257 258 278 279 293 90 104 105 127 128 162 1 42 43 65 66 89 310 335 336 350 294 309 
2.67    37.49 98.363090 96.752975 16 1 16 17 42 163 188 189 209 210 229 230 257 258 278 279 293 90 104 105 127 128 162 43 65 66 89 310 335 336 350 294 309 
2.40    41.65 98.432223 96.889025 17 128 145 146 162 1 16 17 42 163 188 189 209 210 229 230 257 258 278 279 293 90 104 105 127 43 65 66 89 310 335 336 350 294 309 
