# pdb file = /home/wagram/gelly/CORNICHON/PROJECTS/DR/DR_2/PDBs_Clean/1OZHA/1OZHA.pdb
# dssp file = /home/wagram/gelly/CORNICHON/PROJECTS/DR/DR_2/PDBs_Clean/1OZHA/1OZHA.dssp
# R2 value = 99
# S2D limit size = 8
# limit size of PU= 15
# max size of PU= 0
# d0 value= 6.0
# delta value= 1.5
# only secondary structure= 0
# pruning flag= 0
# cut off pruning= 0
# Max Number of pu= 40
# END PARSE PDB
# END PARSE DSSP
#i/e    i/i+e R2        CI        N DOMAINS
25.11    3.98 91.570860 83.852224 3 1 175 176 349 350 545 
21.95    4.56 92.507294 85.575994 4 350 530 531 545 1 175 176 349 
11.27    8.87 94.641088 89.569355 6 350 461 462 485 486 530 531 545 1 175 176 349 
10.34    9.67 95.238136 90.703025 7 350 370 371 461 462 485 486 530 531 545 1 175 176 349 
9.37    10.67 95.876969 91.923931 8 176 328 329 349 350 370 371 461 462 485 486 530 531 545 1 175 
6.78    14.75 96.578470 93.274008 10 176 196 197 309 310 328 329 349 350 370 371 461 462 485 486 530 531 545 1 175 
5.73    17.47 97.037380 94.162531 11 197 263 264 309 176 196 310 328 329 349 350 370 371 461 462 485 486 530 531 545 1 175 
4.01    24.93 97.698729 95.450416 13 1 49 50 156 157 175 197 263 264 309 176 196 310 328 329 349 350 370 371 461 462 485 486 530 531 545 
3.85    26.00 97.845011 95.736463 14 1 20 21 49 50 156 157 175 197 263 264 309 176 196 310 328 329 349 350 370 371 461 462 485 486 530 531 545 
3.45    28.95 98.116783 96.269030 15 371 408 409 461 1 20 21 49 50 156 157 175 197 263 264 309 176 196 310 328 329 349 350 370 462 485 486 530 531 545 
3.28    30.52 98.248692 96.528054 16 197 247 248 263 371 408 409 461 1 20 21 49 50 156 157 175 264 309 176 196 310 328 329 349 350 370 462 485 486 530 531 545 
2.82    35.46 98.501199 97.024862 17 50 101 102 156 197 247 248 263 371 408 409 461 1 20 21 49 157 175 264 309 176 196 310 328 329 349 350 370 462 485 486 530 531 545 
2.70    37.00 98.572167 97.164721 18 102 119 120 156 50 101 197 247 248 263 371 408 409 461 1 20 21 49 157 175 264 309 176 196 310 328 329 349 350 370 462 485 486 530 531 545 
2.58    38.75 98.636018 97.290640 19 486 501 502 530 102 119 120 156 50 101 197 247 248 263 371 408 409 461 1 20 21 49 157 175 264 309 176 196 310 328 329 349 350 370 462 485 531 545 
2.42    41.27 98.723539 97.463371 20 197 224 225 247 486 501 502 530 102 119 120 156 50 101 248 263 371 408 409 461 1 20 21 49 157 175 264 309 176 196 310 328 329 349 350 370 462 485 531 545 
2.26    44.17 98.797281 97.609027 21 409 425 426 461 197 224 225 247 486 501 502 530 102 119 120 156 50 101 248 263 371 408 1 20 21 49 157 175 264 309 176 196 310 328 329 349 350 370 462 485 531 545 
2.13    46.88 98.844948 97.703237 22 264 291 292 309 409 425 426 461 197 224 225 247 486 501 502 530 102 119 120 156 50 101 248 263 371 408 1 20 21 49 157 175 176 196 310 328 329 349 350 370 462 485 531 545 
1.96    50.98 98.913192 97.838195 23 50 72 73 101 264 291 292 309 409 425 426 461 197 224 225 247 486 501 502 530 102 119 120 156 248 263 371 408 1 20 21 49 157 175 176 196 310 328 329 349 350 370 462 485 531 545 
1.87    53.40 98.953064 97.917089 24 426 441 442 461 50 72 73 101 264 291 292 309 409 425 197 224 225 247 486 501 502 530 102 119 120 156 248 263 371 408 1 20 21 49 157 175 176 196 310 328 329 349 350 370 462 485 531 545 
1.77    56.39 98.987904 97.986052 25 120 138 139 156 426 441 442 461 50 72 73 101 264 291 292 309 409 425 197 224 225 247 486 501 502 530 102 119 248 263 371 408 1 20 21 49 157 175 176 196 310 328 329 349 350 370 462 485 531 545 
1.68    59.69 99.022041 98.053646 26 371 390 391 408 120 138 139 156 426 441 442 461 50 72 73 101 264 291 292 309 409 425 197 224 225 247 486 501 502 530 102 119 248 263 1 20 21 49 157 175 176 196 310 328 329 349 350 370 462 485 531 545 
