# pdb file = /home/wagram/gelly/CORNICHON/PROJECTS/DR/DR_2/PDBs_Clean/3CWVA/3CWVA.pdb
# dssp file = /home/wagram/gelly/CORNICHON/PROJECTS/DR/DR_2/PDBs_Clean/3CWVA/3CWVA.dssp
# R2 value = 99
# S2D limit size = 8
# limit size of PU= 15
# max size of PU= 0
# d0 value= 6.0
# delta value= 1.5
# only secondary structure= 0
# pruning flag= 0
# cut off pruning= 0
# Max Number of pu= 40
# END PARSE PDB
# END PARSE DSSP
#i/e    i/i+e R2        CI        N DOMAINS
52.97    1.89 83.143136 69.127810 2 1 200 201 349 
20.78    4.81 88.709531 78.693808 3 1 161 162 200 201 349 
11.29    8.86 91.677666 84.047945 5 1 25 26 152 153 161 162 200 201 349 
6.24    16.03 94.580546 89.454797 7 26 65 66 92 93 152 1 25 153 161 162 200 201 349 
4.71    21.21 95.782173 91.742247 8 201 240 241 349 26 65 66 92 93 152 1 25 153 161 162 200 
4.19    23.86 96.343460 92.820624 9 241 329 330 349 201 240 26 65 66 92 93 152 1 25 153 161 162 200 
2.98    33.53 97.108046 94.299727 11 241 267 268 288 289 329 330 349 201 240 26 65 66 92 93 152 1 25 153 161 162 200 
2.93    34.18 97.398159 94.864014 12 289 305 306 329 241 267 268 288 330 349 201 240 26 65 66 92 93 152 1 25 153 161 162 200 
2.77    36.11 97.605274 95.267895 13 26 43 44 65 289 305 306 329 241 267 268 288 330 349 201 240 66 92 93 152 1 25 153 161 162 200 
2.56    39.09 97.745965 95.542736 14 162 177 178 200 26 43 44 65 289 305 306 329 241 267 268 288 330 349 201 240 66 92 93 152 1 25 153 161 
2.37    42.18 97.878136 95.801295 15 201 218 219 240 162 177 178 200 26 43 44 65 289 305 306 329 241 267 268 288 330 349 66 92 93 152 1 25 153 161 
1.95    51.17 98.173623 96.380602 17 93 107 108 135 136 152 201 218 219 240 162 177 178 200 26 43 44 65 289 305 306 329 241 267 268 288 330 349 66 92 1 25 153 161 
