# pdb file = /home/wagram/gelly/CORNICHON/PROJECTS/DR/DR_2/PDBs_Clean/3TEOA/3TEOA.pdb
# dssp file = /home/wagram/gelly/CORNICHON/PROJECTS/DR/DR_2/PDBs_Clean/3TEOA/3TEOA.dssp
# R2 value = 99
# S2D limit size = 8
# limit size of PU= 15
# max size of PU= 0
# d0 value= 6.0
# delta value= 1.5
# only secondary structure= 0
# pruning flag= 0
# cut off pruning= 0
# Max Number of pu= 40
# END PARSE PDB
# END PARSE DSSP
#i/e    i/i+e R2        CI        N DOMAINS
111.31   0.90 65.104095 42.385432 2 1 23 24 202 
73.80    1.35 75.899556 57.607425 3 24 187 188 202 1 23 
6.71    14.90 92.455963 85.481051 5 24 95 96 135 136 187 188 202 1 23 
5.67    17.65 93.277251 87.006456 6 96 111 112 135 24 95 136 187 188 202 1 23 
4.66    21.44 94.327472 88.976720 7 136 163 164 187 96 111 112 135 24 95 188 202 1 23 
2.92    34.23 96.037822 92.232633 9 24 57 58 78 79 95 136 163 164 187 96 111 112 135 188 202 1 23 
2.43    41.16 96.272471 92.683886 10 24 39 40 57 58 78 79 95 136 163 164 187 96 111 112 135 188 202 1 23 
