# pdb file = /home/wagram/gelly/CORNICHON/PROJECTS/DR/DR_2/PDBs_Clean/1EOKA/1EOKA.pdb
# dssp file = /home/wagram/gelly/CORNICHON/PROJECTS/DR/DR_2/PDBs_Clean/1EOKA/1EOKA.dssp
# R2 value = 99
# S2D limit size = 8
# limit size of PU= 15
# max size of PU= 0
# d0 value= 6.0
# delta value= 1.5
# only secondary structure= 0
# pruning flag= 0
# cut off pruning= 0
# Max Number of pu= 40
# END PARSE PDB
# END PARSE DSSP
#i/e    i/i+e R2        CI        N DOMAINS
8.52    11.73 86.000739 73.961271 3 1 80 81 202 203 282 
4.77    20.96 90.846066 82.530076 5 81 127 128 143 144 202 1 80 203 282 
4.35    22.98 91.871177 84.403131 6 81 102 103 127 128 143 144 202 1 80 203 282 
3.25    30.81 94.062261 88.477090 8 1 33 34 63 64 80 81 102 103 127 128 143 144 202 203 282 
2.78    35.99 95.113600 90.465970 9 203 226 227 282 1 33 34 63 64 80 81 102 103 127 128 143 144 202 
2.49    40.15 95.739363 91.660256 10 144 162 163 202 203 226 227 282 1 33 34 63 64 80 81 102 103 127 128 143 
2.29    43.61 96.085662 92.324544 11 163 179 180 202 144 162 203 226 227 282 1 33 34 63 64 80 81 102 103 127 128 143 
2.02    49.42 96.489546 93.102325 12 227 265 266 282 163 179 180 202 144 162 203 226 1 33 34 63 64 80 81 102 103 127 128 143 
1.80    55.58 96.630662 93.374849 13 227 250 251 265 266 282 163 179 180 202 144 162 203 226 1 33 34 63 64 80 81 102 103 127 128 143 
1.65    60.73 96.806488 93.714962 14 1 17 18 33 227 250 251 265 266 282 163 179 180 202 144 162 203 226 34 63 64 80 81 102 103 127 128 143 
