# pdb file = /home/wagram/gelly/CORNICHON/PROJECTS/DR/DR_2/PDBs_Clean/1VR5A/1VR5A.pdb
# dssp file = /home/wagram/gelly/CORNICHON/PROJECTS/DR/DR_2/PDBs_Clean/1VR5A/1VR5A.dssp
# R2 value = 99
# S2D limit size = 8
# limit size of PU= 15
# max size of PU= 0
# d0 value= 6.0
# delta value= 1.5
# only secondary structure= 0
# pruning flag= 0
# cut off pruning= 0
# Max Number of pu= 40
# END PARSE PDB
# END PARSE DSSP
#i/e    i/i+e R2        CI        N DOMAINS
13.96    7.16 85.997872 73.956340 3 1 252 253 492 493 536 
13.22    7.57 88.770947 78.802811 4 1 229 230 252 253 492 493 536 
8.32    12.02 92.738758 86.004773 6 1 17 18 167 168 229 230 252 253 492 493 536 
8.13    12.29 93.589235 87.589449 7 168 206 207 229 1 17 18 167 230 252 253 492 493 536 
4.28    23.36 96.140542 92.430037 9 253 326 327 398 399 492 168 206 207 229 1 17 18 167 230 252 493 536 
4.01    24.94 96.770544 93.645383 11 253 281 282 297 298 326 327 398 399 492 168 206 207 229 1 17 18 167 230 252 493 536 
3.84    26.02 97.149426 94.380110 12 327 356 357 398 253 281 282 297 298 326 399 492 168 206 207 229 1 17 18 167 230 252 493 536 
3.57    28.00 97.750909 95.552402 14 399 448 449 483 484 492 327 356 357 398 253 281 282 297 298 326 168 206 207 229 1 17 18 167 230 252 493 536 
3.09    32.33 98.236095 96.503303 16 18 38 39 149 150 167 399 448 449 483 484 492 327 356 357 398 253 281 282 297 298 326 168 206 207 229 1 17 230 252 493 536 
2.60    38.43 98.531690 97.084939 18 39 90 91 107 108 149 18 38 150 167 399 448 449 483 484 492 327 356 357 398 253 281 282 297 298 326 168 206 207 229 1 17 230 252 493 536 
2.58    38.80 98.637767 97.294090 19 108 127 128 149 39 90 91 107 18 38 150 167 399 448 449 483 484 492 327 356 357 398 253 281 282 297 298 326 168 206 207 229 1 17 230 252 493 536 
2.54    39.41 98.756992 97.529435 20 39 71 72 90 108 127 128 149 91 107 18 38 150 167 399 448 449 483 484 492 327 356 357 398 253 281 282 297 298 326 168 206 207 229 1 17 230 252 493 536 
2.46    40.67 98.824947 97.663702 21 449 464 465 483 39 71 72 90 108 127 128 149 91 107 18 38 150 167 399 448 484 492 327 356 357 398 253 281 282 297 298 326 168 206 207 229 1 17 230 252 493 536 
2.34    42.71 98.904824 97.821641 22 399 414 415 448 449 464 465 483 39 71 72 90 108 127 128 149 91 107 18 38 150 167 484 492 327 356 357 398 253 281 282 297 298 326 168 206 207 229 1 17 230 252 493 536 
2.23    44.84 98.976891 97.964249 23 493 512 513 536 399 414 415 448 449 464 465 483 39 71 72 90 108 127 128 149 91 107 18 38 150 167 484 492 327 356 357 398 253 281 282 297 298 326 168 206 207 229 1 17 230 252 
2.12    47.27 99.010453 98.030698 24 168 184 185 206 493 512 513 536 399 414 415 448 449 464 465 483 39 71 72 90 108 127 128 149 91 107 18 38 150 167 484 492 327 356 357 398 253 281 282 297 298 326 207 229 1 17 230 252 
