# pdb file = /home/wagram/gelly/CORNICHON/PROJECTS/DR/DR_2/PDBs_Clean/3OC9A/3OC9A.pdb
# dssp file = /home/wagram/gelly/CORNICHON/PROJECTS/DR/DR_2/PDBs_Clean/3OC9A/3OC9A.dssp
# R2 value = 99
# S2D limit size = 8
# limit size of PU= 15
# max size of PU= 0
# d0 value= 6.0
# delta value= 1.5
# only secondary structure= 0
# pruning flag= 0
# cut off pruning= 0
# Max Number of pu= 40
# END PARSE PDB
# END PARSE DSSP
#i/e    i/i+e R2        CI        N DOMAINS
52.99    1.89 66.444489 44.148701 2 1 349 350 400 
9.47    10.56 87.088057 75.843297 4 1 22 23 124 125 349 350 400 
8.57    11.67 90.163187 81.294002 5 125 328 329 349 1 22 23 124 350 400 
4.25    23.53 94.458900 89.224838 7 125 210 211 255 256 328 329 349 1 22 23 124 350 400 
4.18    23.93 95.701910 91.588556 8 125 173 174 210 211 255 256 328 329 349 1 22 23 124 350 400 
3.91    25.60 96.743553 93.593150 10 256 275 276 304 305 328 125 173 174 210 211 255 329 349 1 22 23 124 350 400 
3.79    26.39 97.135540 94.353131 11 125 150 151 173 256 275 276 304 305 328 174 210 211 255 329 349 1 22 23 124 350 400 
3.12    32.01 97.894101 95.832551 13 23 37 38 66 67 124 125 150 151 173 256 275 276 304 305 328 174 210 211 255 329 349 1 22 350 400 
3.03    33.04 98.169563 96.372630 14 67 88 89 124 23 37 38 66 125 150 151 173 256 275 276 304 305 328 174 210 211 255 329 349 1 22 350 400 
2.95    33.95 98.350846 96.728888 15 174 189 190 210 67 88 89 124 23 37 38 66 125 150 151 173 256 275 276 304 305 328 211 255 329 349 1 22 350 400 
2.75    36.42 98.438967 96.902302 16 211 236 237 255 174 189 190 210 67 88 89 124 23 37 38 66 125 150 151 173 256 275 276 304 305 328 329 349 1 22 350 400 
2.45    40.78 98.518335 97.058623 17 350 365 366 400 211 236 237 255 174 189 190 210 67 88 89 124 23 37 38 66 125 150 151 173 256 275 276 304 305 328 329 349 1 22 
2.27    44.08 98.568142 97.156787 18 89 106 107 124 350 365 366 400 211 236 237 255 174 189 190 210 67 88 23 37 38 66 125 150 151 173 256 275 276 304 305 328 329 349 1 22 
2.11    47.36 98.611279 97.241844 19 366 381 382 400 89 106 107 124 350 365 211 236 237 255 174 189 190 210 67 88 23 37 38 66 125 150 151 173 256 275 276 304 305 328 329 349 1 22 
