# pdb file = /home/wagram/gelly/CORNICHON/PROJECTS/DR/DR_2/PDBs_Clean/1GVEA/1GVEA.pdb
# dssp file = /home/wagram/gelly/CORNICHON/PROJECTS/DR/DR_2/PDBs_Clean/1GVEA/1GVEA.dssp
# R2 value = 99
# S2D limit size = 8
# limit size of PU= 15
# max size of PU= 0
# d0 value= 6.0
# delta value= 1.5
# only secondary structure= 0
# pruning flag= 0
# cut off pruning= 0
# Max Number of pu= 40
# END PARSE PDB
# END PARSE DSSP
#i/e    i/i+e R2        CI        N DOMAINS
9.70    10.31 84.004739 70.567961 3 1 37 38 163 164 324 
5.57    17.96 90.719039 82.299441 5 164 201 202 230 231 324 1 37 38 163 
4.55    21.99 93.765452 87.919599 7 231 253 254 300 301 324 164 201 202 230 1 37 38 163 
3.88    25.76 95.326361 90.871151 8 38 135 136 163 231 253 254 300 301 324 164 201 202 230 1 37 
3.61    27.72 95.752488 91.685390 9 254 279 280 300 38 135 136 163 231 253 301 324 164 201 202 230 1 37 
3.14    31.83 96.403838 92.937000 10 38 56 57 135 254 279 280 300 136 163 231 253 301 324 164 201 202 230 1 37 
2.93    34.07 96.685309 93.480489 11 164 184 185 201 38 56 57 135 254 279 280 300 136 163 231 253 301 324 202 230 1 37 
2.32    43.19 97.383830 94.836104 13 57 71 72 96 97 135 164 184 185 201 38 56 254 279 280 300 136 163 231 253 301 324 202 230 1 37 
2.16    46.27 97.554036 95.167900 14 1 21 22 37 57 71 72 96 97 135 164 184 185 201 38 56 254 279 280 300 136 163 231 253 301 324 202 230 
1.99    50.33 97.691912 95.437096 15 97 112 113 135 1 21 22 37 57 71 72 96 164 184 185 201 38 56 254 279 280 300 136 163 231 253 301 324 202 230 
