# pdb file = /home/wagram/gelly/CORNICHON/PROJECTS/DR/DR_2/PDBs_Clean/4G84A/4G84A.pdb
# dssp file = /home/wagram/gelly/CORNICHON/PROJECTS/DR/DR_2/PDBs_Clean/4G84A/4G84A.dssp
# R2 value = 99
# S2D limit size = 8
# limit size of PU= 15
# max size of PU= 0
# d0 value= 6.0
# delta value= 1.5
# only secondary structure= 0
# pruning flag= 0
# cut off pruning= 0
# Max Number of pu= 40
# END PARSE PDB
# END PARSE DSSP
#i/e    i/i+e R2        CI        N DOMAINS
250.27   0.40 79.660112 63.457334 2 1 335 336 433 
13.12    7.62 93.077298 86.633833 4 1 118 119 292 293 335 336 433 
12.87    7.77 93.733429 87.859557 5 293 312 313 335 1 118 119 292 336 433 
5.89    16.97 96.053061 92.261906 7 119 156 157 208 209 292 293 312 313 335 1 118 336 433 
5.66    17.68 96.795981 93.694620 8 209 259 260 292 119 156 157 208 293 312 313 335 1 118 336 433 
5.52    18.12 97.123076 94.328918 9 119 141 142 156 209 259 260 292 157 208 293 312 313 335 1 118 336 433 
5.06    19.77 97.663076 95.380763 10 1 34 35 118 119 141 142 156 209 259 260 292 157 208 293 312 313 335 336 433 
4.90    20.43 97.790947 95.630692 11 1 19 20 34 35 118 119 141 142 156 209 259 260 292 157 208 293 312 313 335 336 433 
4.22    23.71 98.104070 96.244085 12 336 395 396 433 1 19 20 34 35 118 119 141 142 156 209 259 260 292 157 208 293 312 313 335 
4.04    24.75 98.203066 96.438422 13 396 418 419 433 336 395 1 19 20 34 35 118 119 141 142 156 209 259 260 292 157 208 293 312 313 335 
3.39    29.49 98.525923 97.073576 15 35 73 74 88 89 118 396 418 419 433 336 395 1 19 20 34 119 141 142 156 209 259 260 292 157 208 293 312 313 335 
3.18    31.42 98.622518 97.264011 16 157 172 173 208 35 73 74 88 89 118 396 418 419 433 336 395 1 19 20 34 119 141 142 156 209 259 260 292 293 312 313 335 
2.98    33.59 98.719784 97.455957 17 209 239 240 259 157 172 173 208 35 73 74 88 89 118 396 418 419 433 336 395 1 19 20 34 119 141 142 156 260 292 293 312 313 335 
2.46    40.63 98.830070 97.673827 19 336 350 351 365 366 395 209 239 240 259 157 172 173 208 35 73 74 88 89 118 396 418 419 433 1 19 20 34 119 141 142 156 260 292 293 312 313 335 
2.35    42.48 98.886033 97.784474 20 173 193 194 208 336 350 351 365 366 395 209 239 240 259 157 172 35 73 74 88 89 118 396 418 419 433 1 19 20 34 119 141 142 156 260 292 293 312 313 335 
2.23    44.77 98.923494 97.858577 21 35 54 55 73 173 193 194 208 336 350 351 365 366 395 209 239 240 259 157 172 74 88 89 118 396 418 419 433 1 19 20 34 119 141 142 156 260 292 293 312 313 335 
2.06    48.63 98.953829 97.918602 22 260 277 278 292 35 54 55 73 173 193 194 208 336 350 351 365 366 395 209 239 240 259 157 172 74 88 89 118 396 418 419 433 1 19 20 34 119 141 142 156 293 312 313 335 
