# pdb file = /home/wagram/gelly/CORNICHON/PROJECTS/DR/DR_2/PDBs_Clean/2PQXA/2PQXA.pdb
# dssp file = /home/wagram/gelly/CORNICHON/PROJECTS/DR/DR_2/PDBs_Clean/2PQXA/2PQXA.dssp
# R2 value = 99
# S2D limit size = 8
# limit size of PU= 15
# max size of PU= 0
# d0 value= 6.0
# delta value= 1.5
# only secondary structure= 0
# pruning flag= 0
# cut off pruning= 0
# Max Number of pu= 40
# END PARSE PDB
# END PARSE DSSP
#i/e    i/i+e R2        CI        N DOMAINS
6.04    16.55 83.892211 70.379030 3 1 60 61 146 147 245 
5.29    18.89 88.191433 77.777288 4 61 90 91 146 1 60 147 245 
4.14    24.15 90.576758 82.041491 6 1 21 22 43 44 60 61 90 91 146 147 245 
3.54    28.24 92.912986 86.328229 7 147 168 169 245 1 21 22 43 44 60 61 90 91 146 
2.47    40.41 94.419479 89.150380 9 169 207 208 226 227 245 147 168 1 21 22 43 44 60 61 90 91 146 
2.40    41.62 95.214147 90.657339 10 169 192 193 207 208 226 227 245 147 168 1 21 22 43 44 60 61 90 91 146 
1.93    51.82 96.120898 92.392270 12 91 105 106 123 124 146 169 192 193 207 208 226 227 245 147 168 1 21 22 43 44 60 61 90 
