# pdb file = /home/wagram/gelly/CORNICHON/PROJECTS/DR/DR_2/PDBs_Clean/2WVVA/2WVVA.pdb
# dssp file = /home/wagram/gelly/CORNICHON/PROJECTS/DR/DR_2/PDBs_Clean/2WVVA/2WVVA.dssp
# R2 value = 99
# S2D limit size = 8
# limit size of PU= 15
# max size of PU= 0
# d0 value= 6.0
# delta value= 1.5
# only secondary structure= 0
# pruning flag= 0
# cut off pruning= 0
# Max Number of pu= 40
# END PARSE PDB
# END PARSE DSSP
#i/e    i/i+e R2        CI        N DOMAINS
45.78    2.18 72.526314 52.600662 2 1 352 353 438 
6.56    15.24 91.246489 83.259218 4 1 146 147 252 253 352 353 438 
6.35    15.74 92.827674 86.169770 5 1 24 25 146 147 252 253 352 353 438 
5.02    19.93 94.582119 89.457773 7 25 39 40 66 67 146 1 24 147 252 253 352 353 438 
4.47    22.36 95.632248 91.455269 8 147 189 190 252 25 39 40 66 67 146 1 24 253 352 353 438 
4.33    23.12 95.909045 91.985449 9 147 174 175 189 190 252 25 39 40 66 67 146 1 24 253 352 353 438 
3.91    25.59 96.568910 93.255544 10 253 318 319 352 147 174 175 189 190 252 25 39 40 66 67 146 1 24 353 438 
3.81    26.25 96.800265 93.702913 11 319 335 336 352 253 318 147 174 175 189 190 252 25 39 40 66 67 146 1 24 353 438 
3.33    30.02 97.370315 94.809782 13 253 275 276 294 295 318 319 335 336 352 147 174 175 189 190 252 25 39 40 66 67 146 1 24 353 438 
2.73    36.69 97.818666 95.684915 15 67 104 105 128 129 146 253 275 276 294 295 318 319 335 336 352 147 174 175 189 190 252 25 39 40 66 1 24 353 438 
2.66    37.55 97.965784 95.972948 16 67 83 84 104 105 128 129 146 253 275 276 294 295 318 319 335 336 352 147 174 175 189 190 252 25 39 40 66 1 24 353 438 
2.32    43.10 98.270229 96.570378 18 190 206 207 222 223 252 67 83 84 104 105 128 129 146 253 275 276 294 295 318 319 335 336 352 147 174 175 189 25 39 40 66 1 24 353 438 
2.12    47.25 98.456727 96.937271 19 353 378 379 438 190 206 207 222 223 252 67 83 84 104 105 128 129 146 253 275 276 294 295 318 319 335 336 352 147 174 175 189 25 39 40 66 1 24 
1.95    51.17 98.523679 97.069153 20 379 420 421 438 353 378 190 206 207 222 223 252 67 83 84 104 105 128 129 146 253 275 276 294 295 318 319 335 336 352 147 174 175 189 25 39 40 66 1 24 
1.82    54.99 98.567512 97.155544 21 379 405 406 420 421 438 353 378 190 206 207 222 223 252 67 83 84 104 105 128 129 146 253 275 276 294 295 318 319 335 336 352 147 174 175 189 25 39 40 66 1 24 
