# pdb file = /home/wagram/gelly/CORNICHON/PROJECTS/DR/DR_2/PDBs_Clean/4EUUA/4EUUA.pdb
# dssp file = /home/wagram/gelly/CORNICHON/PROJECTS/DR/DR_2/PDBs_Clean/4EUUA/4EUUA.dssp
# R2 value = 99
# S2D limit size = 8
# limit size of PU= 15
# max size of PU= 0
# d0 value= 6.0
# delta value= 1.5
# only secondary structure= 0
# pruning flag= 0
# cut off pruning= 0
# Max Number of pu= 40
# END PARSE PDB
# END PARSE DSSP
#i/e    i/i+e R2        CI        N DOMAINS
28.52    3.51 76.763498 58.926346 2 1 89 90 308 
9.04    11.07 90.922030 82.668155 4 90 220 221 263 264 308 1 89 
6.29    15.89 93.455441 87.339195 6 1 47 48 69 70 89 90 220 221 263 264 308 
5.92    16.90 94.048090 88.450432 7 264 279 280 308 1 47 48 69 70 89 90 220 221 263 
4.07    24.60 96.342251 92.818292 9 90 170 171 199 200 220 264 279 280 308 1 47 48 69 70 89 221 263 
3.26    30.70 97.255825 94.586956 11 90 107 108 130 131 170 171 199 200 220 264 279 280 308 1 47 48 69 70 89 221 263 
2.91    34.38 97.475412 95.014559 12 221 241 242 263 90 107 108 130 131 170 171 199 200 220 264 279 280 308 1 47 48 69 70 89 
2.61    38.31 97.617175 95.291128 13 1 16 17 47 221 241 242 263 90 107 108 130 131 170 171 199 200 220 264 279 280 308 48 69 70 89 
2.39    41.89 97.742175 95.535327 14 131 155 156 170 1 16 17 47 221 241 242 263 90 107 108 130 171 199 200 220 264 279 280 308 48 69 70 89 
2.14    46.77 97.819061 95.685687 15 17 32 33 47 131 155 156 170 1 16 221 241 242 263 90 107 108 130 171 199 200 220 264 279 280 308 48 69 70 89 
