# pdb file = /home/wagram/gelly/CORNICHON/PROJECTS/DR/DR_2/PDBs_Clean/1J58A/1J58A.pdb
# dssp file = /home/wagram/gelly/CORNICHON/PROJECTS/DR/DR_2/PDBs_Clean/1J58A/1J58A.dssp
# R2 value = 99
# S2D limit size = 8
# limit size of PU= 15
# max size of PU= 0
# d0 value= 6.0
# delta value= 1.5
# only secondary structure= 0
# pruning flag= 0
# cut off pruning= 0
# Max Number of pu= 40
# END PARSE PDB
# END PARSE DSSP
#i/e    i/i+e R2        CI        N DOMAINS
9.33    10.72 82.107062 67.415696 3 1 160 161 191 192 372 
9.14    10.94 87.821024 77.125322 4 1 38 39 160 161 191 192 372 
8.97    11.15 90.948222 82.715791 5 192 214 215 372 1 38 39 160 161 191 
6.70    14.92 93.681464 87.762168 7 215 334 335 365 366 372 192 214 1 38 39 160 161 191 
4.86    20.56 95.286367 90.794917 9 215 257 258 327 328 334 335 365 366 372 192 214 1 38 39 160 161 191 
3.49    28.66 96.695342 93.499891 11 39 79 80 144 145 160 215 257 258 327 328 334 335 365 366 372 192 214 1 38 161 191 
3.34    29.90 96.908627 93.912820 12 1 16 17 38 39 79 80 144 145 160 215 257 258 327 328 334 335 365 366 372 192 214 161 191 
2.39    41.87 97.246643 94.569095 14 80 103 104 119 120 144 1 16 17 38 39 79 145 160 215 257 258 327 328 334 335 365 366 372 192 214 161 191 
2.25    44.50 97.473718 95.011257 15 215 230 231 257 80 103 104 119 120 144 1 16 17 38 39 79 145 160 258 327 328 334 335 365 366 372 192 214 161 191 
2.09    47.79 97.642051 95.339702 16 39 60 61 79 215 230 231 257 80 103 104 119 120 144 1 16 17 38 145 160 258 327 328 334 335 365 366 372 192 214 161 191 
1.55    64.69 97.987975 96.016432 18 258 279 280 299 300 327 39 60 61 79 215 230 231 257 80 103 104 119 120 144 1 16 17 38 145 160 328 334 335 365 366 372 192 214 161 191 
1.46    68.61 98.040180 96.118769 19 161 176 177 191 258 279 280 299 300 327 39 60 61 79 215 230 231 257 80 103 104 119 120 144 1 16 17 38 145 160 328 334 335 365 366 372 192 214 
