# pdb file = /home/wagram/gelly/CORNICHON/PROJECTS/DR/DR_2/PDBs_Clean/3MJOA/3MJOA.pdb
# dssp file = /home/wagram/gelly/CORNICHON/PROJECTS/DR/DR_2/PDBs_Clean/3MJOA/3MJOA.dssp
# R2 value = 99
# S2D limit size = 8
# limit size of PU= 15
# max size of PU= 0
# d0 value= 6.0
# delta value= 1.5
# only secondary structure= 0
# pruning flag= 0
# cut off pruning= 0
# Max Number of pu= 40
# END PARSE PDB
# END PARSE DSSP
#i/e    i/i+e R2        CI        N DOMAINS
514.02   0.19 48.688011 23.705224 2 1 16 17 296 
14.24    7.02 82.036719 67.300233 3 17 137 138 296 1 16 
11.46    8.72 85.902464 73.792332 4 17 39 40 137 138 296 1 16 
7.56    13.23 90.836374 82.512469 6 40 71 72 112 113 137 17 39 138 296 1 16 
7.25    13.79 91.552279 83.818198 7 40 56 57 71 72 112 113 137 17 39 138 296 1 16 
4.37    22.87 95.594332 91.382762 9 138 174 175 200 201 296 40 56 57 71 72 112 113 137 17 39 1 16 
3.92    25.49 96.588205 93.292813 10 201 230 231 296 138 174 175 200 40 56 57 71 72 112 113 137 17 39 1 16 
3.62    27.63 97.155369 94.391658 11 231 256 257 296 201 230 138 174 175 200 40 56 57 71 72 112 113 137 17 39 1 16 
3.40    29.45 97.478703 95.020976 12 138 154 155 174 231 256 257 296 201 230 175 200 40 56 57 71 72 112 113 137 17 39 1 16 
3.12    32.07 97.715910 95.483991 13 257 280 281 296 138 154 155 174 231 256 201 230 175 200 40 56 57 71 72 112 113 137 17 39 1 16 
2.75    36.34 97.937118 95.916792 14 72 90 91 112 257 280 281 296 138 154 155 174 231 256 201 230 175 200 40 56 57 71 113 137 17 39 1 16 
