# pdb file = /home/wagram/gelly/CORNICHON/PROJECTS/DR/DR_2/PDBs_Clean/3LAFA/3LAFA.pdb
# dssp file = /home/wagram/gelly/CORNICHON/PROJECTS/DR/DR_2/PDBs_Clean/3LAFA/3LAFA.dssp
# R2 value = 99
# S2D limit size = 8
# limit size of PU= 15
# max size of PU= 0
# d0 value= 6.0
# delta value= 1.5
# only secondary structure= 0
# pruning flag= 0
# cut off pruning= 0
# Max Number of pu= 40
# END PARSE PDB
# END PARSE DSSP
#i/e    i/i+e R2        CI        N DOMAINS
29.59    3.38 91.010829 82.829709 3 1 100 101 292 293 384 
18.58    5.38 94.891307 90.043601 4 101 198 199 292 1 100 293 384 
7.26    13.77 95.674325 91.535766 6 101 144 145 164 165 198 199 292 1 100 293 384 
6.81    14.69 95.910928 91.989060 7 101 129 130 144 145 164 165 198 199 292 1 100 293 384 
4.27    23.42 96.602646 93.320713 9 199 244 245 262 263 292 101 129 130 144 145 164 165 198 1 100 293 384 
4.08    24.53 96.799834 93.702080 10 199 229 230 244 245 262 263 292 101 129 130 144 145 164 165 198 1 100 293 384 
2.79    35.85 97.256021 94.587336 12 293 335 336 352 353 384 199 229 230 244 245 262 263 292 101 129 130 144 145 164 165 198 1 100 
2.69    37.14 97.431509 94.928990 13 293 320 321 335 336 352 353 384 199 229 230 244 245 262 263 292 101 129 130 144 145 164 165 198 1 100 
1.97    50.86 97.899314 95.842757 15 1 45 46 75 76 100 293 320 321 335 336 352 353 384 199 229 230 244 245 262 263 292 101 129 130 144 145 164 165 198 
1.91    52.41 98.031158 96.101079 16 1 30 31 45 46 75 76 100 293 320 321 335 336 352 353 384 199 229 230 244 245 262 263 292 101 129 130 144 145 164 165 198 
1.77    56.52 98.088114 96.212782 17 165 183 184 198 1 30 31 45 46 75 76 100 293 320 321 335 336 352 353 384 199 229 230 244 245 262 263 292 101 129 130 144 145 164 
1.64    60.95 98.128822 96.292657 18 353 368 369 384 165 183 184 198 1 30 31 45 46 75 76 100 293 320 321 335 336 352 199 229 230 244 245 262 263 292 101 129 130 144 145 164 
