# pdb file = /home/wagram/gelly/CORNICHON/PROJECTS/DR/DR_2/PDBs_Clean/3LTOA/3LTOA.pdb
# dssp file = /home/wagram/gelly/CORNICHON/PROJECTS/DR/DR_2/PDBs_Clean/3LTOA/3LTOA.dssp
# R2 value = 99
# S2D limit size = 8
# limit size of PU= 15
# max size of PU= 0
# d0 value= 6.0
# delta value= 1.5
# only secondary structure= 0
# pruning flag= 0
# cut off pruning= 0
# Max Number of pu= 40
# END PARSE PDB
# END PARSE DSSP
#i/e    i/i+e R2        CI        N DOMAINS
26.68    3.75 80.902184 65.451634 2 1 169 170 314 
9.75    10.25 88.360057 78.074997 4 170 188 189 253 254 314 1 169 
7.39    13.54 90.822032 82.486414 6 189 207 208 237 238 253 170 188 254 314 1 169 
6.72    14.89 92.151918 84.919760 7 254 290 291 314 189 207 208 237 238 253 170 188 1 169 
3.43    29.12 95.770587 91.720053 9 1 43 44 97 98 169 254 290 291 314 189 207 208 237 238 253 170 188 
3.23    30.92 96.357356 92.847400 10 98 153 154 169 1 43 44 97 254 290 291 314 189 207 208 237 238 253 170 188 
2.82    35.48 97.060135 94.206699 12 98 115 116 133 134 153 154 169 1 43 44 97 254 290 291 314 189 207 208 237 238 253 170 188 
2.70    37.10 97.331470 94.734151 13 254 275 276 290 98 115 116 133 134 153 154 169 1 43 44 97 291 314 189 207 208 237 238 253 170 188 
2.20    45.43 97.624309 95.305057 15 44 59 60 89 90 97 254 275 276 290 98 115 116 133 134 153 154 169 1 43 291 314 189 207 208 237 238 253 170 188 
1.94    51.54 97.720623 95.493202 16 1 28 29 43 44 59 60 89 90 97 254 275 276 290 98 115 116 133 134 153 154 169 291 314 189 207 208 237 238 253 170 188 
