# pdb file = /home/wagram/gelly/CORNICHON/PROJECTS/DR/DR_2/PDBs_Clean/3FHRA/3FHRA.pdb
# dssp file = /home/wagram/gelly/CORNICHON/PROJECTS/DR/DR_2/PDBs_Clean/3FHRA/3FHRA.dssp
# R2 value = 99
# S2D limit size = 8
# limit size of PU= 15
# max size of PU= 0
# d0 value= 6.0
# delta value= 1.5
# only secondary structure= 0
# pruning flag= 0
# cut off pruning= 0
# Max Number of pu= 40
# END PARSE PDB
# END PARSE DSSP
#i/e    i/i+e R2        CI        N DOMAINS
22.10    4.52 77.036554 59.346306 2 1 88 89 273 
14.72    6.80 83.559832 69.822454 3 89 249 250 273 1 88 
7.27    13.75 88.244150 77.870299 5 1 45 46 66 67 88 89 249 250 273 
3.56    28.08 93.892041 88.157154 7 89 115 116 169 170 249 1 45 46 66 67 88 250 273 
2.91    34.32 95.546635 91.291595 9 170 197 198 236 237 249 89 115 116 169 1 45 46 66 67 88 250 273 
2.77    36.16 96.049253 92.254590 10 198 217 218 236 170 197 237 249 89 115 116 169 1 45 46 66 67 88 250 273 
2.37    42.17 96.831168 93.762752 12 116 131 132 157 158 169 198 217 218 236 170 197 237 249 89 115 1 45 46 66 67 88 250 273 
2.17    46.06 97.031994 94.152079 13 1 16 17 45 116 131 132 157 158 169 198 217 218 236 170 197 237 249 89 115 46 66 67 88 250 273 
