# pdb file = /home/wagram/gelly/CORNICHON/PROJECTS/DR/DR_2/PDBs_Clean/3LRTA/3LRTA.pdb
# dssp file = /home/wagram/gelly/CORNICHON/PROJECTS/DR/DR_2/PDBs_Clean/3LRTA/3LRTA.dssp
# R2 value = 99
# S2D limit size = 8
# limit size of PU= 15
# max size of PU= 0
# d0 value= 6.0
# delta value= 1.5
# only secondary structure= 0
# pruning flag= 0
# cut off pruning= 0
# Max Number of pu= 40
# END PARSE PDB
# END PARSE DSSP
#i/e    i/i+e R2        CI        N DOMAINS
23.77    4.21 84.963358 72.187721 3 1 140 141 273 274 284 
13.01    7.68 90.121035 81.218010 4 1 88 89 140 141 273 274 284 
8.01    12.48 93.297126 87.043537 5 141 199 200 273 1 88 89 140 274 284 
7.11    14.06 94.114652 88.575677 6 141 181 182 199 200 273 1 88 89 140 274 284 
5.14    19.44 95.847019 91.866511 8 1 26 27 42 43 88 141 181 182 199 200 273 89 140 274 284 
4.57    21.88 96.297302 92.731703 9 89 107 108 140 1 26 27 42 43 88 141 181 182 199 200 273 274 284 
3.87    25.83 96.817034 93.735382 10 200 255 256 273 89 107 108 140 1 26 27 42 43 88 141 181 182 199 274 284 
3.44    29.08 97.066851 94.219736 11 141 158 159 181 200 255 256 273 89 107 108 140 1 26 27 42 43 88 182 199 274 284 
2.96    33.84 97.301766 94.676337 12 200 240 241 255 141 158 159 181 256 273 89 107 108 140 1 26 27 42 43 88 182 199 274 284 
2.61    38.36 97.407431 94.882076 13 108 123 124 140 200 240 241 255 141 158 159 181 256 273 89 107 1 26 27 42 43 88 182 199 274 284 
2.17    46.07 97.548957 95.157990 14 43 66 67 88 108 123 124 140 200 240 241 255 141 158 159 181 256 273 89 107 1 26 27 42 182 199 274 284 
1.85    54.05 97.648351 95.352005 15 200 221 222 240 43 66 67 88 108 123 124 140 241 255 141 158 159 181 256 273 89 107 1 26 27 42 182 199 274 284 
