# pdb file = /home/wagram/gelly/CORNICHON/PROJECTS/DR/DR_2/PDBs_Clean/1KKHA/1KKHA.pdb
# dssp file = /home/wagram/gelly/CORNICHON/PROJECTS/DR/DR_2/PDBs_Clean/1KKHA/1KKHA.dssp
# R2 value = 99
# S2D limit size = 8
# limit size of PU= 15
# max size of PU= 0
# d0 value= 6.0
# delta value= 1.5
# only secondary structure= 0
# pruning flag= 0
# cut off pruning= 0
# Max Number of pu= 40
# END PARSE PDB
# END PARSE DSSP
#i/e    i/i+e R2        CI        N DOMAINS
17.94    5.58 78.387560 61.446095 2 1 180 181 317 
5.96    16.78 89.193597 79.554977 4 1 40 41 105 106 180 181 317 
4.55    21.95 91.095786 82.984422 6 41 65 66 95 96 105 1 40 106 180 181 317 
4.10    24.40 92.571643 85.695090 7 106 136 137 180 41 65 66 95 96 105 1 40 181 317 
3.95    25.32 93.144807 86.759551 8 106 121 122 136 137 180 41 65 66 95 96 105 1 40 181 317 
2.74    36.45 95.175542 90.583838 10 181 202 203 235 236 317 106 121 122 136 137 180 41 65 66 95 96 105 1 40 
2.68    37.27 95.527366 91.254776 11 203 218 219 235 181 202 236 317 106 121 122 136 137 180 41 65 66 95 96 105 1 40 
2.50    39.95 96.250860 92.642280 12 236 292 293 317 203 218 219 235 181 202 106 121 122 136 137 180 41 65 66 95 96 105 1 40 
2.37    42.24 96.733827 93.574333 13 137 156 157 180 236 292 293 317 203 218 219 235 181 202 106 121 122 136 41 65 66 95 96 105 1 40 
2.12    47.27 97.131843 94.345950 14 236 257 258 292 137 156 157 180 293 317 203 218 219 235 181 202 106 121 122 136 41 65 66 95 96 105 1 40 
1.94    51.68 97.304709 94.682063 15 258 273 274 292 236 257 137 156 157 180 293 317 203 218 219 235 181 202 106 121 122 136 41 65 66 95 96 105 1 40 
1.76    56.92 97.402639 94.872742 16 1 16 17 40 258 273 274 292 236 257 137 156 157 180 293 317 203 218 219 235 181 202 106 121 122 136 41 65 66 95 96 105 
