# pdb file = /home/wagram/gelly/CORNICHON/PROJECTS/DR/DR_2/PDBs_Clean/3L6BA/3L6BA.pdb
# dssp file = /home/wagram/gelly/CORNICHON/PROJECTS/DR/DR_2/PDBs_Clean/3L6BA/3L6BA.dssp
# R2 value = 99
# S2D limit size = 8
# limit size of PU= 15
# max size of PU= 0
# d0 value= 6.0
# delta value= 1.5
# only secondary structure= 0
# pruning flag= 0
# cut off pruning= 0
# Max Number of pu= 40
# END PARSE PDB
# END PARSE DSSP
#i/e    i/i+e R2        CI        N DOMAINS
7.72    12.95 83.146688 69.133717 3 1 66 67 146 147 322 
6.76    14.80 86.797064 75.337303 5 1 21 22 53 54 66 67 146 147 322 
4.81    20.77 91.692026 84.074276 6 147 254 255 322 1 21 22 53 54 66 67 146 
4.08    24.49 93.268423 86.989986 8 255 284 285 304 305 322 147 254 1 21 22 53 54 66 67 146 
3.02    33.16 95.166565 90.566750 10 147 204 205 236 237 254 255 284 285 304 305 322 1 21 22 53 54 66 67 146 
2.86    34.93 95.452593 91.111975 11 205 221 222 236 147 204 237 254 255 284 285 304 305 322 1 21 22 53 54 66 67 146 
2.56    39.12 96.073255 92.300703 12 147 170 171 204 205 221 222 236 237 254 255 284 285 304 305 322 1 21 22 53 54 66 67 146 
2.20    45.36 96.544137 93.207704 13 67 120 121 146 147 170 171 204 205 221 222 236 237 254 255 284 285 304 305 322 1 21 22 53 54 66 
1.97    50.69 96.815085 93.731606 14 67 99 100 120 121 146 147 170 171 204 205 221 222 236 237 254 255 284 285 304 305 322 1 21 22 53 54 66 
1.84    54.23 96.961365 94.015064 15 22 37 38 53 67 99 100 120 121 146 147 170 171 204 205 221 222 236 237 254 255 284 285 304 305 322 1 21 54 66 
1.70    58.93 97.082604 94.250319 16 171 186 187 204 22 37 38 53 67 99 100 120 121 146 147 170 205 221 222 236 237 254 255 284 285 304 305 322 1 21 54 66 
1.56    64.28 97.171854 94.423693 17 67 84 85 99 171 186 187 204 22 37 38 53 100 120 121 146 147 170 205 221 222 236 237 254 255 284 285 304 305 322 1 21 54 66 
