# pdb file = /home/wagram/gelly/CORNICHON/PROJECTS/DR/DR_2/PDBs_Clean/2E9XA/2E9XA.pdb
# dssp file = /home/wagram/gelly/CORNICHON/PROJECTS/DR/DR_2/PDBs_Clean/2E9XA/2E9XA.dssp
# R2 value = 99
# S2D limit size = 8
# limit size of PU= 15
# max size of PU= 0
# d0 value= 6.0
# delta value= 1.5
# only secondary structure= 0
# pruning flag= 0
# cut off pruning= 0
# Max Number of pu= 40
# END PARSE PDB
# END PARSE DSSP
#i/e    i/i+e R2        CI        N DOMAINS
47.54    2.10 69.829092 48.761020 2 1 118 119 144 
7.31    13.68 91.235215 83.238644 4 1 36 37 67 68 118 119 144 
6.29    15.91 93.906428 88.184173 5 68 83 84 118 1 36 37 67 119 144 
5.23    19.11 94.831854 89.930806 6 1 21 22 36 68 83 84 118 37 67 119 144 
4.32    23.17 95.603315 91.399938 7 84 103 104 118 1 21 22 36 68 83 37 67 119 144 
3.47    28.81 96.095097 92.342677 8 37 52 53 67 84 103 104 118 1 21 22 36 68 83 119 144 
