# pdb file = /home/wagram/gelly/CORNICHON/PROJECTS/DR/DR_2/PDBs_Clean/2IX5A/2IX5A.pdb
# dssp file = /home/wagram/gelly/CORNICHON/PROJECTS/DR/DR_2/PDBs_Clean/2IX5A/2IX5A.dssp
# R2 value = 99
# S2D limit size = 8
# limit size of PU= 15
# max size of PU= 0
# d0 value= 6.0
# delta value= 1.5
# only secondary structure= 0
# pruning flag= 0
# cut off pruning= 0
# Max Number of pu= 40
# END PARSE PDB
# END PARSE DSSP
#i/e    i/i+e R2        CI        N DOMAINS
270.05   0.37 41.811685 17.482170 2 1 17 18 415 
12.32    8.11 84.240039 70.963842 4 18 38 39 267 268 415 1 17 
8.10    12.35 90.822940 82.488064 5 39 152 153 267 18 38 268 415 1 17 
5.49    18.21 93.383089 87.204012 7 268 290 291 312 313 415 39 152 153 267 18 38 1 17 
4.58    21.81 95.162651 90.559302 9 313 359 360 384 385 415 268 290 291 312 39 152 153 267 18 38 1 17 
4.00    24.99 96.111600 92.374397 10 39 82 83 152 313 359 360 384 385 415 268 290 291 312 153 267 18 38 1 17 
3.85    25.95 96.430572 92.988553 11 39 60 61 82 83 152 313 359 360 384 385 415 268 290 291 312 153 267 18 38 1 17 
3.33    30.07 97.168944 94.418037 13 83 97 98 119 120 152 39 60 61 82 313 359 360 384 385 415 268 290 291 312 153 267 18 38 1 17 
3.20    31.25 97.338348 94.747539 14 120 135 136 152 83 97 98 119 39 60 61 82 313 359 360 384 385 415 268 290 291 312 153 267 18 38 1 17 
3.10    32.25 97.465867 94.995953 15 385 400 401 415 120 135 136 152 83 97 98 119 39 60 61 82 313 359 360 384 268 290 291 312 153 267 18 38 1 17 
2.94    34.04 97.708239 95.469000 16 313 340 341 359 385 400 401 415 120 135 136 152 83 97 98 119 39 60 61 82 360 384 268 290 291 312 153 267 18 38 1 17 
2.70    37.05 97.957444 95.956608 17 153 250 251 267 313 340 341 359 385 400 401 415 120 135 136 152 83 97 98 119 39 60 61 82 360 384 268 290 291 312 18 38 1 17 
2.31    43.38 98.196195 96.424927 18 153 218 219 250 251 267 313 340 341 359 385 400 401 415 120 135 136 152 83 97 98 119 39 60 61 82 360 384 268 290 291 312 18 38 1 17 
1.99    50.37 98.408600 96.842525 20 153 171 172 186 187 218 219 250 251 267 313 340 341 359 385 400 401 415 120 135 136 152 83 97 98 119 39 60 61 82 360 384 268 290 291 312 18 38 1 17 
1.87    53.62 98.458597 96.940954 21 219 235 236 250 153 171 172 186 187 218 251 267 313 340 341 359 385 400 401 415 120 135 136 152 83 97 98 119 39 60 61 82 360 384 268 290 291 312 18 38 1 17 
