# pdb file = /home/wagram/gelly/CORNICHON/PROJECTS/DR/DR_2/PDBs_Clean/3EG7A/3EG7A.pdb
# dssp file = /home/wagram/gelly/CORNICHON/PROJECTS/DR/DR_2/PDBs_Clean/3EG7A/3EG7A.dssp
# R2 value = 99
# S2D limit size = 8
# limit size of PU= 15
# max size of PU= 0
# d0 value= 6.0
# delta value= 1.5
# only secondary structure= 0
# pruning flag= 0
# cut off pruning= 0
# Max Number of pu= 40
# END PARSE PDB
# END PARSE DSSP
#i/e    i/i+e R2        CI        N DOMAINS
19.09    5.24 76.457496 58.457487 2 1 115 116 171 
6.73    14.87 89.512626 80.125103 4 1 26 27 51 52 115 116 171 
5.28    18.94 92.079396 84.786152 5 52 93 94 115 1 26 27 51 116 171 
4.02    24.88 93.232918 86.923770 6 52 71 72 93 94 115 1 26 27 51 116 171 
2.91    34.41 94.199001 88.734518 7 116 138 139 171 52 71 72 93 94 115 1 26 27 51 
2.57    38.98 94.815519 89.899826 8 139 156 157 171 116 138 52 71 72 93 94 115 1 26 27 51 
