# pdb file = /home/wagram/gelly/CORNICHON/PROJECTS/DR/DR_2/PDBs_Clean/3TVTA/3TVTA.pdb
# dssp file = /home/wagram/gelly/CORNICHON/PROJECTS/DR/DR_2/PDBs_Clean/3TVTA/3TVTA.dssp
# R2 value = 99
# S2D limit size = 8
# limit size of PU= 15
# max size of PU= 0
# d0 value= 6.0
# delta value= 1.5
# only secondary structure= 0
# pruning flag= 0
# cut off pruning= 0
# Max Number of pu= 40
# END PARSE PDB
# END PARSE DSSP
#i/e    i/i+e R2        CI        N DOMAINS
19.25    5.20 79.268807 62.835437 3 1 67 68 247 248 255 
5.79    17.28 91.220488 83.211774 5 68 97 98 147 148 247 1 67 248 255 
5.26    19.00 94.127920 88.600654 6 148 179 180 247 68 97 98 147 1 67 248 255 
5.02    19.93 94.746039 89.768120 7 148 163 164 179 180 247 68 97 98 147 1 67 248 255 
4.48    22.34 95.644951 91.479567 8 180 228 229 247 148 163 164 179 68 97 98 147 1 67 248 255 
3.90    25.67 96.145254 92.439098 9 98 119 120 147 180 228 229 247 148 163 164 179 68 97 1 67 248 255 
3.27    30.56 96.705368 93.519282 10 1 43 44 67 98 119 120 147 180 228 229 247 148 163 164 179 68 97 248 255 
2.84    35.25 97.027914 94.144160 11 180 209 210 228 1 43 44 67 98 119 120 147 229 247 148 163 164 179 68 97 248 255 
2.48    40.40 97.238279 94.552828 12 1 19 20 43 180 209 210 228 44 67 98 119 120 147 229 247 148 163 164 179 68 97 248 255 
