# pdb file = /home/wagram/gelly/CORNICHON/PROJECTS/DR/DR_2/PDBs_Clean/1EPUA/1EPUA.pdb
# dssp file = /home/wagram/gelly/CORNICHON/PROJECTS/DR/DR_2/PDBs_Clean/1EPUA/1EPUA.dssp
# R2 value = 99
# S2D limit size = 8
# limit size of PU= 15
# max size of PU= 0
# d0 value= 6.0
# delta value= 1.5
# only secondary structure= 0
# pruning flag= 0
# cut off pruning= 0
# Max Number of pu= 40
# END PARSE PDB
# END PARSE DSSP
#i/e    i/i+e R2        CI        N DOMAINS
60.09    1.66 78.093417 60.985818 2 1 131 132 546 
9.28    10.77 92.712072 85.955284 4 132 242 243 338 339 546 1 131 
7.99    12.52 95.671911 91.531146 6 339 460 461 531 532 546 132 242 243 338 1 131 
6.89    14.52 96.527139 93.174886 8 243 288 289 321 322 338 339 460 461 531 532 546 132 242 1 131 
5.92    16.89 97.302846 94.678439 10 339 362 363 438 439 460 243 288 289 321 322 338 461 531 532 546 132 242 1 131 
5.50    18.17 97.697180 95.447391 11 132 165 166 242 339 362 363 438 439 460 243 288 289 321 322 338 461 531 532 546 1 131 
5.02    19.93 98.025929 96.090827 13 461 475 476 490 491 531 132 165 166 242 339 362 363 438 439 460 243 288 289 321 322 338 532 546 1 131 
4.36    22.91 98.369439 96.765465 14 1 61 62 131 461 475 476 490 491 531 132 165 166 242 339 362 363 438 439 460 243 288 289 321 322 338 532 546 
4.25    23.51 98.433004 96.890563 15 289 304 305 321 1 61 62 131 461 475 476 490 491 531 132 165 166 242 339 362 363 438 439 460 243 288 322 338 532 546 
4.05    24.71 98.549509 97.120058 16 1 21 22 61 289 304 305 321 62 131 461 475 476 490 491 531 132 165 166 242 339 362 363 438 439 460 243 288 322 338 532 546 
3.85    25.97 98.653313 97.324763 17 363 378 379 438 1 21 22 61 289 304 305 321 62 131 461 475 476 490 491 531 132 165 166 242 339 362 439 460 243 288 322 338 532 546 
3.47    28.83 98.810170 97.634496 19 379 396 397 415 416 438 363 378 1 21 22 61 289 304 305 321 62 131 461 475 476 490 491 531 132 165 166 242 339 362 439 460 243 288 322 338 532 546 
3.31    30.25 98.875887 97.764411 20 243 266 267 288 379 396 397 415 416 438 363 378 1 21 22 61 289 304 305 321 62 131 461 475 476 490 491 531 132 165 166 242 339 362 439 460 322 338 532 546 
3.06    32.66 99.078622 98.165734 22 166 180 181 233 234 242 243 266 267 288 379 396 397 415 416 438 363 378 1 21 22 61 289 304 305 321 62 131 461 475 476 490 491 531 132 165 339 362 439 460 322 338 532 546 
