# pdb file = /home/wagram/gelly/CORNICHON/PROJECTS/DR/DR_2/PDBs_Clean/1J6OA/1J6OA.pdb
# dssp file = /home/wagram/gelly/CORNICHON/PROJECTS/DR/DR_2/PDBs_Clean/1J6OA/1J6OA.dssp
# R2 value = 99
# S2D limit size = 8
# limit size of PU= 15
# max size of PU= 0
# d0 value= 6.0
# delta value= 1.5
# only secondary structure= 0
# pruning flag= 0
# cut off pruning= 0
# Max Number of pu= 40
# END PARSE PDB
# END PARSE DSSP
#i/e    i/i+e R2        CI        N DOMAINS
8.09    12.36 83.533349 69.778205 3 1 39 40 154 155 260 
6.21    16.09 87.335227 76.274419 4 155 228 229 260 1 39 40 154 
5.85    17.10 88.531113 78.377580 5 229 244 245 260 155 228 1 39 40 154 
5.00    20.00 90.771493 82.394639 6 155 204 205 228 229 244 245 260 1 39 40 154 
3.70    27.06 93.595760 87.601663 7 40 95 96 154 155 204 205 228 229 244 245 260 1 39 
3.25    30.78 94.508564 89.318687 8 155 176 177 204 40 95 96 154 205 228 229 244 245 260 1 39 
2.82    35.43 95.209058 90.647647 9 96 117 118 154 155 176 177 204 40 95 205 228 229 244 245 260 1 39 
2.40    41.59 95.858351 91.888235 10 40 62 63 95 96 117 118 154 155 176 177 204 205 228 229 244 245 260 1 39 
2.17    46.19 96.110265 92.371831 11 118 133 134 154 40 62 63 95 96 117 155 176 177 204 205 228 229 244 245 260 1 39 
1.94    51.60 96.330621 92.795885 12 1 19 20 39 118 133 134 154 40 62 63 95 96 117 155 176 177 204 205 228 229 244 245 260 
