# pdb file = /home/wagram/gelly/CORNICHON/PROJECTS/DR/DR_2/PDBs_Clean/3HOLA/3HOLA.pdb
# dssp file = /home/wagram/gelly/CORNICHON/PROJECTS/DR/DR_2/PDBs_Clean/3HOLA/3HOLA.dssp
# R2 value = 99
# S2D limit size = 8
# limit size of PU= 15
# max size of PU= 0
# d0 value= 6.0
# delta value= 1.5
# only secondary structure= 0
# pruning flag= 0
# cut off pruning= 0
# Max Number of pu= 40
# END PARSE PDB
# END PARSE DSSP
#i/e    i/i+e R2        CI        N DOMAINS
37.96    2.63 85.297535 72.756695 3 1 15 16 270 271 505 
18.09    5.53 90.559968 82.011078 4 271 359 360 505 1 15 16 270 
9.01    11.10 93.342427 87.128086 5 16 104 105 270 271 359 360 505 1 15 
5.38    18.59 94.914707 90.088016 7 105 124 125 165 166 270 16 104 271 359 360 505 1 15 
4.52    22.10 96.012825 92.184625 9 166 210 211 225 226 270 105 124 125 165 16 104 271 359 360 505 1 15 
4.14    24.18 96.440514 93.007728 10 16 49 50 104 166 210 211 225 226 270 105 124 125 165 271 359 360 505 1 15 
3.07    32.63 97.149249 94.379766 12 360 444 445 462 463 505 16 49 50 104 166 210 211 225 226 270 105 124 125 165 271 359 1 15 
2.73    36.68 97.517323 95.096283 14 360 377 378 392 393 444 445 462 463 505 16 49 50 104 166 210 211 225 226 270 105 124 125 165 271 359 1 15 
2.34    42.69 97.845266 95.736962 16 271 305 306 352 353 359 360 377 378 392 393 444 445 462 463 505 16 49 50 104 166 210 211 225 226 270 105 124 125 165 1 15 
2.30    43.54 97.965709 95.972801 17 271 287 288 305 306 352 353 359 360 377 378 392 393 444 445 462 463 505 16 49 50 104 166 210 211 225 226 270 105 124 125 165 1 15 
2.17    46.14 98.097588 96.231367 18 393 425 426 444 271 287 288 305 306 352 353 359 360 377 378 392 445 462 463 505 16 49 50 104 166 210 211 225 226 270 105 124 125 165 1 15 
2.05    48.73 98.216177 96.464174 19 166 191 192 210 393 425 426 444 271 287 288 305 306 352 353 359 360 377 378 392 445 462 463 505 16 49 50 104 211 225 226 270 105 124 125 165 1 15 
1.96    51.09 98.310659 96.649857 20 463 482 483 505 166 191 192 210 393 425 426 444 271 287 288 305 306 352 353 359 360 377 378 392 445 462 16 49 50 104 211 225 226 270 105 124 125 165 1 15 
1.85    54.10 98.392717 96.811268 21 306 331 332 352 463 482 483 505 166 191 192 210 393 425 426 444 271 287 288 305 353 359 360 377 378 392 445 462 16 49 50 104 211 225 226 270 105 124 125 165 1 15 
1.75    57.20 98.463335 96.950284 22 50 65 66 104 306 331 332 352 463 482 483 505 166 191 192 210 393 425 426 444 271 287 288 305 353 359 360 377 378 392 445 462 16 49 211 225 226 270 105 124 125 165 1 15 
1.68    59.38 98.508917 97.040066 23 16 31 32 49 50 65 66 104 306 331 332 352 463 482 483 505 166 191 192 210 393 425 426 444 271 287 288 305 353 359 360 377 378 392 445 462 211 225 226 270 105 124 125 165 1 15 
1.59    62.85 98.580939 97.182015 24 226 246 247 270 16 31 32 49 50 65 66 104 306 331 332 352 463 482 483 505 166 191 192 210 393 425 426 444 271 287 288 305 353 359 360 377 378 392 445 462 211 225 105 124 125 165 1 15 
1.51    66.08 98.620227 97.259491 25 66 89 90 104 226 246 247 270 16 31 32 49 50 65 306 331 332 352 463 482 483 505 166 191 192 210 393 425 426 444 271 287 288 305 353 359 360 377 378 392 445 462 211 225 105 124 125 165 1 15 
1.43    70.15 98.669898 97.357487 26 125 140 141 165 66 89 90 104 226 246 247 270 16 31 32 49 50 65 306 331 332 352 463 482 483 505 166 191 192 210 393 425 426 444 271 287 288 305 353 359 360 377 378 392 445 462 211 225 105 124 1 15 
1.35    74.11 98.708958 97.434585 27 393 410 411 425 125 140 141 165 66 89 90 104 226 246 247 270 16 31 32 49 50 65 306 331 332 352 463 482 483 505 166 191 192 210 426 444 271 287 288 305 353 359 360 377 378 392 445 462 211 225 105 124 1 15 
