# pdb file = /home/wagram/gelly/CORNICHON/PROJECTS/DR/DR_2/PDBs_Clean/2PCRA/2PCRA.pdb
# dssp file = /home/wagram/gelly/CORNICHON/PROJECTS/DR/DR_2/PDBs_Clean/2PCRA/2PCRA.dssp
# R2 value = 99
# S2D limit size = 8
# limit size of PU= 15
# max size of PU= 0
# d0 value= 6.0
# delta value= 1.5
# only secondary structure= 0
# pruning flag= 0
# cut off pruning= 0
# Max Number of pu= 40
# END PARSE PDB
# END PARSE DSSP
#i/e    i/i+e R2        CI        N DOMAINS
12.51    7.99 75.892362 57.596507 2 1 116 117 238 
5.22    19.14 82.853270 68.646644 4 117 134 135 155 156 238 1 116 
4.49    22.26 86.179060 74.268303 5 156 220 221 238 117 134 135 155 1 116 
3.18    31.49 90.325019 81.586091 6 1 47 48 116 156 220 221 238 117 134 135 155 
2.79    35.87 91.725741 84.136115 7 48 94 95 116 1 47 156 220 221 238 117 134 135 155 
2.51    39.82 92.602997 85.753150 8 1 26 27 47 48 94 95 116 156 220 221 238 117 134 135 155 
2.18    45.92 93.607785 87.624174 9 156 177 178 220 1 26 27 47 48 94 95 116 221 238 117 134 135 155 
1.93    51.82 94.252477 88.835294 10 48 63 64 94 156 177 178 220 1 26 27 47 95 116 221 238 117 134 135 155 
1.67    60.03 94.834449 89.935727 11 178 201 202 220 48 63 64 94 156 177 1 26 27 47 95 116 221 238 117 134 135 155 
