# pdb file = /home/wagram/gelly/CORNICHON/PROJECTS/DR/DR_2/PDBs_Clean/3T69A/3T69A.pdb
# dssp file = /home/wagram/gelly/CORNICHON/PROJECTS/DR/DR_2/PDBs_Clean/3T69A/3T69A.dssp
# R2 value = 99
# S2D limit size = 8
# limit size of PU= 15
# max size of PU= 0
# d0 value= 6.0
# delta value= 1.5
# only secondary structure= 0
# pruning flag= 0
# cut off pruning= 0
# Max Number of pu= 40
# END PARSE PDB
# END PARSE DSSP
#i/e    i/i+e R2        CI        N DOMAINS
13.64    7.33 84.120505 70.762594 3 1 132 133 283 284 301 
7.80    12.82 92.242864 85.087460 5 133 166 167 251 252 283 1 132 284 301 
5.92    16.89 94.713650 89.706755 6 1 58 59 132 133 166 167 251 252 283 284 301 
5.29    18.90 95.285239 90.792768 7 1 39 40 58 59 132 133 166 167 251 252 283 284 301 
4.62    21.65 95.928342 92.022467 8 167 183 184 251 1 39 40 58 59 132 133 166 252 283 284 301 
3.38    29.60 96.657102 93.425954 10 184 205 206 224 225 251 167 183 1 39 40 58 59 132 133 166 252 283 284 301 
3.08    32.46 97.104544 94.292925 11 59 117 118 132 184 205 206 224 225 251 167 183 1 39 40 58 133 166 252 283 284 301 
2.76    36.17 97.443479 94.952316 12 59 74 75 117 118 132 184 205 206 224 225 251 167 183 1 39 40 58 133 166 252 283 284 301 
2.50    39.98 97.575505 95.209792 13 75 90 91 117 59 74 118 132 184 205 206 224 225 251 167 183 1 39 40 58 133 166 252 283 284 301 
2.24    44.63 97.648553 95.352400 14 252 267 268 283 75 90 91 117 59 74 118 132 184 205 206 224 225 251 167 183 1 39 40 58 133 166 284 301 
1.97    50.84 97.731992 95.515423 15 1 21 22 39 252 267 268 283 75 90 91 117 59 74 118 132 184 205 206 224 225 251 167 183 40 58 133 166 284 301 
1.75    57.17 97.845571 95.737558 16 133 151 152 166 1 21 22 39 252 267 268 283 75 90 91 117 59 74 118 132 184 205 206 224 225 251 167 183 40 58 284 301 
