# pdb file = /home/wagram/gelly/CORNICHON/PROJECTS/DR/DR_2/PDBs_Clean/3H2BA/3H2BA.pdb
# dssp file = /home/wagram/gelly/CORNICHON/PROJECTS/DR/DR_2/PDBs_Clean/3H2BA/3H2BA.dssp
# R2 value = 99
# S2D limit size = 8
# limit size of PU= 15
# max size of PU= 0
# d0 value= 6.0
# delta value= 1.5
# only secondary structure= 0
# pruning flag= 0
# cut off pruning= 0
# Max Number of pu= 40
# END PARSE PDB
# END PARSE DSSP
#i/e    i/i+e R2        CI        N DOMAINS
14.88    6.72 77.301370 59.755018 2 1 90 91 195 
8.18    12.23 86.562837 74.931247 4 1 23 24 41 42 90 91 195 
3.85    25.97 92.373840 85.329263 6 91 140 141 166 167 195 1 23 24 41 42 90 
3.04    32.85 93.373415 87.185947 7 42 68 69 90 91 140 141 166 167 195 1 23 24 41 
2.48    40.40 94.246054 88.823187 8 91 107 108 140 42 68 69 90 141 166 167 195 1 23 24 41 
2.27    44.00 94.884911 90.031463 9 108 123 124 140 91 107 42 68 69 90 141 166 167 195 1 23 24 41 
