# pdb file = /home/wagram/gelly/CORNICHON/PROJECTS/DR/DR_2/PDBs_Clean/2DU3A/2DU3A.pdb
# dssp file = /home/wagram/gelly/CORNICHON/PROJECTS/DR/DR_2/PDBs_Clean/2DU3A/2DU3A.dssp
# R2 value = 99
# S2D limit size = 8
# limit size of PU= 15
# max size of PU= 0
# d0 value= 6.0
# delta value= 1.5
# only secondary structure= 0
# pruning flag= 0
# cut off pruning= 0
# Max Number of pu= 40
# END PARSE PDB
# END PARSE DSSP
#i/e    i/i+e R2        CI        N DOMAINS
97.74    1.02 89.522329 80.142474 3 1 42 43 355 356 534 
14.92    6.70 95.154163 90.543146 5 43 101 102 174 175 355 1 42 356 534 
14.69    6.81 95.647434 91.484316 6 43 68 69 101 102 174 175 355 1 42 356 534 
14.33    6.98 95.982226 92.125876 7 1 27 28 42 43 68 69 101 102 174 175 355 356 534 
12.61    7.93 96.719212 93.546060 8 175 330 331 355 1 27 28 42 43 68 69 101 102 174 356 534 
8.01    12.49 97.725728 95.503179 10 175 241 242 308 309 330 331 355 1 27 28 42 43 68 69 101 102 174 356 534 
7.41    13.49 97.947047 95.936240 11 102 139 140 174 175 241 242 308 309 330 331 355 1 27 28 42 43 68 69 101 356 534 
7.17    13.94 98.043064 96.124423 12 102 118 119 139 140 174 175 241 242 308 309 330 331 355 1 27 28 42 43 68 69 101 356 534 
6.82    14.66 98.132232 96.299349 13 140 158 159 174 102 118 119 139 175 241 242 308 309 330 331 355 1 27 28 42 43 68 69 101 356 534 
4.57    21.87 98.632224 97.283156 15 356 372 373 426 427 534 140 158 159 174 102 118 119 139 175 241 242 308 309 330 331 355 1 27 28 42 43 68 69 101 
4.28    23.36 98.763323 97.541939 16 175 202 203 241 356 372 373 426 427 534 140 158 159 174 102 118 119 139 242 308 309 330 331 355 1 27 28 42 43 68 69 101 
4.03    24.83 98.860023 97.733041 17 242 258 259 308 175 202 203 241 356 372 373 426 427 534 140 158 159 174 102 118 119 139 309 330 331 355 1 27 28 42 43 68 69 101 
3.57    27.97 99.008922 98.027667 18 427 463 464 534 242 258 259 308 175 202 203 241 356 372 373 426 140 158 159 174 102 118 119 139 309 330 331 355 1 27 28 42 43 68 69 101 
