# pdb file = /home/wagram/gelly/CORNICHON/PROJECTS/DR/DR_2/PDBs_Clean/3POHA/3POHA.pdb
# dssp file = /home/wagram/gelly/CORNICHON/PROJECTS/DR/DR_2/PDBs_Clean/3POHA/3POHA.dssp
# R2 value = 99
# S2D limit size = 8
# limit size of PU= 15
# max size of PU= 0
# d0 value= 6.0
# delta value= 1.5
# only secondary structure= 0
# pruning flag= 0
# cut off pruning= 0
# Max Number of pu= 40
# END PARSE PDB
# END PARSE DSSP
#i/e    i/i+e R2        CI        N DOMAINS
65.56    1.53 81.061231 65.709231 2 1 141 142 435 
9.53    10.50 91.974939 84.593895 4 142 183 184 335 336 435 1 141 
9.09    11.00 93.042441 86.568958 5 336 416 417 435 142 183 184 335 1 141 
6.47    15.45 94.914442 90.087514 7 184 202 203 225 226 335 336 416 417 435 142 183 1 141 
3.77    26.53 95.775871 91.730175 9 1 50 51 65 66 141 184 202 203 225 226 335 336 416 417 435 142 183 
3.54    28.27 96.202328 92.548879 10 66 100 101 141 1 50 51 65 184 202 203 225 226 335 336 416 417 435 142 183 
3.24    30.86 96.668867 93.448698 11 336 390 391 416 66 100 101 141 1 50 51 65 184 202 203 225 226 335 417 435 142 183 
3.13    31.99 96.833502 93.767272 12 1 35 36 50 336 390 391 416 66 100 101 141 51 65 184 202 203 225 226 335 417 435 142 183 
2.62    38.20 97.422694 94.911814 13 226 288 289 335 1 35 36 50 336 390 391 416 66 100 101 141 51 65 184 202 203 225 417 435 142 183 
2.18    45.92 97.680507 95.414815 15 226 249 250 265 266 288 289 335 1 35 36 50 336 390 391 416 66 100 101 141 51 65 184 202 203 225 417 435 142 183 
2.04    48.93 97.829815 95.706728 16 289 320 321 335 226 249 250 265 266 288 1 35 36 50 336 390 391 416 66 100 101 141 51 65 184 202 203 225 417 435 142 183 
1.96    51.12 97.920536 95.884314 17 66 81 82 100 289 320 321 335 226 249 250 265 266 288 1 35 36 50 336 390 391 416 101 141 51 65 184 202 203 225 417 435 142 183 
1.80    55.53 98.098680 96.233511 18 336 355 356 390 66 81 82 100 289 320 321 335 226 249 250 265 266 288 1 35 36 50 391 416 101 141 51 65 184 202 203 225 417 435 142 183 
1.72    58.01 98.181478 96.396026 19 289 305 306 320 336 355 356 390 66 81 82 100 321 335 226 249 250 265 266 288 1 35 36 50 391 416 101 141 51 65 184 202 203 225 417 435 142 183 
1.62    61.56 98.271636 96.573144 20 142 163 164 183 289 305 306 320 336 355 356 390 66 81 82 100 321 335 226 249 250 265 266 288 1 35 36 50 391 416 101 141 51 65 184 202 203 225 417 435 
1.54    65.11 98.347192 96.721703 21 101 123 124 141 142 163 164 183 289 305 306 320 336 355 356 390 66 81 82 100 321 335 226 249 250 265 266 288 1 35 36 50 391 416 51 65 184 202 203 225 417 435 
1.45    69.06 98.394843 96.815452 22 356 371 372 390 101 123 124 141 142 163 164 183 289 305 306 320 336 355 66 81 82 100 321 335 226 249 250 265 266 288 1 35 36 50 391 416 51 65 184 202 203 225 417 435 
1.38    72.54 98.446958 96.918035 23 1 16 17 35 356 371 372 390 101 123 124 141 142 163 164 183 289 305 306 320 336 355 66 81 82 100 321 335 226 249 250 265 266 288 36 50 391 416 51 65 184 202 203 225 417 435 
