# pdb file = /home/wagram/gelly/CORNICHON/PROJECTS/DR/DR_2/PDBs_Clean/2GTIA/2GTIA.pdb
# dssp file = /home/wagram/gelly/CORNICHON/PROJECTS/DR/DR_2/PDBs_Clean/2GTIA/2GTIA.dssp
# R2 value = 99
# S2D limit size = 8
# limit size of PU= 15
# max size of PU= 0
# d0 value= 6.0
# delta value= 1.5
# only secondary structure= 0
# pruning flag= 0
# cut off pruning= 0
# Max Number of pu= 40
# END PARSE PDB
# END PARSE DSSP
#i/e    i/i+e R2        CI        N DOMAINS
43.86    2.28 82.975486 68.849313 2 1 185 186 348 
24.90    4.02 90.533604 81.963334 3 1 61 62 185 186 348 
12.72    7.86 93.904459 88.180474 5 186 201 202 316 317 348 1 61 62 185 
8.50    11.76 95.742437 91.666143 7 202 237 238 302 303 316 186 201 317 348 1 61 62 185 
8.00    12.50 96.042893 92.242374 8 202 222 223 237 238 302 303 316 186 201 317 348 1 61 62 185 
5.37    18.63 97.297030 94.667120 10 62 78 79 111 112 185 202 222 223 237 238 302 303 316 186 201 317 348 1 61 
4.13    24.24 97.813269 95.674356 12 112 147 148 171 172 185 62 78 79 111 202 222 223 237 238 302 303 316 186 201 317 348 1 61 
3.70    27.04 98.061708 96.160986 13 1 23 24 61 112 147 148 171 172 185 62 78 79 111 202 222 223 237 238 302 303 316 186 201 317 348 
3.50    28.58 98.225662 96.482807 14 24 45 46 61 1 23 112 147 148 171 172 185 62 78 79 111 202 222 223 237 238 302 303 316 186 201 317 348 
3.07    32.61 98.444371 96.912941 15 238 267 268 302 24 45 46 61 1 23 112 147 148 171 172 185 62 78 79 111 202 222 223 237 303 316 186 201 317 348 
2.88    34.69 98.531975 97.085501 16 79 96 97 111 238 267 268 302 24 45 46 61 1 23 112 147 148 171 172 185 62 78 202 222 223 237 303 316 186 201 317 348 
2.63    37.97 98.612473 97.244198 17 112 132 133 147 79 96 97 111 238 267 268 302 24 45 46 61 1 23 148 171 172 185 62 78 202 222 223 237 303 316 186 201 317 348 
