# pdb file = /home/wagram/gelly/CORNICHON/PROJECTS/DR/DR_2/PDBs_Clean/2ZJRS/2ZJRS.pdb
# dssp file = /home/wagram/gelly/CORNICHON/PROJECTS/DR/DR_2/PDBs_Clean/2ZJRS/2ZJRS.dssp
# R2 value = 99
# S2D limit size = 8
# limit size of PU= 15
# max size of PU= 0
# d0 value= 6.0
# delta value= 1.5
# only secondary structure= 0
# pruning flag= 0
# cut off pruning= 0
# Max Number of pu= 40
# END PARSE PDB
# END PARSE DSSP
#i/e    i/i+e R2        CI        N DOMAINS
38.09    2.63 82.623743 68.266829 2 1 86 87 175 
9.97    10.03 87.509020 76.578286 3 1 42 43 86 87 175 
7.68    13.02 89.224840 79.610721 4 43 63 64 86 1 42 87 175 
3.88    25.75 91.432918 83.599785 5 87 142 143 175 43 63 64 86 1 42 
2.40    41.74 93.119510 86.712432 7 87 102 103 117 118 142 143 175 43 63 64 86 1 42 
2.02    49.50 93.814917 88.012387 8 1 16 17 42 87 102 103 117 118 142 143 175 43 63 64 86 
1.71    58.58 94.141261 88.625770 9 143 160 161 175 1 16 17 42 87 102 103 117 118 142 43 63 64 86 
