# pdb file = /home/wagram/gelly/CORNICHON/PROJECTS/DR/DR_2/PDBs_Clean/1Y791/1Y791.pdb
# dssp file = /home/wagram/gelly/CORNICHON/PROJECTS/DR/DR_2/PDBs_Clean/1Y791/1Y791.dssp
# R2 value = 99
# S2D limit size = 8
# limit size of PU= 15
# max size of PU= 0
# d0 value= 6.0
# delta value= 1.5
# only secondary structure= 0
# pruning flag= 0
# cut off pruning= 0
# Max Number of pu= 40
# END PARSE PDB
# END PARSE DSSP
#i/e    i/i+e R2        CI        N DOMAINS
33.66    2.97 75.216978 56.575937 2 1 166 167 680 
8.24    12.14 92.132085 84.883211 4 167 343 344 539 540 680 1 166 
7.86    12.72 93.883221 88.140593 5 540 616 617 680 167 343 344 539 1 166 
7.04    14.21 95.827023 91.828184 7 167 264 265 313 314 343 540 616 617 680 344 539 1 166 
6.32    15.83 96.512559 93.146741 9 167 182 183 246 247 264 265 313 314 343 540 616 617 680 344 539 1 166 
6.16    16.23 96.755660 93.616578 10 265 293 294 313 167 182 183 246 247 264 314 343 540 616 617 680 344 539 1 166 
5.57    17.95 97.425591 94.917457 11 1 91 92 166 265 293 294 313 167 182 183 246 247 264 314 343 540 616 617 680 344 539 
5.07    19.71 97.817660 95.682945 13 1 39 40 64 65 91 92 166 265 293 294 313 167 182 183 246 247 264 314 343 540 616 617 680 344 539 
4.60    21.73 98.260275 96.550817 15 344 358 359 518 519 539 1 39 40 64 65 91 92 166 265 293 294 313 167 182 183 246 247 264 314 343 540 616 617 680 
4.31    23.19 98.455177 96.934220 17 617 633 634 666 667 680 344 358 359 518 519 539 1 39 40 64 65 91 92 166 265 293 294 313 167 182 183 246 247 264 314 343 540 616 
3.91    25.57 98.668974 97.355664 19 92 109 110 140 141 166 617 633 634 666 667 680 344 358 359 518 519 539 1 39 40 64 65 91 265 293 294 313 167 182 183 246 247 264 314 343 540 616 
3.83    26.10 98.733004 97.482061 20 1 22 23 39 92 109 110 140 141 166 617 633 634 666 667 680 344 358 359 518 519 539 40 64 65 91 265 293 294 313 167 182 183 246 247 264 314 343 540 616 
3.34    29.96 99.008692 98.027211 22 359 412 413 506 507 518 1 22 23 39 92 109 110 140 141 166 617 633 634 666 667 680 344 358 519 539 40 64 65 91 265 293 294 313 167 182 183 246 247 264 314 343 540 616 
