# pdb file = /home/wagram/gelly/CORNICHON/PROJECTS/DR/DR_2/PDBs_Clean/1H6TA/1H6TA.pdb
# dssp file = /home/wagram/gelly/CORNICHON/PROJECTS/DR/DR_2/PDBs_Clean/1H6TA/1H6TA.dssp
# R2 value = 99
# S2D limit size = 8
# limit size of PU= 15
# max size of PU= 0
# d0 value= 6.0
# delta value= 1.5
# only secondary structure= 0
# pruning flag= 0
# cut off pruning= 0
# Max Number of pu= 40
# END PARSE PDB
# END PARSE DSSP
#i/e    i/i+e R2        CI        N DOMAINS
24.62    4.06 80.225012 64.360526 2 1 122 123 291 
10.65    9.39 88.510493 78.341073 3 123 210 211 291 1 122 
7.48    13.38 91.975124 84.594234 4 1 47 48 122 123 210 211 291 
5.26    19.02 93.904236 88.180055 5 123 167 168 210 1 47 48 122 211 291 
3.57    27.99 94.810440 89.890196 7 211 226 227 255 256 291 123 167 168 210 1 47 48 122 
2.86    34.99 95.735194 91.652274 8 48 80 81 122 211 226 227 255 256 291 123 167 168 210 1 47 
2.50    39.94 95.959313 92.081898 9 1 24 25 47 48 80 81 122 211 226 227 255 256 291 123 167 168 210 
2.19    45.77 96.253844 92.648024 10 123 139 140 167 1 24 25 47 48 80 81 122 211 226 227 255 256 291 168 210 
1.93    51.92 96.506042 93.134161 11 168 183 184 210 123 139 140 167 1 24 25 47 48 80 81 122 211 226 227 255 256 291 
1.76    56.79 96.694666 93.498585 12 256 271 272 291 168 183 184 210 123 139 140 167 1 24 25 47 48 80 81 122 211 226 227 255 
1.56    63.95 96.906253 93.908219 13 81 96 97 122 256 271 272 291 168 183 184 210 123 139 140 167 1 24 25 47 48 80 211 226 227 255 
1.39    71.83 96.994219 94.078786 14 48 65 66 80 81 96 97 122 256 271 272 291 168 183 184 210 123 139 140 167 1 24 25 47 211 226 227 255 
