# pdb file = /home/wagram/gelly/CORNICHON/PROJECTS/DR/DR_2/PDBs_Clean/1M4IA/1M4IA.pdb
# dssp file = /home/wagram/gelly/CORNICHON/PROJECTS/DR/DR_2/PDBs_Clean/1M4IA/1M4IA.dssp
# R2 value = 99
# S2D limit size = 8
# limit size of PU= 15
# max size of PU= 0
# d0 value= 6.0
# delta value= 1.5
# only secondary structure= 0
# pruning flag= 0
# cut off pruning= 0
# Max Number of pu= 40
# END PARSE PDB
# END PARSE DSSP
#i/e    i/i+e R2        CI        N DOMAINS
14.14    7.07 74.302170 55.208124 2 1 116 117 181 
5.54    18.06 85.697584 73.440759 4 1 15 16 43 44 116 117 181 
4.60    21.74 88.183936 77.764066 5 117 132 133 181 1 15 16 43 44 116 
2.86    35.01 92.281353 85.158481 7 44 65 66 80 81 116 117 132 133 181 1 15 16 43 
2.64    37.84 93.629691 87.665191 8 81 99 100 116 44 65 66 80 117 132 133 181 1 15 16 43 
2.14    46.75 94.347876 89.015217 9 133 159 160 181 81 99 100 116 44 65 66 80 117 132 1 15 16 43 
