# pdb file = /home/wagram/gelly/CORNICHON/PROJECTS/DR/DR_2/PDBs_Clean/2XSWA/2XSWA.pdb
# dssp file = /home/wagram/gelly/CORNICHON/PROJECTS/DR/DR_2/PDBs_Clean/2XSWA/2XSWA.dssp
# R2 value = 99
# S2D limit size = 8
# limit size of PU= 15
# max size of PU= 0
# d0 value= 6.0
# delta value= 1.5
# only secondary structure= 0
# pruning flag= 0
# cut off pruning= 0
# Max Number of pu= 40
# END PARSE PDB
# END PARSE DSSP
#i/e    i/i+e R2        CI        N DOMAINS
5.43    18.40 78.043861 60.908442 3 1 198 199 270 271 340 
5.38    18.59 82.366559 67.842500 4 271 312 313 340 1 198 199 270 
5.06    19.75 86.039496 74.027948 5 1 17 18 198 271 312 313 340 199 270 
4.18    23.93 91.668275 84.030726 6 18 102 103 198 1 17 271 312 313 340 199 270 
3.85    26.01 92.736665 86.000890 7 199 247 248 270 18 102 103 198 1 17 271 312 313 340 
3.14    31.81 94.342469 89.005015 9 18 33 34 49 50 102 199 247 248 270 103 198 1 17 271 312 313 340 
2.93    34.19 94.800870 89.872049 10 199 222 223 247 18 33 34 49 50 102 248 270 103 198 1 17 271 312 313 340 
2.26    44.32 96.080312 92.314263 12 103 144 145 159 160 198 199 222 223 247 18 33 34 49 50 102 248 270 1 17 271 312 313 340 
2.12    47.22 96.353719 92.840392 13 160 178 179 198 103 144 145 159 199 222 223 247 18 33 34 49 50 102 248 270 1 17 271 312 313 340 
1.88    53.16 96.661159 93.433797 14 50 76 77 102 160 178 179 198 103 144 145 159 199 222 223 247 18 33 34 49 248 270 1 17 271 312 313 340 
1.74    57.40 96.925119 93.944788 15 271 290 291 312 50 76 77 102 160 178 179 198 103 144 145 159 199 222 223 247 18 33 34 49 248 270 1 17 313 340 
1.60    62.63 97.119486 94.321946 16 103 124 125 144 271 290 291 312 50 76 77 102 160 178 179 198 145 159 199 222 223 247 18 33 34 49 248 270 1 17 313 340 
