# pdb file = /home/wagram/gelly/CORNICHON/PROJECTS/DR/DR_2/PDBs_Clean/2H7MA/2H7MA.pdb
# dssp file = /home/wagram/gelly/CORNICHON/PROJECTS/DR/DR_2/PDBs_Clean/2H7MA/2H7MA.dssp
# R2 value = 99
# S2D limit size = 8
# limit size of PU= 15
# max size of PU= 0
# d0 value= 6.0
# delta value= 1.5
# only secondary structure= 0
# pruning flag= 0
# cut off pruning= 0
# Max Number of pu= 40
# END PARSE PDB
# END PARSE DSSP
#i/e    i/i+e R2        CI        N DOMAINS
14.83    6.74 73.405802 53.884118 2 1 85 86 268 
12.16    8.23 79.002862 62.414523 3 1 62 63 85 86 268 
5.41    18.48 90.306136 81.551982 5 86 191 192 234 235 268 1 62 63 85 
5.16    19.37 91.257925 83.280088 6 235 252 253 268 86 191 192 234 1 62 63 85 
4.66    21.45 92.299846 85.192616 7 192 215 216 234 235 252 253 268 86 191 1 62 63 85 
3.89    25.70 93.367056 87.174072 8 1 38 39 62 192 215 216 234 235 252 253 268 86 191 63 85 
2.85    35.12 95.039361 90.324801 9 86 138 139 191 1 38 39 62 192 215 216 234 235 252 253 268 63 85 
2.62    38.13 95.547913 91.294036 10 86 123 124 138 139 191 1 38 39 62 192 215 216 234 235 252 253 268 63 85 
2.15    46.55 96.309639 92.755466 12 139 153 154 170 171 191 86 123 124 138 1 38 39 62 192 215 216 234 235 252 253 268 63 85 
1.97    50.83 96.610846 93.336555 13 86 108 109 123 139 153 154 170 171 191 124 138 1 38 39 62 192 215 216 234 235 252 253 268 63 85 
1.71    58.54 96.754591 93.614509 14 1 22 23 38 86 108 109 123 139 153 154 170 171 191 124 138 39 62 192 215 216 234 235 252 253 268 63 85 
