# pdb file = /home/wagram/gelly/CORNICHON/PROJECTS/DR/DR_2/PDBs_Clean/3H5TA/3H5TA.pdb
# dssp file = /home/wagram/gelly/CORNICHON/PROJECTS/DR/DR_2/PDBs_Clean/3H5TA/3H5TA.dssp
# R2 value = 99
# S2D limit size = 8
# limit size of PU= 15
# max size of PU= 0
# d0 value= 6.0
# delta value= 1.5
# only secondary structure= 0
# pruning flag= 0
# cut off pruning= 0
# Max Number of pu= 40
# END PARSE PDB
# END PARSE DSSP
#i/e    i/i+e R2        CI        N DOMAINS
58698.47  0.00 71.900479 51.696788 2 1 47 48 338 
9.07    11.02 91.757257 84.193942 4 48 151 152 283 284 338 1 47 
7.45    13.43 93.420199 87.273337 6 284 299 300 328 329 338 48 151 152 283 1 47 
5.05    19.82 94.805231 89.880319 8 48 64 65 81 82 151 284 299 300 328 329 338 152 283 1 47 
3.91    25.56 96.194185 92.533213 9 152 229 230 283 48 64 65 81 82 151 284 299 300 328 329 338 1 47 
3.56    28.10 96.716061 93.539964 10 82 109 110 151 152 229 230 283 48 64 65 81 284 299 300 328 329 338 1 47 
3.30    30.28 96.953991 94.000763 11 1 30 31 47 82 109 110 151 152 229 230 283 48 64 65 81 284 299 300 328 329 338 
3.02    33.12 97.258681 94.592510 12 230 249 250 283 1 30 31 47 82 109 110 151 152 229 48 64 65 81 284 299 300 328 329 338 
2.73    36.58 97.609113 95.275389 13 152 169 170 229 230 249 250 283 1 30 31 47 82 109 110 151 48 64 65 81 284 299 300 328 329 338 
2.26    44.24 97.939614 95.921680 15 170 188 189 221 222 229 152 169 230 249 250 283 1 30 31 47 82 109 110 151 48 64 65 81 284 299 300 328 329 338 
2.20    45.53 98.089523 96.215545 16 189 206 207 221 170 188 222 229 152 169 230 249 250 283 1 30 31 47 82 109 110 151 48 64 65 81 284 299 300 328 329 338 
2.02    49.59 98.246725 96.524190 17 110 132 133 151 189 206 207 221 170 188 222 229 152 169 230 249 250 283 1 30 31 47 82 109 48 64 65 81 284 299 300 328 329 338 
1.84    54.37 98.332951 96.693692 18 250 266 267 283 110 132 133 151 189 206 207 221 170 188 222 229 152 169 230 249 1 30 31 47 82 109 48 64 65 81 284 299 300 328 329 338 
