# pdb file = /home/wagram/gelly/CORNICHON/PROJECTS/DR/DR_2/PDBs_Clean/3S26A/3S26A.pdb
# dssp file = /home/wagram/gelly/CORNICHON/PROJECTS/DR/DR_2/PDBs_Clean/3S26A/3S26A.dssp
# R2 value = 99
# S2D limit size = 8
# limit size of PU= 15
# max size of PU= 0
# d0 value= 6.0
# delta value= 1.5
# only secondary structure= 0
# pruning flag= 0
# cut off pruning= 0
# Max Number of pu= 40
# END PARSE PDB
# END PARSE DSSP
#i/e    i/i+e R2        CI        N DOMAINS
3.08    32.50 73.171826 53.541162 3 1 43 44 98 99 169 
2.95    33.88 78.089336 60.979443 4 1 25 26 43 44 98 99 169 
2.65    37.78 84.841149 71.980206 5 99 134 135 169 1 25 26 43 44 98 
2.40    41.74 89.141988 79.462940 6 44 72 73 98 99 134 135 169 1 25 26 43 
2.27    44.02 91.096669 82.986031 7 135 151 152 169 44 72 73 98 99 134 1 25 26 43 
1.93    51.91 91.988725 84.619255 8 99 114 115 134 135 151 152 169 44 72 73 98 1 25 26 43 
