# pdb file = /home/wagram/gelly/CORNICHON/PROJECTS/DR/DR_2/PDBs_Clean/3FWYA/3FWYA.pdb
# dssp file = /home/wagram/gelly/CORNICHON/PROJECTS/DR/DR_2/PDBs_Clean/3FWYA/3FWYA.dssp
# R2 value = 99
# S2D limit size = 8
# limit size of PU= 15
# max size of PU= 0
# d0 value= 6.0
# delta value= 1.5
# only secondary structure= 0
# pruning flag= 0
# cut off pruning= 0
# Max Number of pu= 40
# END PARSE PDB
# END PARSE DSSP
#i/e    i/i+e R2        CI        N DOMAINS
12.00    8.33 75.255244 56.633517 2 1 141 142 268 
7.78    12.86 86.551022 74.910794 4 142 207 208 248 249 268 1 141 
7.17    13.94 87.937033 77.329218 5 208 233 234 248 142 207 249 268 1 141 
3.07    32.58 92.296892 85.187162 7 1 53 54 75 76 141 208 233 234 248 142 207 249 268 
2.85    35.10 93.427286 87.286578 8 76 96 97 141 1 53 54 75 208 233 234 248 142 207 249 268 
2.66    37.59 94.335191 88.991283 9 1 37 38 53 76 96 97 141 54 75 208 233 234 248 142 207 249 268 
2.53    39.56 95.065855 90.375167 10 1 19 20 37 38 53 76 96 97 141 54 75 208 233 234 248 142 207 249 268 
2.05    48.90 96.055223 92.266060 12 142 158 159 173 174 207 1 19 20 37 38 53 76 96 97 141 54 75 208 233 234 248 249 268 
1.90    52.68 96.592234 93.300596 13 97 118 119 141 142 158 159 173 174 207 1 19 20 37 38 53 76 96 54 75 208 233 234 248 249 268 
1.69    59.13 96.751373 93.608282 14 174 189 190 207 97 118 119 141 142 158 159 173 1 19 20 37 38 53 76 96 54 75 208 233 234 248 249 268 
