# pdb file = /home/wagram/gelly/CORNICHON/PROJECTS/DR/DR_2/PDBs_Clean/3DMGA/3DMGA.pdb
# dssp file = /home/wagram/gelly/CORNICHON/PROJECTS/DR/DR_2/PDBs_Clean/3DMGA/3DMGA.dssp
# R2 value = 99
# S2D limit size = 8
# limit size of PU= 15
# max size of PU= 0
# d0 value= 6.0
# delta value= 1.5
# only secondary structure= 0
# pruning flag= 0
# cut off pruning= 0
# Max Number of pu= 40
# END PARSE PDB
# END PARSE DSSP
#i/e    i/i+e R2        CI        N DOMAINS
36.51    2.74 82.479974 68.029461 2 1 182 183 371 
15.45    6.47 88.888427 79.011525 3 183 291 292 371 1 182 
9.03    11.07 92.738964 86.005154 4 1 90 91 182 183 291 292 371 
6.64    15.06 94.809462 89.888341 6 183 210 211 229 230 291 1 90 91 182 292 371 
5.88    17.00 95.624637 91.440711 7 1 24 25 90 183 210 211 229 230 291 91 182 292 371 
4.41    22.70 96.454594 93.034887 9 91 133 134 171 172 182 1 24 25 90 183 210 211 229 230 291 292 371 
3.79    26.39 96.945837 93.984952 10 292 334 335 371 91 133 134 171 172 182 1 24 25 90 183 210 211 229 230 291 
3.41    29.30 97.295878 94.664878 11 25 70 71 90 292 334 335 371 91 133 134 171 172 182 1 24 183 210 211 229 230 291 
3.16    31.69 97.494538 95.051849 12 25 40 41 70 71 90 292 334 335 371 91 133 134 171 172 182 1 24 183 210 211 229 230 291 
2.74    36.46 97.753272 95.557022 13 230 259 260 291 25 40 41 70 71 90 292 334 335 371 91 133 134 171 172 182 1 24 183 210 211 229 
2.53    39.48 97.840985 95.728583 14 134 155 156 171 230 259 260 291 25 40 41 70 71 90 292 334 335 371 91 133 172 182 1 24 183 210 211 229 
2.38    42.00 97.936381 95.915347 15 260 276 277 291 134 155 156 171 230 259 25 40 41 70 71 90 292 334 335 371 91 133 172 182 1 24 183 210 211 229 
2.20    45.48 98.031728 96.102198 16 292 314 315 334 260 276 277 291 134 155 156 171 230 259 25 40 41 70 71 90 335 371 91 133 172 182 1 24 183 210 211 229 
2.04    49.07 98.096006 96.228265 17 335 354 355 371 292 314 315 334 260 276 277 291 134 155 156 171 230 259 25 40 41 70 71 90 91 133 172 182 1 24 183 210 211 229 
1.84    54.26 98.195321 96.423210 18 91 106 107 133 335 354 355 371 292 314 315 334 260 276 277 291 134 155 156 171 230 259 25 40 41 70 71 90 172 182 1 24 183 210 211 229 
