# pdb file = /home/wagram/gelly/CORNICHON/PROJECTS/DR/DR_2/PDBs_Clean/1XKNA/1XKNA.pdb
# dssp file = /home/wagram/gelly/CORNICHON/PROJECTS/DR/DR_2/PDBs_Clean/1XKNA/1XKNA.dssp
# R2 value = 99
# S2D limit size = 8
# limit size of PU= 15
# max size of PU= 0
# d0 value= 6.0
# delta value= 1.5
# only secondary structure= 0
# pruning flag= 0
# cut off pruning= 0
# Max Number of pu= 40
# END PARSE PDB
# END PARSE DSSP
#i/e    i/i+e R2        CI        N DOMAINS
9.67    10.34 78.753158 62.020599 3 1 154 155 338 339 353 
7.08    14.13 86.953799 75.609631 4 155 268 269 338 1 154 339 353 
5.04    19.84 92.521198 85.601721 6 1 20 21 88 89 154 155 268 269 338 339 353 
3.66    27.30 94.525302 89.350328 8 155 174 175 197 198 268 1 20 21 88 89 154 269 338 339 353 
3.47    28.84 95.079099 90.400350 9 21 36 37 88 155 174 175 197 198 268 1 20 89 154 269 338 339 353 
3.20    31.29 95.760000 91.699776 10 198 219 220 268 21 36 37 88 155 174 175 197 1 20 89 154 269 338 339 353 
2.71    36.90 96.610672 93.336219 12 269 287 288 325 326 338 198 219 220 268 21 36 37 88 155 174 175 197 1 20 89 154 339 353 
2.40    41.64 97.012146 94.113565 13 89 113 114 154 269 287 288 325 326 338 198 219 220 268 21 36 37 88 155 174 175 197 1 20 339 353 
2.20    45.49 97.180113 94.439744 14 220 249 250 268 89 113 114 154 269 287 288 325 326 338 198 219 21 36 37 88 155 174 175 197 1 20 339 353 
2.00    50.11 97.417560 94.901809 15 37 55 56 88 220 249 250 268 89 113 114 154 269 287 288 325 326 338 198 219 21 36 155 174 175 197 1 20 339 353 
1.90    52.69 97.525782 95.112781 16 56 72 73 88 37 55 220 249 250 268 89 113 114 154 269 287 288 325 326 338 198 219 21 36 155 174 175 197 1 20 339 353 
1.75    57.08 97.622591 95.301702 17 114 134 135 154 56 72 73 88 37 55 220 249 250 268 89 113 269 287 288 325 326 338 198 219 21 36 155 174 175 197 1 20 339 353 
1.60    62.36 97.728957 95.509490 18 288 305 306 325 114 134 135 154 56 72 73 88 37 55 220 249 250 268 89 113 269 287 326 338 198 219 21 36 155 174 175 197 1 20 339 353 
