# pdb file = /home/wagram/gelly/CORNICHON/PROJECTS/DR/DR_2/PDBs_Clean/2ECEA/2ECEA.pdb
# dssp file = /home/wagram/gelly/CORNICHON/PROJECTS/DR/DR_2/PDBs_Clean/2ECEA/2ECEA.dssp
# R2 value = 99
# S2D limit size = 8
# limit size of PU= 15
# max size of PU= 0
# d0 value= 6.0
# delta value= 1.5
# only secondary structure= 0
# pruning flag= 0
# cut off pruning= 0
# Max Number of pu= 40
# END PARSE PDB
# END PARSE DSSP
#i/e    i/i+e R2        CI        N DOMAINS
8.46    11.82 83.319763 69.421830 3 1 67 68 294 295 455 
8.34    11.99 85.020714 72.285219 4 1 17 18 67 68 294 295 455 
6.67    14.98 91.168469 83.116897 5 68 173 174 294 1 17 18 67 295 455 
4.95    20.20 93.005702 86.500605 7 174 200 201 219 220 294 68 173 1 17 18 67 295 455 
4.64    21.53 93.992506 88.345911 8 295 313 314 455 174 200 201 219 220 294 68 173 1 17 18 67 
4.35    22.96 94.646113 89.578867 9 220 238 239 294 295 313 314 455 174 200 201 219 68 173 1 17 18 67 
3.29    30.37 96.091741 92.336227 11 314 392 393 407 408 455 220 238 239 294 295 313 174 200 201 219 68 173 1 17 18 67 
3.20    31.22 96.457440 93.040377 12 408 434 435 455 314 392 393 407 220 238 239 294 295 313 174 200 201 219 68 173 1 17 18 67 
2.60    38.41 97.284942 94.643599 14 68 88 89 127 128 173 408 434 435 455 314 392 393 407 220 238 239 294 295 313 174 200 201 219 1 17 18 67 
2.45    40.76 97.561541 95.182543 15 314 377 378 392 68 88 89 127 128 173 408 434 435 455 393 407 220 238 239 294 295 313 174 200 201 219 1 17 18 67 
2.28    43.90 97.762435 95.574937 16 314 355 356 377 378 392 68 88 89 127 128 173 408 434 435 455 393 407 220 238 239 294 295 313 174 200 201 219 1 17 18 67 
2.11    47.37 97.898149 95.840475 17 239 271 272 294 314 355 356 377 378 392 68 88 89 127 128 173 408 434 435 455 393 407 220 238 295 313 174 200 201 219 1 17 18 67 
1.99    50.38 98.014452 96.068327 18 314 335 336 355 239 271 272 294 356 377 378 392 68 88 89 127 128 173 408 434 435 455 393 407 220 238 295 313 174 200 201 219 1 17 18 67 
1.87    53.46 98.081045 96.198913 19 89 104 105 127 314 335 336 355 239 271 272 294 356 377 378 392 68 88 128 173 408 434 435 455 393 407 220 238 295 313 174 200 201 219 1 17 18 67 
1.74    57.52 98.157079 96.348122 20 128 156 157 173 89 104 105 127 314 335 336 355 239 271 272 294 356 377 378 392 68 88 408 434 435 455 393 407 220 238 295 313 174 200 201 219 1 17 18 67 
1.61    62.26 98.236004 96.503125 21 18 34 35 67 128 156 157 173 89 104 105 127 314 335 336 355 239 271 272 294 356 377 378 392 68 88 408 434 435 455 393 407 220 238 295 313 174 200 201 219 1 17 
1.52    65.89 98.276075 96.581870 22 35 51 52 67 18 34 128 156 157 173 89 104 105 127 314 335 336 355 239 271 272 294 356 377 378 392 68 88 408 434 435 455 393 407 220 238 295 313 174 200 201 219 1 17 
1.43    70.12 98.329985 96.687859 23 239 256 257 271 35 51 52 67 18 34 128 156 157 173 89 104 105 127 314 335 336 355 272 294 356 377 378 392 68 88 408 434 435 455 393 407 220 238 295 313 174 200 201 219 1 17 
