# pdb file = /home/wagram/gelly/CORNICHON/PROJECTS/DR/DR_2/PDBs_Clean/3AJWA/3AJWA.pdb
# dssp file = /home/wagram/gelly/CORNICHON/PROJECTS/DR/DR_2/PDBs_Clean/3AJWA/3AJWA.dssp
# R2 value = 99
# S2D limit size = 8
# limit size of PU= 15
# max size of PU= 0
# d0 value= 6.0
# delta value= 1.5
# only secondary structure= 0
# pruning flag= 0
# cut off pruning= 0
# Max Number of pu= 40
# END PARSE PDB
# END PARSE DSSP
#i/e    i/i+e R2        CI        N DOMAINS
57.35    1.74 70.468718 49.658402 2 1 111 112 134 
7.16    13.97 91.412873 83.563133 4 1 31 32 84 85 111 112 134 
6.21    16.11 92.968677 86.431749 5 1 16 17 31 32 84 85 111 112 134 
4.91    20.35 94.861639 89.987306 6 32 52 53 84 1 16 17 31 85 111 112 134 
4.41    22.69 95.860238 91.891853 7 53 68 69 84 32 52 1 16 17 31 85 111 112 134 
