# pdb file = /home/wagram/gelly/CORNICHON/PROJECTS/DR/DR_2/PDBs_Clean/1W0PA/1W0PA.pdb
# dssp file = /home/wagram/gelly/CORNICHON/PROJECTS/DR/DR_2/PDBs_Clean/1W0PA/1W0PA.dssp
# R2 value = 99
# S2D limit size = 8
# limit size of PU= 15
# max size of PU= 0
# d0 value= 6.0
# delta value= 1.5
# only secondary structure= 0
# pruning flag= 0
# cut off pruning= 0
# Max Number of pu= 40
# END PARSE PDB
# END PARSE DSSP
#i/e    i/i+e R2        CI        N DOMAINS
95.07    1.05 79.593115 63.350639 2 1 190 191 753 
16.19    6.18 94.527268 89.354043 4 191 330 331 516 517 753 1 190 
13.16    7.60 96.091233 92.335250 5 517 647 648 753 191 330 331 516 1 190 
6.27    15.94 96.690700 93.490916 7 1 95 96 128 129 190 517 647 648 753 191 330 331 516 
6.19    16.15 96.965030 94.022171 8 129 160 161 190 1 95 96 128 517 647 648 753 191 330 331 516 
6.02    16.61 97.333671 94.738435 9 1 55 56 95 129 160 161 190 96 128 517 647 648 753 191 330 331 516 
5.93    16.87 97.457144 94.978950 10 56 71 72 95 1 55 129 160 161 190 96 128 517 647 648 753 191 330 331 516 
4.20    23.79 97.873871 95.792947 12 331 347 348 455 456 516 56 71 72 95 1 55 129 160 161 190 96 128 517 647 648 753 191 330 
4.07    24.55 98.007647 96.054988 13 456 482 483 516 331 347 348 455 56 71 72 95 1 55 129 160 161 190 96 128 517 647 648 753 191 330 
3.93    25.47 98.089376 96.215257 14 1 22 23 55 456 482 483 516 331 347 348 455 56 71 72 95 129 160 161 190 96 128 517 647 648 753 191 330 
3.54    28.27 98.339692 96.706949 15 517 575 576 647 1 22 23 55 456 482 483 516 331 347 348 455 56 71 72 95 129 160 161 190 96 128 648 753 191 330 
3.28    30.47 98.523572 97.068942 16 648 715 716 753 517 575 576 647 1 22 23 55 456 482 483 516 331 347 348 455 56 71 72 95 129 160 161 190 96 128 191 330 
2.96    33.82 98.725913 97.468059 17 191 269 270 330 648 715 716 753 517 575 576 647 1 22 23 55 456 482 483 516 331 347 348 455 56 71 72 95 129 160 161 190 96 128 
2.80    35.76 98.822948 97.659751 19 270 286 287 303 304 330 191 269 648 715 716 753 517 575 576 647 1 22 23 55 456 482 483 516 331 347 348 455 56 71 72 95 129 160 161 190 96 128 
2.37    42.11 98.957516 97.925899 21 348 387 388 415 416 455 270 286 287 303 304 330 191 269 648 715 716 753 517 575 576 647 1 22 23 55 456 482 483 516 331 347 56 71 72 95 129 160 161 190 96 128 
2.33    42.83 98.985449 97.981192 22 348 363 364 387 388 415 416 455 270 286 287 303 304 330 191 269 648 715 716 753 517 575 576 647 1 22 23 55 456 482 483 516 331 347 56 71 72 95 129 160 161 190 96 128 
2.30    43.54 99.013721 98.037169 23 483 501 502 516 348 363 364 387 388 415 416 455 270 286 287 303 304 330 191 269 648 715 716 753 517 575 576 647 1 22 23 55 456 482 331 347 56 71 72 95 129 160 161 190 96 128 
