# pdb file = /home/wagram/gelly/CORNICHON/PROJECTS/DR/DR_2/PDBs_Clean/2P4ZA/2P4ZA.pdb
# dssp file = /home/wagram/gelly/CORNICHON/PROJECTS/DR/DR_2/PDBs_Clean/2P4ZA/2P4ZA.dssp
# R2 value = 99
# S2D limit size = 8
# limit size of PU= 15
# max size of PU= 0
# d0 value= 6.0
# delta value= 1.5
# only secondary structure= 0
# pruning flag= 0
# cut off pruning= 0
# Max Number of pu= 40
# END PARSE PDB
# END PARSE DSSP
#i/e    i/i+e R2        CI        N DOMAINS
9.27    10.78 77.453639 59.990661 3 1 128 129 267 268 275 
5.88    17.00 85.003294 72.255599 5 129 153 154 168 169 267 1 128 268 275 
4.65    21.49 89.756615 80.562500 6 1 85 86 128 129 153 154 168 169 267 268 275 
3.71    26.96 92.453804 85.477058 7 169 215 216 267 1 85 86 128 129 153 154 168 268 275 
2.99    33.50 94.007979 88.375001 8 1 38 39 85 169 215 216 267 86 128 129 153 154 168 268 275 
2.71    36.86 94.454266 89.216084 9 86 112 113 128 1 38 39 85 169 215 216 267 129 153 154 168 268 275 
2.34    42.72 94.950539 90.156048 10 216 240 241 267 86 112 113 128 1 38 39 85 169 215 129 153 154 168 268 275 
2.09    47.87 95.434372 91.077193 11 169 192 193 215 216 240 241 267 86 112 113 128 1 38 39 85 129 153 154 168 268 275 
1.84    54.21 95.849058 91.870419 12 39 55 56 85 169 192 193 215 216 240 241 267 86 112 113 128 1 38 129 153 154 168 268 275 
1.69    59.27 96.130670 92.411058 13 1 23 24 38 39 55 56 85 169 192 193 215 216 240 241 267 86 112 113 128 129 153 154 168 268 275 
