# pdb file = /home/wagram/gelly/CORNICHON/PROJECTS/DR/DR_2/PDBs_Clean/1CV8A/1CV8A.pdb
# dssp file = /home/wagram/gelly/CORNICHON/PROJECTS/DR/DR_2/PDBs_Clean/1CV8A/1CV8A.dssp
# R2 value = 99
# S2D limit size = 8
# limit size of PU= 15
# max size of PU= 0
# d0 value= 6.0
# delta value= 1.5
# only secondary structure= 0
# pruning flag= 0
# cut off pruning= 0
# Max Number of pu= 40
# END PARSE PDB
# END PARSE DSSP
#i/e    i/i+e R2        CI        N DOMAINS
6.63    15.07 76.945095 59.205477 3 1 16 17 79 80 173 
5.82    17.19 82.316530 67.760111 4 17 64 65 79 1 16 80 173 
2.72    36.83 89.312967 79.768060 6 80 120 121 153 154 173 17 64 65 79 1 16 
2.58    38.70 91.087828 82.969924 7 80 100 101 120 121 153 154 173 17 64 65 79 1 16 
2.25    44.54 92.400559 85.378633 8 17 49 50 64 80 100 101 120 121 153 154 173 65 79 1 16 
1.93    51.83 93.043850 86.571580 9 17 32 33 49 50 64 80 100 101 120 121 153 154 173 65 79 1 16 
1.68    59.65 93.543561 87.503978 10 121 138 139 153 17 32 33 49 50 64 80 100 101 120 154 173 65 79 1 16 
