# pdb file = /home/wagram/gelly/CORNICHON/PROJECTS/DR/DR_2/PDBs_Clean/3FM0A/3FM0A.pdb
# dssp file = /home/wagram/gelly/CORNICHON/PROJECTS/DR/DR_2/PDBs_Clean/3FM0A/3FM0A.dssp
# R2 value = 99
# S2D limit size = 8
# limit size of PU= 15
# max size of PU= 0
# d0 value= 6.0
# delta value= 1.5
# only secondary structure= 0
# pruning flag= 0
# cut off pruning= 0
# Max Number of pu= 40
# END PARSE PDB
# END PARSE DSSP
#i/e    i/i+e R2        CI        N DOMAINS
8.13    12.29 84.261328 70.999714 3 1 54 55 187 188 328 
6.02    16.61 89.550570 80.193045 4 188 243 244 328 1 54 55 187 
4.64    21.54 92.805075 86.127820 5 55 108 109 187 188 243 244 328 1 54 
3.44    29.04 94.716204 89.711592 7 244 267 268 294 295 328 55 108 109 187 188 243 1 54 
2.96    33.74 95.569979 91.336209 8 109 143 144 187 244 267 268 294 295 328 55 108 188 243 1 54 
2.71    36.96 96.055201 92.266016 9 188 212 213 243 109 143 144 187 244 267 268 294 295 328 55 108 1 54 
2.51    39.87 96.362689 92.857679 10 144 168 169 187 188 212 213 243 109 143 244 267 268 294 295 328 55 108 1 54 
2.30    43.44 96.696726 93.502568 11 1 35 36 54 144 168 169 187 188 212 213 243 109 143 244 267 268 294 295 328 55 108 
2.15    46.43 96.866385 93.830966 12 1 20 21 35 36 54 144 168 169 187 188 212 213 243 109 143 244 267 268 294 295 328 55 108 
1.87    53.57 97.092463 94.269464 13 55 79 80 108 1 20 21 35 36 54 144 168 169 187 188 212 213 243 109 143 244 267 268 294 295 328 
1.71    58.51 97.142772 94.367182 14 213 228 229 243 55 79 80 108 1 20 21 35 36 54 144 168 169 187 188 212 109 143 244 267 268 294 295 328 
