# pdb file = /home/wagram/gelly/CORNICHON/PROJECTS/DR/DR_2/PDBs_Clean/2QP2A/2QP2A.pdb
# dssp file = /home/wagram/gelly/CORNICHON/PROJECTS/DR/DR_2/PDBs_Clean/2QP2A/2QP2A.dssp
# R2 value = 99
# S2D limit size = 8
# limit size of PU= 15
# max size of PU= 0
# d0 value= 6.0
# delta value= 1.5
# only secondary structure= 0
# pruning flag= 0
# cut off pruning= 0
# Max Number of pu= 40
# END PARSE PDB
# END PARSE DSSP
#i/e    i/i+e R2        CI        N DOMAINS
99.23    1.01 80.997663 65.606213 2 1 351 352 498 
9.07    11.02 91.621248 83.944531 4 1 204 205 303 304 351 352 498 
5.62    17.79 95.082140 90.406133 6 1 97 98 147 148 204 205 303 304 351 352 498 
5.44    18.39 95.557636 91.312618 7 304 332 333 351 1 97 98 147 148 204 205 303 352 498 
5.03    19.89 96.144494 92.437636 8 1 58 59 97 304 332 333 351 98 147 148 204 205 303 352 498 
4.53    22.05 96.786046 93.675386 9 205 261 262 303 1 58 59 97 304 332 333 351 98 147 148 204 352 498 
4.33    23.09 97.062729 94.211734 10 1 16 17 58 205 261 262 303 59 97 304 332 333 351 98 147 148 204 352 498 
4.19    23.89 97.287452 94.648483 11 17 35 36 58 1 16 205 261 262 303 59 97 304 332 333 351 98 147 148 204 352 498 
3.56    28.07 97.757559 95.565403 12 352 404 405 498 17 35 36 58 1 16 205 261 262 303 59 97 304 332 333 351 98 147 148 204 
3.28    30.46 98.028335 96.095544 13 405 453 454 498 352 404 17 35 36 58 1 16 205 261 262 303 59 97 304 332 333 351 98 147 148 204 
2.90    34.53 98.214677 96.461228 15 205 219 220 249 250 261 405 453 454 498 352 404 17 35 36 58 1 16 262 303 59 97 304 332 333 351 98 147 148 204 
2.81    35.65 98.309664 96.647901 16 59 82 83 97 205 219 220 249 250 261 405 453 454 498 352 404 17 35 36 58 1 16 262 303 304 332 333 351 98 147 148 204 
2.64    37.83 98.427050 96.878841 17 98 125 126 147 59 82 83 97 205 219 220 249 250 261 405 453 454 498 352 404 17 35 36 58 1 16 262 303 304 332 333 351 148 204 
2.48    40.25 98.538316 97.097998 18 148 167 168 204 98 125 126 147 59 82 83 97 205 219 220 249 250 261 405 453 454 498 352 404 17 35 36 58 1 16 262 303 304 332 333 351 
2.43    41.23 98.645911 97.310158 19 168 187 188 204 148 167 98 125 126 147 59 82 83 97 205 219 220 249 250 261 405 453 454 498 352 404 17 35 36 58 1 16 262 303 304 332 333 351 
2.18    45.78 98.741160 97.498168 21 352 366 367 391 392 404 168 187 188 204 148 167 98 125 126 147 59 82 83 97 205 219 220 249 250 261 405 453 454 498 17 35 36 58 1 16 262 303 304 332 333 351 
2.02    49.46 98.775362 97.565720 22 262 281 282 303 352 366 367 391 392 404 168 187 188 204 148 167 98 125 126 147 59 82 83 97 205 219 220 249 250 261 405 453 454 498 17 35 36 58 1 16 304 332 333 351 
1.88    53.13 98.803940 97.622186 23 454 471 472 498 262 281 282 303 352 366 367 391 392 404 168 187 188 204 148 167 98 125 126 147 59 82 83 97 205 219 220 249 250 261 405 453 17 35 36 58 1 16 304 332 333 351 
1.71    58.35 98.826498 97.666767 24 405 425 426 453 454 471 472 498 262 281 282 303 352 366 367 391 392 404 168 187 188 204 148 167 98 125 126 147 59 82 83 97 205 219 220 249 250 261 17 35 36 58 1 16 304 332 333 351 
