# pdb file = /home/wagram/gelly/CORNICHON/PROJECTS/DR/DR_2/PDBs_Clean/2BA0A/2BA0A.pdb
# dssp file = /home/wagram/gelly/CORNICHON/PROJECTS/DR/DR_2/PDBs_Clean/2BA0A/2BA0A.dssp
# R2 value = 99
# S2D limit size = 8
# limit size of PU= 15
# max size of PU= 0
# d0 value= 6.0
# delta value= 1.5
# only secondary structure= 0
# pruning flag= 0
# cut off pruning= 0
# Max Number of pu= 40
# END PARSE PDB
# END PARSE DSSP
#i/e    i/i+e R2        CI        N DOMAINS
149.67   0.67 78.655700 61.867191 2 1 48 49 218 
23.13    4.32 91.032903 82.869895 3 49 134 135 218 1 48 
14.75    6.78 93.031996 86.549523 4 135 198 199 218 49 134 1 48 
9.77    10.24 94.251085 88.832670 5 135 180 181 198 199 218 49 134 1 48 
4.52    22.10 95.714696 91.613029 7 49 88 89 103 104 134 135 180 181 198 199 218 1 48 
3.86    25.92 96.114167 92.379331 8 49 66 67 88 89 103 104 134 135 180 181 198 199 218 1 48 
3.08    32.42 96.405265 92.939751 9 135 157 158 180 49 66 67 88 89 103 104 134 181 198 199 218 1 48 
2.50    39.97 96.673522 93.457699 10 1 32 33 48 135 157 158 180 49 66 67 88 89 103 104 134 181 198 199 218 
2.15    46.62 96.764845 93.634351 11 1 16 17 32 33 48 135 157 158 180 49 66 67 88 89 103 104 134 181 198 199 218 
1.85    54.03 96.889083 93.874944 12 104 119 120 134 1 16 17 32 33 48 135 157 158 180 49 66 67 88 89 103 181 198 199 218 
