# pdb file = /home/wagram/gelly/CORNICHON/PROJECTS/DR/DR_2/PDBs_Clean/1L6RA/1L6RA.pdb
# dssp file = /home/wagram/gelly/CORNICHON/PROJECTS/DR/DR_2/PDBs_Clean/1L6RA/1L6RA.dssp
# R2 value = 99
# S2D limit size = 8
# limit size of PU= 15
# max size of PU= 0
# d0 value= 6.0
# delta value= 1.5
# only secondary structure= 0
# pruning flag= 0
# cut off pruning= 0
# Max Number of pu= 40
# END PARSE PDB
# END PARSE DSSP
#i/e    i/i+e R2        CI        N DOMAINS
7.24    13.81 85.908077 73.801977 3 1 81 82 148 149 225 
6.24    16.01 88.561660 78.431676 4 149 165 166 225 1 81 82 148 
4.96    20.15 92.005237 84.649637 5 1 41 42 81 149 165 166 225 82 148 
4.31    23.21 93.351042 87.144170 6 166 206 207 225 1 41 42 81 149 165 82 148 
3.52    28.40 94.456555 89.220407 7 82 117 118 148 166 206 207 225 1 41 42 81 149 165 
3.14    31.88 95.040312 90.326608 8 1 22 23 41 82 117 118 148 166 206 207 225 42 81 149 165 
2.80    35.75 95.361929 90.938975 9 82 100 101 117 1 22 23 41 118 148 166 206 207 225 42 81 149 165 
2.46    40.63 95.880136 91.930005 10 166 190 191 206 82 100 101 117 1 22 23 41 118 148 207 225 42 81 149 165 
2.15    46.58 96.209732 92.563126 11 42 60 61 81 166 190 191 206 82 100 101 117 1 22 23 41 118 148 207 225 149 165 
