# pdb file = /home/wagram/gelly/CORNICHON/PROJECTS/DR/DR_2/PDBs_Clean/1NP3A/1NP3A.pdb
# dssp file = /home/wagram/gelly/CORNICHON/PROJECTS/DR/DR_2/PDBs_Clean/1NP3A/1NP3A.dssp
# R2 value = 99
# S2D limit size = 8
# limit size of PU= 15
# max size of PU= 0
# d0 value= 6.0
# delta value= 1.5
# only secondary structure= 0
# pruning flag= 0
# cut off pruning= 0
# Max Number of pu= 40
# END PARSE PDB
# END PARSE DSSP
#i/e    i/i+e R2        CI        N DOMAINS
77.76    1.29 83.540026 69.789359 2 1 187 188 327 
24.88    4.02 91.365265 83.476116 4 188 231 232 267 268 327 1 187 
21.96    4.55 92.779780 86.080876 5 268 298 299 327 188 231 232 267 1 187 
19.64    5.09 93.442339 87.314707 6 232 250 251 267 268 298 299 327 188 231 1 187 
17.13    5.84 94.340625 89.001535 7 188 205 206 231 232 250 251 267 268 298 299 327 1 187 
6.48    15.42 96.860895 93.820330 9 1 16 17 98 99 187 188 205 206 231 232 250 251 267 268 298 299 327 
6.13    16.32 97.108688 94.300974 10 268 283 284 298 1 16 17 98 99 187 188 205 206 231 232 250 251 267 299 327 
5.47    18.28 97.502984 95.068320 11 17 80 81 98 268 283 284 298 1 16 99 187 188 205 206 231 232 250 251 267 299 327 
3.84    26.06 98.149146 96.332548 13 99 130 131 145 146 187 17 80 81 98 268 283 284 298 1 16 188 205 206 231 232 250 251 267 299 327 
2.99    33.46 98.472683 96.968693 15 17 40 41 72 73 80 99 130 131 145 146 187 81 98 268 283 284 298 1 16 188 205 206 231 232 250 251 267 299 327 
2.63    38.07 98.553151 97.127235 16 146 167 168 187 17 40 41 72 73 80 99 130 131 145 81 98 268 283 284 298 1 16 188 205 206 231 232 250 251 267 299 327 
2.36    42.32 98.598945 97.217520 17 41 57 58 72 146 167 168 187 17 40 73 80 99 130 131 145 81 98 268 283 284 298 1 16 188 205 206 231 232 250 251 267 299 327 
2.16    46.39 98.659545 97.337057 18 99 115 116 130 41 57 58 72 146 167 168 187 17 40 73 80 131 145 81 98 268 283 284 298 1 16 188 205 206 231 232 250 251 267 299 327 
