# pdb file = /home/wagram/gelly/CORNICHON/PROJECTS/DR/DR_2/PDBs_Clean/2IZRA/2IZRA.pdb
# dssp file = /home/wagram/gelly/CORNICHON/PROJECTS/DR/DR_2/PDBs_Clean/2IZRA/2IZRA.dssp
# R2 value = 99
# S2D limit size = 8
# limit size of PU= 15
# max size of PU= 0
# d0 value= 6.0
# delta value= 1.5
# only secondary structure= 0
# pruning flag= 0
# cut off pruning= 0
# Max Number of pu= 40
# END PARSE PDB
# END PARSE DSSP
#i/e    i/i+e R2        CI        N DOMAINS
30.08    3.32 76.744417 58.897055 2 1 82 83 298 
8.31    12.03 91.321879 83.396856 4 83 165 166 263 264 298 1 82 
8.08    12.37 92.168044 84.949484 5 264 283 284 298 83 165 166 263 1 82 
5.40    18.52 94.129872 88.604329 7 1 41 42 63 64 82 264 283 284 298 83 165 166 263 
4.20    23.79 95.740086 91.661640 9 83 97 98 120 121 165 1 41 42 63 64 82 264 283 284 298 166 263 
3.30    30.32 97.205685 94.489453 11 166 211 212 235 236 263 83 97 98 120 121 165 1 41 42 63 64 82 264 283 284 298 
3.05    32.76 97.547683 95.155505 12 166 190 191 211 212 235 236 263 83 97 98 120 121 165 1 41 42 63 64 82 264 283 284 298 
2.83    35.37 97.771051 95.591785 13 121 149 150 165 166 190 191 211 212 235 236 263 83 97 98 120 1 41 42 63 64 82 264 283 284 298 
2.51    39.91 97.865983 95.777507 14 1 16 17 41 121 149 150 165 166 190 191 211 212 235 236 263 83 97 98 120 42 63 64 82 264 283 284 298 
