# pdb file = /home/wagram/gelly/CORNICHON/PROJECTS/DR/DR_2/PDBs_Clean/3HCNA/3HCNA.pdb
# dssp file = /home/wagram/gelly/CORNICHON/PROJECTS/DR/DR_2/PDBs_Clean/3HCNA/3HCNA.dssp
# R2 value = 99
# S2D limit size = 8
# limit size of PU= 15
# max size of PU= 0
# d0 value= 6.0
# delta value= 1.5
# only secondary structure= 0
# pruning flag= 0
# cut off pruning= 0
# Max Number of pu= 40
# END PARSE PDB
# END PARSE DSSP
#i/e    i/i+e R2        CI        N DOMAINS
11.35    8.81 85.950204 73.874376 3 1 163 164 307 308 359 
10.91    9.16 87.669831 76.859992 4 308 329 330 359 1 163 164 307 
5.59    17.89 92.295683 85.184931 6 1 15 16 66 67 163 308 329 330 359 164 307 
5.15    19.44 93.980766 88.323843 7 67 98 99 163 1 15 16 66 308 329 330 359 164 307 
4.75    21.05 94.830897 89.928991 8 99 118 119 163 67 98 1 15 16 66 308 329 330 359 164 307 
3.72    26.90 96.091722 92.336190 9 164 251 252 307 99 118 119 163 67 98 1 15 16 66 308 329 330 359 
3.39    29.49 96.706076 93.520650 10 164 191 192 251 252 307 99 118 119 163 67 98 1 15 16 66 308 329 330 359 
2.85    35.06 97.212005 94.501739 12 192 210 211 230 231 251 164 191 252 307 99 118 119 163 67 98 1 15 16 66 308 329 330 359 
2.66    37.56 97.447916 94.960963 13 16 51 52 66 192 210 211 230 231 251 164 191 252 307 99 118 119 163 67 98 1 15 308 329 330 359 
2.29    43.71 97.794646 95.637927 15 252 269 270 291 292 307 16 51 52 66 192 210 211 230 231 251 164 191 99 118 119 163 67 98 1 15 308 329 330 359 
2.18    45.82 97.931291 95.905378 16 67 82 83 98 252 269 270 291 292 307 16 51 52 66 192 210 211 230 231 251 164 191 99 118 119 163 1 15 308 329 330 359 
2.06    48.49 98.052290 96.142516 17 16 36 37 51 67 82 83 98 252 269 270 291 292 307 52 66 192 210 211 230 231 251 164 191 99 118 119 163 1 15 308 329 330 359 
1.88    53.31 98.173975 96.381294 18 119 140 141 163 16 36 37 51 67 82 83 98 252 269 270 291 292 307 52 66 192 210 211 230 231 251 164 191 99 118 1 15 308 329 330 359 
