# pdb file = /home/wagram/gelly/CORNICHON/PROJECTS/DR/DR_2/PDBs_Clean/2EJ9A/2EJ9A.pdb
# dssp file = /home/wagram/gelly/CORNICHON/PROJECTS/DR/DR_2/PDBs_Clean/2EJ9A/2EJ9A.dssp
# R2 value = 99
# S2D limit size = 8
# limit size of PU= 15
# max size of PU= 0
# d0 value= 6.0
# delta value= 1.5
# only secondary structure= 0
# pruning flag= 0
# cut off pruning= 0
# Max Number of pu= 40
# END PARSE PDB
# END PARSE DSSP
#i/e    i/i+e R2        CI        N DOMAINS
38.65    2.59 72.800820 52.999594 2 1 189 190 237 
12.13    8.24 86.078944 74.095846 4 1 150 151 176 177 189 190 237 
4.74    21.11 93.919572 88.208861 6 1 62 63 106 107 150 151 176 177 189 190 237 
4.47    22.38 94.817689 89.903942 7 107 125 126 150 1 62 63 106 151 176 177 189 190 237 
4.15    24.12 95.576908 91.349454 8 63 85 86 106 107 125 126 150 1 62 151 176 177 189 190 237 
3.18    31.49 96.162214 92.471714 9 1 31 32 62 63 85 86 106 107 125 126 150 151 176 177 189 190 237 
2.99    33.42 96.502868 93.128035 10 32 47 48 62 1 31 63 85 86 106 107 125 126 150 151 176 177 189 190 237 
2.46    40.62 96.741271 93.588735 11 190 211 212 237 32 47 48 62 1 31 63 85 86 106 107 125 126 150 151 176 177 189 
2.15    46.44 96.852251 93.803585 12 1 16 17 31 190 211 212 237 32 47 48 62 63 85 86 106 107 125 126 150 151 176 177 189 
