# pdb file = /home/wagram/gelly/CORNICHON/PROJECTS/DR/DR_2/PDBs_Clean/2DSKA/2DSKA.pdb
# dssp file = /home/wagram/gelly/CORNICHON/PROJECTS/DR/DR_2/PDBs_Clean/2DSKA/2DSKA.dssp
# R2 value = 99
# S2D limit size = 8
# limit size of PU= 15
# max size of PU= 0
# d0 value= 6.0
# delta value= 1.5
# only secondary structure= 0
# pruning flag= 0
# cut off pruning= 0
# Max Number of pu= 40
# END PARSE PDB
# END PARSE DSSP
#i/e    i/i+e R2        CI        N DOMAINS
12.63    7.92 75.837649 57.513490 2 1 141 142 300 
8.69    11.51 83.679629 70.022804 3 142 258 259 300 1 141 
8.13    12.30 85.342762 72.833870 4 259 284 285 300 142 258 1 141 
5.74    17.42 89.933205 80.879813 5 1 82 83 141 259 284 285 300 142 258 
4.21    23.75 92.557946 85.669735 7 1 42 43 62 63 82 83 141 259 284 285 300 142 258 
3.18    31.47 94.673621 89.630944 9 142 157 158 172 173 258 1 42 43 62 63 82 83 141 259 284 285 300 
2.40    41.65 96.147985 92.444350 11 173 197 198 218 219 258 142 157 158 172 1 42 43 62 63 82 83 141 259 284 285 300 
2.08    48.11 96.897764 93.891767 13 83 101 102 118 119 141 173 197 198 218 219 258 142 157 158 172 1 42 43 62 63 82 259 284 285 300 
1.96    50.97 97.123969 94.330653 14 1 16 17 42 83 101 102 118 119 141 173 197 198 218 219 258 142 157 158 172 43 62 63 82 259 284 285 300 
1.81    55.18 97.342277 94.755189 15 219 236 237 258 1 16 17 42 83 101 102 118 119 141 173 197 198 218 142 157 158 172 43 62 63 82 259 284 285 300 
