# pdb file = /home/wagram/gelly/CORNICHON/PROJECTS/DR/DR_2/PDBs_Clean/1I7DA/1I7DA.pdb
# dssp file = /home/wagram/gelly/CORNICHON/PROJECTS/DR/DR_2/PDBs_Clean/1I7DA/1I7DA.dssp
# R2 value = 99
# S2D limit size = 8
# limit size of PU= 15
# max size of PU= 0
# d0 value= 6.0
# delta value= 1.5
# only secondary structure= 0
# pruning flag= 0
# cut off pruning= 0
# Max Number of pu= 40
# END PARSE PDB
# END PARSE DSSP
#i/e    i/i+e R2        CI        N DOMAINS
15.13    6.61 89.584991 80.254705 3 1 217 218 486 487 620 
7.07    14.14 94.295331 88.916095 5 218 288 289 415 416 486 1 217 487 620 
6.88    14.53 95.280865 90.784433 6 1 197 198 217 218 288 289 415 416 486 487 620 
6.31    15.84 96.334820 92.803976 8 487 576 577 609 610 620 1 197 198 217 218 288 289 415 416 486 
6.22    16.08 96.599153 93.313963 9 416 471 472 486 487 576 577 609 610 620 1 197 198 217 218 288 289 415 
5.77    17.34 97.363606 94.796718 10 1 163 164 197 416 471 472 486 487 576 577 609 610 620 198 217 218 288 289 415 
4.58    21.84 98.027583 96.094070 12 1 49 50 73 74 163 164 197 416 471 472 486 487 576 577 609 610 620 198 217 218 288 289 415 
4.44    22.53 98.228445 96.488275 13 74 95 96 163 1 49 50 73 164 197 416 471 472 486 487 576 577 609 610 620 198 217 218 288 289 415 
4.37    22.90 98.379558 96.785374 14 218 271 272 288 74 95 96 163 1 49 50 73 164 197 416 471 472 486 487 576 577 609 610 620 198 217 289 415 
4.28    23.34 98.460084 96.943882 15 577 592 593 609 218 271 272 288 74 95 96 163 1 49 50 73 164 197 416 471 472 486 487 576 610 620 198 217 289 415 
3.92    25.50 98.719498 97.455392 17 487 522 523 561 562 576 577 592 593 609 218 271 272 288 74 95 96 163 1 49 50 73 164 197 416 471 472 486 610 620 198 217 289 415 
3.82    26.16 98.781579 97.578003 18 523 538 539 561 487 522 562 576 577 592 593 609 218 271 272 288 74 95 96 163 1 49 50 73 164 197 416 471 472 486 610 620 198 217 289 415 
3.43    29.18 98.908447 97.828810 20 96 113 114 128 129 163 523 538 539 561 487 522 562 576 577 592 593 609 218 271 272 288 74 95 1 49 50 73 164 197 416 471 472 486 610 620 198 217 289 415 
3.28    30.46 98.967063 97.944795 21 218 241 242 271 96 113 114 128 129 163 523 538 539 561 487 522 562 576 577 592 593 609 272 288 74 95 1 49 50 73 164 197 416 471 472 486 610 620 198 217 289 415 
3.19    31.37 99.016418 98.042510 22 129 148 149 163 218 241 242 271 96 113 114 128 523 538 539 561 487 522 562 576 577 592 593 609 272 288 74 95 1 49 50 73 164 197 416 471 472 486 610 620 198 217 289 415 
