# pdb file = /home/wagram/gelly/CORNICHON/PROJECTS/DR/DR_2/PDBs_Clean/3PVTA/3PVTA.pdb
# dssp file = /home/wagram/gelly/CORNICHON/PROJECTS/DR/DR_2/PDBs_Clean/3PVTA/3PVTA.dssp
# R2 value = 99
# S2D limit size = 8
# limit size of PU= 15
# max size of PU= 0
# d0 value= 6.0
# delta value= 1.5
# only secondary structure= 0
# pruning flag= 0
# cut off pruning= 0
# Max Number of pu= 40
# END PARSE PDB
# END PARSE DSSP
#i/e    i/i+e R2        CI        N DOMAINS
131.40   0.76 52.168431 27.215452 2 1 285 286 304 
11.15    8.97 87.730399 76.966230 4 1 113 114 261 262 285 286 304 
10.22    9.79 90.768181 82.388627 5 1 25 26 113 114 261 262 285 286 304 
9.06    11.04 92.693886 85.921565 6 114 243 244 261 1 25 26 113 262 285 286 304 
5.79    17.27 94.657098 89.599662 8 26 46 47 73 74 113 114 243 244 261 1 25 262 285 286 304 
5.53    18.08 95.268891 90.761615 9 74 90 91 113 26 46 47 73 114 243 244 261 1 25 262 285 286 304 
4.18    23.92 96.982251 94.055570 11 114 196 197 230 231 243 74 90 91 113 26 46 47 73 244 261 1 25 262 285 286 304 
3.19    31.32 97.918051 95.879446 13 114 130 131 157 158 196 197 230 231 243 74 90 91 113 26 46 47 73 244 261 1 25 262 285 286 304 
3.05    32.78 98.148885 96.332037 14 158 181 182 196 114 130 131 157 197 230 231 243 74 90 91 113 26 46 47 73 244 261 1 25 262 285 286 304 
2.83    35.28 98.273662 96.577127 15 197 215 216 230 158 181 182 196 114 130 131 157 231 243 74 90 91 113 26 46 47 73 244 261 1 25 262 285 286 304 
