# pdb file = /home/wagram/gelly/CORNICHON/PROJECTS/DR/DR_2/PDBs_Clean/2QTSA/2QTSA.pdb
# dssp file = /home/wagram/gelly/CORNICHON/PROJECTS/DR/DR_2/PDBs_Clean/2QTSA/2QTSA.dssp
# R2 value = 99
# S2D limit size = 8
# limit size of PU= 15
# max size of PU= 0
# d0 value= 6.0
# delta value= 1.5
# only secondary structure= 0
# pruning flag= 0
# cut off pruning= 0
# Max Number of pu= 40
# END PARSE PDB
# END PARSE DSSP
#i/e    i/i+e R2        CI        N DOMAINS
51.30    1.95 75.335274 56.754035 3 1 30 31 383 384 417 
6.14    16.28 90.559392 82.010035 5 31 241 242 326 327 383 1 30 384 417 
6.00    16.66 91.440362 83.613398 6 327 368 369 383 31 241 242 326 1 30 384 417 
3.67    27.25 95.031183 90.309257 8 31 63 64 112 113 241 327 368 369 383 242 326 1 30 384 417 
3.64    27.45 95.530636 91.261025 9 31 47 48 63 64 112 113 241 327 368 369 383 242 326 1 30 384 417 
3.22    31.02 96.372252 92.876109 11 242 268 269 319 320 326 31 47 48 63 64 112 113 241 327 368 369 383 1 30 384 417 
2.99    33.46 97.251021 94.577612 12 113 183 184 241 242 268 269 319 320 326 31 47 48 63 64 112 327 368 369 383 1 30 384 417 
2.93    34.08 97.608414 95.274024 13 184 203 204 241 113 183 242 268 269 319 320 326 31 47 48 63 64 112 327 368 369 383 1 30 384 417 
2.86    34.94 97.758509 95.567261 14 384 399 400 417 184 203 204 241 113 183 242 268 269 319 320 326 31 47 48 63 64 112 327 368 369 383 1 30 
2.81    35.62 98.022149 96.083417 15 204 226 227 241 384 399 400 417 184 203 113 183 242 268 269 319 320 326 31 47 48 63 64 112 327 368 369 383 1 30 
2.46    40.68 98.412075 96.849365 17 113 139 140 168 169 183 204 226 227 241 384 399 400 417 184 203 242 268 269 319 320 326 31 47 48 63 64 112 327 368 369 383 1 30 
2.31    43.24 98.554016 97.128941 18 269 295 296 319 113 139 140 168 169 183 204 226 227 241 384 399 400 417 184 203 242 268 320 326 31 47 48 63 64 112 327 368 369 383 1 30 
2.19    45.64 98.653782 97.325687 19 64 87 88 112 269 295 296 319 113 139 140 168 169 183 204 226 227 241 384 399 400 417 184 203 242 268 320 326 31 47 48 63 327 368 369 383 1 30 
2.11    47.41 98.744428 97.504620 20 327 343 344 368 64 87 88 112 269 295 296 319 113 139 140 168 169 183 204 226 227 241 384 399 400 417 184 203 242 268 320 326 31 47 48 63 369 383 1 30 
