# pdb file = /home/wagram/gelly/CORNICHON/PROJECTS/DR/DR_2/PDBs_Clean/2V5CA/2V5CA.pdb
# dssp file = /home/wagram/gelly/CORNICHON/PROJECTS/DR/DR_2/PDBs_Clean/2V5CA/2V5CA.dssp
# R2 value = 99
# S2D limit size = 8
# limit size of PU= 15
# max size of PU= 0
# d0 value= 6.0
# delta value= 1.5
# only secondary structure= 0
# pruning flag= 0
# cut off pruning= 0
# Max Number of pu= 40
# END PARSE PDB
# END PARSE DSSP
#i/e    i/i+e R2        CI        N DOMAINS
65.06    1.54 77.864173 60.628295 2 1 136 137 584 
28.10    3.56 90.036357 81.065456 3 137 457 458 584 1 136 
10.99    9.10 94.603047 89.497365 5 137 151 152 324 325 457 458 584 1 136 
9.10    10.98 95.886435 91.942084 6 152 254 255 324 137 151 325 457 458 584 1 136 
8.25    12.13 96.401729 92.932933 7 458 485 486 584 152 254 255 324 137 151 325 457 1 136 
7.39    13.54 96.825972 93.752689 8 486 519 520 584 458 485 152 254 255 324 137 151 325 457 1 136 
6.32    15.82 97.172341 94.424639 10 255 272 273 287 288 324 486 519 520 584 458 485 152 254 137 151 325 457 1 136 
5.16    19.39 97.739416 95.529934 12 325 414 415 441 442 457 255 272 273 287 288 324 486 519 520 584 458 485 152 254 137 151 1 136 
4.84    20.65 97.966309 95.973977 13 152 170 171 254 325 414 415 441 442 457 255 272 273 287 288 324 486 519 520 584 458 485 137 151 1 136 
4.18    23.94 98.257381 96.545129 15 171 190 191 210 211 254 152 170 325 414 415 441 442 457 255 272 273 287 288 324 486 519 520 584 458 485 137 151 1 136 
3.29    30.41 98.587606 97.195160 17 1 22 23 67 68 136 171 190 191 210 211 254 152 170 325 414 415 441 442 457 255 272 273 287 288 324 486 519 520 584 458 485 137 151 
3.19    31.38 98.643772 97.305938 18 486 502 503 519 1 22 23 67 68 136 171 190 191 210 211 254 152 170 325 414 415 441 442 457 255 272 273 287 288 324 520 584 458 485 137 151 
2.98    33.58 98.790094 97.594826 19 325 392 393 414 486 502 503 519 1 22 23 67 68 136 171 190 191 210 211 254 152 170 415 441 442 457 255 272 273 287 288 324 520 584 458 485 137 151 
2.82    35.52 98.868023 97.748860 20 520 563 564 584 325 392 393 414 486 502 503 519 1 22 23 67 68 136 171 190 191 210 211 254 152 170 415 441 442 457 255 272 273 287 288 324 458 485 137 151 
2.70    37.10 98.916837 97.845407 21 520 547 548 563 564 584 325 392 393 414 486 502 503 519 1 22 23 67 68 136 171 190 191 210 211 254 152 170 415 441 442 457 255 272 273 287 288 324 458 485 137 151 
2.56    39.08 98.974542 97.959599 22 68 83 84 136 520 547 548 563 564 584 325 392 393 414 486 502 503 519 1 22 23 67 171 190 191 210 211 254 152 170 415 441 442 457 255 272 273 287 288 324 458 485 137 151 
2.39    41.81 99.059266 98.127382 23 325 349 350 392 68 83 84 136 520 547 548 563 564 584 393 414 486 502 503 519 1 22 23 67 171 190 191 210 211 254 152 170 415 441 442 457 255 272 273 287 288 324 458 485 137 151 
