# pdb file = /home/wagram/gelly/CORNICHON/PROJECTS/DR/DR_2/PDBs_Clean/3SU6A/3SU6A.pdb
# dssp file = /home/wagram/gelly/CORNICHON/PROJECTS/DR/DR_2/PDBs_Clean/3SU6A/3SU6A.dssp
# R2 value = 99
# S2D limit size = 8
# limit size of PU= 15
# max size of PU= 0
# d0 value= 6.0
# delta value= 1.5
# only secondary structure= 0
# pruning flag= 0
# cut off pruning= 0
# Max Number of pu= 40
# END PARSE PDB
# END PARSE DSSP
#i/e    i/i+e R2        CI        N DOMAINS
13.66    7.32 76.255781 58.149442 2 1 114 115 199 
5.20    19.24 83.691616 70.042866 4 1 68 69 107 108 114 115 199 
3.47    28.83 88.007290 77.452831 6 1 30 31 48 49 68 69 107 108 114 115 199 
2.45    40.83 90.159834 81.287957 7 115 171 172 199 1 30 31 48 49 68 69 107 108 114 
1.79    55.82 92.190450 84.990791 9 115 131 132 156 157 171 172 199 1 30 31 48 49 68 69 107 108 114 
1.53    65.52 92.872947 86.253843 10 69 92 93 107 115 131 132 156 157 171 172 199 1 30 31 48 49 68 108 114 
