# pdb file = /home/wagram/gelly/CORNICHON/PROJECTS/DR/DR_2/PDBs_Clean/1QMVA/1QMVA.pdb
# dssp file = /home/wagram/gelly/CORNICHON/PROJECTS/DR/DR_2/PDBs_Clean/1QMVA/1QMVA.dssp
# R2 value = 99
# S2D limit size = 8
# limit size of PU= 15
# max size of PU= 0
# d0 value= 6.0
# delta value= 1.5
# only secondary structure= 0
# pruning flag= 0
# cut off pruning= 0
# Max Number of pu= 40
# END PARSE PDB
# END PARSE DSSP
#i/e    i/i+e R2        CI        N DOMAINS
50.37    1.99 71.635650 51.316663 2 1 157 158 196 
30.23    3.31 76.100016 57.912124 3 158 180 181 196 1 157 
3.26    30.66 87.254979 76.134314 5 1 76 77 96 97 157 158 180 181 196 
3.06    32.70 90.829515 82.500007 6 1 33 34 76 77 96 97 157 158 180 181 196 
2.88    34.75 93.084534 86.647305 7 97 123 124 157 1 33 34 76 77 96 158 180 181 196 
2.68    37.35 93.959645 88.284149 8 124 142 143 157 97 123 1 33 34 76 77 96 158 180 181 196 
2.39    41.91 94.313899 88.951115 9 1 18 19 33 124 142 143 157 97 123 34 76 77 96 158 180 181 196 
1.98    50.56 94.824608 89.917063 10 34 55 56 76 1 18 19 33 124 142 143 157 97 123 77 96 158 180 181 196 
