# pdb file = /home/wagram/gelly/CORNICHON/PROJECTS/DR/DR_2/PDBs_Clean/3IM1A/3IM1A.pdb
# dssp file = /home/wagram/gelly/CORNICHON/PROJECTS/DR/DR_2/PDBs_Clean/3IM1A/3IM1A.dssp
# R2 value = 99
# S2D limit size = 8
# limit size of PU= 15
# max size of PU= 0
# d0 value= 6.0
# delta value= 1.5
# only secondary structure= 0
# pruning flag= 0
# cut off pruning= 0
# Max Number of pu= 40
# END PARSE PDB
# END PARSE DSSP
#i/e    i/i+e R2        CI        N DOMAINS
12.16    8.22 87.191361 76.023335 3 1 153 154 210 211 325 
11.41    8.76 89.811583 80.661205 4 1 17 18 153 154 210 211 325 
6.64    15.05 94.402544 89.118404 6 18 53 54 114 115 153 1 17 154 210 211 325 
4.27    23.41 96.126682 92.403390 8 211 243 244 259 260 325 18 53 54 114 115 153 1 17 154 210 
3.99    25.07 96.596850 93.309514 9 154 194 195 210 211 243 244 259 260 325 18 53 54 114 115 153 1 17 
3.72    26.85 96.973111 94.037843 10 54 99 100 114 154 194 195 210 211 243 244 259 260 325 18 53 115 153 1 17 
3.50    28.59 97.303390 94.679498 11 115 138 139 153 54 99 100 114 154 194 195 210 211 243 244 259 260 325 18 53 1 17 
3.28    30.52 97.523235 95.107813 12 154 176 177 194 115 138 139 153 54 99 100 114 195 210 211 243 244 259 260 325 18 53 1 17 
3.05    32.79 97.721738 95.495381 13 54 70 71 99 154 176 177 194 115 138 139 153 100 114 195 210 211 243 244 259 260 325 18 53 1 17 
2.88    34.72 97.907163 95.858125 14 18 36 37 53 54 70 71 99 154 176 177 194 115 138 139 153 100 114 195 210 211 243 244 259 260 325 1 17 
2.46    40.70 98.351030 96.729251 16 260 279 280 294 295 325 18 36 37 53 54 70 71 99 154 176 177 194 115 138 139 153 100 114 195 210 211 243 244 259 1 17 
2.25    44.38 98.418679 96.862364 17 211 226 227 243 260 279 280 294 295 325 18 36 37 53 54 70 71 99 154 176 177 194 115 138 139 153 100 114 195 210 244 259 1 17 
2.02    49.40 98.469900 96.963211 18 295 310 311 325 211 226 227 243 260 279 280 294 18 36 37 53 54 70 71 99 154 176 177 194 115 138 139 153 100 114 195 210 244 259 1 17 
