# pdb file = /home/wagram/gelly/CORNICHON/PROJECTS/DR/DR_2/PDBs_Clean/3MGXA/3MGXA.pdb
# dssp file = /home/wagram/gelly/CORNICHON/PROJECTS/DR/DR_2/PDBs_Clean/3MGXA/3MGXA.dssp
# R2 value = 99
# S2D limit size = 8
# limit size of PU= 15
# max size of PU= 0
# d0 value= 6.0
# delta value= 1.5
# only secondary structure= 0
# pruning flag= 0
# cut off pruning= 0
# Max Number of pu= 40
# END PARSE PDB
# END PARSE DSSP
#i/e    i/i+e R2        CI        N DOMAINS
5.94    16.83 83.444021 69.629047 3 1 140 141 229 230 387 
5.77    17.34 88.264299 77.905865 4 1 98 99 140 141 229 230 387 
5.44    18.38 91.011957 82.831762 5 1 59 60 98 99 140 141 229 230 387 
3.59    27.87 94.640231 89.567733 7 230 273 274 316 317 387 1 59 60 98 99 140 141 229 
3.52    28.43 95.377068 90.967852 8 317 337 338 387 230 273 274 316 1 59 60 98 99 140 141 229 
3.43    29.15 95.859037 91.889549 9 338 356 357 387 317 337 230 273 274 316 1 59 60 98 99 140 141 229 
3.33    30.07 96.276103 92.690881 10 99 114 115 140 338 356 357 387 317 337 230 273 274 316 1 59 60 98 141 229 
3.21    31.18 96.658834 93.429301 11 1 44 45 59 99 114 115 140 338 356 357 387 317 337 230 273 274 316 60 98 141 229 
2.81    35.56 97.407483 94.882177 13 141 182 183 222 223 229 1 44 45 59 99 114 115 140 338 356 357 387 317 337 230 273 274 316 60 98 
2.71    36.84 97.617206 95.291189 14 141 160 161 182 183 222 223 229 1 44 45 59 99 114 115 140 338 356 357 387 317 337 230 273 274 316 60 98 
2.57    38.88 97.822934 95.693264 15 230 257 258 273 141 160 161 182 183 222 223 229 1 44 45 59 99 114 115 140 338 356 357 387 317 337 274 316 60 98 
2.45    40.78 97.970007 95.981223 16 183 207 208 222 230 257 258 273 141 160 161 182 223 229 1 44 45 59 99 114 115 140 338 356 357 387 317 337 274 316 60 98 
2.32    43.04 98.148427 96.331137 17 60 78 79 98 183 207 208 222 230 257 258 273 141 160 161 182 223 229 1 44 45 59 99 114 115 140 338 356 357 387 317 337 274 316 
2.19    45.63 98.259116 96.548538 18 1 27 28 44 60 78 79 98 183 207 208 222 230 257 258 273 141 160 161 182 223 229 45 59 99 114 115 140 338 356 357 387 317 337 274 316 
2.07    48.24 98.368803 96.764213 19 274 294 295 316 1 27 28 44 60 78 79 98 183 207 208 222 230 257 258 273 141 160 161 182 223 229 45 59 99 114 115 140 338 356 357 387 317 337 
1.90    52.53 98.405028 96.835495 20 357 372 373 387 274 294 295 316 1 27 28 44 60 78 79 98 183 207 208 222 230 257 258 273 141 160 161 182 223 229 45 59 99 114 115 140 338 356 317 337 
