# pdb file = /home/wagram/gelly/CORNICHON/PROJECTS/DR/DR_2/PDBs_Clean/3GDWA/3GDWA.pdb
# dssp file = /home/wagram/gelly/CORNICHON/PROJECTS/DR/DR_2/PDBs_Clean/3GDWA/3GDWA.dssp
# R2 value = 99
# S2D limit size = 8
# limit size of PU= 15
# max size of PU= 0
# d0 value= 6.0
# delta value= 1.5
# only secondary structure= 0
# pruning flag= 0
# cut off pruning= 0
# Max Number of pu= 40
# END PARSE PDB
# END PARSE DSSP
#i/e    i/i+e R2        CI        N DOMAINS
38.21    2.62 60.914808 37.106138 2 1 118 119 135 
4.58    21.84 84.738251 71.805713 4 1 39 40 58 59 118 119 135 
3.87    25.83 89.786998 80.617050 5 59 96 97 118 1 39 40 58 119 135 
2.82    35.48 90.935057 82.691847 6 59 76 77 96 97 118 1 39 40 58 119 135 
2.13    46.88 92.047097 84.726681 7 1 17 18 39 59 76 77 96 97 118 40 58 119 135 
