# pdb file = /home/wagram/gelly/CORNICHON/PROJECTS/DR/DR_2/PDBs_Clean/1K5CA/1K5CA.pdb
# dssp file = /home/wagram/gelly/CORNICHON/PROJECTS/DR/DR_2/PDBs_Clean/1K5CA/1K5CA.dssp
# R2 value = 99
# S2D limit size = 8
# limit size of PU= 15
# max size of PU= 0
# d0 value= 6.0
# delta value= 1.5
# only secondary structure= 0
# pruning flag= 0
# cut off pruning= 0
# Max Number of pu= 40
# END PARSE PDB
# END PARSE DSSP
#i/e    i/i+e R2        CI        N DOMAINS
19.58    5.11 79.451286 63.125069 2 1 171 172 333 
10.05    9.95 85.771977 73.568320 3 1 54 55 171 172 333 
5.43    18.41 89.649526 80.370375 4 172 271 272 333 1 54 55 171 
3.52    28.38 92.154809 84.925089 6 55 77 78 94 95 171 172 271 272 333 1 54 
3.11    32.11 92.900638 86.305285 7 172 256 257 271 55 77 78 94 95 171 272 333 1 54 
2.76    36.23 93.395639 87.227453 8 1 19 20 54 172 256 257 271 55 77 78 94 95 171 272 333 
2.24    44.66 94.366216 89.049827 9 95 130 131 171 1 19 20 54 172 256 257 271 55 77 78 94 272 333 
2.05    48.83 94.671794 89.627485 10 131 147 148 171 95 130 1 19 20 54 172 256 257 271 55 77 78 94 272 333 
1.61    61.98 95.521003 91.242620 11 172 214 215 256 131 147 148 171 95 130 1 19 20 54 257 271 55 77 78 94 272 333 
1.48    67.66 95.742957 91.667137 12 172 199 200 214 215 256 131 147 148 171 95 130 1 19 20 54 257 271 55 77 78 94 272 333 
1.32    75.82 95.976825 92.115510 13 272 287 288 333 172 199 200 214 215 256 131 147 148 171 95 130 1 19 20 54 257 271 55 77 78 94 
1.21    82.51 96.188345 92.521978 14 215 241 242 256 272 287 288 333 172 199 200 214 131 147 148 171 95 130 1 19 20 54 257 271 55 77 78 94 
1.09    91.37 96.351925 92.836934 15 288 303 304 333 215 241 242 256 272 287 172 199 200 214 131 147 148 171 95 130 1 19 20 54 257 271 55 77 78 94 
1.02    98.15 96.419028 92.966289 16 20 35 36 54 288 303 304 333 215 241 242 256 272 287 172 199 200 214 131 147 148 171 95 130 1 19 257 271 55 77 78 94 
0.93    107.70 96.574245 93.265848 17 95 112 113 130 20 35 36 54 288 303 304 333 215 241 242 256 272 287 172 199 200 214 131 147 148 171 1 19 257 271 55 77 78 94 
