# pdb file = /home/wagram/gelly/CORNICHON/PROJECTS/DR/DR_2/PDBs_Clean/1WY0A/1WY0A.pdb
# dssp file = /home/wagram/gelly/CORNICHON/PROJECTS/DR/DR_2/PDBs_Clean/1WY0A/1WY0A.dssp
# R2 value = 99
# S2D limit size = 8
# limit size of PU= 15
# max size of PU= 0
# d0 value= 6.0
# delta value= 1.5
# only secondary structure= 0
# pruning flag= 0
# cut off pruning= 0
# Max Number of pu= 40
# END PARSE PDB
# END PARSE DSSP
#i/e    i/i+e R2        CI        N DOMAINS
14.39    6.95 82.453188 67.985283 3 1 214 215 292 293 327 
8.45    11.83 90.858417 82.552519 4 1 128 129 214 215 292 293 327 
6.52    15.34 93.658924 87.719941 6 129 145 146 176 177 214 1 128 215 292 293 327 
4.60    21.74 95.771456 91.721719 8 1 79 80 114 115 128 129 145 146 176 177 214 215 292 293 327 
3.95    25.32 97.021276 94.131280 10 1 21 22 45 46 79 80 114 115 128 129 145 146 176 177 214 215 292 293 327 
3.62    27.62 97.423168 94.912736 11 215 233 234 292 1 21 22 45 46 79 80 114 115 128 129 145 146 176 177 214 293 327 
3.44    29.10 97.615759 95.288364 12 293 308 309 327 215 233 234 292 1 21 22 45 46 79 80 114 115 128 129 145 146 176 177 214 
3.08    32.47 97.872822 95.790893 13 234 267 268 292 293 308 309 327 215 233 1 21 22 45 46 79 80 114 115 128 129 145 146 176 177 214 
2.91    34.41 98.000299 96.040587 14 234 252 253 267 268 292 293 308 309 327 215 233 1 21 22 45 46 79 80 114 115 128 129 145 146 176 177 214 
2.72    36.75 98.188813 96.410430 15 46 64 65 79 234 252 253 267 268 292 293 308 309 327 215 233 1 21 22 45 80 114 115 128 129 145 146 176 177 214 
2.52    39.61 98.284708 96.598839 16 80 98 99 114 46 64 65 79 234 252 253 267 268 292 293 308 309 327 215 233 1 21 22 45 115 128 129 145 146 176 177 214 
2.37    42.24 98.373292 96.773047 17 146 161 162 176 80 98 99 114 46 64 65 79 234 252 253 267 268 292 293 308 309 327 215 233 1 21 22 45 115 128 129 145 177 214 
2.12    47.19 98.524911 97.071581 18 177 194 195 214 146 161 162 176 80 98 99 114 46 64 65 79 234 252 253 267 268 292 293 308 309 327 215 233 1 21 22 45 115 128 129 145 
