# pdb file = /home/wagram/gelly/CORNICHON/PROJECTS/DR/DR_2/PDBs_Clean/3BVXA/3BVXA.pdb
# dssp file = /home/wagram/gelly/CORNICHON/PROJECTS/DR/DR_2/PDBs_Clean/3BVXA/3BVXA.dssp
# R2 value = 99
# S2D limit size = 8
# limit size of PU= 15
# max size of PU= 0
# d0 value= 6.0
# delta value= 1.5
# only secondary structure= 0
# pruning flag= 0
# cut off pruning= 0
# Max Number of pu= 40
# END PARSE PDB
# END PARSE DSSP
#i/e    i/i+e R2        CI        N DOMAINS
28.13    3.56 80.089662 64.143539 2 1 382 383 1016 
19.67    5.08 86.739961 75.238209 3 383 921 922 1016 1 382 
9.87    10.13 91.254322 83.273513 5 1 61 62 168 169 382 383 921 922 1016 
9.82    10.18 91.719380 84.124446 6 1 40 41 61 62 168 169 382 383 921 922 1016 
9.75    10.25 91.979149 84.601639 7 1 25 26 40 41 61 62 168 169 382 383 921 922 1016 
8.14    12.29 93.889521 88.152422 9 169 238 239 367 368 382 1 25 26 40 41 61 62 168 383 921 922 1016 
5.29    18.90 96.442143 93.010869 11 383 617 618 897 898 921 169 238 239 367 368 382 1 25 26 40 41 61 62 168 922 1016 
5.14    19.44 97.282771 94.639375 12 383 497 498 617 618 897 898 921 169 238 239 367 368 382 1 25 26 40 41 61 62 168 922 1016 
4.19    23.87 97.460240 94.984984 14 498 566 567 582 583 617 383 497 618 897 898 921 169 238 239 367 368 382 1 25 26 40 41 61 62 168 922 1016 
4.10    24.37 97.622674 95.301864 15 239 347 348 367 498 566 567 582 583 617 383 497 618 897 898 921 169 238 368 382 1 25 26 40 41 61 62 168 922 1016 
4.05    24.70 97.725351 95.502443 16 498 546 547 566 239 347 348 367 567 582 583 617 383 497 618 897 898 921 169 238 368 382 1 25 26 40 41 61 62 168 922 1016 
4.00    25.00 97.818358 95.684311 17 498 513 514 546 547 566 239 347 348 367 567 582 583 617 383 497 618 897 898 921 169 238 368 382 1 25 26 40 41 61 62 168 922 1016 
3.85    25.94 97.997132 96.034378 18 62 95 96 168 498 513 514 546 547 566 239 347 348 367 567 582 583 617 383 497 618 897 898 921 169 238 368 382 1 25 26 40 41 61 922 1016 
3.81    26.24 98.055248 96.148316 19 62 79 80 95 96 168 498 513 514 546 547 566 239 347 348 367 567 582 583 617 383 497 618 897 898 921 169 238 368 382 1 25 26 40 41 61 922 1016 
3.70    27.02 98.221538 96.474705 20 383 472 473 497 62 79 80 95 96 168 498 513 514 546 547 566 239 347 348 367 567 582 583 617 618 897 898 921 169 238 368 382 1 25 26 40 41 61 922 1016 
3.57    28.03 98.407631 96.840618 21 618 644 645 897 383 472 473 497 62 79 80 95 96 168 498 513 514 546 547 566 239 347 348 367 567 582 583 617 898 921 169 238 368 382 1 25 26 40 41 61 922 1016 
3.43    29.16 98.534021 97.089533 22 239 311 312 347 618 644 645 897 383 472 473 497 62 79 80 95 96 168 498 513 514 546 547 566 348 367 567 582 583 617 898 921 169 238 368 382 1 25 26 40 41 61 922 1016 
3.39    29.46 98.574026 97.168387 23 312 327 328 347 239 311 618 644 645 897 383 472 473 497 62 79 80 95 96 168 498 513 514 546 547 566 348 367 567 582 583 617 898 921 169 238 368 382 1 25 26 40 41 61 922 1016 
3.01    33.20 98.844456 97.702265 24 645 750 751 897 312 327 328 347 239 311 618 644 383 472 473 497 62 79 80 95 96 168 498 513 514 546 547 566 348 367 567 582 583 617 898 921 169 238 368 382 1 25 26 40 41 61 922 1016 
2.87    34.81 99.010404 98.030601 26 645 682 683 709 710 750 751 897 312 327 328 347 239 311 618 644 383 472 473 497 62 79 80 95 96 168 498 513 514 546 547 566 348 367 567 582 583 617 898 921 169 238 368 382 1 25 26 40 41 61 922 1016 
