# pdb file = /home/wagram/gelly/CORNICHON/PROJECTS/DR/DR_2/PDBs_Clean/3TJ7A/3TJ7A.pdb
# dssp file = /home/wagram/gelly/CORNICHON/PROJECTS/DR/DR_2/PDBs_Clean/3TJ7A/3TJ7A.dssp
# R2 value = 99
# S2D limit size = 8
# limit size of PU= 15
# max size of PU= 0
# d0 value= 6.0
# delta value= 1.5
# only secondary structure= 0
# pruning flag= 0
# cut off pruning= 0
# Max Number of pu= 40
# END PARSE PDB
# END PARSE DSSP
#i/e    i/i+e R2        CI        N DOMAINS
6.76    14.79 81.982534 67.211360 3 1 30 31 121 122 176 
5.82    17.19 86.230800 74.357509 4 122 154 155 176 1 30 31 121 
3.40    29.42 91.156423 83.094934 6 31 81 82 114 115 121 122 154 155 176 1 30 
3.16    31.63 92.222088 85.049135 7 82 97 98 114 31 81 115 121 122 154 155 176 1 30 
2.58    38.80 93.704421 87.805185 8 31 59 60 81 82 97 98 114 115 121 122 154 155 176 1 30 
2.17    46.18 94.155383 88.652361 9 122 139 140 154 31 59 60 81 82 97 98 114 115 121 155 176 1 30 
