# pdb file = /home/wagram/gelly/CORNICHON/PROJECTS/DR/DR_2/PDBs_Clean/4AC1X/4AC1X.pdb
# dssp file = /home/wagram/gelly/CORNICHON/PROJECTS/DR/DR_2/PDBs_Clean/4AC1X/4AC1X.dssp
# R2 value = 99
# S2D limit size = 8
# limit size of PU= 15
# max size of PU= 0
# d0 value= 6.0
# delta value= 1.5
# only secondary structure= 0
# pruning flag= 0
# cut off pruning= 0
# Max Number of pu= 40
# END PARSE PDB
# END PARSE DSSP
#i/e    i/i+e R2        CI        N DOMAINS
8.16    12.26 81.294853 66.088531 3 1 33 34 188 189 283 
6.90    14.50 85.938778 73.854736 4 189 256 257 283 1 33 34 188 
5.07    19.71 91.739559 84.161468 5 34 125 126 188 189 256 257 283 1 33 
3.61    27.67 94.067246 88.486467 7 34 56 57 75 76 125 126 188 189 256 257 283 1 33 
3.42    29.23 94.517031 89.334692 8 1 18 19 33 34 56 57 75 76 125 126 188 189 256 257 283 
2.96    33.78 95.233569 90.694327 9 126 149 150 188 1 18 19 33 34 56 57 75 76 125 189 256 257 283 
2.54    39.42 95.861666 91.894590 10 189 211 212 256 126 149 150 188 1 18 19 33 34 56 57 75 76 125 257 283 
2.28    43.94 96.196709 92.538068 11 76 107 108 125 189 211 212 256 126 149 150 188 1 18 19 33 34 56 57 75 257 283 
2.19    45.70 96.535518 93.191063 12 76 91 92 107 108 125 189 211 212 256 126 149 150 188 1 18 19 33 34 56 57 75 257 283 
2.00    50.00 96.769680 93.643709 13 150 170 171 188 76 91 92 107 108 125 189 211 212 256 126 149 1 18 19 33 34 56 57 75 257 283 
1.80    55.67 96.983767 94.058510 14 212 230 231 256 150 170 171 188 76 91 92 107 108 125 189 211 126 149 1 18 19 33 34 56 57 75 257 283 
