# pdb file = /home/wagram/gelly/CORNICHON/PROJECTS/DR/DR_2/PDBs_Clean/1Q1AA/1Q1AA.pdb
# dssp file = /home/wagram/gelly/CORNICHON/PROJECTS/DR/DR_2/PDBs_Clean/1Q1AA/1Q1AA.dssp
# R2 value = 99
# S2D limit size = 8
# limit size of PU= 15
# max size of PU= 0
# d0 value= 6.0
# delta value= 1.5
# only secondary structure= 0
# pruning flag= 0
# cut off pruning= 0
# Max Number of pu= 40
# END PARSE PDB
# END PARSE DSSP
#i/e    i/i+e R2        CI        N DOMAINS
7.37    13.57 83.657135 69.985162 3 1 130 131 177 178 285 
7.07    14.15 88.143788 77.693274 4 1 21 22 130 131 177 178 285 
6.60    15.16 91.237101 83.242086 5 178 260 261 285 1 21 22 130 131 177 
4.79    20.90 94.856531 89.977615 7 22 39 40 83 84 130 178 260 261 285 1 21 131 177 
4.40    22.72 96.079770 92.313221 8 178 207 208 260 22 39 40 83 84 130 261 285 1 21 131 177 
4.14    24.16 96.571474 93.260496 9 40 55 56 83 178 207 208 260 22 39 84 130 261 285 1 21 131 177 
3.60    27.80 96.926980 93.948394 10 84 103 104 130 40 55 56 83 178 207 208 260 22 39 261 285 1 21 131 177 
3.10    32.27 97.249810 94.575256 11 208 238 239 260 84 103 104 130 40 55 56 83 178 207 22 39 261 285 1 21 131 177 
2.58    38.70 97.375739 94.820346 12 131 156 157 177 208 238 239 260 84 103 104 130 40 55 56 83 178 207 22 39 261 285 1 21 
2.35    42.60 97.490275 95.043537 13 208 223 224 238 131 156 157 177 239 260 84 103 104 130 40 55 56 83 178 207 22 39 261 285 1 21 
