# pdb file = /home/wagram/gelly/CORNICHON/PROJECTS/DR/DR_2/PDBs_Clean/1RDQE/1RDQE.pdb
# dssp file = /home/wagram/gelly/CORNICHON/PROJECTS/DR/DR_2/PDBs_Clean/1RDQE/1RDQE.dssp
# R2 value = 99
# S2D limit size = 8
# limit size of PU= 15
# max size of PU= 0
# d0 value= 6.0
# delta value= 1.5
# only secondary structure= 0
# pruning flag= 0
# cut off pruning= 0
# Max Number of pu= 40
# END PARSE PDB
# END PARSE DSSP
#i/e    i/i+e R2        CI        N DOMAINS
13.51    7.40 81.481846 66.392913 3 1 114 115 320 321 342 
6.29    15.89 91.393324 83.527397 5 115 184 185 291 292 320 1 114 321 342 
5.24    19.07 93.347186 87.136971 6 185 248 249 291 115 184 292 320 1 114 321 342 
4.26    23.46 94.618219 89.526074 8 115 129 130 152 153 184 185 248 249 291 292 320 1 114 321 342 
3.81    26.22 95.573751 91.343419 9 1 25 26 114 115 129 130 152 153 184 185 248 249 291 292 320 321 342 
2.98    33.60 96.720614 93.548773 11 26 67 68 96 97 114 1 25 115 129 130 152 153 184 185 248 249 291 292 320 321 342 
2.77    36.08 97.124343 94.331380 12 185 229 230 248 26 67 68 96 97 114 1 25 115 129 130 152 153 184 249 291 292 320 321 342 
2.64    37.94 97.401838 94.871180 13 185 214 215 229 230 248 26 67 68 96 97 114 1 25 115 129 130 152 153 184 249 291 292 320 321 342 
2.49    40.21 97.629032 95.314278 14 249 272 273 291 185 214 215 229 230 248 26 67 68 96 97 114 1 25 115 129 130 152 153 184 292 320 321 342 
2.28    43.87 97.725990 95.503692 15 26 41 42 67 249 272 273 291 185 214 215 229 230 248 68 96 97 114 1 25 115 129 130 152 153 184 292 320 321 342 
2.06    48.51 97.812603 95.673053 16 153 168 169 184 26 41 42 67 249 272 273 291 185 214 215 229 230 248 68 96 97 114 1 25 115 129 130 152 292 320 321 342 
