# pdb file = /home/wagram/gelly/CORNICHON/PROJECTS/DR/DR_2/PDBs_Clean/1W4RA/1W4RA.pdb
# dssp file = /home/wagram/gelly/CORNICHON/PROJECTS/DR/DR_2/PDBs_Clean/1W4RA/1W4RA.dssp
# R2 value = 99
# S2D limit size = 8
# limit size of PU= 15
# max size of PU= 0
# d0 value= 6.0
# delta value= 1.5
# only secondary structure= 0
# pruning flag= 0
# cut off pruning= 0
# Max Number of pu= 40
# END PARSE PDB
# END PARSE DSSP
#i/e    i/i+e R2        CI        N DOMAINS
18.89    5.29 70.316437 49.444013 2 1 132 133 174 
3.87    25.85 86.099821 74.131793 4 1 19 20 78 79 132 133 174 
2.61    38.32 89.401803 79.926824 6 20 40 41 55 56 78 1 19 79 132 133 174 
2.27    44.12 91.844270 84.353699 7 79 106 107 132 20 40 41 55 56 78 1 19 133 174 
1.83    54.60 92.444162 85.459231 8 133 148 149 174 79 106 107 132 20 40 41 55 56 78 1 19 
