# pdb file = /home/wagram/gelly/CORNICHON/PROJECTS/DR/DR_2/PDBs_Clean/1K32A/1K32A.pdb
# dssp file = /home/wagram/gelly/CORNICHON/PROJECTS/DR/DR_2/PDBs_Clean/1K32A/1K32A.dssp
# R2 value = 99
# S2D limit size = 8
# limit size of PU= 15
# max size of PU= 0
# d0 value= 6.0
# delta value= 1.5
# only secondary structure= 0
# pruning flag= 0
# cut off pruning= 0
# Max Number of pu= 40
# END PARSE PDB
# END PARSE DSSP
#i/e    i/i+e R2        CI        N DOMAINS
21.69    4.61 91.438195 83.609434 3 1 276 277 643 644 1023 
15.93    6.28 95.434508 91.077454 5 644 721 722 828 829 1023 1 276 277 643 
11.13    8.98 97.173246 94.426397 7 277 412 413 599 600 643 644 721 722 828 829 1023 1 276 
8.81    11.35 97.678779 95.411438 9 829 955 956 970 971 1023 277 412 413 599 600 643 644 721 722 828 1 276 
8.76    11.42 97.788398 95.625707 10 971 989 990 1023 829 955 956 970 277 412 413 599 600 643 644 721 722 828 1 276 
6.96    14.37 98.463444 96.950499 12 1 38 39 142 143 276 971 989 990 1023 829 955 956 970 277 412 413 599 600 643 644 721 722 828 
6.50    15.38 98.678024 97.373525 13 413 545 546 599 1 38 39 142 143 276 971 989 990 1023 829 955 956 970 277 412 600 643 644 721 722 828 
5.85    17.08 98.843424 97.700226 15 413 481 482 496 497 545 546 599 1 38 39 142 143 276 971 989 990 1023 829 955 956 970 277 412 600 643 644 721 722 828 
5.10    19.62 99.008811 98.027446 17 829 891 892 912 913 955 413 481 482 496 497 545 546 599 1 38 39 142 143 276 971 989 990 1023 956 970 277 412 600 643 644 721 722 828 
