# pdb file = /home/wagram/gelly/CORNICHON/PROJECTS/DR/DR_2/PDBs_Clean/1YBFA/1YBFA.pdb
# dssp file = /home/wagram/gelly/CORNICHON/PROJECTS/DR/DR_2/PDBs_Clean/1YBFA/1YBFA.dssp
# R2 value = 99
# S2D limit size = 8
# limit size of PU= 15
# max size of PU= 0
# d0 value= 6.0
# delta value= 1.5
# only secondary structure= 0
# pruning flag= 0
# cut off pruning= 0
# Max Number of pu= 40
# END PARSE PDB
# END PARSE DSSP
#i/e    i/i+e R2        CI        N DOMAINS
4.01    24.94 63.951383 40.897794 3 1 160 161 176 177 240 
3.93    25.45 72.657148 52.790611 4 177 219 220 240 1 160 161 176 
3.65    27.41 87.589209 76.718696 5 1 92 93 160 177 219 220 240 161 176 
3.53    28.30 89.010454 79.228609 6 177 204 205 219 1 92 93 160 220 240 161 176 
2.71    36.92 91.328210 83.408420 8 93 115 116 147 148 160 177 204 205 219 1 92 220 240 161 176 
2.64    37.84 92.369934 85.322047 9 116 131 132 147 93 115 148 160 177 204 205 219 1 92 220 240 161 176 
1.74    57.33 94.329588 88.980711 11 1 29 30 44 45 92 116 131 132 147 93 115 148 160 177 204 205 219 220 240 161 176 
1.68    59.35 95.471928 91.148891 12 45 66 67 92 1 29 30 44 116 131 132 147 93 115 148 160 177 204 205 219 220 240 161 176 
