# pdb file = /home/wagram/gelly/CORNICHON/PROJECTS/DR/DR_2/PDBs_Clean/2YHAA/2YHAA.pdb
# dssp file = /home/wagram/gelly/CORNICHON/PROJECTS/DR/DR_2/PDBs_Clean/2YHAA/2YHAA.dssp
# R2 value = 99
# S2D limit size = 8
# limit size of PU= 15
# max size of PU= 0
# d0 value= 6.0
# delta value= 1.5
# only secondary structure= 0
# pruning flag= 0
# cut off pruning= 0
# Max Number of pu= 40
# END PARSE PDB
# END PARSE DSSP
#i/e    i/i+e R2        CI        N DOMAINS
22.64    4.42 83.945475 70.468428 3 1 139 140 356 357 368 
15.49    6.46 88.652138 78.592016 4 140 324 325 356 1 139 357 368 
6.70    14.93 93.781373 87.949459 6 140 209 210 289 290 324 325 356 1 139 357 368 
6.39    15.66 94.302932 88.930430 7 290 305 306 324 140 209 210 289 325 356 1 139 357 368 
5.74    17.43 95.072777 90.388329 8 210 231 232 289 290 305 306 324 140 209 325 356 1 139 357 368 
4.64    21.53 95.865034 91.901047 10 232 247 248 271 272 289 210 231 290 305 306 324 140 209 325 356 1 139 357 368 
3.23    30.98 97.295488 94.664120 12 1 56 57 110 111 139 232 247 248 271 272 289 210 231 290 305 306 324 140 209 325 356 357 368 
3.04    32.94 97.561120 95.181722 13 57 75 76 110 1 56 111 139 232 247 248 271 272 289 210 231 290 305 306 324 140 209 325 356 357 368 
2.87    34.80 97.673399 95.400928 14 325 341 342 356 57 75 76 110 1 56 111 139 232 247 248 271 272 289 210 231 290 305 306 324 140 209 357 368 
2.62    38.14 97.948075 95.938254 15 140 160 161 209 325 341 342 356 57 75 76 110 1 56 111 139 232 247 248 271 272 289 210 231 290 305 306 324 357 368 
2.38    42.08 98.079225 96.195343 16 161 182 183 209 140 160 325 341 342 356 57 75 76 110 1 56 111 139 232 247 248 271 272 289 210 231 290 305 306 324 357 368 
2.10    47.52 98.186540 96.405966 17 1 25 26 56 161 182 183 209 140 160 325 341 342 356 57 75 76 110 111 139 232 247 248 271 272 289 210 231 290 305 306 324 357 368 
2.01    49.70 98.274003 96.577796 18 26 41 42 56 1 25 161 182 183 209 140 160 325 341 342 356 57 75 76 110 111 139 232 247 248 271 272 289 210 231 290 305 306 324 357 368 
1.84    54.30 98.349888 96.727006 19 76 92 93 110 26 41 42 56 1 25 161 182 183 209 140 160 325 341 342 356 57 75 111 139 232 247 248 271 272 289 210 231 290 305 306 324 357 368 
