# pdb file = /home/wagram/gelly/CORNICHON/PROJECTS/DR/DR_2/PDBs_Clean/3R6WA/3R6WA.pdb
# dssp file = /home/wagram/gelly/CORNICHON/PROJECTS/DR/DR_2/PDBs_Clean/3R6WA/3R6WA.dssp
# R2 value = 99
# S2D limit size = 8
# limit size of PU= 15
# max size of PU= 0
# d0 value= 6.0
# delta value= 1.5
# only secondary structure= 0
# pruning flag= 0
# cut off pruning= 0
# Max Number of pu= 40
# END PARSE PDB
# END PARSE DSSP
#i/e    i/i+e R2        CI        N DOMAINS
7.56    13.23 78.151134 61.075997 3 1 51 52 76 77 211 
5.86    17.06 86.009658 73.976613 4 77 182 183 211 1 51 52 76 
3.61    27.70 91.497856 83.718577 6 77 144 145 160 161 182 183 211 1 51 52 76 
2.81    35.55 93.846301 88.071282 8 77 103 104 134 135 144 145 160 161 182 183 211 1 51 52 76 
2.41    41.51 94.558941 89.413933 9 1 36 37 51 77 103 104 134 135 144 145 160 161 182 183 211 52 76 
2.23    44.77 95.240701 90.707912 10 1 21 22 36 37 51 77 103 104 134 135 144 145 160 161 182 183 211 52 76 
