# pdb file = /home/wagram/gelly/CORNICHON/PROJECTS/DR/DR_2/PDBs_Clean/3EAYA/3EAYA.pdb
# dssp file = /home/wagram/gelly/CORNICHON/PROJECTS/DR/DR_2/PDBs_Clean/3EAYA/3EAYA.dssp
# R2 value = 99
# S2D limit size = 8
# limit size of PU= 15
# max size of PU= 0
# d0 value= 6.0
# delta value= 1.5
# only secondary structure= 0
# pruning flag= 0
# cut off pruning= 0
# Max Number of pu= 40
# END PARSE PDB
# END PARSE DSSP
#i/e    i/i+e R2        CI        N DOMAINS
18.40    5.43 77.396875 59.902763 3 1 31 32 221 222 247 
7.12    14.05 90.221353 81.398926 5 32 62 63 92 93 221 1 31 222 247 
3.94    25.41 94.878293 90.018904 7 93 143 144 171 172 221 32 62 63 92 1 31 222 247 
3.63    27.56 95.349768 90.915783 8 32 47 48 62 93 143 144 171 172 221 63 92 1 31 222 247 
3.18    31.40 95.903216 91.974268 9 172 196 197 221 32 47 48 62 93 143 144 171 63 92 1 31 222 247 
2.73    36.64 96.416682 92.961766 10 93 119 120 143 172 196 197 221 32 47 48 62 144 171 63 92 1 31 222 247 
