# pdb file = /home/wagram/gelly/CORNICHON/PROJECTS/DR/DR_2/PDBs_Clean/2E0NA/2E0NA.pdb
# dssp file = /home/wagram/gelly/CORNICHON/PROJECTS/DR/DR_2/PDBs_Clean/2E0NA/2E0NA.dssp
# R2 value = 99
# S2D limit size = 8
# limit size of PU= 15
# max size of PU= 0
# d0 value= 6.0
# delta value= 1.5
# only secondary structure= 0
# pruning flag= 0
# cut off pruning= 0
# Max Number of pu= 40
# END PARSE PDB
# END PARSE DSSP
#i/e    i/i+e R2        CI        N DOMAINS
36.43    2.74 82.357188 67.827064 2 1 120 121 229 
6.01    16.63 89.300459 79.745720 4 1 27 28 67 68 120 121 229 
5.33    18.75 91.072417 82.941852 5 68 89 90 120 1 27 28 67 121 229 
3.36    29.78 94.516662 89.333994 7 121 135 136 183 184 229 68 89 90 120 1 27 28 67 
3.09    32.33 95.166397 90.566430 8 136 167 168 183 121 135 184 229 68 89 90 120 1 27 28 67 
2.61    38.34 95.588978 91.372527 9 184 211 212 229 136 167 168 183 121 135 68 89 90 120 1 27 28 67 
2.19    45.69 95.757330 91.694662 10 28 49 50 67 184 211 212 229 136 167 168 183 121 135 68 89 90 120 1 27 
