# pdb file = /home/wagram/gelly/CORNICHON/PROJECTS/DR/DR_2/PDBs_Clean/3O0GD/3O0GD.pdb
# dssp file = /home/wagram/gelly/CORNICHON/PROJECTS/DR/DR_2/PDBs_Clean/3O0GD/3O0GD.dssp
# R2 value = 99
# S2D limit size = 8
# limit size of PU= 15
# max size of PU= 0
# d0 value= 6.0
# delta value= 1.5
# only secondary structure= 0
# pruning flag= 0
# cut off pruning= 0
# Max Number of pu= 40
# END PARSE PDB
# END PARSE DSSP
#i/e    i/i+e R2        CI        N DOMAINS
10.72    9.32 75.077388 56.366142 3 1 106 107 140 141 149 
9.41    10.63 80.149763 64.239845 4 107 125 126 140 1 106 141 149 
5.24    19.09 88.288082 77.947854 5 1 32 33 106 107 125 126 140 141 149 
4.28    23.38 91.609872 83.923687 6 33 50 51 106 1 32 107 125 126 140 141 149 
3.55    28.16 93.660793 87.723442 7 51 71 72 106 33 50 1 32 107 125 126 140 141 149 
3.07    32.60 94.521191 89.342556 8 72 87 88 106 51 71 33 50 1 32 107 125 126 140 141 149 
2.57    38.94 95.170618 90.574465 9 1 17 18 32 72 87 88 106 51 71 33 50 107 125 126 140 141 149 
