# pdb file = /home/wagram/gelly/CORNICHON/PROJECTS/DR/DR_2/PDBs_Clean/2FF7A/2FF7A.pdb
# dssp file = /home/wagram/gelly/CORNICHON/PROJECTS/DR/DR_2/PDBs_Clean/2FF7A/2FF7A.dssp
# R2 value = 99
# S2D limit size = 8
# limit size of PU= 15
# max size of PU= 0
# d0 value= 6.0
# delta value= 1.5
# only secondary structure= 0
# pruning flag= 0
# cut off pruning= 0
# Max Number of pu= 40
# END PARSE PDB
# END PARSE DSSP
#i/e    i/i+e R2        CI        N DOMAINS
8.04    12.44 85.345781 72.839024 3 1 72 73 190 191 243 
5.24    19.09 89.350385 79.834912 5 1 31 32 56 57 72 73 190 191 243 
4.77    20.94 91.110692 83.011581 6 191 206 207 243 1 31 32 56 57 72 73 190 
4.07    24.58 92.986709 86.465280 7 73 170 171 190 191 206 207 243 1 31 32 56 57 72 
3.16    31.65 95.297385 90.815915 9 73 88 89 159 160 170 171 190 191 206 207 243 1 31 32 56 57 72 
2.94    34.03 95.807096 91.789997 10 207 226 227 243 73 88 89 159 160 170 171 190 191 206 1 31 32 56 57 72 
2.10    47.67 96.734854 93.576319 12 89 106 107 131 132 159 207 226 227 243 73 88 160 170 171 190 191 206 1 31 32 56 57 72 
1.79    55.94 96.848103 93.795551 13 1 16 17 31 89 106 107 131 132 159 207 226 227 243 73 88 160 170 171 190 191 206 32 56 57 72 
