# pdb file = /home/wagram/gelly/CORNICHON/PROJECTS/DR/DR_2/PDBs_Clean/3RC3A/3RC3A.pdb
# dssp file = /home/wagram/gelly/CORNICHON/PROJECTS/DR/DR_2/PDBs_Clean/3RC3A/3RC3A.dssp
# R2 value = 99
# S2D limit size = 8
# limit size of PU= 15
# max size of PU= 0
# d0 value= 6.0
# delta value= 1.5
# only secondary structure= 0
# pruning flag= 0
# cut off pruning= 0
# Max Number of pu= 40
# END PARSE PDB
# END PARSE DSSP
#i/e    i/i+e R2        CI        N DOMAINS
140.53   0.71 73.582847 54.144354 2 1 103 104 607 
16.01    6.25 94.153564 88.648937 4 104 277 278 420 421 607 1 103 
13.80    7.25 95.872983 91.916290 5 421 496 497 607 104 277 278 420 1 103 
12.90    7.75 96.416740 92.961877 6 104 120 121 277 421 496 497 607 278 420 1 103 
11.58    8.63 96.837222 93.774476 7 421 468 469 496 104 120 121 277 497 607 278 420 1 103 
6.64    15.06 97.635094 95.326115 9 121 154 155 208 209 277 421 468 469 496 104 120 497 607 278 420 1 103 
6.35    15.74 97.853483 95.753041 10 209 250 251 277 121 154 155 208 421 468 469 496 104 120 497 607 278 420 1 103 
6.21    16.09 97.960403 95.962406 11 121 136 137 154 209 250 251 277 155 208 421 468 469 496 104 120 497 607 278 420 1 103 
5.80    17.24 98.196037 96.424617 12 497 519 520 607 121 136 137 154 209 250 251 277 155 208 421 468 469 496 104 120 278 420 1 103 
4.33    23.10 98.595485 97.210698 14 278 300 301 362 363 420 497 519 520 607 121 136 137 154 209 250 251 277 155 208 421 468 469 496 104 120 1 103 
3.84    26.05 98.797398 97.609259 16 1 65 66 87 88 103 278 300 301 362 363 420 497 519 520 607 121 136 137 154 209 250 251 277 155 208 421 468 469 496 104 120 
3.57    28.03 98.923895 97.859370 18 1 15 16 44 45 65 66 87 88 103 278 300 301 362 363 420 497 519 520 607 121 136 137 154 209 250 251 277 155 208 421 468 469 496 104 120 
3.41    29.31 99.011113 98.032005 19 520 589 590 607 1 15 16 44 45 65 66 87 88 103 278 300 301 362 363 420 497 519 121 136 137 154 209 250 251 277 155 208 421 468 469 496 104 120 
