# pdb file = /home/wagram/gelly/CORNICHON/PROJECTS/DR/DR_2/PDBs_Clean/2NXOA/2NXOA.pdb
# dssp file = /home/wagram/gelly/CORNICHON/PROJECTS/DR/DR_2/PDBs_Clean/2NXOA/2NXOA.dssp
# R2 value = 99
# S2D limit size = 8
# limit size of PU= 15
# max size of PU= 0
# d0 value= 6.0
# delta value= 1.5
# only secondary structure= 0
# pruning flag= 0
# cut off pruning= 0
# Max Number of pu= 40
# END PARSE PDB
# END PARSE DSSP
#i/e    i/i+e R2        CI        N DOMAINS
5.43    18.43 83.920659 70.426771 3 1 76 77 172 173 272 
4.65    21.51 90.463994 81.837342 5 173 205 206 236 237 272 1 76 77 172 
4.30    23.27 92.710598 85.952549 6 1 53 54 76 173 205 206 236 237 272 77 172 
4.08    24.48 93.454431 87.337307 7 173 190 191 205 1 53 54 76 206 236 237 272 77 172 
2.74    36.50 95.100981 90.441967 9 77 91 92 139 140 172 173 190 191 205 1 53 54 76 206 236 237 272 
2.64    37.94 95.560466 91.318027 10 140 156 157 172 77 91 92 139 173 190 191 205 1 53 54 76 206 236 237 272 
2.49    40.12 95.874108 91.918446 11 237 252 253 272 140 156 157 172 77 91 92 139 173 190 191 205 1 53 54 76 206 236 
2.26    44.26 96.476316 93.076796 12 1 34 35 53 237 252 253 272 140 156 157 172 77 91 92 139 173 190 191 205 54 76 206 236 
2.09    47.79 96.702091 93.512945 13 206 221 222 236 1 34 35 53 237 252 253 272 140 156 157 172 77 91 92 139 173 190 191 205 54 76 
1.89    52.85 96.855108 93.809119 14 1 17 18 34 206 221 222 236 35 53 237 252 253 272 140 156 157 172 77 91 92 139 173 190 191 205 54 76 
1.64    61.02 97.016305 94.121635 15 92 122 123 139 1 17 18 34 206 221 222 236 35 53 237 252 253 272 140 156 157 172 77 91 173 190 191 205 54 76 
1.55    64.42 97.240578 94.557300 16 92 107 108 122 123 139 1 17 18 34 206 221 222 236 35 53 237 252 253 272 140 156 157 172 77 91 173 190 191 205 54 76 
