# pdb file = /home/wagram/gelly/CORNICHON/PROJECTS/DR/DR_2/PDBs_Clean/2QVEA/2QVEA.pdb
# dssp file = /home/wagram/gelly/CORNICHON/PROJECTS/DR/DR_2/PDBs_Clean/2QVEA/2QVEA.dssp
# R2 value = 99
# S2D limit size = 8
# limit size of PU= 15
# max size of PU= 0
# d0 value= 6.0
# delta value= 1.5
# only secondary structure= 0
# pruning flag= 0
# cut off pruning= 0
# Max Number of pu= 40
# END PARSE PDB
# END PARSE DSSP
#i/e    i/i+e R2        CI        N DOMAINS
9.30    10.75 78.408420 61.478803 3 1 265 266 290 291 525 
8.94    11.18 87.169503 75.985222 4 1 207 208 265 266 290 291 525 
7.65    13.07 91.665127 84.024955 6 291 323 324 342 343 525 1 207 208 265 266 290 
6.34    15.77 94.047329 88.449000 7 343 448 449 525 291 323 324 342 1 207 208 265 266 290 
5.14    19.47 95.412541 91.035530 9 343 366 367 400 401 448 449 525 291 323 324 342 1 207 208 265 266 290 
3.91    25.60 96.874116 93.845943 11 1 39 40 71 72 207 343 366 367 400 401 448 449 525 291 323 324 342 208 265 266 290 
3.83    26.14 97.080746 94.246712 12 291 306 307 323 1 39 40 71 72 207 343 366 367 400 401 448 449 525 324 342 208 265 266 290 
3.72    26.86 97.235114 94.546674 13 1 24 25 39 291 306 307 323 40 71 72 207 343 366 367 400 401 448 449 525 324 342 208 265 266 290 
3.42    29.22 97.568155 95.195448 15 208 227 228 255 256 265 1 24 25 39 291 306 307 323 40 71 72 207 343 366 367 400 401 448 449 525 324 342 266 290 
2.65    37.77 98.117475 96.270389 17 72 102 103 128 129 207 208 227 228 255 256 265 1 24 25 39 291 306 307 323 40 71 343 366 367 400 401 448 449 525 324 342 266 290 
2.59    38.62 98.352557 96.732255 18 129 192 193 207 72 102 103 128 208 227 228 255 256 265 1 24 25 39 291 306 307 323 40 71 343 366 367 400 401 448 449 525 324 342 266 290 
2.51    39.88 98.450867 96.925732 19 401 416 417 448 129 192 193 207 72 102 103 128 208 227 228 255 256 265 1 24 25 39 291 306 307 323 40 71 343 366 367 400 449 525 324 342 266 290 
2.47    40.41 98.538312 97.097990 20 417 433 434 448 401 416 129 192 193 207 72 102 103 128 208 227 228 255 256 265 1 24 25 39 291 306 307 323 40 71 343 366 367 400 449 525 324 342 266 290 
2.38    42.08 98.644587 97.307546 21 449 509 510 525 417 433 434 448 401 416 129 192 193 207 72 102 103 128 208 227 228 255 256 265 1 24 25 39 291 306 307 323 40 71 343 366 367 400 324 342 266 290 
2.19    45.57 98.819626 97.653185 23 449 467 468 488 489 509 510 525 417 433 434 448 401 416 129 192 193 207 72 102 103 128 208 227 228 255 256 265 1 24 25 39 291 306 307 323 40 71 343 366 367 400 324 342 266 290 
2.03    49.18 98.991909 97.993981 25 129 149 150 180 181 192 449 467 468 488 489 509 510 525 417 433 434 448 401 416 193 207 72 102 103 128 208 227 228 255 256 265 1 24 25 39 291 306 307 323 40 71 343 366 367 400 324 342 266 290 
1.98    50.54 99.036943 98.083160 26 367 385 386 400 129 149 150 180 181 192 449 467 468 488 489 509 510 525 417 433 434 448 401 416 193 207 72 102 103 128 208 227 228 255 256 265 1 24 25 39 291 306 307 323 40 71 343 366 324 342 266 290 
