# pdb file = /home/wagram/gelly/CORNICHON/PROJECTS/DR/DR_2/PDBs_Clean/4G6CA/4G6CA.pdb
# dssp file = /home/wagram/gelly/CORNICHON/PROJECTS/DR/DR_2/PDBs_Clean/4G6CA/4G6CA.dssp
# R2 value = 99
# S2D limit size = 8
# limit size of PU= 15
# max size of PU= 0
# d0 value= 6.0
# delta value= 1.5
# only secondary structure= 0
# pruning flag= 0
# cut off pruning= 0
# Max Number of pu= 40
# END PARSE PDB
# END PARSE DSSP
#i/e    i/i+e R2        CI        N DOMAINS
8.95    11.17 80.995354 65.602474 3 1 165 166 304 305 333 
7.19    13.91 88.242737 77.867806 4 1 61 62 165 166 304 305 333 
5.46    18.31 92.087818 84.801663 5 166 241 242 304 1 61 62 165 305 333 
4.92    20.31 93.073353 86.626490 6 166 225 226 241 242 304 1 61 62 165 305 333 
3.88    25.78 94.160392 88.661794 8 166 185 186 205 206 225 226 241 242 304 1 61 62 165 305 333 
2.87    34.80 95.759106 91.698064 10 62 123 124 149 150 165 166 185 186 205 206 225 226 241 242 304 1 61 305 333 
2.56    39.05 96.663075 93.437500 12 62 81 82 103 104 123 124 149 150 165 166 185 186 205 206 225 226 241 242 304 1 61 305 333 
2.35    42.62 97.050098 94.187214 13 242 278 279 304 62 81 82 103 104 123 124 149 150 165 166 185 186 205 206 225 226 241 1 61 305 333 
2.10    47.70 97.384537 94.837480 14 1 32 33 61 242 278 279 304 62 81 82 103 104 123 124 149 150 165 166 185 186 205 206 225 226 241 305 333 
1.92    52.11 97.502528 95.067430 15 242 258 259 278 1 32 33 61 279 304 62 81 82 103 104 123 124 149 150 165 166 185 186 205 206 225 226 241 305 333 
