# pdb file = /home/wagram/gelly/CORNICHON/PROJECTS/DR/DR_2/PDBs_Clean/2Z5KA/2Z5KA.pdb
# dssp file = /home/wagram/gelly/CORNICHON/PROJECTS/DR/DR_2/PDBs_Clean/2Z5KA/2Z5KA.dssp
# R2 value = 99
# S2D limit size = 8
# limit size of PU= 15
# max size of PU= 0
# d0 value= 6.0
# delta value= 1.5
# only secondary structure= 0
# pruning flag= 0
# cut off pruning= 0
# Max Number of pu= 40
# END PARSE PDB
# END PARSE DSSP
#i/e    i/i+e R2        CI        N DOMAINS
106.83   0.94 84.772241 71.863329 2 1 382 383 840 
55.32    1.81 91.310709 83.376457 3 1 167 168 382 383 840 
33.83    2.96 95.543971 91.286505 4 383 655 656 840 1 167 168 382 
24.40    4.10 96.980041 94.051284 5 383 502 503 655 656 840 1 167 168 382 
19.79    5.05 97.746056 95.542915 6 168 275 276 382 383 502 503 655 656 840 1 167 
17.16    5.83 98.112254 96.260143 7 656 794 795 840 168 275 276 382 383 502 503 655 1 167 
14.50    6.90 98.447361 96.918829 8 1 90 91 167 656 794 795 840 168 275 276 382 383 502 503 655 
11.76    8.50 98.633013 97.284712 10 276 306 307 322 323 382 1 90 91 167 656 794 795 840 168 275 383 502 503 655 
9.08    11.01 98.903809 97.819634 12 503 570 571 586 587 655 276 306 307 322 323 382 1 90 91 167 656 794 795 840 168 275 383 502 
8.80    11.36 98.972412 97.955383 13 503 554 555 570 571 586 587 655 276 306 307 322 323 382 1 90 91 167 656 794 795 840 168 275 383 502 
8.26    12.11 99.059986 98.128808 14 1 36 37 90 503 554 555 570 571 586 587 655 276 306 307 322 323 382 91 167 656 794 795 840 168 275 383 502 
