# pdb file = /home/wagram/gelly/CORNICHON/PROJECTS/DR/DR_2/PDBs_Clean/2R9GA/2R9GA.pdb
# dssp file = /home/wagram/gelly/CORNICHON/PROJECTS/DR/DR_2/PDBs_Clean/2R9GA/2R9GA.dssp
# R2 value = 99
# S2D limit size = 8
# limit size of PU= 15
# max size of PU= 0
# d0 value= 6.0
# delta value= 1.5
# only secondary structure= 0
# pruning flag= 0
# cut off pruning= 0
# Max Number of pu= 40
# END PARSE PDB
# END PARSE DSSP
#i/e    i/i+e R2        CI        N DOMAINS
20.50    4.88 86.982493 75.659541 3 1 97 98 156 157 180 
11.88    8.41 90.945146 82.710195 5 98 114 115 145 146 156 1 97 157 180 
10.67    9.37 91.929297 84.509957 6 115 130 131 145 98 114 146 156 1 97 157 180 
6.23    16.05 94.862845 89.989593 7 1 34 35 97 115 130 131 145 98 114 146 156 157 180 
3.66    27.35 96.449613 93.025279 9 35 59 60 85 86 97 1 34 115 130 131 145 98 114 146 156 157 180 
3.15    31.70 96.814461 93.730398 10 1 18 19 34 35 59 60 85 86 97 115 130 131 145 98 114 146 156 157 180 
