# pdb file = /home/wagram/gelly/CORNICHON/PROJECTS/DR/DR_2/PDBs_Clean/3TWKA/3TWKA.pdb
# dssp file = /home/wagram/gelly/CORNICHON/PROJECTS/DR/DR_2/PDBs_Clean/3TWKA/3TWKA.dssp
# R2 value = 99
# S2D limit size = 8
# limit size of PU= 15
# max size of PU= 0
# d0 value= 6.0
# delta value= 1.5
# only secondary structure= 0
# pruning flag= 0
# cut off pruning= 0
# Max Number of pu= 40
# END PARSE PDB
# END PARSE DSSP
#i/e    i/i+e R2        CI        N DOMAINS
29.93    3.34 81.693572 66.738396 2 1 144 145 293 
11.24    8.90 89.745559 80.542654 4 145 223 224 274 275 293 1 144 
9.97    10.03 91.112427 83.014744 5 224 242 243 274 145 223 275 293 1 144 
4.67    21.42 94.162337 88.665457 7 1 75 76 127 128 144 224 242 243 274 145 223 275 293 
3.77    26.55 95.816635 91.808276 9 1 19 20 48 49 75 76 127 128 144 224 242 243 274 145 223 275 293 
3.02    33.12 96.532779 93.185774 10 145 183 184 223 1 19 20 48 49 75 76 127 128 144 224 242 243 274 275 293 
2.78    36.01 96.824344 93.749537 11 184 200 201 223 145 183 1 19 20 48 49 75 76 127 128 144 224 242 243 274 275 293 
2.56    39.05 97.081413 94.248008 12 145 167 168 183 184 200 201 223 1 19 20 48 49 75 76 127 128 144 224 242 243 274 275 293 
2.27    44.08 97.355478 94.780890 13 76 100 101 127 145 167 168 183 184 200 201 223 1 19 20 48 49 75 128 144 224 242 243 274 275 293 
