# pdb file = /home/wagram/gelly/CORNICHON/PROJECTS/DR/DR_2/PDBs_Clean/3NOKA/3NOKA.pdb
# dssp file = /home/wagram/gelly/CORNICHON/PROJECTS/DR/DR_2/PDBs_Clean/3NOKA/3NOKA.dssp
# R2 value = 99
# S2D limit size = 8
# limit size of PU= 15
# max size of PU= 0
# d0 value= 6.0
# delta value= 1.5
# only secondary structure= 0
# pruning flag= 0
# cut off pruning= 0
# Max Number of pu= 40
# END PARSE PDB
# END PARSE DSSP
#i/e    i/i+e R2        CI        N DOMAINS
5.89    16.97 75.642560 57.217969 3 1 21 22 104 105 234 
4.75    21.06 85.374512 72.888073 4 105 184 185 234 1 21 22 104 
3.79    26.38 88.880049 78.996631 5 22 68 69 104 105 184 185 234 1 21 
3.44    29.10 90.143935 81.259290 6 185 201 202 234 22 68 69 104 105 184 1 21 
2.74    36.51 92.460209 85.488903 7 105 138 139 184 185 201 202 234 22 68 69 104 1 21 
2.47    40.53 92.982249 86.456987 8 105 120 121 138 139 184 185 201 202 234 22 68 69 104 1 21 
2.27    44.11 93.630760 87.667192 9 202 219 220 234 105 120 121 138 139 184 185 201 22 68 69 104 1 21 
1.95    51.15 94.330966 88.983311 10 139 166 167 184 202 219 220 234 105 120 121 138 185 201 22 68 69 104 1 21 
1.69    59.31 94.806006 89.881789 11 22 37 38 68 139 166 167 184 202 219 220 234 105 120 121 138 185 201 69 104 1 21 
1.48    67.71 94.996895 90.244100 12 69 87 88 104 22 37 38 68 139 166 167 184 202 219 220 234 105 120 121 138 185 201 1 21 
1.32    75.89 95.312573 90.844866 13 38 53 54 68 69 87 88 104 22 37 139 166 167 184 202 219 220 234 105 120 121 138 185 201 1 21 
