# pdb file = /home/wagram/gelly/CORNICHON/PROJECTS/DR/DR_2/PDBs_Clean/3ZUXA/3ZUXA.pdb
# dssp file = /home/wagram/gelly/CORNICHON/PROJECTS/DR/DR_2/PDBs_Clean/3ZUXA/3ZUXA.dssp
# R2 value = 99
# S2D limit size = 8
# limit size of PU= 15
# max size of PU= 0
# d0 value= 6.0
# delta value= 1.5
# only secondary structure= 0
# pruning flag= 0
# cut off pruning= 0
# Max Number of pu= 40
# END PARSE PDB
# END PARSE DSSP
#i/e    i/i+e R2        CI        N DOMAINS
66.17    1.51 45.082559 20.324371 2 1 17 18 308 
5.25    19.06 79.296400 62.879191 4 18 177 178 200 201 308 1 17 
5.09    19.65 84.883023 72.051276 5 18 37 38 177 178 200 201 308 1 17 
4.03    24.79 90.217313 81.391636 7 38 54 55 162 163 177 18 37 178 200 201 308 1 17 
3.25    30.73 94.174106 88.687623 9 201 229 230 262 263 308 38 54 55 162 163 177 18 37 178 200 1 17 
3.16    31.69 94.883091 90.028010 10 263 291 292 308 201 229 230 262 38 54 55 162 163 177 18 37 178 200 1 17 
2.62    38.19 96.640358 93.393588 12 55 77 78 106 107 162 263 291 292 308 201 229 230 262 38 54 163 177 18 37 178 200 1 17 
2.53    39.53 97.246938 94.569670 13 107 138 139 162 55 77 78 106 263 291 292 308 201 229 230 262 38 54 163 177 18 37 178 200 1 17 
2.36    42.37 97.445955 94.957142 14 107 122 123 138 139 162 55 77 78 106 263 291 292 308 201 229 230 262 38 54 163 177 18 37 178 200 1 17 
2.15    46.49 97.609075 95.275316 15 230 247 248 262 107 122 123 138 139 162 55 77 78 106 263 291 292 308 201 229 38 54 163 177 18 37 178 200 1 17 
