# pdb file = /home/wagram/gelly/CORNICHON/PROJECTS/DR/DR_2/PDBs_Clean/1CPYA/1CPYA.pdb
# dssp file = /home/wagram/gelly/CORNICHON/PROJECTS/DR/DR_2/PDBs_Clean/1CPYA/1CPYA.dssp
# R2 value = 99
# S2D limit size = 8
# limit size of PU= 15
# max size of PU= 0
# d0 value= 6.0
# delta value= 1.5
# only secondary structure= 0
# pruning flag= 0
# cut off pruning= 0
# Max Number of pu= 40
# END PARSE PDB
# END PARSE DSSP
#i/e    i/i+e R2        CI        N DOMAINS
7.24    13.81 84.452393 71.322067 3 1 184 185 270 271 421 
7.13    14.03 89.144690 79.467757 4 271 314 315 421 1 184 185 270 
7.02    14.24 90.140740 81.253530 5 271 297 298 314 315 421 1 184 185 270 
6.60    15.16 91.479961 83.685832 6 185 251 252 270 271 297 298 314 315 421 1 184 
5.73    17.46 93.046291 86.576122 8 185 213 214 240 241 251 252 270 271 297 298 314 315 421 1 184 
4.54    22.03 95.292563 90.806727 9 1 107 108 184 185 213 214 240 241 251 252 270 271 297 298 314 315 421 
4.17    24.00 95.952650 92.069110 10 108 138 139 184 1 107 185 213 214 240 241 251 252 270 271 297 298 314 315 421 
4.05    24.68 96.147147 92.442738 11 108 123 124 138 139 184 1 107 185 213 214 240 241 251 252 270 271 297 298 314 315 421 
3.29    30.37 97.016118 94.121271 13 1 35 36 92 93 107 108 123 124 138 139 184 185 213 214 240 241 251 252 270 271 297 298 314 315 421 
2.89    34.60 97.401562 94.870642 15 36 50 51 82 83 92 1 35 93 107 108 123 124 138 139 184 185 213 214 240 241 251 252 270 271 297 298 314 315 421 
2.80    35.70 97.561194 95.181866 16 51 67 68 82 36 50 83 92 1 35 93 107 108 123 124 138 139 184 185 213 214 240 241 251 252 270 271 297 298 314 315 421 
2.54    39.36 97.921975 95.887131 17 315 397 398 421 51 67 68 82 36 50 83 92 1 35 93 107 108 123 124 138 139 184 185 213 214 240 241 251 252 270 271 297 298 314 
2.12    47.24 98.273641 96.577086 19 315 356 357 384 385 397 398 421 51 67 68 82 36 50 83 92 1 35 93 107 108 123 124 138 139 184 185 213 214 240 241 251 252 270 271 297 298 314 
2.04    49.01 98.396863 96.819427 20 315 334 335 356 357 384 385 397 398 421 51 67 68 82 36 50 83 92 1 35 93 107 108 123 124 138 139 184 185 213 214 240 241 251 252 270 271 297 298 314 
1.96    51.03 98.479610 96.982336 21 1 16 17 35 315 334 335 356 357 384 385 397 398 421 51 67 68 82 36 50 83 92 93 107 108 123 124 138 139 184 185 213 214 240 241 251 252 270 271 297 298 314 
1.82    55.08 98.584875 97.189777 22 139 169 170 184 1 16 17 35 315 334 335 356 357 384 385 397 398 421 51 67 68 82 36 50 83 92 93 107 108 123 124 138 185 213 214 240 241 251 252 270 271 297 298 314 
1.76    56.67 98.667263 97.352288 23 139 154 155 169 170 184 1 16 17 35 315 334 335 356 357 384 385 397 398 421 51 67 68 82 36 50 83 92 93 107 108 123 124 138 185 213 214 240 241 251 252 270 271 297 298 314 
