# pdb file = /home/wagram/gelly/CORNICHON/PROJECTS/DR/DR_2/PDBs_Clean/2WI8A/2WI8A.pdb
# dssp file = /home/wagram/gelly/CORNICHON/PROJECTS/DR/DR_2/PDBs_Clean/2WI8A/2WI8A.dssp
# R2 value = 99
# S2D limit size = 8
# limit size of PU= 15
# max size of PU= 0
# d0 value= 6.0
# delta value= 1.5
# only secondary structure= 0
# pruning flag= 0
# cut off pruning= 0
# Max Number of pu= 40
# END PARSE PDB
# END PARSE DSSP
#i/e    i/i+e R2        CI        N DOMAINS
32.39    3.09 82.014126 67.263168 2 1 136 137 283 
13.44    7.44 89.558041 80.206427 4 1 19 20 109 110 136 137 283 
8.36    11.96 92.953812 86.404112 6 137 156 157 271 272 283 1 19 20 109 110 136 
4.67    21.40 94.889028 90.039276 8 157 171 172 198 199 271 137 156 272 283 1 19 20 109 110 136 
4.39    22.78 95.935110 92.035454 9 199 255 256 271 157 171 172 198 137 156 272 283 1 19 20 109 110 136 
3.47    28.84 96.700748 93.510347 10 20 71 72 109 199 255 256 271 157 171 172 198 137 156 272 283 1 19 110 136 
3.06    32.71 97.022603 94.133855 11 199 218 219 255 20 71 72 109 256 271 157 171 172 198 137 156 272 283 1 19 110 136 
2.94    34.05 97.328694 94.728747 12 219 236 237 255 199 218 20 71 72 109 256 271 157 171 172 198 137 156 272 283 1 19 110 136 
2.51    39.77 97.597473 95.252666 13 20 41 42 71 219 236 237 255 199 218 72 109 256 271 157 171 172 198 137 156 272 283 1 19 110 136 
2.25    44.43 97.732151 95.515734 14 72 87 88 109 20 41 42 71 219 236 237 255 199 218 256 271 157 171 172 198 137 156 272 283 1 19 110 136 
