# pdb file = /home/wagram/gelly/CORNICHON/PROJECTS/DR/DR_2/PDBs_Clean/4G2AA/4G2AA.pdb
# dssp file = /home/wagram/gelly/CORNICHON/PROJECTS/DR/DR_2/PDBs_Clean/4G2AA/4G2AA.dssp
# R2 value = 99
# S2D limit size = 8
# limit size of PU= 15
# max size of PU= 0
# d0 value= 6.0
# delta value= 1.5
# only secondary structure= 0
# pruning flag= 0
# cut off pruning= 0
# Max Number of pu= 40
# END PARSE PDB
# END PARSE DSSP
#i/e    i/i+e R2        CI        N DOMAINS
52.29    1.91 78.201478 61.154711 2 1 234 235 321 
19.67    5.08 84.202158 70.900035 4 235 260 261 306 307 321 1 234 
8.28    12.08 90.535946 81.967575 5 1 168 169 234 235 260 261 306 307 321 
7.21    13.87 91.294891 83.347572 6 261 276 277 306 1 168 169 234 235 260 307 321 
2.86    34.92 93.488368 87.400750 8 1 103 104 129 130 168 261 276 277 306 169 234 235 260 307 321 
2.83    35.31 94.251384 88.833235 9 130 145 146 168 1 103 104 129 261 276 277 306 169 234 235 260 307 321 
2.28    43.78 96.045347 92.247086 11 1 18 19 57 58 103 130 145 146 168 104 129 261 276 277 306 169 234 235 260 307 321 
2.19    45.65 96.359223 92.850999 12 58 88 89 103 1 18 19 57 130 145 146 168 104 129 261 276 277 306 169 234 235 260 307 321 
2.10    47.62 96.553259 93.225318 13 58 73 74 88 89 103 1 18 19 57 130 145 146 168 104 129 261 276 277 306 169 234 235 260 307 321 
1.63    61.19 97.025857 94.140169 15 169 193 194 218 219 234 58 73 74 88 89 103 1 18 19 57 130 145 146 168 104 129 261 276 277 306 235 260 307 321 
1.48    67.61 97.222568 94.522277 16 19 42 43 57 169 193 194 218 219 234 58 73 74 88 89 103 1 18 130 145 146 168 104 129 261 276 277 306 235 260 307 321 
