# pdb file = /home/wagram/gelly/CORNICHON/PROJECTS/DR/DR_2/PDBs_Clean/2FCKA/2FCKA.pdb
# dssp file = /home/wagram/gelly/CORNICHON/PROJECTS/DR/DR_2/PDBs_Clean/2FCKA/2FCKA.dssp
# R2 value = 99
# S2D limit size = 8
# limit size of PU= 15
# max size of PU= 0
# d0 value= 6.0
# delta value= 1.5
# only secondary structure= 0
# pruning flag= 0
# cut off pruning= 0
# Max Number of pu= 40
# END PARSE PDB
# END PARSE DSSP
#i/e    i/i+e R2        CI        N DOMAINS
17.32    5.77 73.317127 53.754011 2 1 124 125 173 
5.93    16.86 87.726926 76.960136 4 1 16 17 52 53 124 125 173 
4.65    21.52 91.043456 82.889108 5 53 96 97 124 1 16 17 52 125 173 
3.90    25.61 92.825196 86.165170 6 53 78 79 96 97 124 1 16 17 52 125 173 
3.34    29.93 93.484426 87.393380 7 17 37 38 52 53 78 79 96 97 124 1 16 125 173 
2.60    38.46 94.342843 89.005721 8 125 147 148 173 17 37 38 52 53 78 79 96 97 124 1 16 
