# pdb file = /home/wagram/gelly/CORNICHON/PROJECTS/DR/DR_2/PDBs_Clean/3HC1A/3HC1A.pdb
# dssp file = /home/wagram/gelly/CORNICHON/PROJECTS/DR/DR_2/PDBs_Clean/3HC1A/3HC1A.dssp
# R2 value = 99
# S2D limit size = 8
# limit size of PU= 15
# max size of PU= 0
# d0 value= 6.0
# delta value= 1.5
# only secondary structure= 0
# pruning flag= 0
# cut off pruning= 0
# Max Number of pu= 40
# END PARSE PDB
# END PARSE DSSP
#i/e    i/i+e R2        CI        N DOMAINS
20.25    4.94 81.857591 67.006652 3 1 21 22 96 97 298 
6.23    16.06 91.614168 83.931557 5 97 157 158 185 186 298 1 21 22 96 
5.68    17.61 93.598403 87.606611 6 186 271 272 298 97 157 158 185 1 21 22 96 
5.18    19.32 95.034111 90.314823 7 186 208 209 271 272 298 97 157 158 185 1 21 22 96 
4.39    22.78 96.302374 92.741473 9 97 114 115 145 146 157 186 208 209 271 272 298 158 185 1 21 22 96 
3.70    27.01 97.108608 94.300818 11 209 229 230 257 258 271 97 114 115 145 146 157 186 208 272 298 158 185 1 21 22 96 
3.45    28.99 97.518429 95.098440 12 22 38 39 96 209 229 230 257 258 271 97 114 115 145 146 157 186 208 272 298 158 185 1 21 
3.14    31.84 97.767911 95.585644 13 39 55 56 96 22 38 209 229 230 257 258 271 97 114 115 145 146 157 186 208 272 298 158 185 1 21 
2.91    34.35 97.990917 96.022199 14 56 81 82 96 39 55 22 38 209 229 230 257 258 271 97 114 115 145 146 157 186 208 272 298 158 185 1 21 
2.60    38.53 98.119495 96.274353 15 115 130 131 145 56 81 82 96 39 55 22 38 209 229 230 257 258 271 97 114 146 157 186 208 272 298 158 185 1 21 
