# pdb file = /home/wagram/gelly/CORNICHON/PROJECTS/DR/DR_2/PDBs_Clean/4AQNA/4AQNA.pdb
# dssp file = /home/wagram/gelly/CORNICHON/PROJECTS/DR/DR_2/PDBs_Clean/4AQNA/4AQNA.dssp
# R2 value = 99
# S2D limit size = 8
# limit size of PU= 15
# max size of PU= 0
# d0 value= 6.0
# delta value= 1.5
# only secondary structure= 0
# pruning flag= 0
# cut off pruning= 0
# Max Number of pu= 40
# END PARSE PDB
# END PARSE DSSP
#i/e    i/i+e R2        CI        N DOMAINS
61.41    1.63 83.565536 69.831988 2 1 148 149 340 
26.21    3.82 91.479356 83.684725 3 149 249 250 340 1 148 
10.50    9.52 94.227336 88.787909 5 1 15 16 58 59 148 149 249 250 340 
5.83    17.14 95.605784 91.404659 7 149 194 195 213 214 249 1 15 16 58 59 148 250 340 
5.76    17.35 96.047612 92.251438 8 214 232 233 249 149 194 195 213 1 15 16 58 59 148 250 340 
5.12    19.52 96.673924 93.458477 9 250 270 271 340 214 232 233 249 149 194 195 213 1 15 16 58 59 148 
4.69    21.31 97.031022 94.150192 10 149 167 168 194 250 270 271 340 214 232 233 249 195 213 1 15 16 58 59 148 
3.44    29.05 97.734693 95.520703 12 59 75 76 123 124 148 149 167 168 194 250 270 271 340 214 232 233 249 195 213 1 15 16 58 
2.85    35.04 98.225033 96.481571 14 271 287 288 315 316 340 59 75 76 123 124 148 149 167 168 194 250 270 214 232 233 249 195 213 1 15 16 58 
2.58    38.74 98.366935 96.760540 15 76 98 99 123 271 287 288 315 316 340 59 75 124 148 149 167 168 194 250 270 214 232 233 249 195 213 1 15 16 58 
2.38    42.02 98.464200 96.951988 16 16 40 41 58 76 98 99 123 271 287 288 315 316 340 59 75 124 148 149 167 168 194 250 270 214 232 233 249 195 213 1 15 
