# pdb file = /home/wagram/gelly/CORNICHON/PROJECTS/DR/DR_2/PDBs_Clean/3FIQA/3FIQA.pdb
# dssp file = /home/wagram/gelly/CORNICHON/PROJECTS/DR/DR_2/PDBs_Clean/3FIQA/3FIQA.dssp
# R2 value = 99
# S2D limit size = 8
# limit size of PU= 15
# max size of PU= 0
# d0 value= 6.0
# delta value= 1.5
# only secondary structure= 0
# pruning flag= 0
# cut off pruning= 0
# Max Number of pu= 40
# END PARSE PDB
# END PARSE DSSP
#i/e    i/i+e R2        CI        N DOMAINS
9.01    11.10 68.364329 46.736815 3 1 116 117 141 142 154 
4.26    23.48 82.312949 67.754215 4 1 66 67 116 117 141 142 154 
3.25    30.77 85.764095 73.554800 5 1 48 49 66 67 116 117 141 142 154 
2.51    39.76 88.089916 77.598334 6 67 89 90 116 1 48 49 66 117 141 142 154 
2.02    49.59 89.557940 80.206246 7 1 19 20 48 67 89 90 116 49 66 117 141 142 154 
