# pdb file = /home/wagram/gelly/CORNICHON/PROJECTS/DR/DR_2/PDBs_Clean/1IJYA/1IJYA.pdb
# dssp file = /home/wagram/gelly/CORNICHON/PROJECTS/DR/DR_2/PDBs_Clean/1IJYA/1IJYA.dssp
# R2 value = 99
# S2D limit size = 8
# limit size of PU= 15
# max size of PU= 0
# d0 value= 6.0
# delta value= 1.5
# only secondary structure= 0
# pruning flag= 0
# cut off pruning= 0
# Max Number of pu= 40
# END PARSE PDB
# END PARSE DSSP
#i/e    i/i+e R2        CI        N DOMAINS
12.64    7.91 74.930443 56.145713 2 1 72 73 122 
5.11    19.57 85.451561 73.019692 4 1 21 22 63 64 72 73 122 
4.06    24.63 89.067140 79.329554 5 22 40 41 63 1 21 64 72 73 122 
3.09    32.37 90.772623 82.396690 6 73 107 108 122 22 40 41 63 1 21 64 72 
2.54    39.42 92.422313 85.418839 7 73 88 89 107 108 122 22 40 41 63 1 21 64 72 
