# pdb file = /home/wagram/gelly/CORNICHON/PROJECTS/DR/DR_2/PDBs_Clean/3F7CA/3F7CA.pdb
# dssp file = /home/wagram/gelly/CORNICHON/PROJECTS/DR/DR_2/PDBs_Clean/3F7CA/3F7CA.dssp
# R2 value = 99
# S2D limit size = 8
# limit size of PU= 15
# max size of PU= 0
# d0 value= 6.0
# delta value= 1.5
# only secondary structure= 0
# pruning flag= 0
# cut off pruning= 0
# Max Number of pu= 40
# END PARSE PDB
# END PARSE DSSP
#i/e    i/i+e R2        CI        N DOMAINS
64.27    1.56 68.161337 46.459678 2 1 169 170 199 
14.33    6.98 87.774741 77.044052 4 1 123 124 160 161 169 170 199 
5.68    17.60 94.277458 88.882392 6 1 29 30 98 99 123 124 160 161 169 170 199 
4.18    23.91 96.219111 92.581173 8 30 46 47 79 80 98 1 29 99 123 124 160 161 169 170 199 
3.96    25.23 96.736223 93.578968 9 47 63 64 79 30 46 80 98 1 29 99 123 124 160 161 169 170 199 
3.53    28.30 97.158782 94.398290 10 124 139 140 160 47 63 64 79 30 46 80 98 1 29 99 123 161 169 170 199 
