# pdb file = /home/wagram/gelly/CORNICHON/PROJECTS/DR/DR_2/PDBs_Clean/3OYZA/3OYZA.pdb
# dssp file = /home/wagram/gelly/CORNICHON/PROJECTS/DR/DR_2/PDBs_Clean/3OYZA/3OYZA.dssp
# R2 value = 99
# S2D limit size = 8
# limit size of PU= 15
# max size of PU= 0
# d0 value= 6.0
# delta value= 1.5
# only secondary structure= 0
# pruning flag= 0
# cut off pruning= 0
# Max Number of pu= 40
# END PARSE PDB
# END PARSE DSSP
#i/e    i/i+e R2        CI        N DOMAINS
100.24   1.00 59.913598 35.896393 2 1 342 343 376 
17.53    5.71 82.771480 68.511179 4 1 268 269 290 291 342 343 376 
7.04    14.21 92.333390 85.254549 6 1 117 118 253 254 268 269 290 291 342 343 376 
6.03    16.58 93.967039 88.298044 7 118 226 227 253 1 117 254 268 269 290 291 342 343 376 
4.64    21.56 95.774931 91.728375 9 118 184 185 205 206 226 227 253 1 117 254 268 269 290 291 342 343 376 
4.30    23.28 96.151083 92.450307 10 291 315 316 342 118 184 185 205 206 226 227 253 1 117 254 268 269 290 343 376 
3.59    27.84 97.055889 94.198456 11 1 77 78 117 291 315 316 342 118 184 185 205 206 226 227 253 254 268 269 290 343 376 
3.41    29.29 97.207235 94.492464 12 343 358 359 376 1 77 78 117 291 315 316 342 118 184 185 205 206 226 227 253 254 268 269 290 
3.00    33.28 97.521651 95.104725 13 118 146 147 184 343 358 359 376 1 77 78 117 291 315 316 342 185 205 206 226 227 253 254 268 269 290 
2.81    35.56 97.650218 95.355650 14 78 99 100 117 118 146 147 184 343 358 359 376 1 77 291 315 316 342 185 205 206 226 227 253 254 268 269 290 
2.26    44.26 98.055457 96.148727 16 1 16 17 38 39 77 78 99 100 117 118 146 147 184 343 358 359 376 291 315 316 342 185 205 206 226 227 253 254 268 269 290 
2.14    46.64 98.216854 96.465503 17 39 59 60 77 1 16 17 38 78 99 100 117 118 146 147 184 343 358 359 376 291 315 316 342 185 205 206 226 227 253 254 268 269 290 
2.01    49.75 98.304517 96.637780 18 147 163 164 184 39 59 60 77 1 16 17 38 78 99 100 117 118 146 343 358 359 376 291 315 316 342 185 205 206 226 227 253 254 268 269 290 
