# pdb file = /home/wagram/gelly/CORNICHON/PROJECTS/DR/DR_2/PDBs_Clean/2PPYA/2PPYA.pdb
# dssp file = /home/wagram/gelly/CORNICHON/PROJECTS/DR/DR_2/PDBs_Clean/2PPYA/2PPYA.dssp
# R2 value = 99
# S2D limit size = 8
# limit size of PU= 15
# max size of PU= 0
# d0 value= 6.0
# delta value= 1.5
# only secondary structure= 0
# pruning flag= 0
# cut off pruning= 0
# Max Number of pu= 40
# END PARSE PDB
# END PARSE DSSP
#i/e    i/i+e R2        CI        N DOMAINS
43.58    2.29 74.494231 55.493904 2 1 205 206 264 
8.22    12.16 88.776716 78.813053 4 1 135 136 170 171 205 206 264 
7.95    12.58 90.171100 81.308273 5 171 186 187 205 1 135 136 170 206 264 
6.84    14.62 91.645323 83.988652 6 206 242 243 264 171 186 187 205 1 135 136 170 
3.98    25.13 95.329221 90.876604 8 1 69 70 88 89 135 206 242 243 264 171 186 187 205 136 170 
2.93    34.08 96.365957 92.863977 10 1 31 32 50 51 69 70 88 89 135 206 242 243 264 171 186 187 205 136 170 
2.72    36.75 96.711706 93.531540 11 206 223 224 242 1 31 32 50 51 69 70 88 89 135 243 264 171 186 187 205 136 170 
2.46    40.67 97.131568 94.345415 12 89 106 107 135 206 223 224 242 1 31 32 50 51 69 70 88 243 264 171 186 187 205 136 170 
2.25    44.51 97.299314 94.671565 13 1 16 17 31 89 106 107 135 206 223 224 242 32 50 51 69 70 88 243 264 171 186 187 205 136 170 
