# pdb file = /home/wagram/gelly/CORNICHON/PROJECTS/DR/DR_2/PDBs_Clean/3Q8DA/3Q8DA.pdb
# dssp file = /home/wagram/gelly/CORNICHON/PROJECTS/DR/DR_2/PDBs_Clean/3Q8DA/3Q8DA.dssp
# R2 value = 99
# S2D limit size = 8
# limit size of PU= 15
# max size of PU= 0
# d0 value= 6.0
# delta value= 1.5
# only secondary structure= 0
# pruning flag= 0
# cut off pruning= 0
# Max Number of pu= 40
# END PARSE PDB
# END PARSE DSSP
#i/e    i/i+e R2        CI        N DOMAINS
22.03    4.54 84.656267 71.666835 3 1 126 127 219 220 231 
10.19    9.81 91.292245 83.342740 5 127 144 145 188 189 219 1 126 220 231 
6.76    14.79 94.806700 89.883103 6 1 78 79 126 127 144 145 188 189 219 220 231 
6.25    16.01 95.303463 90.827501 7 189 204 205 219 1 78 79 126 127 144 145 188 220 231 
5.47    18.27 95.998151 92.156450 8 79 103 104 126 189 204 205 219 1 78 127 144 145 188 220 231 
3.36    29.73 96.918049 93.931083 10 1 35 36 50 51 78 79 103 104 126 189 204 205 219 127 144 145 188 220 231 
2.84    35.16 97.135557 94.353164 11 145 160 161 188 1 35 36 50 51 78 79 103 104 126 189 204 205 219 127 144 220 231 
2.40    41.69 97.233937 94.544385 12 1 17 18 35 145 160 161 188 36 50 51 78 79 103 104 126 189 204 205 219 127 144 220 231 
