# pdb file = /home/wagram/gelly/CORNICHON/PROJECTS/DR/DR_2/PDBs_Clean/2X5QA/2X5QA.pdb
# dssp file = /home/wagram/gelly/CORNICHON/PROJECTS/DR/DR_2/PDBs_Clean/2X5QA/2X5QA.dssp
# R2 value = 99
# S2D limit size = 8
# limit size of PU= 15
# max size of PU= 0
# d0 value= 6.0
# delta value= 1.5
# only secondary structure= 0
# pruning flag= 0
# cut off pruning= 0
# Max Number of pu= 40
# END PARSE PDB
# END PARSE DSSP
#i/e    i/i+e R2        CI        N DOMAINS
7.80    12.83 71.813210 51.571372 3 1 131 132 171 172 183 
6.45    15.50 75.719862 57.334975 4 132 155 156 171 1 131 172 183 
5.29    18.89 81.321681 66.132158 5 1 116 117 131 132 155 156 171 172 183 
2.06    48.50 89.320749 79.781962 7 1 53 54 74 75 116 117 131 132 155 156 171 172 183 
1.99    50.35 91.355606 83.458467 8 1 37 38 53 54 74 75 116 117 131 132 155 156 171 172 183 
1.76    56.92 91.957447 84.561721 9 1 16 17 37 38 53 54 74 75 116 117 131 132 155 156 171 172 183 
1.53    65.56 92.715856 85.962299 10 75 94 95 116 1 16 17 37 38 53 54 74 117 131 132 155 156 171 172 183 
