# pdb file = /home/wagram/gelly/CORNICHON/PROJECTS/DR/DR_2/PDBs_Clean/3TEMA/3TEMA.pdb
# dssp file = /home/wagram/gelly/CORNICHON/PROJECTS/DR/DR_2/PDBs_Clean/3TEMA/3TEMA.dssp
# R2 value = 99
# S2D limit size = 8
# limit size of PU= 15
# max size of PU= 0
# d0 value= 6.0
# delta value= 1.5
# only secondary structure= 0
# pruning flag= 0
# cut off pruning= 0
# Max Number of pu= 40
# END PARSE PDB
# END PARSE DSSP
#i/e    i/i+e R2        CI        N DOMAINS
9.42    10.61 80.208584 64.334169 3 1 49 50 80 81 228 
6.44    15.53 89.019777 79.245207 5 81 190 191 216 217 228 1 49 50 80 
3.53    28.37 93.345719 87.134233 7 81 148 149 170 171 190 191 216 217 228 1 49 50 80 
2.76    36.26 95.193088 90.617240 9 81 108 109 137 138 148 149 170 171 190 191 216 217 228 1 49 50 80 
2.46    40.61 95.448267 91.103717 10 50 65 66 80 81 108 109 137 138 148 149 170 171 190 191 216 217 228 1 49 
2.08    48.09 95.890746 91.950352 11 1 24 25 49 50 65 66 80 81 108 109 137 138 148 149 170 171 190 191 216 217 228 
