# pdb file = /home/wagram/gelly/CORNICHON/PROJECTS/DR/DR_2/PDBs_Clean/2I76A/2I76A.pdb
# dssp file = /home/wagram/gelly/CORNICHON/PROJECTS/DR/DR_2/PDBs_Clean/2I76A/2I76A.dssp
# R2 value = 99
# S2D limit size = 8
# limit size of PU= 15
# max size of PU= 0
# d0 value= 6.0
# delta value= 1.5
# only secondary structure= 0
# pruning flag= 0
# cut off pruning= 0
# Max Number of pu= 40
# END PARSE PDB
# END PARSE DSSP
#i/e    i/i+e R2        CI        N DOMAINS
131.79   0.76 83.276583 69.349893 2 1 158 159 247 
52.65    1.90 88.737597 78.743612 3 159 201 202 247 1 158 
16.73    5.98 94.211475 88.758019 4 1 73 74 158 159 201 202 247 
14.50    6.90 94.981384 90.214633 5 159 186 187 201 1 73 74 158 202 247 
11.17    8.95 95.998054 92.156263 6 74 142 143 158 159 186 187 201 1 73 202 247 
6.32    15.82 96.945514 93.984327 8 74 97 98 112 113 142 143 158 159 186 187 201 1 73 202 247 
5.53    18.08 97.293351 94.659962 9 202 228 229 247 74 97 98 112 113 142 143 158 159 186 187 201 1 73 
4.75    21.06 97.709989 95.472419 10 1 55 56 73 202 228 229 247 74 97 98 112 113 142 143 158 159 186 187 201 
3.49    28.65 98.135485 96.305734 12 1 17 18 48 49 55 56 73 202 228 229 247 74 97 98 112 113 142 143 158 159 186 187 201 
2.88    34.66 98.187592 96.408032 13 18 33 34 48 1 17 49 55 56 73 202 228 229 247 74 97 98 112 113 142 143 158 159 186 187 201 
