# pdb file = /home/wagram/gelly/CORNICHON/PROJECTS/DR/DR_2/PDBs_Clean/2GH9A/2GH9A.pdb
# dssp file = /home/wagram/gelly/CORNICHON/PROJECTS/DR/DR_2/PDBs_Clean/2GH9A/2GH9A.dssp
# R2 value = 99
# S2D limit size = 8
# limit size of PU= 15
# max size of PU= 0
# d0 value= 6.0
# delta value= 1.5
# only secondary structure= 0
# pruning flag= 0
# cut off pruning= 0
# Max Number of pu= 40
# END PARSE PDB
# END PARSE DSSP
#i/e    i/i+e R2        CI        N DOMAINS
5.84    17.12 84.191561 70.882190 3 1 113 114 263 264 378 
5.75    17.40 88.894592 79.022485 4 264 334 335 378 1 113 114 263 
5.36    18.67 91.767520 84.212777 5 1 61 62 113 264 334 335 378 114 263 
3.14    31.88 93.772701 87.933194 7 114 168 169 185 186 263 1 61 62 113 264 334 335 378 
3.10    32.30 94.567517 89.430152 8 114 149 150 168 169 185 186 263 1 61 62 113 264 334 335 378 
2.98    33.53 96.086335 92.325838 10 186 210 211 249 250 263 114 149 150 168 169 185 1 61 62 113 264 334 335 378 
2.77    36.16 96.923101 93.940876 12 264 289 290 326 327 334 186 210 211 249 250 263 114 149 150 168 169 185 1 61 62 113 335 378 
2.67    37.39 97.201604 94.481519 13 211 231 232 249 264 289 290 326 327 334 186 210 250 263 114 149 150 168 169 185 1 61 62 113 335 378 
2.59    38.61 97.413674 94.894239 14 114 129 130 149 211 231 232 249 264 289 290 326 327 334 186 210 250 263 150 168 169 185 1 61 62 113 335 378 
2.41    41.47 97.704341 95.461383 15 1 36 37 61 114 129 130 149 211 231 232 249 264 289 290 326 327 334 186 210 250 263 150 168 169 185 62 113 335 378 
2.29    43.68 97.921597 95.886391 16 62 77 78 113 1 36 37 61 114 129 130 149 211 231 232 249 264 289 290 326 327 334 186 210 250 263 150 168 169 185 335 378 
2.18    45.82 98.059745 96.157136 17 290 306 307 326 62 77 78 113 1 36 37 61 114 129 130 149 211 231 232 249 264 289 327 334 186 210 250 263 150 168 169 185 335 378 
2.06    48.47 98.199748 96.431905 18 335 360 361 378 290 306 307 326 62 77 78 113 1 36 37 61 114 129 130 149 211 231 232 249 264 289 327 334 186 210 250 263 150 168 169 185 
1.97    50.83 98.297580 96.624142 19 78 97 98 113 335 360 361 378 290 306 307 326 62 77 1 36 37 61 114 129 130 149 211 231 232 249 264 289 327 334 186 210 250 263 150 168 169 185 
1.83    54.69 98.366085 96.758866 20 1 16 17 36 78 97 98 113 335 360 361 378 290 306 307 326 62 77 37 61 114 129 130 149 211 231 232 249 264 289 327 334 186 210 250 263 150 168 169 185 
