# pdb file = /home/wagram/gelly/CORNICHON/PROJECTS/DR/DR_2/PDBs_Clean/2NQTA/2NQTA.pdb
# dssp file = /home/wagram/gelly/CORNICHON/PROJECTS/DR/DR_2/PDBs_Clean/2NQTA/2NQTA.dssp
# R2 value = 99
# S2D limit size = 8
# limit size of PU= 15
# max size of PU= 0
# d0 value= 6.0
# delta value= 1.5
# only secondary structure= 0
# pruning flag= 0
# cut off pruning= 0
# Max Number of pu= 40
# END PARSE PDB
# END PARSE DSSP
#i/e    i/i+e R2        CI        N DOMAINS
10.56    9.47 83.588539 69.870438 3 1 151 152 319 320 347 
8.48    11.79 88.658239 78.602834 4 1 105 106 151 152 319 320 347 
7.88    12.68 89.914325 80.845859 5 106 127 128 151 1 105 152 319 320 347 
3.86    25.91 92.296596 85.186617 7 152 187 188 202 203 319 106 127 128 151 1 105 320 347 
3.76    26.57 94.535629 89.369852 8 203 240 241 319 152 187 188 202 106 127 128 151 1 105 320 347 
3.64    27.49 94.910616 90.080249 9 152 172 173 187 203 240 241 319 188 202 106 127 128 151 1 105 320 347 
2.96    33.78 95.929150 92.024018 11 241 255 256 272 273 319 152 172 173 187 203 240 188 202 106 127 128 151 1 105 320 347 
2.35    42.59 97.126744 94.336044 13 1 43 44 66 67 105 241 255 256 272 273 319 152 172 173 187 203 240 188 202 106 127 128 151 320 347 
2.17    46.05 97.319238 94.710341 14 67 82 83 105 1 43 44 66 241 255 256 272 273 319 152 172 173 187 203 240 188 202 106 127 128 151 320 347 
1.96    51.08 97.429673 94.925413 15 1 22 23 43 67 82 83 105 44 66 241 255 256 272 273 319 152 172 173 187 203 240 188 202 106 127 128 151 320 347 
1.77    56.40 97.542901 95.146176 16 273 289 290 319 1 22 23 43 67 82 83 105 44 66 241 255 256 272 152 172 173 187 203 240 188 202 106 127 128 151 320 347 
1.63    61.23 97.651268 95.357702 17 203 222 223 240 273 289 290 319 1 22 23 43 67 82 83 105 44 66 241 255 256 272 152 172 173 187 188 202 106 127 128 151 320 347 
