# pdb file = /home/wagram/gelly/CORNICHON/PROJECTS/DR/DR_2/PDBs_Clean/3FQGA/3FQGA.pdb
# dssp file = /home/wagram/gelly/CORNICHON/PROJECTS/DR/DR_2/PDBs_Clean/3FQGA/3FQGA.dssp
# R2 value = 99
# S2D limit size = 8
# limit size of PU= 15
# max size of PU= 0
# d0 value= 6.0
# delta value= 1.5
# only secondary structure= 0
# pruning flag= 0
# cut off pruning= 0
# Max Number of pu= 40
# END PARSE PDB
# END PARSE DSSP
#i/e    i/i+e R2        CI        N DOMAINS
6.24    16.02 79.262970 62.826184 3 1 181 182 270 271 313 
6.01    16.63 83.881121 70.360424 4 1 16 17 181 182 270 271 313 
3.14    31.81 91.194342 83.164080 6 17 67 68 130 131 181 1 16 182 270 271 313 
3.11    32.20 92.672493 85.881910 7 131 162 163 181 17 67 68 130 1 16 182 270 271 313 
3.06    32.68 93.733455 87.859605 8 17 44 45 67 131 162 163 181 68 130 1 16 182 270 271 313 
2.95    33.85 94.463084 89.232743 9 271 291 292 313 17 44 45 67 131 162 163 181 68 130 1 16 182 270 
2.77    36.12 95.295572 90.812460 10 68 86 87 130 271 291 292 313 17 44 45 67 131 162 163 181 1 16 182 270 
2.56    39.01 96.022260 92.202744 11 182 252 253 270 68 86 87 130 271 291 292 313 17 44 45 67 131 162 163 181 1 16 
2.11    47.43 96.939021 93.971738 13 182 206 207 224 225 252 253 270 68 86 87 130 271 291 292 313 17 44 45 67 131 162 163 181 1 16 
1.96    50.89 97.237401 94.551121 14 87 109 110 130 182 206 207 224 225 252 253 270 68 86 271 291 292 313 17 44 45 67 131 162 163 181 1 16 
