# pdb file = /home/wagram/gelly/CORNICHON/PROJECTS/DR/DR_2/PDBs_Clean/3FZVA/3FZVA.pdb
# dssp file = /home/wagram/gelly/CORNICHON/PROJECTS/DR/DR_2/PDBs_Clean/3FZVA/3FZVA.dssp
# R2 value = 99
# S2D limit size = 8
# limit size of PU= 15
# max size of PU= 0
# d0 value= 6.0
# delta value= 1.5
# only secondary structure= 0
# pruning flag= 0
# cut off pruning= 0
# Max Number of pu= 40
# END PARSE PDB
# END PARSE DSSP
#i/e    i/i+e R2        CI        N DOMAINS
107.91   0.93 77.866940 60.632603 2 1 62 63 285 
10.67    9.37 93.123461 86.719789 4 63 152 153 255 256 285 1 62 
9.72    10.28 94.407719 89.128175 5 63 135 136 152 153 255 256 285 1 62 
8.39    11.91 95.320207 90.859419 6 1 42 43 62 63 135 136 152 153 255 256 285 
7.46    13.40 96.055176 92.265967 7 63 78 79 135 1 42 43 62 136 152 153 255 256 285 
3.56    28.05 96.912964 93.921226 9 153 185 186 204 205 255 63 78 79 135 1 42 43 62 136 152 256 285 
3.45    28.99 97.142918 94.367464 10 153 170 171 185 186 204 205 255 63 78 79 135 1 42 43 62 136 152 256 285 
3.19    31.36 97.473833 95.011482 11 205 228 229 255 153 170 171 185 186 204 63 78 79 135 1 42 43 62 136 152 256 285 
2.81    35.57 97.783491 95.616111 12 79 116 117 135 205 228 229 255 153 170 171 185 186 204 63 78 1 42 43 62 136 152 256 285 
2.55    39.15 97.936024 95.914648 13 1 27 28 42 79 116 117 135 205 228 229 255 153 170 171 185 186 204 63 78 43 62 136 152 256 285 
2.24    44.72 98.038136 96.114761 14 79 95 96 116 1 27 28 42 117 135 205 228 229 255 153 170 171 185 186 204 63 78 43 62 136 152 256 285 
