# pdb file = /home/wagram/gelly/CORNICHON/PROJECTS/DR/DR_2/PDBs_Clean/1MTYD/1MTYD.pdb
# dssp file = /home/wagram/gelly/CORNICHON/PROJECTS/DR/DR_2/PDBs_Clean/1MTYD/1MTYD.dssp
# R2 value = 99
# S2D limit size = 8
# limit size of PU= 15
# max size of PU= 0
# d0 value= 6.0
# delta value= 1.5
# only secondary structure= 0
# pruning flag= 0
# cut off pruning= 0
# Max Number of pu= 40
# END PARSE PDB
# END PARSE DSSP
#i/e    i/i+e R2        CI        N DOMAINS
22.99    4.35 78.011841 60.858473 2 1 329 330 512 
12.45    8.03 86.571164 74.945665 4 330 400 401 452 453 512 1 329 
10.83    9.24 88.820249 78.890367 6 330 347 348 388 389 400 401 452 453 512 1 329 
7.43    13.46 93.287541 87.025654 7 1 243 244 329 330 347 348 388 389 400 401 452 453 512 
6.76    14.80 94.390434 89.095540 8 1 28 29 243 244 329 330 347 348 388 389 400 401 452 453 512 
5.21    19.21 95.874548 91.919290 10 29 47 48 76 77 243 1 28 244 329 330 347 348 388 389 400 401 452 453 512 
5.03    19.88 96.137304 92.423811 11 348 373 374 388 29 47 48 76 77 243 1 28 244 329 330 347 389 400 401 452 453 512 
4.17    23.98 97.116422 94.315994 12 77 180 181 243 348 373 374 388 29 47 48 76 1 28 244 329 330 347 389 400 401 452 453 512 
3.83    26.09 97.545958 95.152138 14 181 200 201 228 229 243 77 180 348 373 374 388 29 47 48 76 1 28 244 329 330 347 389 400 401 452 453 512 
3.16    31.60 98.172898 96.379179 16 77 102 103 132 133 180 181 200 201 228 229 243 348 373 374 388 29 47 48 76 1 28 244 329 330 347 389 400 401 452 453 512 
3.12    32.07 98.362349 96.751516 17 133 163 164 180 77 102 103 132 181 200 201 228 229 243 348 373 374 388 29 47 48 76 1 28 244 329 330 347 389 400 401 452 453 512 
2.80    35.70 98.655126 97.328340 19 244 284 285 314 315 329 133 163 164 180 77 102 103 132 181 200 201 228 229 243 348 373 374 388 29 47 48 76 1 28 330 347 389 400 401 452 453 512 
2.75    36.32 98.773818 97.562670 20 244 266 267 284 285 314 315 329 133 163 164 180 77 102 103 132 181 200 201 228 229 243 348 373 374 388 29 47 48 76 1 28 330 347 389 400 401 452 453 512 
2.54    39.34 98.910720 97.833304 22 453 472 473 502 503 512 244 266 267 284 285 314 315 329 133 163 164 180 77 102 103 132 181 200 201 228 229 243 348 373 374 388 29 47 48 76 1 28 330 347 389 400 401 452 
2.44    40.92 98.976382 97.963243 23 401 435 436 452 453 472 473 502 503 512 244 266 267 284 285 314 315 329 133 163 164 180 77 102 103 132 181 200 201 228 229 243 348 373 374 388 29 47 48 76 1 28 330 347 389 400 
2.37    42.20 99.033172 98.075692 24 133 148 149 163 401 435 436 452 453 472 473 502 503 512 244 266 267 284 285 314 315 329 164 180 77 102 103 132 181 200 201 228 229 243 348 373 374 388 29 47 48 76 1 28 330 347 389 400 
