# pdb file = /home/wagram/gelly/CORNICHON/PROJECTS/DR/DR_2/PDBs_Clean/3JU7A/3JU7A.pdb
# dssp file = /home/wagram/gelly/CORNICHON/PROJECTS/DR/DR_2/PDBs_Clean/3JU7A/3JU7A.dssp
# R2 value = 99
# S2D limit size = 8
# limit size of PU= 15
# max size of PU= 0
# d0 value= 6.0
# delta value= 1.5
# only secondary structure= 0
# pruning flag= 0
# cut off pruning= 0
# Max Number of pu= 40
# END PARSE PDB
# END PARSE DSSP
#i/e    i/i+e R2        CI        N DOMAINS
11.96    8.36 77.235180 59.652730 3 1 15 16 246 247 368 
7.01    14.27 83.736154 70.117435 5 247 316 317 343 344 368 1 15 16 246 
6.71    14.90 86.179793 74.269567 6 247 297 298 316 317 343 344 368 1 15 16 246 
4.86    20.57 91.910084 84.474635 8 16 51 52 233 234 246 247 297 298 316 317 343 344 368 1 15 
4.70    21.29 92.522198 85.603571 9 16 31 32 51 52 233 234 246 247 297 298 316 317 343 344 368 1 15 
3.00    33.34 95.769977 91.718884 11 52 71 72 133 134 233 16 31 32 51 234 246 247 297 298 316 317 343 344 368 1 15 
2.90    34.46 96.748844 93.603388 12 134 203 204 233 52 71 72 133 16 31 32 51 234 246 247 297 298 316 317 343 344 368 1 15 
2.76    36.17 97.081411 94.248005 13 247 270 271 297 134 203 204 233 52 71 72 133 16 31 32 51 234 246 298 316 317 343 344 368 1 15 
2.50    40.02 97.472110 95.008122 14 134 158 159 203 247 270 271 297 204 233 52 71 72 133 16 31 32 51 234 246 298 316 317 343 344 368 1 15 
2.08    48.03 97.776287 95.602023 16 72 86 87 102 103 133 134 158 159 203 247 270 271 297 204 233 52 71 16 31 32 51 234 246 298 316 317 343 344 368 1 15 
2.02    49.47 97.915529 95.874508 17 103 118 119 133 72 86 87 102 134 158 159 203 247 270 271 297 204 233 52 71 16 31 32 51 234 246 298 316 317 343 344 368 1 15 
1.89    52.85 98.073382 96.183883 18 159 175 176 203 103 118 119 133 72 86 87 102 134 158 247 270 271 297 204 233 52 71 16 31 32 51 234 246 298 316 317 343 344 368 1 15 
