# pdb file = /home/wagram/gelly/CORNICHON/PROJECTS/DR/DR_2/PDBs_Clean/2XXJA/2XXJA.pdb
# dssp file = /home/wagram/gelly/CORNICHON/PROJECTS/DR/DR_2/PDBs_Clean/2XXJA/2XXJA.dssp
# R2 value = 99
# S2D limit size = 8
# limit size of PU= 15
# max size of PU= 0
# d0 value= 6.0
# delta value= 1.5
# only secondary structure= 0
# pruning flag= 0
# cut off pruning= 0
# Max Number of pu= 40
# END PARSE PDB
# END PARSE DSSP
#i/e    i/i+e R2        CI        N DOMAINS
8.46    11.82 86.088605 74.112480 3 1 141 142 227 228 310 
7.41    13.49 88.636046 78.563487 4 228 284 285 310 1 141 142 227 
5.64    17.73 92.429989 85.433028 5 1 60 61 141 228 284 285 310 142 227 
5.04    19.83 93.811848 88.006629 6 142 200 201 227 1 60 61 141 228 284 285 310 
3.90    25.62 95.346111 90.908809 8 61 75 76 95 96 141 142 200 201 227 1 60 228 284 285 310 
3.62    27.66 96.070531 92.295468 9 228 244 245 284 61 75 76 95 96 141 142 200 201 227 1 60 285 310 
3.32    30.15 96.487342 93.098071 10 142 184 185 200 228 244 245 284 61 75 76 95 96 141 201 227 1 60 285 310 
3.08    32.50 96.816481 93.734309 11 142 164 165 184 185 200 228 244 245 284 61 75 76 95 96 141 201 227 1 60 285 310 
2.85    35.04 97.158933 94.398582 12 96 113 114 141 142 164 165 184 185 200 228 244 245 284 61 75 76 95 201 227 1 60 285 310 
2.42    41.30 97.464982 94.994227 13 1 31 32 60 96 113 114 141 142 164 165 184 185 200 228 244 245 284 61 75 76 95 201 227 285 310 
2.21    45.20 97.593592 95.245092 14 245 269 270 284 1 31 32 60 96 113 114 141 142 164 165 184 185 200 228 244 61 75 76 95 201 227 285 310 
2.02    49.41 97.689448 95.432283 15 1 16 17 31 245 269 270 284 32 60 96 113 114 141 142 164 165 184 185 200 228 244 61 75 76 95 201 227 285 310 
