# pdb file = /home/wagram/gelly/CORNICHON/PROJECTS/DR/DR_2/PDBs_Clean/2XHIA/2XHIA.pdb
# dssp file = /home/wagram/gelly/CORNICHON/PROJECTS/DR/DR_2/PDBs_Clean/2XHIA/2XHIA.dssp
# R2 value = 99
# S2D limit size = 8
# limit size of PU= 15
# max size of PU= 0
# d0 value= 6.0
# delta value= 1.5
# only secondary structure= 0
# pruning flag= 0
# cut off pruning= 0
# Max Number of pu= 40
# END PARSE PDB
# END PARSE DSSP
#i/e    i/i+e R2        CI        N DOMAINS
13.24    7.55 88.231133 77.847328 3 1 125 126 252 253 316 
7.72    12.95 92.493656 85.550763 5 126 140 141 173 174 252 1 125 253 316 
6.70    14.93 94.258884 88.847372 6 174 211 212 252 126 140 141 173 1 125 253 316 
5.31    18.82 95.810733 91.796966 7 1 79 80 125 174 211 212 252 126 140 141 173 253 316 
5.00    19.98 96.235927 92.613537 8 80 95 96 125 1 79 174 211 212 252 126 140 141 173 253 316 
4.01    24.93 96.966625 94.025264 10 253 272 273 289 290 316 80 95 96 125 1 79 174 211 212 252 126 140 141 173 
3.06    32.68 97.549279 95.158618 12 1 24 25 58 59 79 253 272 273 289 290 316 80 95 96 125 174 211 212 252 126 140 141 173 
2.90    34.48 97.711721 95.475805 13 141 157 158 173 1 24 25 58 59 79 253 272 273 289 290 316 80 95 96 125 174 211 212 252 126 140 
2.67    37.41 97.901897 95.847814 14 212 230 231 252 141 157 158 173 1 24 25 58 59 79 253 272 273 289 290 316 80 95 96 125 174 211 126 140 
2.50    40.07 98.069726 96.176712 15 25 41 42 58 212 230 231 252 141 157 158 173 1 24 59 79 253 272 273 289 290 316 80 95 96 125 174 211 126 140 
2.30    43.51 98.210963 96.453932 16 174 196 197 211 25 41 42 58 212 230 231 252 141 157 158 173 1 24 59 79 253 272 273 289 290 316 80 95 96 125 126 140 
