# pdb file = /home/wagram/gelly/CORNICHON/PROJECTS/DR/DR_2/PDBs_Clean/3HM4A/3HM4A.pdb
# dssp file = /home/wagram/gelly/CORNICHON/PROJECTS/DR/DR_2/PDBs_Clean/3HM4A/3HM4A.dssp
# R2 value = 99
# S2D limit size = 8
# limit size of PU= 15
# max size of PU= 0
# d0 value= 6.0
# delta value= 1.5
# only secondary structure= 0
# pruning flag= 0
# cut off pruning= 0
# Max Number of pu= 40
# END PARSE PDB
# END PARSE DSSP
#i/e    i/i+e R2        CI        N DOMAINS
2.47    40.49 68.195371 46.506086 3 1 66 67 91 92 153 
2.41    41.46 79.219036 62.756557 4 92 118 119 153 1 66 67 91 
2.32    43.11 86.128529 74.181236 5 1 33 34 66 92 118 119 153 67 91 
2.08    48.12 87.763333 77.024026 6 1 16 17 33 34 66 92 118 119 153 67 91 
1.74    57.46 88.251339 77.882988 7 34 49 50 66 1 16 17 33 92 118 119 153 67 91 
