# pdb file = /home/wagram/gelly/CORNICHON/PROJECTS/DR/DR_2/PDBs_Clean/3HP0A/3HP0A.pdb
# dssp file = /home/wagram/gelly/CORNICHON/PROJECTS/DR/DR_2/PDBs_Clean/3HP0A/3HP0A.dssp
# R2 value = 99
# S2D limit size = 8
# limit size of PU= 15
# max size of PU= 0
# d0 value= 6.0
# delta value= 1.5
# only secondary structure= 0
# pruning flag= 0
# cut off pruning= 0
# Max Number of pu= 40
# END PARSE PDB
# END PARSE DSSP
#i/e    i/i+e R2        CI        N DOMAINS
55.81    1.79 50.124260 25.124414 2 1 233 234 250 
8.93    11.20 82.525404 68.104423 4 1 63 64 78 79 233 234 250 
5.34    18.72 90.820862 82.484290 6 79 96 97 198 199 233 1 63 64 78 234 250 
5.18    19.30 91.959815 84.566075 7 199 214 215 233 79 96 97 198 1 63 64 78 234 250 
4.69    21.33 93.563477 87.541243 8 97 182 183 198 199 214 215 233 79 96 1 63 64 78 234 250 
3.21    31.15 95.944713 92.053880 10 97 130 131 164 165 182 183 198 199 214 215 233 79 96 1 63 64 78 234 250 
2.45    40.79 96.883385 93.863903 12 1 25 26 45 46 63 97 130 131 164 165 182 183 198 199 214 215 233 79 96 64 78 234 250 
