# pdb file = /home/wagram/gelly/CORNICHON/PROJECTS/DR/DR_2/PDBs_Clean/3JS6A/3JS6A.pdb
# dssp file = /home/wagram/gelly/CORNICHON/PROJECTS/DR/DR_2/PDBs_Clean/3JS6A/3JS6A.dssp
# R2 value = 99
# S2D limit size = 8
# limit size of PU= 15
# max size of PU= 0
# d0 value= 6.0
# delta value= 1.5
# only secondary structure= 0
# pruning flag= 0
# cut off pruning= 0
# Max Number of pu= 40
# END PARSE PDB
# END PARSE DSSP
#i/e    i/i+e R2        CI        N DOMAINS
13.24    7.55 85.183937 72.563030 3 1 176 177 296 297 321 
11.99    8.34 88.936437 79.096898 4 1 161 162 176 177 296 297 321 
6.95    14.38 93.170803 86.807985 6 177 217 218 251 252 296 1 161 162 176 297 321 
6.58    15.20 93.930357 88.229120 7 252 269 270 296 177 217 218 251 1 161 162 176 297 321 
4.13    24.23 96.557817 93.234121 9 1 27 28 78 79 161 252 269 270 296 177 217 218 251 162 176 297 321 
3.83    26.11 97.056171 94.199004 10 79 95 96 161 1 27 28 78 252 269 270 296 177 217 218 251 162 176 297 321 
2.99    33.49 97.611361 95.279778 12 96 118 119 136 137 161 79 95 1 27 28 78 252 269 270 296 177 217 218 251 162 176 297 321 
2.83    35.33 97.773483 95.596540 13 218 236 237 251 96 118 119 136 137 161 79 95 1 27 28 78 252 269 270 296 177 217 162 176 297 321 
2.47    40.48 97.890124 95.824763 14 28 47 48 78 218 236 237 251 96 118 119 136 137 161 79 95 1 27 252 269 270 296 177 217 162 176 297 321 
2.18    45.80 98.001526 96.042990 15 177 192 193 217 28 47 48 78 218 236 237 251 96 118 119 136 137 161 79 95 1 27 252 269 270 296 162 176 297 321 
