# pdb file = /home/wagram/gelly/CORNICHON/PROJECTS/DR/DR_2/PDBs_Clean/3SG8A/3SG8A.pdb
# dssp file = /home/wagram/gelly/CORNICHON/PROJECTS/DR/DR_2/PDBs_Clean/3SG8A/3SG8A.dssp
# R2 value = 99
# S2D limit size = 8
# limit size of PU= 15
# max size of PU= 0
# d0 value= 6.0
# delta value= 1.5
# only secondary structure= 0
# pruning flag= 0
# cut off pruning= 0
# Max Number of pu= 40
# END PARSE PDB
# END PARSE DSSP
#i/e    i/i+e R2        CI        N DOMAINS
27.67    3.61 78.745071 62.007862 2 1 98 99 298 
19.12    5.23 86.520032 74.857159 3 99 270 271 298 1 98 
7.26    13.78 93.704000 87.804396 5 99 144 145 188 189 270 271 298 1 98 
6.82    14.67 94.387665 89.090313 6 99 122 123 144 145 188 189 270 271 298 1 98 
5.92    16.88 95.711675 91.607247 7 189 226 227 270 99 122 123 144 145 188 271 298 1 98 
5.18    19.29 96.484808 93.093181 8 1 22 23 98 189 226 227 270 99 122 123 144 145 188 271 298 
4.77    20.94 96.925090 93.944731 9 227 254 255 270 1 22 23 98 189 226 99 122 123 144 145 188 271 298 
3.60    27.78 97.670144 95.394570 11 23 58 59 75 76 98 227 254 255 270 1 22 189 226 99 122 123 144 145 188 271 298 
3.34    29.96 97.883905 95.812590 12 145 164 165 188 23 58 59 75 76 98 227 254 255 270 1 22 189 226 99 122 123 144 271 298 
2.95    33.94 98.023200 96.085478 13 23 41 42 58 145 164 165 188 59 75 76 98 227 254 255 270 1 22 189 226 99 122 123 144 271 298 
2.53    39.57 98.090907 96.218261 14 189 205 206 226 23 41 42 58 145 164 165 188 59 75 76 98 227 254 255 270 1 22 99 122 123 144 271 298 
