# pdb file = /home/wagram/gelly/CORNICHON/PROJECTS/DR/DR_2/PDBs_Clean/3KB9A/3KB9A.pdb
# dssp file = /home/wagram/gelly/CORNICHON/PROJECTS/DR/DR_2/PDBs_Clean/3KB9A/3KB9A.dssp
# R2 value = 99
# S2D limit size = 8
# limit size of PU= 15
# max size of PU= 0
# d0 value= 6.0
# delta value= 1.5
# only secondary structure= 0
# pruning flag= 0
# cut off pruning= 0
# Max Number of pu= 40
# END PARSE PDB
# END PARSE DSSP
#i/e    i/i+e R2        CI        N DOMAINS
10.07    9.93 82.797101 68.553599 3 1 137 138 308 309 340 
9.85    10.15 86.024463 74.002082 4 1 16 17 137 138 308 309 340 
7.88    12.69 90.086427 81.155644 5 17 78 79 137 1 16 138 308 309 340 
7.20    13.89 91.466124 83.660518 6 79 104 105 137 17 78 1 16 138 308 309 340 
6.92    14.46 92.111307 84.844930 7 309 324 325 340 79 104 105 137 17 78 1 16 138 308 
5.34    18.71 95.064970 90.373484 8 138 199 200 308 309 324 325 340 79 104 105 137 17 78 1 16 
4.35    22.96 96.785537 93.674401 10 200 217 218 268 269 308 138 199 309 324 325 340 79 104 105 137 17 78 1 16 
3.87    25.81 97.539421 95.139386 12 138 152 153 185 186 199 200 217 218 268 269 308 309 324 325 340 79 104 105 137 17 78 1 16 
3.25    30.80 97.984868 96.010343 14 17 31 32 52 53 78 138 152 153 185 186 199 200 217 218 268 269 308 309 324 325 340 79 104 105 137 1 16 
3.11    32.18 98.130229 96.295419 15 153 169 170 185 17 31 32 52 53 78 138 152 186 199 200 217 218 268 269 308 309 324 325 340 79 104 105 137 1 16 
2.86    34.94 98.335713 96.699124 16 218 240 241 268 153 169 170 185 17 31 32 52 53 78 138 152 186 199 200 217 269 308 309 324 325 340 79 104 105 137 1 16 
2.69    37.19 98.478931 96.980999 17 269 285 286 308 218 240 241 268 153 169 170 185 17 31 32 52 53 78 138 152 186 199 200 217 309 324 325 340 79 104 105 137 1 16 
2.46    40.61 98.546744 97.114608 18 105 120 121 137 269 285 286 308 218 240 241 268 153 169 170 185 17 31 32 52 53 78 138 152 186 199 200 217 309 324 325 340 79 104 1 16 
