# pdb file = /home/wagram/gelly/CORNICHON/PROJECTS/DR/DR_2/PDBs_Clean/3PM9A/3PM9A.pdb
# dssp file = /home/wagram/gelly/CORNICHON/PROJECTS/DR/DR_2/PDBs_Clean/3PM9A/3PM9A.dssp
# R2 value = 99
# S2D limit size = 8
# limit size of PU= 15
# max size of PU= 0
# d0 value= 6.0
# delta value= 1.5
# only secondary structure= 0
# pruning flag= 0
# cut off pruning= 0
# Max Number of pu= 40
# END PARSE PDB
# END PARSE DSSP
#i/e    i/i+e R2        CI        N DOMAINS
20.27    4.93 87.583171 76.708118 3 1 216 217 422 423 465 
13.89    7.20 92.139953 84.897709 4 217 337 338 422 1 216 423 465 
9.51    10.51 94.900534 90.061113 5 1 93 94 216 217 337 338 422 423 465 
6.83    14.64 95.854108 91.880100 7 1 48 49 65 66 93 94 216 217 337 338 422 423 465 
6.37    15.69 96.132278 92.414149 8 1 19 20 48 49 65 66 93 94 216 217 337 338 422 423 465 
5.98    16.73 96.347987 92.829346 9 423 438 439 465 1 19 20 48 49 65 66 93 94 216 217 337 338 422 
5.21    19.20 96.757910 93.620931 10 217 313 314 337 423 438 439 465 1 19 20 48 49 65 66 93 94 216 338 422 
3.66    27.31 97.258077 94.591335 12 217 255 256 270 271 313 314 337 423 438 439 465 1 19 20 48 49 65 66 93 94 216 338 422 
3.53    28.35 97.415121 94.897058 13 271 291 292 313 217 255 256 270 314 337 423 438 439 465 1 19 20 48 49 65 66 93 94 216 338 422 
3.39    29.46 97.532594 95.126069 14 217 236 237 255 271 291 292 313 256 270 314 337 423 438 439 465 1 19 20 48 49 65 66 93 94 216 338 422 
2.67    37.38 98.125384 96.285909 16 94 113 114 163 164 216 217 236 237 255 271 291 292 313 256 270 314 337 423 438 439 465 1 19 20 48 49 65 66 93 338 422 
2.56    39.03 98.256408 96.543217 17 114 129 130 163 94 113 164 216 217 236 237 255 271 291 292 313 256 270 314 337 423 438 439 465 1 19 20 48 49 65 66 93 338 422 
2.08    48.15 98.427613 96.879951 19 338 352 353 369 370 422 114 129 130 163 94 113 164 216 217 236 237 255 271 291 292 313 256 270 314 337 423 438 439 465 1 19 20 48 49 65 66 93 
2.03    49.24 98.578287 97.176787 20 370 400 401 422 338 352 353 369 114 129 130 163 94 113 164 216 217 236 237 255 271 291 292 313 256 270 314 337 423 438 439 465 1 19 20 48 49 65 66 93 
1.82    54.81 98.720916 97.458193 22 164 178 179 203 204 216 370 400 401 422 338 352 353 369 114 129 130 163 94 113 217 236 237 255 271 291 292 313 256 270 314 337 423 438 439 465 1 19 20 48 49 65 66 93 
1.75    57.23 98.793836 97.602220 23 130 148 149 163 164 178 179 203 204 216 370 400 401 422 338 352 353 369 114 129 94 113 217 236 237 255 271 291 292 313 256 270 314 337 423 438 439 465 1 19 20 48 49 65 66 93 
