# pdb file = /home/wagram/gelly/CORNICHON/PROJECTS/DR/DR_2/PDBs_Clean/3SGGA/3SGGA.pdb
# dssp file = /home/wagram/gelly/CORNICHON/PROJECTS/DR/DR_2/PDBs_Clean/3SGGA/3SGGA.dssp
# R2 value = 99
# S2D limit size = 8
# limit size of PU= 15
# max size of PU= 0
# d0 value= 6.0
# delta value= 1.5
# only secondary structure= 0
# pruning flag= 0
# cut off pruning= 0
# Max Number of pu= 40
# END PARSE PDB
# END PARSE DSSP
#i/e    i/i+e R2        CI        N DOMAINS
26.17    3.82 81.074232 65.730311 2 1 257 258 512 
12.00    8.34 87.537391 76.627949 4 1 195 196 244 245 257 258 512 
7.17    13.95 91.541837 83.799080 6 1 59 60 77 78 195 196 244 245 257 258 512 
6.72    14.88 92.641459 85.824399 7 78 98 99 195 1 59 60 77 196 244 245 257 258 512 
3.91    25.55 96.040040 92.236892 9 258 343 344 430 431 512 78 98 99 195 1 59 60 77 196 244 245 257 
3.81    26.27 96.396270 92.922409 10 431 495 496 512 258 343 344 430 78 98 99 195 1 59 60 77 196 244 245 257 
3.67    27.25 96.653200 93.418412 11 1 18 19 59 431 495 496 512 258 343 344 430 78 98 99 195 60 77 196 244 245 257 
3.54    28.27 96.870807 93.839533 12 196 213 214 244 1 18 19 59 431 495 496 512 258 343 344 430 78 98 99 195 60 77 245 257 
3.39    29.46 97.077956 94.241296 13 258 276 277 343 196 213 214 244 1 18 19 59 431 495 496 512 344 430 78 98 99 195 60 77 245 257 
3.07    32.54 97.526779 95.114726 14 99 154 155 195 258 276 277 343 196 213 214 244 1 18 19 59 431 495 496 512 344 430 78 98 60 77 245 257 
2.84    35.25 97.854005 95.754063 15 344 376 377 430 99 154 155 195 258 276 277 343 196 213 214 244 1 18 19 59 431 495 496 512 78 98 60 77 245 257 
2.76    36.27 97.951965 95.945875 16 344 361 362 376 377 430 99 154 155 195 258 276 277 343 196 213 214 244 1 18 19 59 431 495 496 512 78 98 60 77 245 257 
2.63    38.09 98.074940 96.186938 17 431 477 478 495 344 361 362 376 377 430 99 154 155 195 258 276 277 343 196 213 214 244 1 18 19 59 496 512 78 98 60 77 245 257 
2.37    42.19 98.336193 96.700069 19 277 294 295 309 310 343 431 477 478 495 344 361 362 376 377 430 99 154 155 195 258 276 196 213 214 244 1 18 19 59 496 512 78 98 60 77 245 257 
2.26    44.27 98.435522 96.895520 20 431 456 457 477 277 294 295 309 310 343 478 495 344 361 362 376 377 430 99 154 155 195 258 276 196 213 214 244 1 18 19 59 496 512 78 98 60 77 245 257 
2.17    46.10 98.515427 97.052894 21 155 172 173 195 431 456 457 477 277 294 295 309 310 343 478 495 344 361 362 376 377 430 99 154 258 276 196 213 214 244 1 18 19 59 496 512 78 98 60 77 245 257 
2.03    49.15 98.608568 97.236496 22 377 412 413 430 155 172 173 195 431 456 457 477 277 294 295 309 310 343 478 495 344 361 362 376 99 154 258 276 196 213 214 244 1 18 19 59 496 512 78 98 60 77 245 257 
1.78    56.22 98.710624 97.437872 24 99 114 115 130 131 154 377 412 413 430 155 172 173 195 431 456 457 477 277 294 295 309 310 343 478 495 344 361 362 376 258 276 196 213 214 244 1 18 19 59 496 512 78 98 60 77 245 257 
1.69    59.11 98.748694 97.513045 25 310 327 328 343 99 114 115 130 131 154 377 412 413 430 155 172 173 195 431 456 457 477 277 294 295 309 478 495 344 361 362 376 258 276 196 213 214 244 1 18 19 59 496 512 78 98 60 77 245 257 
1.58    63.20 98.776203 97.567382 26 19 40 41 59 310 327 328 343 99 114 115 130 131 154 377 412 413 430 155 172 173 195 431 456 457 477 277 294 295 309 478 495 344 361 362 376 258 276 196 213 214 244 1 18 496 512 78 98 60 77 245 257 
1.51    66.38 98.807529 97.629277 27 214 229 230 244 19 40 41 59 310 327 328 343 99 114 115 130 131 154 377 412 413 430 155 172 173 195 431 456 457 477 277 294 295 309 478 495 344 361 362 376 258 276 196 213 1 18 496 512 78 98 60 77 245 257 
1.42    70.38 98.830535 97.674746 28 377 397 398 412 214 229 230 244 19 40 41 59 310 327 328 343 99 114 115 130 131 154 413 430 155 172 173 195 431 456 457 477 277 294 295 309 478 495 344 361 362 376 258 276 196 213 1 18 496 512 78 98 60 77 245 257 
