# pdb file = /home/wagram/gelly/CORNICHON/PROJECTS/DR/DR_2/PDBs_Clean/3KEZA/3KEZA.pdb
# dssp file = /home/wagram/gelly/CORNICHON/PROJECTS/DR/DR_2/PDBs_Clean/3KEZA/3KEZA.dssp
# R2 value = 99
# S2D limit size = 8
# limit size of PU= 15
# max size of PU= 0
# d0 value= 6.0
# delta value= 1.5
# only secondary structure= 0
# pruning flag= 0
# cut off pruning= 0
# Max Number of pu= 40
# END PARSE PDB
# END PARSE DSSP
#i/e    i/i+e R2        CI        N DOMAINS
8.03    12.45 82.703672 68.398974 3 1 172 173 382 383 447 
7.74    12.92 84.880160 72.046415 4 383 421 422 447 1 172 173 382 
6.31    15.85 90.835377 82.510657 6 1 21 22 65 66 172 383 421 422 447 173 382 
4.22    23.71 95.385485 90.983907 8 173 247 248 317 318 382 1 21 22 65 66 172 383 421 422 447 
3.67    27.25 96.077748 92.309336 10 248 269 270 305 306 317 173 247 318 382 1 21 22 65 66 172 383 421 422 447 
3.08    32.51 97.021846 94.132385 12 66 113 114 159 160 172 248 269 270 305 306 317 173 247 318 382 1 21 22 65 383 421 422 447 
2.97    33.70 97.277805 94.629713 13 22 43 44 65 66 113 114 159 160 172 248 269 270 305 306 317 173 247 318 382 1 21 383 421 422 447 
2.62    38.12 97.766076 95.582057 15 173 187 188 207 208 247 22 43 44 65 66 113 114 159 160 172 248 269 270 305 306 317 318 382 1 21 383 421 422 447 
2.51    39.91 97.964842 95.971102 16 66 90 91 113 173 187 188 207 208 247 22 43 44 65 114 159 160 172 248 269 270 305 306 317 318 382 1 21 383 421 422 447 
2.38    41.96 98.157318 96.348591 17 318 366 367 382 66 90 91 113 173 187 188 207 208 247 22 43 44 65 114 159 160 172 248 269 270 305 306 317 1 21 383 421 422 447 
2.28    43.92 98.296717 96.622446 18 318 348 349 366 367 382 66 90 91 113 173 187 188 207 208 247 22 43 44 65 114 159 160 172 248 269 270 305 306 317 1 21 383 421 422 447 
2.20    45.53 98.384281 96.794667 19 270 286 287 305 318 348 349 366 367 382 66 90 91 113 173 187 188 207 208 247 22 43 44 65 114 159 160 172 248 269 306 317 1 21 383 421 422 447 
2.12    47.27 98.490750 97.004278 20 383 398 399 421 270 286 287 305 318 348 349 366 367 382 66 90 91 113 173 187 188 207 208 247 22 43 44 65 114 159 160 172 248 269 306 317 1 21 422 447 
2.04    49.12 98.572955 97.166274 21 208 232 233 247 383 398 399 421 270 286 287 305 318 348 349 366 367 382 66 90 91 113 173 187 188 207 22 43 44 65 114 159 160 172 248 269 306 317 1 21 422 447 
1.96    51.08 98.657264 97.332558 22 318 333 334 348 208 232 233 247 383 398 399 421 270 286 287 305 349 366 367 382 66 90 91 113 173 187 188 207 22 43 44 65 114 159 160 172 248 269 306 317 1 21 422 447 
1.84    54.23 98.727710 97.471607 23 114 132 133 159 318 333 334 348 208 232 233 247 383 398 399 421 270 286 287 305 349 366 367 382 66 90 91 113 173 187 188 207 22 43 44 65 160 172 248 269 306 317 1 21 422 447 
