# pdb file = /home/wagram/gelly/CORNICHON/PROJECTS/DR/DR_2/PDBs_Clean/2FDBM/2FDBM.pdb
# dssp file = /home/wagram/gelly/CORNICHON/PROJECTS/DR/DR_2/PDBs_Clean/2FDBM/2FDBM.dssp
# R2 value = 99
# S2D limit size = 8
# limit size of PU= 15
# max size of PU= 0
# d0 value= 6.0
# delta value= 1.5
# only secondary structure= 0
# pruning flag= 0
# cut off pruning= 0
# Max Number of pu= 40
# END PARSE PDB
# END PARSE DSSP
#i/e    i/i+e R2        CI        N DOMAINS
40.27    2.48 55.756725 31.088124 2 1 17 18 149 
4.50    22.21 79.450035 63.123080 4 18 74 75 141 142 149 1 17 
3.38    29.62 84.281641 71.033950 5 75 116 117 141 18 74 142 149 1 17 
2.96    33.82 86.921504 75.553479 6 75 92 93 116 117 141 18 74 142 149 1 17 
2.29    43.75 90.109885 81.197914 7 18 53 54 74 75 92 93 116 117 141 142 149 1 17 
1.91    52.39 91.113481 83.016665 8 18 35 36 53 54 74 75 92 93 116 117 141 142 149 1 17 
