# pdb file = /home/wagram/gelly/CORNICHON/PROJECTS/DR/DR_2/PDBs_Clean/1T1GA/1T1GA.pdb
# dssp file = /home/wagram/gelly/CORNICHON/PROJECTS/DR/DR_2/PDBs_Clean/1T1GA/1T1GA.dssp
# R2 value = 99
# S2D limit size = 8
# limit size of PU= 15
# max size of PU= 0
# d0 value= 6.0
# delta value= 1.5
# only secondary structure= 0
# pruning flag= 0
# cut off pruning= 0
# Max Number of pu= 40
# END PARSE PDB
# END PARSE DSSP
#i/e    i/i+e R2        CI        N DOMAINS
9.66    10.36 76.162775 58.007682 3 1 21 22 122 123 357 
4.19    23.86 86.395168 74.641250 5 123 258 259 275 276 357 1 21 22 122 
3.75    26.63 89.931241 80.876281 7 276 315 316 345 346 357 123 258 259 275 1 21 22 122 
3.71    26.98 90.994799 82.800534 8 276 300 301 315 316 345 346 357 123 258 259 275 1 21 22 122 
2.94    34.02 93.335155 87.114512 10 123 218 219 249 250 258 276 300 301 315 316 345 346 357 259 275 1 21 22 122 
2.73    36.66 94.640582 89.568397 11 123 191 192 218 219 249 250 258 276 300 301 315 316 345 346 357 259 275 1 21 22 122 
2.11    47.34 95.474448 91.153702 13 22 37 38 53 54 122 123 191 192 218 219 249 250 258 276 300 301 315 316 345 346 357 259 275 1 21 
1.87    53.49 96.351688 92.836478 15 54 68 69 92 93 122 22 37 38 53 123 191 192 218 219 249 250 258 276 300 301 315 316 345 346 357 259 275 1 21 
1.62    61.79 97.023822 94.136221 17 123 137 138 155 156 191 54 68 69 92 93 122 22 37 38 53 192 218 219 249 250 258 276 300 301 315 316 345 346 357 259 275 1 21 
1.51    66.15 97.132506 94.347238 18 156 176 177 191 123 137 138 155 54 68 69 92 93 122 22 37 38 53 192 218 219 249 250 258 276 300 301 315 316 345 346 357 259 275 1 21 
1.42    70.55 97.200506 94.479383 19 219 234 235 249 156 176 177 191 123 137 138 155 54 68 69 92 93 122 22 37 38 53 192 218 250 258 276 300 301 315 316 345 346 357 259 275 1 21 
