# pdb file = /home/wagram/gelly/CORNICHON/PROJECTS/DR/DR_2/PDBs_Clean/4E5NA/4E5NA.pdb
# dssp file = /home/wagram/gelly/CORNICHON/PROJECTS/DR/DR_2/PDBs_Clean/4E5NA/4E5NA.dssp
# R2 value = 99
# S2D limit size = 8
# limit size of PU= 15
# max size of PU= 0
# d0 value= 6.0
# delta value= 1.5
# only secondary structure= 0
# pruning flag= 0
# cut off pruning= 0
# Max Number of pu= 40
# END PARSE PDB
# END PARSE DSSP
#i/e    i/i+e R2        CI        N DOMAINS
15.21    6.58 85.760573 73.548759 3 1 99 100 296 297 329 
8.36    11.95 90.841220 82.521272 5 100 117 118 139 140 296 1 99 297 329 
6.45    15.51 94.166798 88.673859 6 140 208 209 296 100 117 118 139 1 99 297 329 
5.42    18.46 95.282321 90.787207 7 1 33 34 99 140 208 209 296 100 117 118 139 297 329 
5.07    19.73 95.566506 91.329570 8 297 312 313 329 1 33 34 99 140 208 209 296 100 117 118 139 
4.16    24.01 96.322330 92.779913 9 209 259 260 296 297 312 313 329 1 33 34 99 140 208 100 117 118 139 
3.92    25.52 96.568796 93.255323 10 260 277 278 296 209 259 297 312 313 329 1 33 34 99 140 208 100 117 118 139 
3.36    29.79 97.048984 94.185052 11 34 68 69 99 260 277 278 296 209 259 297 312 313 329 1 33 140 208 100 117 118 139 
3.12    32.01 97.217934 94.513267 12 34 50 51 68 69 99 260 277 278 296 209 259 297 312 313 329 1 33 140 208 100 117 118 139 
2.44    41.06 97.637945 95.331682 14 140 168 169 200 201 208 34 50 51 68 69 99 260 277 278 296 209 259 297 312 313 329 1 33 100 117 118 139 
2.20    45.51 97.839697 95.726063 15 209 226 227 259 140 168 169 200 201 208 34 50 51 68 69 99 260 277 278 296 297 312 313 329 1 33 100 117 118 139 
2.04    49.14 97.968558 95.978383 16 227 242 243 259 209 226 140 168 169 200 201 208 34 50 51 68 69 99 260 277 278 296 297 312 313 329 1 33 100 117 118 139 
1.83    54.50 98.005441 96.050665 17 1 18 19 33 227 242 243 259 209 226 140 168 169 200 201 208 34 50 51 68 69 99 260 277 278 296 297 312 313 329 100 117 118 139 
