# pdb file = /home/wagram/gelly/CORNICHON/PROJECTS/DR/DR_2/PDBs_Clean/2A97A/2A97A.pdb
# dssp file = /home/wagram/gelly/CORNICHON/PROJECTS/DR/DR_2/PDBs_Clean/2A97A/2A97A.dssp
# R2 value = 99
# S2D limit size = 8
# limit size of PU= 15
# max size of PU= 0
# d0 value= 6.0
# delta value= 1.5
# only secondary structure= 0
# pruning flag= 0
# cut off pruning= 0
# Max Number of pu= 40
# END PARSE PDB
# END PARSE DSSP
#i/e    i/i+e R2        CI        N DOMAINS
10.26    9.75 80.962493 65.549252 3 1 255 256 324 325 392 
9.29    10.76 86.255206 74.399605 4 1 230 231 255 256 324 325 392 
8.77    11.40 88.424112 78.188237 5 325 349 350 392 1 230 231 255 256 324 
8.02    12.47 89.738512 80.530005 6 256 271 272 324 325 349 350 392 1 230 231 255 
4.60    21.73 93.910769 88.192325 8 1 52 53 75 76 230 256 271 272 324 325 349 350 392 231 255 
4.15    24.09 95.455237 91.117023 9 76 112 113 230 1 52 53 75 256 271 272 324 325 349 350 392 231 255 
4.02    24.86 95.819367 91.813511 10 76 92 93 112 113 230 1 52 53 75 256 271 272 324 325 349 350 392 231 255 
3.55    28.19 96.764394 93.633479 11 113 150 151 230 76 92 93 112 1 52 53 75 256 271 272 324 325 349 350 392 231 255 
3.42    29.25 97.036890 94.161581 12 113 128 129 150 151 230 76 92 93 112 1 52 53 75 256 271 272 324 325 349 350 392 231 255 
3.17    31.56 97.301159 94.675155 13 272 297 298 324 113 128 129 150 151 230 76 92 93 112 1 52 53 75 256 271 325 349 350 392 231 255 
2.99    33.47 97.483360 95.030055 14 350 368 369 392 272 297 298 324 113 128 129 150 151 230 76 92 93 112 1 52 53 75 256 271 325 349 231 255 
2.37    42.23 98.009433 96.058490 16 151 168 169 188 189 230 350 368 369 392 272 297 298 324 113 128 129 150 76 92 93 112 1 52 53 75 256 271 325 349 231 255 
2.28    43.86 98.221706 96.475035 17 189 208 209 230 151 168 169 188 350 368 369 392 272 297 298 324 113 128 129 150 76 92 93 112 1 52 53 75 256 271 325 349 231 255 
2.13    46.92 98.340290 96.708126 18 1 20 21 52 189 208 209 230 151 168 169 188 350 368 369 392 272 297 298 324 113 128 129 150 76 92 93 112 53 75 256 271 325 349 231 255 
