# pdb file = /home/wagram/gelly/CORNICHON/PROJECTS/DR/DR_2/PDBs_Clean/1BVP1/1BVP1.pdb
# dssp file = /home/wagram/gelly/CORNICHON/PROJECTS/DR/DR_2/PDBs_Clean/1BVP1/1BVP1.dssp
# R2 value = 99
# S2D limit size = 8
# limit size of PU= 15
# max size of PU= 0
# d0 value= 6.0
# delta value= 1.5
# only secondary structure= 0
# pruning flag= 0
# cut off pruning= 0
# Max Number of pu= 40
# END PARSE PDB
# END PARSE DSSP
#i/e    i/i+e R2        CI        N DOMAINS
17.30    5.78 90.866022 82.566339 3 1 119 120 254 255 349 
15.03    6.65 92.117110 84.855619 4 255 334 335 349 1 119 120 254 
12.56    7.96 93.468892 87.364337 5 1 101 102 119 255 334 335 349 120 254 
7.37    13.57 95.159711 90.553707 7 1 16 17 61 62 101 102 119 255 334 335 349 120 254 
6.74    14.84 95.536297 91.271840 8 17 46 47 61 1 16 62 101 102 119 255 334 335 349 120 254 
6.25    15.99 95.970468 92.103307 9 62 86 87 101 17 46 47 61 1 16 102 119 255 334 335 349 120 254 
5.51    18.14 96.553664 93.226101 10 255 314 315 334 62 86 87 101 17 46 47 61 1 16 102 119 335 349 120 254 
4.60    21.76 97.203273 94.484764 12 255 272 273 295 296 314 315 334 62 86 87 101 17 46 47 61 1 16 102 119 335 349 120 254 
2.51    39.77 97.712230 95.476798 14 120 190 191 206 207 254 255 272 273 295 296 314 315 334 62 86 87 101 17 46 47 61 1 16 102 119 335 349 
2.40    41.68 97.978575 95.998011 15 120 169 170 190 191 206 207 254 255 272 273 295 296 314 315 334 62 86 87 101 17 46 47 61 1 16 102 119 335 349 
2.33    42.97 98.169520 96.372547 16 207 239 240 254 120 169 170 190 191 206 255 272 273 295 296 314 315 334 62 86 87 101 17 46 47 61 1 16 102 119 335 349 
2.21    45.18 98.325153 96.678358 17 120 135 136 169 207 239 240 254 170 190 191 206 255 272 273 295 296 314 315 334 62 86 87 101 17 46 47 61 1 16 102 119 335 349 
2.06    48.53 98.381435 96.789068 18 207 224 225 239 120 135 136 169 240 254 170 190 191 206 255 272 273 295 296 314 315 334 62 86 87 101 17 46 47 61 1 16 102 119 335 349 
1.89    52.97 98.455488 96.934831 19 136 154 155 169 207 224 225 239 120 135 240 254 170 190 191 206 255 272 273 295 296 314 315 334 62 86 87 101 17 46 47 61 1 16 102 119 335 349 
