# pdb file = /home/wagram/gelly/CORNICHON/PROJECTS/DR/DR_2/PDBs_Clean/3C3MA/3C3MA.pdb
# dssp file = /home/wagram/gelly/CORNICHON/PROJECTS/DR/DR_2/PDBs_Clean/3C3MA/3C3MA.dssp
# R2 value = 99
# S2D limit size = 8
# limit size of PU= 15
# max size of PU= 0
# d0 value= 6.0
# delta value= 1.5
# only secondary structure= 0
# pruning flag= 0
# cut off pruning= 0
# Max Number of pu= 40
# END PARSE PDB
# END PARSE DSSP
#i/e    i/i+e R2        CI        N DOMAINS
109.67   0.91 66.769553 44.581732 2 1 106 107 123 
12.82    7.80 82.809113 68.573492 3 1 77 78 106 107 123 
7.04    14.21 89.103035 79.393508 4 1 53 54 77 78 106 107 123 
4.27    23.43 91.753993 84.187951 5 1 33 34 53 54 77 78 106 107 123 
2.85    35.06 92.301170 85.195060 6 1 18 19 33 34 53 54 77 78 106 107 123 
