# pdb file = /home/wagram/gelly/CORNICHON/PROJECTS/DR/DR_2/PDBs_Clean/8ABPA/8ABPA.pdb
# dssp file = /home/wagram/gelly/CORNICHON/PROJECTS/DR/DR_2/PDBs_Clean/8ABPA/8ABPA.dssp
# R2 value = 99
# S2D limit size = 8
# limit size of PU= 15
# max size of PU= 0
# d0 value= 6.0
# delta value= 1.5
# only secondary structure= 0
# pruning flag= 0
# cut off pruning= 0
# Max Number of pu= 40
# END PARSE PDB
# END PARSE DSSP
#i/e    i/i+e R2        CI        N DOMAINS
10.17    9.83 86.270434 74.425878 3 1 108 109 251 252 305 
9.43    10.61 88.535056 78.384561 4 252 284 285 305 1 108 109 251 
7.08    14.12 91.090225 82.974291 5 1 65 66 108 252 284 285 305 109 251 
4.80    20.85 93.835824 88.051618 6 109 172 173 251 1 65 66 108 252 284 285 305 
4.09    24.48 94.667190 89.618768 7 173 195 196 251 109 172 1 65 66 108 252 284 285 305 
3.00    33.29 95.468668 91.142666 9 1 15 16 30 31 65 173 195 196 251 109 172 66 108 252 284 285 305 
2.83    35.35 95.784101 91.745940 10 252 267 268 284 1 15 16 30 31 65 173 195 196 251 109 172 66 108 285 305 
2.61    38.29 96.108661 92.368746 11 66 81 82 108 252 267 268 284 1 15 16 30 31 65 173 195 196 251 109 172 285 305 
2.29    43.73 96.493084 93.109153 12 109 134 135 172 66 81 82 108 252 267 268 284 1 15 16 30 31 65 173 195 196 251 285 305 
2.16    46.32 96.718843 93.545345 13 31 48 49 65 109 134 135 172 66 81 82 108 252 267 268 284 1 15 16 30 173 195 196 251 285 305 
1.92    52.11 97.160538 94.401701 14 196 229 230 251 31 48 49 65 109 134 135 172 66 81 82 108 252 267 268 284 1 15 16 30 173 195 285 305 
1.77    56.35 97.320982 94.713735 15 135 154 155 172 196 229 230 251 31 48 49 65 109 134 66 81 82 108 252 267 268 284 1 15 16 30 173 195 285 305 
1.63    61.48 97.454942 94.974656 16 196 211 212 229 135 154 155 172 230 251 31 48 49 65 109 134 66 81 82 108 252 267 268 284 1 15 16 30 173 195 285 305 
