# pdb file = /home/wagram/gelly/CORNICHON/PROJECTS/DR/DR_2/PDBs_Clean/3S6SA/3S6SA.pdb
# dssp file = /home/wagram/gelly/CORNICHON/PROJECTS/DR/DR_2/PDBs_Clean/3S6SA/3S6SA.dssp
# R2 value = 99
# S2D limit size = 8
# limit size of PU= 15
# max size of PU= 0
# d0 value= 6.0
# delta value= 1.5
# only secondary structure= 0
# pruning flag= 0
# cut off pruning= 0
# Max Number of pu= 40
# END PARSE PDB
# END PARSE DSSP
#i/e    i/i+e R2        CI        N DOMAINS
5.99    16.69 80.952034 65.532319 3 1 54 55 142 143 173 
3.07    32.56 87.772939 77.040888 5 55 82 83 100 101 142 1 54 143 173 
2.40    41.65 90.637100 82.150839 7 1 15 16 47 48 54 55 82 83 100 101 142 143 173 
2.20    45.37 92.049797 84.731651 8 16 31 32 47 1 15 48 54 55 82 83 100 101 142 143 173 
1.91    52.40 92.555430 85.665076 9 143 158 159 173 16 31 32 47 1 15 48 54 55 82 83 100 101 142 
1.60    62.56 93.213075 86.886773 10 101 121 122 142 143 158 159 173 16 31 32 47 1 15 48 54 55 82 83 100 
