# pdb file = /home/wagram/gelly/CORNICHON/PROJECTS/DR/DR_2/PDBs_Clean/3QSLA/3QSLA.pdb
# dssp file = /home/wagram/gelly/CORNICHON/PROJECTS/DR/DR_2/PDBs_Clean/3QSLA/3QSLA.dssp
# R2 value = 99
# S2D limit size = 8
# limit size of PU= 15
# max size of PU= 0
# d0 value= 6.0
# delta value= 1.5
# only secondary structure= 0
# pruning flag= 0
# cut off pruning= 0
# Max Number of pu= 40
# END PARSE PDB
# END PARSE DSSP
#i/e    i/i+e R2        CI        N DOMAINS
4.89    20.44 82.010464 67.257162 3 1 89 90 185 186 318 
3.66    27.33 88.815277 78.881535 5 186 235 236 263 264 318 1 89 90 185 
3.62    27.62 90.406137 81.732695 6 186 201 202 235 236 263 264 318 1 89 90 185 
3.44    29.07 92.813857 86.144120 7 1 64 65 89 186 201 202 235 236 263 264 318 90 185 
3.22    31.03 94.210210 88.755637 9 264 278 279 304 305 318 1 64 65 89 186 201 202 235 236 263 90 185 
3.11    32.18 94.729633 89.737034 10 202 219 220 235 264 278 279 304 305 318 1 64 65 89 186 201 236 263 90 185 
2.47    40.49 95.606523 91.406073 12 1 15 16 36 37 64 202 219 220 235 264 278 279 304 305 318 65 89 186 201 236 263 90 185 
1.87    53.47 96.663465 93.438255 14 90 104 105 147 148 185 1 15 16 36 37 64 202 219 220 235 264 278 279 304 305 318 65 89 186 201 236 263 
1.79    55.87 96.948473 93.990065 15 148 166 167 185 90 104 105 147 1 15 16 36 37 64 202 219 220 235 264 278 279 304 305 318 65 89 186 201 236 263 
1.60    62.57 97.081867 94.248889 16 105 126 127 147 148 166 167 185 90 104 1 15 16 36 37 64 202 219 220 235 264 278 279 304 305 318 65 89 186 201 236 263 
