# pdb file = /home/wagram/gelly/CORNICHON/PROJECTS/DR/DR_2/PDBs_Clean/3T9KA/3T9KA.pdb
# dssp file = /home/wagram/gelly/CORNICHON/PROJECTS/DR/DR_2/PDBs_Clean/3T9KA/3T9KA.dssp
# R2 value = 99
# S2D limit size = 8
# limit size of PU= 15
# max size of PU= 0
# d0 value= 6.0
# delta value= 1.5
# only secondary structure= 0
# pruning flag= 0
# cut off pruning= 0
# Max Number of pu= 40
# END PARSE PDB
# END PARSE DSSP
#i/e    i/i+e R2        CI        N DOMAINS
36.01    2.78 81.810242 66.929158 2 1 117 118 281 
17.46    5.73 90.562470 82.015609 3 118 189 190 281 1 117 
11.39    8.78 93.029417 86.544724 4 1 80 81 117 118 189 190 281 
8.39    11.92 94.396607 89.107194 5 190 250 251 281 1 80 81 117 118 189 
8.06    12.40 94.843308 89.952530 6 251 266 267 281 190 250 1 80 81 117 118 189 
6.15    16.26 95.821869 91.818306 7 118 154 155 189 251 266 267 281 190 250 1 80 81 117 
5.03    19.90 96.443412 93.013316 8 190 222 223 250 118 154 155 189 251 266 267 281 1 80 81 117 
3.73    26.83 97.256008 94.587312 10 1 15 16 60 61 80 190 222 223 250 118 154 155 189 251 266 267 281 81 117 
3.41    29.33 97.456740 94.978161 11 155 174 175 189 1 15 16 60 61 80 190 222 223 250 118 154 251 266 267 281 81 117 
3.12    32.08 97.599669 95.256955 12 81 97 98 117 155 174 175 189 1 15 16 60 61 80 190 222 223 250 118 154 251 266 267 281 
2.86    34.96 97.771707 95.593067 13 190 207 208 222 81 97 98 117 155 174 175 189 1 15 16 60 61 80 223 250 118 154 251 266 267 281 
2.53    39.46 97.907045 95.857895 14 16 43 44 60 190 207 208 222 81 97 98 117 155 174 175 189 1 15 61 80 223 250 118 154 251 266 267 281 
2.20    45.53 97.985427 96.011439 15 118 139 140 154 16 43 44 60 190 207 208 222 81 97 98 117 155 174 175 189 1 15 61 80 223 250 251 266 267 281 
