# pdb file = /home/wagram/gelly/CORNICHON/PROJECTS/DR/DR_2/PDBs_Clean/1RZ3A/1RZ3A.pdb
# dssp file = /home/wagram/gelly/CORNICHON/PROJECTS/DR/DR_2/PDBs_Clean/1RZ3A/1RZ3A.dssp
# R2 value = 99
# S2D limit size = 8
# limit size of PU= 15
# max size of PU= 0
# d0 value= 6.0
# delta value= 1.5
# only secondary structure= 0
# pruning flag= 0
# cut off pruning= 0
# Max Number of pu= 40
# END PARSE PDB
# END PARSE DSSP
#i/e    i/i+e R2        CI        N DOMAINS
46.02    2.17 56.542497 31.970540 2 1 17 18 183 
4.07    24.56 85.713500 73.468040 4 18 60 61 122 123 183 1 17 
3.68    27.18 89.305673 79.755032 5 61 83 84 122 18 60 123 183 1 17 
3.44    29.09 90.918136 82.661075 6 84 99 100 122 61 83 18 60 123 183 1 17 
3.10    32.29 93.311185 87.069773 7 123 143 144 183 84 99 100 122 61 83 18 60 1 17 
2.86    34.98 94.544541 89.386703 8 18 34 35 60 123 143 144 183 84 99 100 122 61 83 1 17 
2.40    41.61 95.053866 90.352375 9 144 164 165 183 18 34 35 60 123 143 84 99 100 122 61 83 1 17 
