# pdb file = /home/wagram/gelly/CORNICHON/PROJECTS/DR/DR_2/PDBs_Clean/3AMIA/3AMIA.pdb
# dssp file = /home/wagram/gelly/CORNICHON/PROJECTS/DR/DR_2/PDBs_Clean/3AMIA/3AMIA.dssp
# R2 value = 99
# S2D limit size = 8
# limit size of PU= 15
# max size of PU= 0
# d0 value= 6.0
# delta value= 1.5
# only secondary structure= 0
# pruning flag= 0
# cut off pruning= 0
# Max Number of pu= 40
# END PARSE PDB
# END PARSE DSSP
#i/e    i/i+e R2        CI        N DOMAINS
23.25    4.30 80.362741 64.581702 2 1 226 227 422 
7.92    12.63 87.043185 75.765161 4 227 354 355 384 385 422 1 226 
7.74    12.92 88.025281 77.484502 5 385 407 408 422 227 354 355 384 1 226 
7.44    13.44 90.053375 81.096104 6 227 242 243 354 385 407 408 422 355 384 1 226 
3.73    26.82 94.057078 88.467339 8 1 127 128 159 160 226 227 242 243 354 385 407 408 422 355 384 
3.66    27.30 95.074500 90.391605 9 1 20 21 127 128 159 160 226 227 242 243 354 385 407 408 422 355 384 
3.48    28.74 95.960415 92.084013 11 160 188 189 212 213 226 1 20 21 127 128 159 227 242 243 354 385 407 408 422 355 384 
3.27    30.56 96.563636 93.245357 12 243 333 334 354 160 188 189 212 213 226 1 20 21 127 128 159 227 242 385 407 408 422 355 384 
3.13    31.94 96.963063 94.018356 13 21 112 113 127 243 333 334 354 160 188 189 212 213 226 1 20 128 159 227 242 385 407 408 422 355 384 
3.04    32.85 97.149731 94.380703 14 128 143 144 159 21 112 113 127 243 333 334 354 160 188 189 212 213 226 1 20 227 242 385 407 408 422 355 384 
2.85    35.12 97.415065 94.896948 15 243 317 318 333 128 143 144 159 21 112 113 127 334 354 160 188 189 212 213 226 1 20 227 242 385 407 408 422 355 384 
2.34    42.68 97.864410 95.774428 17 243 267 268 297 298 317 318 333 128 143 144 159 21 112 113 127 334 354 160 188 189 212 213 226 1 20 227 242 385 407 408 422 355 384 
2.01    49.69 98.276695 96.583088 19 21 35 36 54 55 112 243 267 268 297 298 317 318 333 128 143 144 159 113 127 334 354 160 188 189 212 213 226 1 20 227 242 385 407 408 422 355 384 
1.85    54.13 98.546815 97.114747 21 55 73 74 98 99 112 21 35 36 54 243 267 268 297 298 317 318 333 128 143 144 159 113 127 334 354 160 188 189 212 213 226 1 20 227 242 385 407 408 422 355 384 
