# pdb file = /home/wagram/gelly/CORNICHON/PROJECTS/DR/DR_2/PDBs_Clean/3KWLA/3KWLA.pdb
# dssp file = /home/wagram/gelly/CORNICHON/PROJECTS/DR/DR_2/PDBs_Clean/3KWLA/3KWLA.dssp
# R2 value = 99
# S2D limit size = 8
# limit size of PU= 15
# max size of PU= 0
# d0 value= 6.0
# delta value= 1.5
# only secondary structure= 0
# pruning flag= 0
# cut off pruning= 0
# Max Number of pu= 40
# END PARSE PDB
# END PARSE DSSP
#i/e    i/i+e R2        CI        N DOMAINS
50.71    1.97 83.073853 69.012651 2 1 218 219 498 
29.69    3.37 89.792624 80.627154 3 1 98 99 218 219 498 
16.00    6.25 94.394089 89.102440 4 219 355 356 498 1 98 99 218 
13.81    7.24 95.254637 90.734458 5 99 126 127 218 219 355 356 498 1 98 
12.22    8.18 95.849039 91.870382 6 127 200 201 218 99 126 219 355 356 498 1 98 
7.45    13.43 96.667128 93.445335 8 219 244 245 265 266 355 127 200 201 218 99 126 356 498 1 98 
6.82    14.66 97.010441 94.110256 9 127 178 179 200 219 244 245 265 266 355 201 218 99 126 356 498 1 98 
5.46    18.32 97.710325 95.473076 11 356 370 371 468 469 498 127 178 179 200 219 244 245 265 266 355 201 218 99 126 1 98 
4.84    20.68 98.029047 96.096941 12 371 404 405 468 356 370 469 498 127 178 179 200 219 244 245 265 266 355 201 218 99 126 1 98 
4.50    22.23 98.174494 96.382313 13 127 149 150 178 371 404 405 468 356 370 469 498 179 200 219 244 245 265 266 355 201 218 99 126 1 98 
4.05    24.68 98.388909 96.803774 14 266 293 294 355 127 149 150 178 371 404 405 468 356 370 469 498 179 200 219 244 245 265 201 218 99 126 1 98 
3.50    28.55 98.583227 97.186527 16 294 310 311 334 335 355 266 293 127 149 150 178 371 404 405 468 356 370 469 498 179 200 219 244 245 265 201 218 99 126 1 98 
2.87    34.84 98.817608 97.649197 18 1 32 33 78 79 98 294 310 311 334 335 355 266 293 127 149 150 178 371 404 405 468 356 370 469 498 179 200 219 244 245 265 201 218 99 126 
2.65    37.69 98.934748 97.880844 19 405 433 434 468 1 32 33 78 79 98 294 310 311 334 335 355 266 293 127 149 150 178 371 404 356 370 469 498 179 200 219 244 245 265 201 218 99 126 
2.53    39.49 98.992321 97.994796 20 33 51 52 78 405 433 434 468 1 32 79 98 294 310 311 334 335 355 266 293 127 149 150 178 371 404 356 370 469 498 179 200 219 244 245 265 201 218 99 126 
2.42    41.39 99.031875 98.073123 21 434 449 450 468 33 51 52 78 405 433 1 32 79 98 294 310 311 334 335 355 266 293 127 149 150 178 371 404 356 370 469 498 179 200 219 244 245 265 201 218 99 126 
