# pdb file = /home/wagram/gelly/CORNICHON/PROJECTS/DR/DR_2/PDBs_Clean/1A8DA/1A8DA.pdb
# dssp file = /home/wagram/gelly/CORNICHON/PROJECTS/DR/DR_2/PDBs_Clean/1A8DA/1A8DA.dssp
# R2 value = 99
# S2D limit size = 8
# limit size of PU= 15
# max size of PU= 0
# d0 value= 6.0
# delta value= 1.5
# only secondary structure= 0
# pruning flag= 0
# cut off pruning= 0
# Max Number of pu= 40
# END PARSE PDB
# END PARSE DSSP
#i/e    i/i+e R2        CI        N DOMAINS
33.55    2.98 83.789853 70.207395 3 1 247 248 445 446 452 
9.58    10.44 88.254369 77.888337 5 248 291 292 306 307 445 1 247 446 452 
9.36    10.68 89.268454 79.688568 6 248 263 264 291 292 306 307 445 1 247 446 452 
3.92    25.50 93.704797 87.805890 8 1 94 95 204 205 247 248 263 264 291 292 306 307 445 446 452 
3.89    25.71 94.171907 88.683481 9 205 227 228 247 1 94 95 204 248 263 264 291 292 306 307 445 446 452 
3.62    27.62 95.524074 91.248488 11 1 20 21 79 80 94 205 227 228 247 95 204 248 263 264 291 292 306 307 445 446 452 
3.14    31.86 96.512108 93.145870 13 95 166 167 197 198 204 1 20 21 79 80 94 205 227 228 247 248 263 264 291 292 306 307 445 446 452 
2.73    36.58 97.157187 94.395189 14 307 379 380 445 95 166 167 197 198 204 1 20 21 79 80 94 205 227 228 247 248 263 264 291 292 306 446 452 
2.46    40.71 97.538327 95.137252 16 380 406 407 423 424 445 307 379 95 166 167 197 198 204 1 20 21 79 80 94 205 227 228 247 248 263 264 291 292 306 446 452 
2.33    42.91 97.746682 95.544139 17 21 40 41 79 380 406 407 423 424 445 307 379 95 166 167 197 198 204 1 20 80 94 205 227 228 247 248 263 264 291 292 306 446 452 
2.11    47.48 98.128885 96.292780 19 95 115 116 154 155 166 21 40 41 79 380 406 407 423 424 445 307 379 167 197 198 204 1 20 80 94 205 227 228 247 248 263 264 291 292 306 446 452 
1.96    51.15 98.319675 96.667585 20 307 338 339 379 95 115 116 154 155 166 21 40 41 79 380 406 407 423 424 445 167 197 198 204 1 20 80 94 205 227 228 247 248 263 264 291 292 306 446 452 
1.86    53.75 98.387078 96.800172 21 339 364 365 379 307 338 95 115 116 154 155 166 21 40 41 79 380 406 407 423 424 445 167 197 198 204 1 20 80 94 205 227 228 247 248 263 264 291 292 306 446 452 
1.75    57.27 98.448455 96.920984 22 116 132 133 154 339 364 365 379 307 338 95 115 155 166 21 40 41 79 380 406 407 423 424 445 167 197 198 204 1 20 80 94 205 227 228 247 248 263 264 291 292 306 446 452 
1.64    60.98 98.495157 97.012960 23 41 62 63 79 116 132 133 154 339 364 365 379 307 338 95 115 155 166 21 40 380 406 407 423 424 445 167 197 198 204 1 20 80 94 205 227 228 247 248 263 264 291 292 306 446 452 
1.56    64.05 98.548654 97.118372 24 307 323 324 338 41 62 63 79 116 132 133 154 339 364 365 379 95 115 155 166 21 40 380 406 407 423 424 445 167 197 198 204 1 20 80 94 205 227 228 247 248 263 264 291 292 306 446 452 
