# pdb file = /home/wagram/gelly/CORNICHON/PROJECTS/DR/DR_2/PDBs_Clean/2EI9A/2EI9A.pdb
# dssp file = /home/wagram/gelly/CORNICHON/PROJECTS/DR/DR_2/PDBs_Clean/2EI9A/2EI9A.dssp
# R2 value = 99
# S2D limit size = 8
# limit size of PU= 15
# max size of PU= 0
# d0 value= 6.0
# delta value= 1.5
# only secondary structure= 0
# pruning flag= 0
# cut off pruning= 0
# Max Number of pu= 40
# END PARSE PDB
# END PARSE DSSP
#i/e    i/i+e R2        CI        N DOMAINS
7.16    13.96 80.900042 65.448169 3 1 91 92 190 191 214 
5.91    16.91 85.943140 73.862233 4 92 115 116 190 1 91 191 214 
3.67    27.25 90.429799 81.775485 6 116 132 133 159 160 190 92 115 1 91 191 214 
2.79    35.86 93.083009 86.644465 7 1 42 43 91 116 132 133 159 160 190 92 115 191 214 
2.37    42.15 94.018361 88.394522 8 43 62 63 91 1 42 116 132 133 159 160 190 92 115 191 214 
1.94    51.51 94.487831 89.279502 9 1 18 19 42 43 62 63 91 116 132 133 159 160 190 92 115 191 214 
1.71    58.52 94.683008 89.648720 10 160 175 176 190 1 18 19 42 43 62 63 91 116 132 133 159 92 115 191 214 
