# pdb file = /home/wagram/gelly/CORNICHON/PROJECTS/DR/DR_2/PDBs_Clean/1U7LA/1U7LA.pdb
# dssp file = /home/wagram/gelly/CORNICHON/PROJECTS/DR/DR_2/PDBs_Clean/1U7LA/1U7LA.dssp
# R2 value = 99
# S2D limit size = 8
# limit size of PU= 15
# max size of PU= 0
# d0 value= 6.0
# delta value= 1.5
# only secondary structure= 0
# pruning flag= 0
# cut off pruning= 0
# Max Number of pu= 40
# END PARSE PDB
# END PARSE DSSP
#i/e    i/i+e R2        CI        N DOMAINS
6.62    15.10 86.661215 75.101661 3 1 160 161 267 268 364 
6.31    15.84 89.709884 80.478633 4 268 299 300 364 1 160 161 267 
5.91    16.91 93.311648 87.070637 5 1 42 43 160 268 299 300 364 161 267 
5.63    17.77 94.686686 89.655686 6 43 142 143 160 1 42 268 299 300 364 161 267 
4.64    21.56 96.333194 92.800843 8 43 74 75 110 111 142 143 160 1 42 268 299 300 364 161 267 
4.54    22.01 96.633623 93.380571 9 75 95 96 110 43 74 111 142 143 160 1 42 268 299 300 364 161 267 
4.32    23.17 97.173301 94.426504 10 300 327 328 364 75 95 96 110 43 74 111 142 143 160 1 42 268 299 161 267 
4.21    23.74 97.446444 94.958095 11 1 16 17 42 300 327 328 364 75 95 96 110 43 74 111 142 143 160 268 299 161 267 
4.07    24.59 97.722101 95.496090 12 268 283 284 299 1 16 17 42 300 327 328 364 75 95 96 110 43 74 111 142 143 160 161 267 
3.94    25.40 97.877364 95.799785 13 43 58 59 74 268 283 284 299 1 16 17 42 300 327 328 364 75 95 96 110 111 142 143 160 161 267 
3.42    29.20 98.390210 96.806335 15 161 179 180 255 256 267 43 58 59 74 268 283 284 299 1 16 17 42 300 327 328 364 75 95 96 110 111 142 143 160 
3.30    30.28 98.521727 97.065307 16 111 127 128 142 161 179 180 255 256 267 43 58 59 74 268 283 284 299 1 16 17 42 300 327 328 364 75 95 96 110 143 160 
3.17    31.53 98.620622 97.260271 17 328 343 344 364 111 127 128 142 161 179 180 255 256 267 43 58 59 74 268 283 284 299 1 16 17 42 300 327 75 95 96 110 143 160 
2.80    35.68 98.731756 97.479597 18 180 238 239 255 328 343 344 364 111 127 128 142 161 179 256 267 43 58 59 74 268 283 284 299 1 16 17 42 300 327 75 95 96 110 143 160 
2.32    43.11 98.866627 97.746100 20 180 196 197 211 212 238 239 255 328 343 344 364 111 127 128 142 161 179 256 267 43 58 59 74 268 283 284 299 1 16 17 42 300 327 75 95 96 110 143 160 
