# pdb file = /home/wagram/gelly/CORNICHON/PROJECTS/DR/DR_2/PDBs_Clean/3S95A/3S95A.pdb
# dssp file = /home/wagram/gelly/CORNICHON/PROJECTS/DR/DR_2/PDBs_Clean/3S95A/3S95A.dssp
# R2 value = 99
# S2D limit size = 8
# limit size of PU= 15
# max size of PU= 0
# d0 value= 6.0
# delta value= 1.5
# only secondary structure= 0
# pruning flag= 0
# cut off pruning= 0
# Max Number of pu= 40
# END PARSE PDB
# END PARSE DSSP
#i/e    i/i+e R2        CI        N DOMAINS
29.03    3.44 77.239741 59.659776 2 1 88 89 290 
18.89    5.29 83.407180 69.567578 3 89 270 271 290 1 88 
7.33    13.64 92.835235 86.183809 5 89 159 160 248 249 270 271 290 1 88 
5.05    19.79 94.794961 89.860846 7 1 45 46 70 71 88 89 159 160 248 249 270 271 290 
3.78    26.49 96.376757 92.884792 9 160 192 193 228 229 248 1 45 46 70 71 88 89 159 249 270 271 290 
2.97    33.68 97.290464 94.654345 11 89 105 106 129 130 159 160 192 193 228 229 248 1 45 46 70 71 88 249 270 271 290 
2.76    36.27 97.471733 95.007388 12 160 177 178 192 89 105 106 129 130 159 193 228 229 248 1 45 46 70 71 88 249 270 271 290 
2.55    39.27 97.643282 95.342105 13 193 208 209 228 160 177 178 192 89 105 106 129 130 159 229 248 1 45 46 70 71 88 249 270 271 290 
2.35    42.59 97.776783 95.602992 14 1 16 17 45 193 208 209 228 160 177 178 192 89 105 106 129 130 159 229 248 46 70 71 88 249 270 271 290 
