# pdb file = /home/wagram/gelly/CORNICHON/PROJECTS/DR/DR_2/PDBs_Clean/4DHKA/4DHKA.pdb
# dssp file = /home/wagram/gelly/CORNICHON/PROJECTS/DR/DR_2/PDBs_Clean/4DHKA/4DHKA.dssp
# R2 value = 99
# S2D limit size = 8
# limit size of PU= 15
# max size of PU= 0
# d0 value= 6.0
# delta value= 1.5
# only secondary structure= 0
# pruning flag= 0
# cut off pruning= 0
# Max Number of pu= 40
# END PARSE PDB
# END PARSE DSSP
#i/e    i/i+e R2        CI        N DOMAINS
5.37    18.64 75.427219 56.892654 3 1 55 56 76 77 171 
4.49    22.26 80.747123 65.200979 4 1 20 21 55 56 76 77 171 
3.98    25.14 84.076291 70.688226 5 21 39 40 55 1 20 56 76 77 171 
1.92    51.98 89.179842 79.530442 7 77 91 92 136 137 171 21 39 40 55 1 20 56 76 
1.53    65.47 90.084068 81.151394 8 92 108 109 136 77 91 137 171 21 39 40 55 1 20 56 76 
