# pdb file = /home/wagram/gelly/CORNICHON/PROJECTS/DR/DR_2/PDBs_Clean/3KTDA/3KTDA.pdb
# dssp file = /home/wagram/gelly/CORNICHON/PROJECTS/DR/DR_2/PDBs_Clean/3KTDA/3KTDA.dssp
# R2 value = 99
# S2D limit size = 8
# limit size of PU= 15
# max size of PU= 0
# d0 value= 6.0
# delta value= 1.5
# only secondary structure= 0
# pruning flag= 0
# cut off pruning= 0
# Max Number of pu= 40
# END PARSE PDB
# END PARSE DSSP
#i/e    i/i+e R2        CI        N DOMAINS
22.58    4.43 86.343055 74.551231 3 1 184 185 293 294 323 
19.41    5.15 90.460953 81.831840 4 185 253 254 293 1 184 294 323 
17.35    5.77 91.458884 83.647274 5 254 271 272 293 185 253 1 184 294 323 
10.91    9.17 93.424196 87.280804 7 185 199 200 230 231 253 254 271 272 293 1 184 294 323 
5.14    19.46 95.926172 92.018306 9 1 32 33 52 53 184 185 199 200 230 231 253 254 271 272 293 294 323 
4.31    23.20 96.997887 94.085902 10 53 90 91 184 1 32 33 52 185 199 200 230 231 253 254 271 272 293 294 323 
3.42    29.26 97.894975 95.834261 12 91 120 121 135 136 184 53 90 1 32 33 52 185 199 200 230 231 253 254 271 272 293 294 323 
3.20    31.25 98.049329 96.136709 13 53 68 69 90 91 120 121 135 136 184 1 32 33 52 185 199 200 230 231 253 254 271 272 293 294 323 
3.04    32.94 98.147248 96.328823 14 200 215 216 230 53 68 69 90 91 120 121 135 136 184 1 32 33 52 185 199 231 253 254 271 272 293 294 323 
2.65    37.79 98.253518 96.537538 15 136 154 155 184 200 215 216 230 53 68 69 90 91 120 121 135 1 32 33 52 185 199 231 253 254 271 272 293 294 323 
2.41    41.42 98.329599 96.687101 16 1 17 18 32 136 154 155 184 200 215 216 230 53 68 69 90 91 120 121 135 33 52 185 199 231 253 254 271 272 293 294 323 
