# pdb file = /home/wagram/gelly/CORNICHON/PROJECTS/DR/DR_2/PDBs_Clean/4ECOA/4ECOA.pdb
# dssp file = /home/wagram/gelly/CORNICHON/PROJECTS/DR/DR_2/PDBs_Clean/4ECOA/4ECOA.dssp
# R2 value = 99
# S2D limit size = 8
# limit size of PU= 15
# max size of PU= 0
# d0 value= 6.0
# delta value= 1.5
# only secondary structure= 0
# pruning flag= 0
# cut off pruning= 0
# Max Number of pu= 40
# END PARSE PDB
# END PARSE DSSP
#i/e    i/i+e R2        CI        N DOMAINS
798.92   0.13 36.331873 13.200050 2 1 16 17 620 
30.40    3.29 83.664006 69.996659 3 17 373 374 620 1 16 
12.32    8.12 91.944207 84.537371 5 17 137 138 163 164 373 374 620 1 16 
9.69    10.32 94.412232 89.136696 6 374 540 541 620 17 137 138 163 164 373 1 16 
9.20    10.87 94.975316 90.203107 7 17 118 119 137 374 540 541 620 138 163 164 373 1 16 
7.40    13.51 96.538432 93.196689 8 164 271 272 373 17 118 119 137 374 540 541 620 138 163 1 16 
5.78    17.31 97.133732 94.349619 10 164 211 212 227 228 271 272 373 17 118 119 137 374 540 541 620 138 163 1 16 
4.93    20.28 97.807327 95.662732 11 374 454 455 540 164 211 212 227 228 271 272 373 17 118 119 137 541 620 138 163 1 16 
4.61    21.67 97.996059 96.032276 12 17 98 99 118 374 454 455 540 164 211 212 227 228 271 272 373 119 137 541 620 138 163 1 16 
4.05    24.69 98.262584 96.555355 13 272 317 318 373 17 98 99 118 374 454 455 540 164 211 212 227 228 271 119 137 541 620 138 163 1 16 
3.69    27.12 98.398509 96.822666 14 541 587 588 620 272 317 318 373 17 98 99 118 374 454 455 540 164 211 212 227 228 271 119 137 138 163 1 16 
3.58    27.96 98.434778 96.894055 15 588 603 604 620 541 587 272 317 318 373 17 98 99 118 374 454 455 540 164 211 212 227 228 271 119 137 138 163 1 16 
3.35    29.81 98.539086 97.099516 16 455 474 475 540 588 603 604 620 541 587 272 317 318 373 17 98 99 118 374 454 164 211 212 227 228 271 119 137 138 163 1 16 
2.94    34.06 98.708634 97.433944 18 17 42 43 58 59 98 455 474 475 540 588 603 604 620 541 587 272 317 318 373 99 118 374 454 164 211 212 227 228 271 119 137 138 163 1 16 
2.83    35.34 98.763282 97.541859 19 164 182 183 211 17 42 43 58 59 98 455 474 475 540 588 603 604 620 541 587 272 317 318 373 99 118 374 454 212 227 228 271 119 137 138 163 1 16 
2.41    41.44 98.899169 97.810457 21 374 399 400 414 415 454 164 182 183 211 17 42 43 58 59 98 455 474 475 540 588 603 604 620 541 587 272 317 318 373 99 118 212 227 228 271 119 137 138 163 1 16 
2.28    43.80 98.943194 97.897556 22 272 289 290 317 374 399 400 414 415 454 164 182 183 211 17 42 43 58 59 98 455 474 475 540 588 603 604 620 541 587 318 373 99 118 212 227 228 271 119 137 138 163 1 16 
2.19    45.73 98.987515 97.985281 23 59 77 78 98 272 289 290 317 374 399 400 414 415 454 164 182 183 211 17 42 43 58 455 474 475 540 588 603 604 620 541 587 318 373 99 118 212 227 228 271 119 137 138 163 1 16 
2.09    47.95 99.021472 98.052518 24 541 556 557 587 59 77 78 98 272 289 290 317 374 399 400 414 415 454 164 182 183 211 17 42 43 58 455 474 475 540 588 603 604 620 318 373 99 118 212 227 228 271 119 137 138 163 1 16 
