# pdb file = /home/wagram/gelly/CORNICHON/PROJECTS/DR/DR_2/PDBs_Clean/3MFDA/3MFDA.pdb
# dssp file = /home/wagram/gelly/CORNICHON/PROJECTS/DR/DR_2/PDBs_Clean/3MFDA/3MFDA.dssp
# R2 value = 99
# S2D limit size = 8
# limit size of PU= 15
# max size of PU= 0
# d0 value= 6.0
# delta value= 1.5
# only secondary structure= 0
# pruning flag= 0
# cut off pruning= 0
# Max Number of pu= 40
# END PARSE PDB
# END PARSE DSSP
#i/e    i/i+e R2        CI        N DOMAINS
99.88    1.00 78.796797 62.089353 2 1 239 240 326 
6.81    14.67 90.898666 82.625675 4 1 34 35 138 139 239 240 326 
5.62    17.79 93.678541 87.756691 6 139 162 163 177 178 239 1 34 35 138 240 326 
4.30    23.26 94.932989 90.122724 8 240 287 288 302 303 326 139 162 163 177 178 239 1 34 35 138 
3.65    27.41 96.025336 92.208652 9 35 100 101 138 240 287 288 302 303 326 139 162 163 177 178 239 1 34 
3.46    28.94 96.315366 92.766498 10 101 123 124 138 35 100 240 287 288 302 303 326 139 162 163 177 178 239 1 34 
3.16    31.61 96.713489 93.534989 11 178 223 224 239 101 123 124 138 35 100 240 287 288 302 303 326 139 162 163 177 1 34 
2.89    34.62 97.086981 94.258818 12 35 50 51 100 178 223 224 239 101 123 124 138 240 287 288 302 303 326 139 162 163 177 1 34 
2.63    38.05 97.240734 94.557604 13 240 267 268 287 35 50 51 100 178 223 224 239 101 123 124 138 288 302 303 326 139 162 163 177 1 34 
2.38    42.06 97.452332 94.969571 14 178 196 197 223 240 267 268 287 35 50 51 100 224 239 101 123 124 138 288 302 303 326 139 162 163 177 1 34 
2.09    47.80 97.656379 95.367684 15 51 76 77 100 178 196 197 223 240 267 268 287 35 50 224 239 101 123 124 138 288 302 303 326 139 162 163 177 1 34 
1.95    51.37 97.783235 95.615611 16 1 17 18 34 51 76 77 100 178 196 197 223 240 267 268 287 35 50 224 239 101 123 124 138 288 302 303 326 139 162 163 177 
