# pdb file = /home/wagram/gelly/CORNICHON/PROJECTS/DR/DR_2/PDBs_Clean/1VECA/1VECA.pdb
# dssp file = /home/wagram/gelly/CORNICHON/PROJECTS/DR/DR_2/PDBs_Clean/1VECA/1VECA.dssp
# R2 value = 99
# S2D limit size = 8
# limit size of PU= 15
# max size of PU= 0
# d0 value= 6.0
# delta value= 1.5
# only secondary structure= 0
# pruning flag= 0
# cut off pruning= 0
# Max Number of pu= 40
# END PARSE PDB
# END PARSE DSSP
#i/e    i/i+e R2        CI        N DOMAINS
6.00    16.66 82.927191 68.769191 3 1 64 65 147 148 206 
5.10    19.61 87.061053 75.796270 4 1 26 27 64 65 147 148 206 
4.39    22.77 89.377212 79.882859 5 148 186 187 206 1 26 27 64 65 147 
2.81    35.55 92.813844 86.144097 7 65 84 85 101 102 147 148 186 187 206 1 26 27 64 
2.53    39.50 93.897859 88.168080 8 102 128 129 147 65 84 85 101 148 186 187 206 1 26 27 64 
2.30    43.42 94.682281 89.647343 9 27 46 47 64 102 128 129 147 65 84 85 101 148 186 187 206 1 26 
1.96    51.03 95.062039 90.367913 10 148 167 168 186 27 46 47 64 102 128 129 147 65 84 85 101 187 206 1 26 
