# pdb file = /home/wagram/gelly/CORNICHON/PROJECTS/DR/DR_2/PDBs_Clean/3I1AA/3I1AA.pdb
# dssp file = /home/wagram/gelly/CORNICHON/PROJECTS/DR/DR_2/PDBs_Clean/3I1AA/3I1AA.dssp
# R2 value = 99
# S2D limit size = 8
# limit size of PU= 15
# max size of PU= 0
# d0 value= 6.0
# delta value= 1.5
# only secondary structure= 0
# pruning flag= 0
# cut off pruning= 0
# Max Number of pu= 40
# END PARSE PDB
# END PARSE DSSP
#i/e    i/i+e R2        CI        N DOMAINS
42.94    2.33 79.523100 63.239234 2 1 101 102 328 
14.98    6.68 86.195970 74.297453 4 1 56 57 77 78 101 102 328 
5.22    19.17 93.394709 87.225717 6 102 142 143 199 200 328 1 56 57 77 78 101 
4.20    23.80 95.992562 92.145719 8 200 283 284 312 313 328 102 142 143 199 1 56 57 77 78 101 
4.09    24.47 96.349151 92.831590 9 102 127 128 142 200 283 284 312 313 328 143 199 1 56 57 77 78 101 
3.55    28.15 97.537985 95.136585 11 200 243 244 269 270 283 102 127 128 142 284 312 313 328 143 199 1 56 57 77 78 101 
3.25    30.81 98.031960 96.102652 13 143 158 159 180 181 199 200 243 244 269 270 283 102 127 128 142 284 312 313 328 1 56 57 77 78 101 
2.99    33.49 98.214493 96.460865 14 1 20 21 56 143 158 159 180 181 199 200 243 244 269 270 283 102 127 128 142 284 312 313 328 57 77 78 101 
2.65    37.68 98.321612 96.671393 15 200 228 229 243 1 20 21 56 143 158 159 180 181 199 244 269 270 283 102 127 128 142 284 312 313 328 57 77 78 101 
2.41    41.47 98.406911 96.839202 16 21 40 41 56 200 228 229 243 1 20 143 158 159 180 181 199 244 269 270 283 102 127 128 142 284 312 313 328 57 77 78 101 
