# pdb file = /home/wagram/gelly/CORNICHON/PROJECTS/DR/DR_2/PDBs_Clean/2Y3VA/2Y3VA.pdb
# dssp file = /home/wagram/gelly/CORNICHON/PROJECTS/DR/DR_2/PDBs_Clean/2Y3VA/2Y3VA.dssp
# R2 value = 99
# S2D limit size = 8
# limit size of PU= 15
# max size of PU= 0
# d0 value= 6.0
# delta value= 1.5
# only secondary structure= 0
# pruning flag= 0
# cut off pruning= 0
# Max Number of pu= 40
# END PARSE PDB
# END PARSE DSSP
#i/e    i/i+e R2        CI        N DOMAINS
6.91    14.48 80.902203 65.451665 3 1 65 66 85 86 158 
6.27    15.96 86.303813 74.483482 4 86 143 144 158 1 65 66 85 
5.04    19.85 89.608777 80.297330 5 86 105 106 143 144 158 1 65 66 85 
3.62    27.60 92.296126 85.185748 6 1 33 34 65 86 105 106 143 144 158 66 85 
2.88    34.75 93.268659 86.990427 7 106 121 122 143 1 33 34 65 86 105 144 158 66 85 
2.26    44.24 93.477593 87.380605 8 1 16 17 33 106 121 122 143 34 65 86 105 144 158 66 85 
