# pdb file = /home/wagram/gelly/CORNICHON/PROJECTS/DR/DR_2/PDBs_Clean/3BDVA/3BDVA.pdb
# dssp file = /home/wagram/gelly/CORNICHON/PROJECTS/DR/DR_2/PDBs_Clean/3BDVA/3BDVA.dssp
# R2 value = 99
# S2D limit size = 8
# limit size of PU= 15
# max size of PU= 0
# d0 value= 6.0
# delta value= 1.5
# only secondary structure= 0
# pruning flag= 0
# cut off pruning= 0
# Max Number of pu= 40
# END PARSE PDB
# END PARSE DSSP
#i/e    i/i+e R2        CI        N DOMAINS
17.75    5.63 70.784372 50.104274 3 1 17 18 173 174 191 
5.84    17.12 87.463209 76.498129 5 18 105 106 164 165 173 1 17 174 191 
3.40    29.43 92.845151 86.202220 7 18 47 48 73 74 105 106 164 165 173 1 17 174 191 
2.95    33.85 93.952420 88.270573 8 106 121 122 164 18 47 48 73 74 105 165 173 1 17 174 191 
2.44    40.99 94.388698 89.092263 9 74 89 90 105 106 121 122 164 18 47 48 73 165 173 1 17 174 191 
1.86    53.88 94.716614 89.712370 10 122 144 145 164 74 89 90 105 106 121 18 47 48 73 165 173 1 17 174 191 
