# pdb file = /home/wagram/gelly/CORNICHON/PROJECTS/DR/DR_2/PDBs_Clean/2O5NA/2O5NA.pdb
# dssp file = /home/wagram/gelly/CORNICHON/PROJECTS/DR/DR_2/PDBs_Clean/2O5NA/2O5NA.dssp
# R2 value = 99
# S2D limit size = 8
# limit size of PU= 15
# max size of PU= 0
# d0 value= 6.0
# delta value= 1.5
# only secondary structure= 0
# pruning flag= 0
# cut off pruning= 0
# Max Number of pu= 40
# END PARSE PDB
# END PARSE DSSP
#i/e    i/i+e R2        CI        N DOMAINS
16.09    6.21 83.694897 70.048357 3 1 17 18 176 177 271 
10.39    9.63 88.165940 77.732331 4 18 150 151 176 1 17 177 271 
6.49    15.40 92.063442 84.756773 5 18 81 82 150 151 176 1 17 177 271 
5.61    17.83 93.156095 86.780580 6 18 63 64 81 82 150 151 176 1 17 177 271 
4.87    20.52 93.919726 88.209149 7 18 44 45 63 64 81 82 150 151 176 1 17 177 271 
4.07    24.55 94.681360 89.645600 8 82 129 130 150 18 44 45 63 64 81 151 176 1 17 177 271 
3.13    31.94 95.546441 91.291224 9 177 208 209 271 82 129 130 150 18 44 45 63 64 81 151 176 1 17 
2.64    37.83 96.131232 92.412138 10 209 239 240 271 177 208 82 129 130 150 18 44 45 63 64 81 151 176 1 17 
2.35    42.61 96.557371 93.233259 11 82 106 107 129 209 239 240 271 177 208 130 150 18 44 45 63 64 81 151 176 1 17 
2.12    47.20 96.731959 93.570719 12 240 256 257 271 82 106 107 129 209 239 177 208 130 150 18 44 45 63 64 81 151 176 1 17 
1.89    52.89 96.884157 93.865399 13 177 192 193 208 240 256 257 271 82 106 107 129 209 239 130 150 18 44 45 63 64 81 151 176 1 17 
