# pdb file = /home/wagram/gelly/CORNICHON/PROJECTS/DR/DR_2/PDBs_Clean/2Q07A/2Q07A.pdb
# dssp file = /home/wagram/gelly/CORNICHON/PROJECTS/DR/DR_2/PDBs_Clean/2Q07A/2Q07A.dssp
# R2 value = 99
# S2D limit size = 8
# limit size of PU= 15
# max size of PU= 0
# d0 value= 6.0
# delta value= 1.5
# only secondary structure= 0
# pruning flag= 0
# cut off pruning= 0
# Max Number of pu= 40
# END PARSE PDB
# END PARSE DSSP
#i/e    i/i+e R2        CI        N DOMAINS
59.45    1.68 80.821562 65.321248 2 1 191 192 270 
22.28    4.49 90.100642 81.181257 3 1 140 141 191 192 270 
16.83    5.94 91.454030 83.638396 4 141 159 160 191 1 140 192 270 
6.62    15.10 94.118185 88.582328 6 1 23 24 43 44 140 141 159 160 191 192 270 
5.62    17.79 95.357667 90.930846 7 44 115 116 140 1 23 24 43 141 159 160 191 192 270 
5.06    19.77 96.299671 92.736267 8 44 64 65 115 116 140 1 23 24 43 141 159 160 191 192 270 
4.41    22.69 96.755471 93.616212 9 65 87 88 115 44 64 116 140 1 23 24 43 141 159 160 191 192 270 
3.60    27.81 97.148064 94.377464 10 192 208 209 270 65 87 88 115 44 64 116 140 1 23 24 43 141 159 160 191 
3.23    30.96 97.298081 94.669165 11 160 175 176 191 192 208 209 270 65 87 88 115 44 64 116 140 1 23 24 43 141 159 
2.72    36.75 97.501614 95.065647 12 209 225 226 270 160 175 176 191 192 208 65 87 88 115 44 64 116 140 1 23 24 43 141 159 
2.26    44.25 97.641342 95.338318 13 226 249 250 270 209 225 160 175 176 191 192 208 65 87 88 115 44 64 116 140 1 23 24 43 141 159 
