# pdb file = /home/wagram/gelly/CORNICHON/PROJECTS/DR/DR_2/PDBs_Clean/2E1ZA/2E1ZA.pdb
# dssp file = /home/wagram/gelly/CORNICHON/PROJECTS/DR/DR_2/PDBs_Clean/2E1ZA/2E1ZA.dssp
# R2 value = 99
# S2D limit size = 8
# limit size of PU= 15
# max size of PU= 0
# d0 value= 6.0
# delta value= 1.5
# only secondary structure= 0
# pruning flag= 0
# cut off pruning= 0
# Max Number of pu= 40
# END PARSE PDB
# END PARSE DSSP
#i/e    i/i+e R2        CI        N DOMAINS
23.32    4.29 84.509155 71.417973 3 1 139 140 376 377 394 
8.45    11.84 93.772726 87.933242 5 140 228 229 297 298 376 1 139 377 394 
6.58    15.19 95.419133 91.048110 6 1 78 79 139 140 228 229 297 298 376 377 394 
6.10    16.39 95.960407 92.083997 7 298 315 316 376 1 78 79 139 140 228 229 297 377 394 
5.43    18.42 96.466556 93.057964 8 229 269 270 297 298 315 316 376 1 78 79 139 140 228 377 394 
4.32    23.15 97.308019 94.688506 10 140 174 175 217 218 228 229 269 270 297 298 315 316 376 1 78 79 139 377 394 
3.88    25.81 97.581884 95.222241 11 1 55 56 78 140 174 175 217 218 228 229 269 270 297 298 315 316 376 79 139 377 394 
3.58    27.92 97.812842 95.673521 12 1 32 33 55 56 78 140 174 175 217 218 228 229 269 270 297 298 315 316 376 79 139 377 394 
3.38    29.61 97.979854 96.000518 13 175 190 191 217 1 32 33 55 56 78 140 174 218 228 229 269 270 297 298 315 316 376 79 139 377 394 
2.83    35.38 98.195373 96.423313 15 79 97 98 132 133 139 175 190 191 217 1 32 33 55 56 78 140 174 218 228 229 269 270 297 298 315 316 376 377 394 
2.74    36.56 98.315068 96.658526 16 98 117 118 132 79 97 133 139 175 190 191 217 1 32 33 55 56 78 140 174 218 228 229 269 270 297 298 315 316 376 377 394 
2.43    41.20 98.458308 96.940384 17 316 342 343 376 98 117 118 132 79 97 133 139 175 190 191 217 1 32 33 55 56 78 140 174 218 228 229 269 270 297 298 315 377 394 
2.24    44.70 98.528800 97.079245 18 229 251 252 269 316 342 343 376 98 117 118 132 79 97 133 139 175 190 191 217 1 32 33 55 56 78 140 174 218 228 270 297 298 315 377 394 
2.10    47.54 98.581250 97.182628 19 140 155 156 174 229 251 252 269 316 342 343 376 98 117 118 132 79 97 133 139 175 190 191 217 1 32 33 55 56 78 218 228 270 297 298 315 377 394 
1.96    51.01 98.619422 97.257904 20 343 358 359 376 140 155 156 174 229 251 252 269 316 342 98 117 118 132 79 97 133 139 175 190 191 217 1 32 33 55 56 78 218 228 270 297 298 315 377 394 
