# pdb file = /home/wagram/gelly/CORNICHON/PROJECTS/DR/DR_2/PDBs_Clean/1BD7A/1BD7A.pdb
# dssp file = /home/wagram/gelly/CORNICHON/PROJECTS/DR/DR_2/PDBs_Clean/1BD7A/1BD7A.dssp
# R2 value = 99
# S2D limit size = 8
# limit size of PU= 15
# max size of PU= 0
# d0 value= 6.0
# delta value= 1.5
# only secondary structure= 0
# pruning flag= 0
# cut off pruning= 0
# Max Number of pu= 40
# END PARSE PDB
# END PARSE DSSP
#i/e    i/i+e R2        CI        N DOMAINS
34.57    2.89 82.273231 67.688845 2 1 86 87 176 
7.95    12.57 86.541433 74.894196 3 87 132 133 176 1 86 
4.18    23.92 89.814873 80.667114 4 1 43 44 86 87 132 133 176 
3.23    30.94 90.548576 81.990446 5 133 153 154 176 1 43 44 86 87 132 
2.57    38.90 91.382526 83.507660 6 1 22 23 43 133 153 154 176 44 86 87 132 
2.07    48.37 92.079969 84.787207 7 44 65 66 86 1 22 23 43 133 153 154 176 87 132 
1.63    61.29 92.692469 85.918939 8 87 111 112 132 44 65 66 86 1 22 23 43 133 153 154 176 
