# pdb file = /home/wagram/gelly/CORNICHON/PROJECTS/DR/DR_2/PDBs_Clean/3OKSA/3OKSA.pdb
# dssp file = /home/wagram/gelly/CORNICHON/PROJECTS/DR/DR_2/PDBs_Clean/3OKSA/3OKSA.dssp
# R2 value = 99
# S2D limit size = 8
# limit size of PU= 15
# max size of PU= 0
# d0 value= 6.0
# delta value= 1.5
# only secondary structure= 0
# pruning flag= 0
# cut off pruning= 0
# Max Number of pu= 40
# END PARSE PDB
# END PARSE DSSP
#i/e    i/i+e R2        CI        N DOMAINS
12.10    8.26 84.223428 70.935859 3 1 72 73 344 345 444 
4.73    21.16 92.600079 85.747747 5 73 141 142 260 261 344 1 72 345 444 
4.66    21.45 93.618423 87.644092 6 73 121 122 141 142 260 261 344 1 72 345 444 
4.61    21.70 94.181152 88.700894 7 73 88 89 121 122 141 142 260 261 344 1 72 345 444 
4.06    24.64 95.347350 90.911172 9 261 304 305 321 322 344 73 88 89 121 122 141 142 260 1 72 345 444 
3.48    28.71 95.971865 92.105990 11 1 19 20 36 37 72 261 304 305 321 322 344 73 88 89 121 122 141 142 260 345 444 
3.08    32.47 96.653825 93.419619 12 142 183 184 260 1 19 20 36 37 72 261 304 305 321 322 344 73 88 89 121 122 141 345 444 
2.76    36.27 97.221639 94.520471 13 345 390 391 444 142 183 184 260 1 19 20 36 37 72 261 304 305 321 322 344 73 88 89 121 122 141 
2.65    37.74 97.456756 94.978193 14 391 421 422 444 345 390 142 183 184 260 1 19 20 36 37 72 261 304 305 321 322 344 73 88 89 121 122 141 
2.57    38.87 97.594504 95.246872 15 89 104 105 121 391 421 422 444 345 390 142 183 184 260 1 19 20 36 37 72 261 304 305 321 322 344 73 88 122 141 
2.41    41.41 97.806424 95.660966 16 184 201 202 260 89 104 105 121 391 421 422 444 345 390 142 183 1 19 20 36 37 72 261 304 305 321 322 344 73 88 122 141 
2.30    43.42 97.984287 96.009205 17 261 282 283 304 184 201 202 260 89 104 105 121 391 421 422 444 345 390 142 183 1 19 20 36 37 72 305 321 322 344 73 88 122 141 
2.18    45.87 98.129048 96.293101 18 345 364 365 390 261 282 283 304 184 201 202 260 89 104 105 121 391 421 422 444 142 183 1 19 20 36 37 72 305 321 322 344 73 88 122 141 
2.06    48.55 98.270677 96.571259 19 202 217 218 260 345 364 365 390 261 282 283 304 184 201 89 104 105 121 391 421 422 444 142 183 1 19 20 36 37 72 305 321 322 344 73 88 122 141 
1.99    50.24 98.354081 96.735253 20 391 406 407 421 202 217 218 260 345 364 365 390 261 282 283 304 184 201 89 104 105 121 422 444 142 183 1 19 20 36 37 72 305 321 322 344 73 88 122 141 
1.90    52.72 98.465990 96.955511 21 218 239 240 260 391 406 407 421 202 217 345 364 365 390 261 282 283 304 184 201 89 104 105 121 422 444 142 183 1 19 20 36 37 72 305 321 322 344 73 88 122 141 
1.80    55.49 98.547041 97.115193 22 37 54 55 72 218 239 240 260 391 406 407 421 202 217 345 364 365 390 261 282 283 304 184 201 89 104 105 121 422 444 142 183 1 19 20 36 305 321 322 344 73 88 122 141 
1.68    59.55 98.601621 97.222796 23 142 164 165 183 37 54 55 72 218 239 240 260 391 406 407 421 202 217 345 364 365 390 261 282 283 304 184 201 89 104 105 121 422 444 1 19 20 36 305 321 322 344 73 88 122 141 
