# pdb file = /home/wagram/gelly/CORNICHON/PROJECTS/DR/DR_2/PDBs_Clean/1DPBA/1DPBA.pdb
# dssp file = /home/wagram/gelly/CORNICHON/PROJECTS/DR/DR_2/PDBs_Clean/1DPBA/1DPBA.dssp
# R2 value = 99
# S2D limit size = 8
# limit size of PU= 15
# max size of PU= 0
# d0 value= 6.0
# delta value= 1.5
# only secondary structure= 0
# pruning flag= 0
# cut off pruning= 0
# Max Number of pu= 40
# END PARSE PDB
# END PARSE DSSP
#i/e    i/i+e R2        CI        N DOMAINS
427.08   0.23 52.047005 27.088907 2 1 18 19 243 
6.13    16.32 86.234492 74.363876 4 19 58 59 164 165 243 1 18 
5.95    16.80 88.528167 78.372364 5 19 38 39 58 59 164 165 243 1 18 
5.39    18.57 91.315684 83.385541 6 165 215 216 243 19 38 39 58 59 164 1 18 
3.87    25.81 94.982265 90.216307 8 59 82 83 105 106 164 165 215 216 243 19 38 39 58 1 18 
2.80    35.72 96.074035 92.302201 10 106 125 126 141 142 164 59 82 83 105 165 215 216 243 19 38 39 58 1 18 
2.39    41.80 96.577857 93.272824 11 165 190 191 215 106 125 126 141 142 164 59 82 83 105 216 243 19 38 39 58 1 18 
