# pdb file = /home/wagram/gelly/CORNICHON/PROJECTS/DR/DR_2/PDBs_Clean/4E29A/4E29A.pdb
# dssp file = /home/wagram/gelly/CORNICHON/PROJECTS/DR/DR_2/PDBs_Clean/4E29A/4E29A.dssp
# R2 value = 99
# S2D limit size = 8
# limit size of PU= 15
# max size of PU= 0
# d0 value= 6.0
# delta value= 1.5
# only secondary structure= 0
# pruning flag= 0
# cut off pruning= 0
# Max Number of pu= 40
# END PARSE PDB
# END PARSE DSSP
#i/e    i/i+e R2        CI        N DOMAINS
7.93    12.62 84.482249 71.372504 3 1 128 129 191 192 233 
7.71    12.97 87.093229 75.852305 4 192 210 211 233 1 128 129 191 
6.71    14.90 91.912052 84.478253 5 1 102 103 128 192 210 211 233 129 191 
4.29    23.33 94.636614 89.560888 7 1 16 17 32 33 102 103 128 192 210 211 233 129 191 
3.76    26.58 95.754842 91.689898 8 33 78 79 102 1 16 17 32 103 128 192 210 211 233 129 191 
3.52    28.40 96.371194 92.874070 9 33 48 49 78 79 102 1 16 17 32 103 128 192 210 211 233 129 191 
2.92    34.19 97.190134 94.459221 11 129 143 144 181 182 191 33 48 49 78 79 102 1 16 17 32 103 128 192 210 211 233 
2.44    40.94 97.328093 94.727576 12 144 163 164 181 129 143 182 191 33 48 49 78 79 102 1 16 17 32 103 128 192 210 211 233 
