# pdb file = /home/wagram/gelly/CORNICHON/PROJECTS/DR/DR_2/PDBs_Clean/4EHXA/4EHXA.pdb
# dssp file = /home/wagram/gelly/CORNICHON/PROJECTS/DR/DR_2/PDBs_Clean/4EHXA/4EHXA.dssp
# R2 value = 99
# S2D limit size = 8
# limit size of PU= 15
# max size of PU= 0
# d0 value= 6.0
# delta value= 1.5
# only secondary structure= 0
# pruning flag= 0
# cut off pruning= 0
# Max Number of pu= 40
# END PARSE PDB
# END PARSE DSSP
#i/e    i/i+e R2        CI        N DOMAINS
24.95    4.01 83.655533 69.982481 3 1 207 208 296 297 315 
6.61    15.12 93.187717 86.839506 5 1 51 52 138 139 207 208 296 297 315 
6.52    15.35 94.347344 89.014214 6 1 32 33 51 52 138 139 207 208 296 297 315 
5.12    19.54 95.751267 91.683051 8 139 157 158 178 179 207 1 32 33 51 52 138 208 296 297 315 
4.89    20.43 96.095668 92.343774 9 1 16 17 32 139 157 158 178 179 207 33 51 52 138 208 296 297 315 
3.61    27.71 97.021598 94.131905 11 208 227 228 262 263 296 1 16 17 32 139 157 158 178 179 207 33 51 52 138 297 315 
2.68    37.27 97.787501 95.623954 13 52 71 72 117 118 138 208 227 228 262 263 296 1 16 17 32 139 157 158 178 179 207 33 51 297 315 
2.44    40.92 97.900816 95.845697 14 263 281 282 296 52 71 72 117 118 138 208 227 228 262 1 16 17 32 139 157 158 178 179 207 33 51 297 315 
2.16    46.35 97.944372 95.931001 15 228 243 244 262 263 281 282 296 52 71 72 117 118 138 208 227 1 16 17 32 139 157 158 178 179 207 33 51 297 315 
1.79    55.79 98.023705 96.086468 16 72 97 98 117 228 243 244 262 263 281 282 296 52 71 118 138 208 227 1 16 17 32 139 157 158 178 179 207 33 51 297 315 
