# pdb file = /home/wagram/gelly/CORNICHON/PROJECTS/DR/DR_2/PDBs_Clean/3L5LA/3L5LA.pdb
# dssp file = /home/wagram/gelly/CORNICHON/PROJECTS/DR/DR_2/PDBs_Clean/3L5LA/3L5LA.dssp
# R2 value = 99
# S2D limit size = 8
# limit size of PU= 15
# max size of PU= 0
# d0 value= 6.0
# delta value= 1.5
# only secondary structure= 0
# pruning flag= 0
# cut off pruning= 0
# Max Number of pu= 40
# END PARSE PDB
# END PARSE DSSP
#i/e    i/i+e R2        CI        N DOMAINS
12.10    8.26 76.511648 58.540323 3 1 21 22 275 276 359 
10.77    9.28 81.165787 65.878851 4 276 323 324 359 1 21 22 275 
6.58    15.21 90.379731 81.684958 5 22 177 178 275 276 323 324 359 1 21 
4.47    22.38 94.482968 89.270312 7 22 101 102 147 148 177 178 275 276 323 324 359 1 21 
3.57    28.01 95.953241 92.070245 9 178 193 194 225 226 275 22 101 102 147 148 177 276 323 324 359 1 21 
3.47    28.81 96.270645 92.680371 10 194 209 210 225 178 193 226 275 22 101 102 147 148 177 276 323 324 359 1 21 
3.32    30.14 96.514222 93.149950 11 324 343 344 359 194 209 210 225 178 193 226 275 22 101 102 147 148 177 276 323 1 21 
3.07    32.61 96.777600 93.659039 12 102 126 127 147 324 343 344 359 194 209 210 225 178 193 226 275 22 101 148 177 276 323 1 21 
2.81    35.63 97.032459 94.152982 13 276 295 296 323 102 126 127 147 324 343 344 359 194 209 210 225 178 193 226 275 22 101 148 177 1 21 
2.12    47.22 97.542311 95.145024 15 22 58 59 82 83 101 276 295 296 323 102 126 127 147 324 343 344 359 194 209 210 225 178 193 226 275 148 177 1 21 
2.01    49.66 97.716610 95.485359 16 22 40 41 58 59 82 83 101 276 295 296 323 102 126 127 147 324 343 344 359 194 209 210 225 178 193 226 275 148 177 1 21 
1.79    55.75 97.820662 95.688818 17 226 249 250 275 22 40 41 58 59 82 83 101 276 295 296 323 102 126 127 147 324 343 344 359 194 209 210 225 178 193 148 177 1 21 
