# pdb file = /home/wagram/gelly/CORNICHON/PROJECTS/DR/DR_2/PDBs_Clean/2QTQA/2QTQA.pdb
# dssp file = /home/wagram/gelly/CORNICHON/PROJECTS/DR/DR_2/PDBs_Clean/2QTQA/2QTQA.dssp
# R2 value = 99
# S2D limit size = 8
# limit size of PU= 15
# max size of PU= 0
# d0 value= 6.0
# delta value= 1.5
# only secondary structure= 0
# pruning flag= 0
# cut off pruning= 0
# Max Number of pu= 40
# END PARSE PDB
# END PARSE DSSP
#i/e    i/i+e R2        CI        N DOMAINS
27.73    3.61 76.341220 58.279819 2 1 58 59 204 
7.51    13.32 90.468754 81.845954 4 59 103 104 127 128 204 1 58 
5.65    17.70 93.946744 88.259908 6 128 159 160 196 197 204 59 103 104 127 1 58 
5.28    18.95 94.889020 90.039262 7 160 180 181 196 128 159 197 204 59 103 104 127 1 58 
4.47    22.37 95.750331 91.681259 8 1 39 40 58 160 180 181 196 128 159 197 204 59 103 104 127 
3.90    25.65 96.437769 93.002434 9 59 77 78 103 1 39 40 58 160 180 181 196 128 159 197 204 104 127 
3.45    29.02 96.789643 93.682350 10 1 17 18 39 59 77 78 103 40 58 160 180 181 196 128 159 197 204 104 127 
3.01    33.27 97.082738 94.250580 11 128 144 145 159 1 17 18 39 59 77 78 103 40 58 160 180 181 196 197 204 104 127 
