# pdb file = /home/wagram/gelly/CORNICHON/PROJECTS/DR/DR_2/PDBs_Clean/1R17A/1R17A.pdb
# dssp file = /home/wagram/gelly/CORNICHON/PROJECTS/DR/DR_2/PDBs_Clean/1R17A/1R17A.dssp
# R2 value = 99
# S2D limit size = 8
# limit size of PU= 15
# max size of PU= 0
# d0 value= 6.0
# delta value= 1.5
# only secondary structure= 0
# pruning flag= 0
# cut off pruning= 0
# Max Number of pu= 40
# END PARSE PDB
# END PARSE DSSP
#i/e    i/i+e R2        CI        N DOMAINS
15.61    6.40 83.955107 70.484600 3 1 150 151 307 308 321 
3.70    27.04 87.812722 77.110741 5 151 215 216 235 236 307 1 150 308 321 
3.60    27.79 89.950044 80.910105 6 236 268 269 307 151 215 216 235 1 150 308 321 
3.49    28.64 91.295520 83.348719 7 151 194 195 215 236 268 269 307 216 235 1 150 308 321 
1.97    50.88 94.056267 88.465814 9 1 65 66 104 105 150 151 194 195 215 236 268 269 307 216 235 308 321 
1.92    52.01 94.776849 89.826510 10 105 124 125 150 1 65 66 104 151 194 195 215 236 268 269 307 216 235 308 321 
1.64    60.94 95.677728 91.542276 12 1 16 17 32 33 65 105 124 125 150 66 104 151 194 195 215 236 268 269 307 216 235 308 321 
1.61    62.20 95.969607 92.101654 13 33 49 50 65 1 16 17 32 105 124 125 150 66 104 151 194 195 215 236 268 269 307 216 235 308 321 
1.52    65.62 96.266616 92.672614 14 151 179 180 194 33 49 50 65 1 16 17 32 105 124 125 150 66 104 195 215 236 268 269 307 216 235 308 321 
1.42    70.33 96.500966 93.124364 15 66 87 88 104 151 179 180 194 33 49 50 65 1 16 17 32 105 124 125 150 195 215 236 268 269 307 216 235 308 321 
1.31    76.16 96.665610 93.442401 16 269 288 289 307 66 87 88 104 151 179 180 194 33 49 50 65 1 16 17 32 105 124 125 150 195 215 236 268 216 235 308 321 
