# pdb file = /home/wagram/gelly/CORNICHON/PROJECTS/DR/DR_2/PDBs_Clean/2HWJA/2HWJA.pdb
# dssp file = /home/wagram/gelly/CORNICHON/PROJECTS/DR/DR_2/PDBs_Clean/2HWJA/2HWJA.dssp
# R2 value = 99
# S2D limit size = 8
# limit size of PU= 15
# max size of PU= 0
# d0 value= 6.0
# delta value= 1.5
# only secondary structure= 0
# pruning flag= 0
# cut off pruning= 0
# Max Number of pu= 40
# END PARSE PDB
# END PARSE DSSP
#i/e    i/i+e R2        CI        N DOMAINS
31.52    3.17 80.324775 64.520695 2 1 126 127 196 
8.02    12.47 88.808400 78.869319 4 1 85 86 101 102 126 127 196 
4.47    22.35 92.733485 85.994992 6 1 21 22 37 38 85 86 101 102 126 127 196 
3.12    32.10 95.043909 90.333446 8 127 158 159 176 177 196 1 21 22 37 38 85 86 101 102 126 
2.78    35.92 95.474126 91.153086 9 127 142 143 158 159 176 177 196 1 21 22 37 38 85 86 101 102 126 
2.26    44.31 95.884364 91.938112 10 38 59 60 85 127 142 143 158 159 176 177 196 1 21 22 37 86 101 102 126 
