# pdb file = /home/wagram/gelly/CORNICHON/PROJECTS/DR/DR_2/PDBs_Clean/3M5VA/3M5VA.pdb
# dssp file = /home/wagram/gelly/CORNICHON/PROJECTS/DR/DR_2/PDBs_Clean/3M5VA/3M5VA.dssp
# R2 value = 99
# S2D limit size = 8
# limit size of PU= 15
# max size of PU= 0
# d0 value= 6.0
# delta value= 1.5
# only secondary structure= 0
# pruning flag= 0
# cut off pruning= 0
# Max Number of pu= 40
# END PARSE PDB
# END PARSE DSSP
#i/e    i/i+e R2        CI        N DOMAINS
8.17    12.23 86.161633 74.238269 3 1 79 80 187 188 297 
6.84    14.63 90.299545 81.540078 4 188 244 245 297 1 79 80 187 
5.87    17.03 92.025802 84.687483 5 80 168 169 187 188 244 245 297 1 79 
5.29    18.92 92.786893 86.094076 6 245 277 278 297 80 168 169 187 188 244 1 79 
4.25    23.51 94.069114 88.489982 7 80 105 106 168 245 277 278 297 169 187 188 244 1 79 
3.72    26.90 94.908060 90.075399 8 188 207 208 244 80 105 106 168 245 277 278 297 169 187 1 79 
3.08    32.52 95.782531 91.742933 9 1 41 42 79 188 207 208 244 80 105 106 168 245 277 278 297 169 187 
2.85    35.13 96.096155 92.344709 10 208 228 229 244 1 41 42 79 188 207 80 105 106 168 245 277 278 297 169 187 
2.64    37.82 96.365144 92.862409 11 42 61 62 79 208 228 229 244 1 41 188 207 80 105 106 168 245 277 278 297 169 187 
2.31    43.30 96.805154 93.712379 12 106 131 132 168 42 61 62 79 208 228 229 244 1 41 188 207 80 105 245 277 278 297 169 187 
2.14    46.68 97.074972 94.235503 13 1 22 23 41 106 131 132 168 42 61 62 79 208 228 229 244 188 207 80 105 245 277 278 297 169 187 
2.01    49.86 97.221275 94.519763 14 245 262 263 277 1 22 23 41 106 131 132 168 42 61 62 79 208 228 229 244 188 207 80 105 278 297 169 187 
1.83    54.53 97.376311 94.821459 15 132 147 148 168 245 262 263 277 1 22 23 41 106 131 42 61 62 79 208 228 229 244 188 207 80 105 278 297 169 187 
