# pdb file = /home/wagram/gelly/CORNICHON/PROJECTS/DR/DR_2/PDBs_Clean/2JBAA/2JBAA.pdb
# dssp file = /home/wagram/gelly/CORNICHON/PROJECTS/DR/DR_2/PDBs_Clean/2JBAA/2JBAA.dssp
# R2 value = 99
# S2D limit size = 8
# limit size of PU= 15
# max size of PU= 0
# d0 value= 6.0
# delta value= 1.5
# only secondary structure= 0
# pruning flag= 0
# cut off pruning= 0
# Max Number of pu= 40
# END PARSE PDB
# END PARSE DSSP
#i/e    i/i+e R2        CI        N DOMAINS
11.79    8.48 73.035747 53.342204 2 1 76 77 125 
9.04    11.07 80.256188 64.410557 3 77 106 107 125 1 76 
6.42    15.58 86.505966 74.832821 4 1 60 61 76 77 106 107 125 
3.79    26.39 90.269602 81.486010 5 1 32 33 60 61 76 77 106 107 125 
2.71    36.89 91.002806 82.815108 6 1 17 18 32 33 60 61 76 77 106 107 125 
