# pdb file = /home/wagram/gelly/CORNICHON/PROJECTS/DR/DR_2/PDBs_Clean/3QBXA/3QBXA.pdb
# dssp file = /home/wagram/gelly/CORNICHON/PROJECTS/DR/DR_2/PDBs_Clean/3QBXA/3QBXA.dssp
# R2 value = 99
# S2D limit size = 8
# limit size of PU= 15
# max size of PU= 0
# d0 value= 6.0
# delta value= 1.5
# only secondary structure= 0
# pruning flag= 0
# cut off pruning= 0
# Max Number of pu= 40
# END PARSE PDB
# END PARSE DSSP
#i/e    i/i+e R2        CI        N DOMAINS
8.05    12.43 83.759275 70.156161 3 1 151 152 313 314 353 
7.12    14.04 87.712895 76.935520 4 1 126 127 151 152 313 314 353 
4.30    23.23 92.724193 85.977760 6 152 182 183 258 259 313 1 126 127 151 314 353 
3.60    27.78 94.141689 88.626577 8 183 209 210 245 246 258 152 182 259 313 1 126 127 151 314 353 
3.52    28.43 94.577377 89.448802 9 210 230 231 245 183 209 246 258 152 182 259 313 1 126 127 151 314 353 
2.79    35.84 96.310214 92.756574 11 1 36 37 61 62 126 210 230 231 245 183 209 246 258 152 182 259 313 127 151 314 353 
2.66    37.60 96.699162 93.507279 12 259 274 275 313 1 36 37 61 62 126 210 230 231 245 183 209 246 258 152 182 127 151 314 353 
2.55    39.19 97.049022 94.185126 13 314 331 332 353 259 274 275 313 1 36 37 61 62 126 210 230 231 245 183 209 246 258 152 182 127 151 
2.37    42.18 97.436637 94.938982 14 62 87 88 126 314 331 332 353 259 274 275 313 1 36 37 61 210 230 231 245 183 209 246 258 152 182 127 151 
2.24    44.72 97.627062 95.310432 15 88 110 111 126 62 87 314 331 332 353 259 274 275 313 1 36 37 61 210 230 231 245 183 209 246 258 152 182 127 151 
2.04    49.13 97.726166 95.504036 16 275 298 299 313 88 110 111 126 62 87 314 331 332 353 259 274 1 36 37 61 210 230 231 245 183 209 246 258 152 182 127 151 
1.87    53.51 97.803069 95.654403 17 1 21 22 36 275 298 299 313 88 110 111 126 62 87 314 331 332 353 259 274 37 61 210 230 231 245 183 209 246 258 152 182 127 151 
1.72    58.17 97.888200 95.820998 18 152 167 168 182 1 21 22 36 275 298 299 313 88 110 111 126 62 87 314 331 332 353 259 274 37 61 210 230 231 245 183 209 246 258 127 151 
