# pdb file = /home/wagram/gelly/CORNICHON/PROJECTS/DR/DR_2/PDBs_Clean/3DSQA/3DSQA.pdb
# dssp file = /home/wagram/gelly/CORNICHON/PROJECTS/DR/DR_2/PDBs_Clean/3DSQA/3DSQA.dssp
# R2 value = 99
# S2D limit size = 8
# limit size of PU= 15
# max size of PU= 0
# d0 value= 6.0
# delta value= 1.5
# only secondary structure= 0
# pruning flag= 0
# cut off pruning= 0
# Max Number of pu= 40
# END PARSE PDB
# END PARSE DSSP
#i/e    i/i+e R2        CI        N DOMAINS
16.88    5.92 85.011471 72.269502 3 1 68 69 248 249 278 
14.83    6.74 88.005913 77.450408 4 1 50 51 68 69 248 249 278 
7.66    13.06 93.068265 86.617019 5 69 168 169 248 1 50 51 68 249 278 
5.08    19.70 95.009064 90.267223 7 69 126 127 141 142 168 169 248 1 50 51 68 249 278 
5.00    20.00 95.919863 92.006202 8 69 84 85 126 127 141 142 168 169 248 1 50 51 68 249 278 
3.63    27.57 97.033491 94.154984 10 169 196 197 226 227 248 69 84 85 126 127 141 142 168 1 50 51 68 249 278 
3.25    30.75 97.358696 94.787158 11 1 31 32 50 169 196 197 226 227 248 69 84 85 126 127 141 142 168 51 68 249 278 
2.87    34.80 97.515210 95.092161 12 85 103 104 126 1 31 32 50 169 196 197 226 227 248 69 84 127 141 142 168 51 68 249 278 
2.56    39.10 97.587831 95.233847 13 1 16 17 31 85 103 104 126 32 50 169 196 197 226 227 248 69 84 127 141 142 168 51 68 249 278 
