# pdb file = /home/wagram/gelly/CORNICHON/PROJECTS/DR/DR_2/PDBs_Clean/2Q46A/2Q46A.pdb
# dssp file = /home/wagram/gelly/CORNICHON/PROJECTS/DR/DR_2/PDBs_Clean/2Q46A/2Q46A.dssp
# R2 value = 99
# S2D limit size = 8
# limit size of PU= 15
# max size of PU= 0
# d0 value= 6.0
# delta value= 1.5
# only secondary structure= 0
# pruning flag= 0
# cut off pruning= 0
# Max Number of pu= 40
# END PARSE PDB
# END PARSE DSSP
#i/e    i/i+e R2        CI        N DOMAINS
11.07    9.03 79.673342 63.478414 3 1 80 81 98 99 253 
6.92    14.44 88.660917 78.607582 4 99 167 168 253 1 80 81 98 
5.14    19.46 91.878138 84.415923 6 99 114 115 132 133 167 168 253 1 80 81 98 
4.77    20.98 92.605636 85.758038 7 133 152 153 167 99 114 115 132 168 253 1 80 81 98 
3.35    29.90 94.661455 89.607910 9 1 37 38 68 69 80 133 152 153 167 99 114 115 132 168 253 81 98 
3.19    31.37 95.168595 90.570614 10 38 53 54 68 1 37 69 80 133 152 153 167 99 114 115 132 168 253 81 98 
2.04    48.98 96.123160 92.396620 12 168 207 208 222 223 253 38 53 54 68 1 37 69 80 133 152 153 167 99 114 115 132 81 98 
1.95    51.39 96.412520 92.953741 13 223 238 239 253 168 207 208 222 38 53 54 68 1 37 69 80 133 152 153 167 99 114 115 132 81 98 
1.74    57.33 96.633171 93.379698 14 168 185 186 207 223 238 239 253 208 222 38 53 54 68 1 37 69 80 133 152 153 167 99 114 115 132 81 98 
1.53    65.35 96.805427 93.712907 15 1 21 22 37 168 185 186 207 223 238 239 253 208 222 38 53 54 68 69 80 133 152 153 167 99 114 115 132 81 98 
