# pdb file = /home/wagram/gelly/CORNICHON/PROJECTS/DR/DR_2/PDBs_Clean/2ASUB/2ASUB.pdb
# dssp file = /home/wagram/gelly/CORNICHON/PROJECTS/DR/DR_2/PDBs_Clean/2ASUB/2ASUB.dssp
# R2 value = 99
# S2D limit size = 8
# limit size of PU= 15
# max size of PU= 0
# d0 value= 6.0
# delta value= 1.5
# only secondary structure= 0
# pruning flag= 0
# cut off pruning= 0
# Max Number of pu= 40
# END PARSE PDB
# END PARSE DSSP
#i/e    i/i+e R2        CI        N DOMAINS
5.34    18.73 70.827827 50.165811 3 1 144 145 159 160 225 
3.82    26.18 80.610404 64.980372 4 1 105 106 144 145 159 160 225 
2.39    41.88 86.324548 74.519276 6 1 55 56 70 71 105 106 144 145 159 160 225 
2.27    44.07 87.325122 76.256770 7 71 90 91 105 1 55 56 70 106 144 145 159 160 225 
1.71    58.44 90.151520 81.272966 9 160 174 175 197 198 225 71 90 91 105 1 55 56 70 106 144 145 159 
1.55    64.61 91.330580 83.412748 10 1 40 41 55 160 174 175 197 198 225 71 90 91 105 56 70 106 144 145 159 
1.41    71.06 92.349181 85.283712 11 1 20 21 40 41 55 160 174 175 197 198 225 71 90 91 105 56 70 106 144 145 159 
1.29    77.65 93.050036 86.583091 12 106 122 123 144 1 20 21 40 41 55 160 174 175 197 198 225 71 90 91 105 56 70 145 159 
