# pdb file = /home/wagram/gelly/CORNICHON/PROJECTS/DR/DR_2/PDBs_Clean/1PJ5A/1PJ5A.pdb
# dssp file = /home/wagram/gelly/CORNICHON/PROJECTS/DR/DR_2/PDBs_Clean/1PJ5A/1PJ5A.dssp
# R2 value = 99
# S2D limit size = 8
# limit size of PU= 15
# max size of PU= 0
# d0 value= 6.0
# delta value= 1.5
# only secondary structure= 0
# pruning flag= 0
# cut off pruning= 0
# Max Number of pu= 40
# END PARSE PDB
# END PARSE DSSP
#i/e    i/i+e R2        CI        N DOMAINS
57.21    1.75 83.816711 70.252410 2 1 414 415 827 
23.98    4.17 89.386482 79.899431 4 415 739 740 814 815 827 1 414 
17.22    5.81 91.894540 84.446065 5 415 488 489 739 740 814 815 827 1 414 
15.95    6.27 92.437414 85.446755 6 415 457 458 488 489 739 740 814 815 827 1 414 
7.16    13.97 95.488160 91.179887 8 1 47 48 146 147 414 415 457 458 488 489 739 740 814 815 827 
7.08    14.11 96.045357 92.247106 9 147 165 166 414 1 47 48 146 415 457 458 488 489 739 740 814 815 827 
5.70    17.53 97.425801 94.917866 11 166 219 220 331 332 414 147 165 1 47 48 146 415 457 458 488 489 739 740 814 815 827 
5.60    17.86 97.566454 95.192129 12 166 197 198 219 220 331 332 414 147 165 1 47 48 146 415 457 458 488 489 739 740 814 815 827 
4.94    20.23 97.875876 95.796871 14 220 276 277 295 296 331 166 197 198 219 332 414 147 165 1 47 48 146 415 457 458 488 489 739 740 814 815 827 
4.54    22.03 98.171414 96.376266 16 332 357 358 381 382 414 220 276 277 295 296 331 166 197 198 219 147 165 1 47 48 146 415 457 458 488 489 739 740 814 815 827 
4.11    24.30 98.391286 96.808451 18 48 84 85 139 140 146 332 357 358 381 382 414 220 276 277 295 296 331 166 197 198 219 147 165 1 47 415 457 458 488 489 739 740 814 815 827 
3.29    30.44 98.810300 97.634754 20 489 503 504 597 598 739 48 84 85 139 140 146 332 357 358 381 382 414 220 276 277 295 296 331 166 197 198 219 147 165 1 47 415 457 458 488 740 814 815 827 
3.26    30.63 99.020234 98.050068 21 598 696 697 739 489 503 504 597 48 84 85 139 140 146 332 357 358 381 382 414 220 276 277 295 296 331 166 197 198 219 147 165 1 47 415 457 458 488 740 814 815 827 
