# pdb file = /home/wagram/gelly/CORNICHON/PROJECTS/DR/DR_2/PDBs_Clean/3UO1L/3UO1L.pdb
# dssp file = /home/wagram/gelly/CORNICHON/PROJECTS/DR/DR_2/PDBs_Clean/3UO1L/3UO1L.dssp
# R2 value = 99
# S2D limit size = 8
# limit size of PU= 15
# max size of PU= 0
# d0 value= 6.0
# delta value= 1.5
# only secondary structure= 0
# pruning flag= 0
# cut off pruning= 0
# Max Number of pu= 40
# END PARSE PDB
# END PARSE DSSP
#i/e    i/i+e R2        CI        N DOMAINS
52.16    1.92 83.547849 69.802431 2 1 111 112 218 
5.53    18.10 88.886832 79.008688 4 1 27 28 79 80 111 112 218 
4.58    21.83 90.236864 81.426917 5 28 63 64 79 1 27 80 111 112 218 
2.40    41.59 93.479609 87.384373 7 112 159 160 184 185 218 28 63 64 79 1 27 80 111 
2.31    43.32 94.316258 88.955565 8 112 144 145 159 160 184 185 218 28 63 64 79 1 27 80 111 
2.07    48.21 94.605942 89.502842 9 185 200 201 218 112 144 145 159 160 184 28 63 64 79 1 27 80 111 
1.84    54.47 94.954127 90.162863 10 28 43 44 63 185 200 201 218 112 144 145 159 160 184 64 79 1 27 80 111 
1.63    61.37 95.177240 90.587070 11 80 95 96 111 28 43 44 63 185 200 201 218 112 144 145 159 160 184 64 79 1 27 
1.38    72.53 95.372852 90.959809 12 112 129 130 144 80 95 96 111 28 43 44 63 185 200 201 218 145 159 160 184 64 79 1 27 
