# pdb file = /home/wagram/gelly/CORNICHON/PROJECTS/DR/DR_2/PDBs_Clean/3K6QA/3K6QA.pdb
# dssp file = /home/wagram/gelly/CORNICHON/PROJECTS/DR/DR_2/PDBs_Clean/3K6QA/3K6QA.dssp
# R2 value = 99
# S2D limit size = 8
# limit size of PU= 15
# max size of PU= 0
# d0 value= 6.0
# delta value= 1.5
# only secondary structure= 0
# pruning flag= 0
# cut off pruning= 0
# Max Number of pu= 40
# END PARSE PDB
# END PARSE DSSP
#i/e    i/i+e R2        CI        N DOMAINS
61.91    1.62 79.362671 62.984336 2 1 39 40 139 
6.95    14.39 90.818214 82.479479 4 40 90 91 123 124 139 1 39 
5.02    19.90 92.742392 86.011513 5 40 59 60 90 91 123 124 139 1 39 
4.01    24.97 93.757031 87.903808 6 91 108 109 123 40 59 60 90 124 139 1 39 
3.05    32.80 94.488948 89.281613 7 1 17 18 39 91 108 109 123 40 59 60 90 124 139 
