# pdb file = /home/wagram/gelly/CORNICHON/PROJECTS/DR/DR_2/PDBs_Clean/3IRSA/3IRSA.pdb
# dssp file = /home/wagram/gelly/CORNICHON/PROJECTS/DR/DR_2/PDBs_Clean/3IRSA/3IRSA.dssp
# R2 value = 99
# S2D limit size = 8
# limit size of PU= 15
# max size of PU= 0
# d0 value= 6.0
# delta value= 1.5
# only secondary structure= 0
# pruning flag= 0
# cut off pruning= 0
# Max Number of pu= 40
# END PARSE PDB
# END PARSE DSSP
#i/e    i/i+e R2        CI        N DOMAINS
7.07    14.15 82.196567 67.562756 3 1 96 97 236 237 281 
4.67    21.39 86.753887 75.262370 5 1 22 23 38 39 96 97 236 237 281 
4.54    22.04 89.498668 80.100115 6 39 59 60 96 1 22 23 38 97 236 237 281 
4.29    23.29 90.850823 82.538720 7 237 258 259 281 39 59 60 96 1 22 23 38 97 236 
3.84    26.07 93.029510 86.544896 8 97 118 119 236 237 258 259 281 39 59 60 96 1 22 23 38 
3.37    29.68 94.496769 89.296394 9 119 214 215 236 97 118 237 258 259 281 39 59 60 96 1 22 23 38 
2.68    37.32 96.121399 92.393234 11 119 134 135 150 151 214 215 236 97 118 237 258 259 281 39 59 60 96 1 22 23 38 
2.17    46.13 96.938728 93.971170 13 151 167 168 182 183 214 119 134 135 150 215 236 97 118 237 258 259 281 39 59 60 96 1 22 23 38 
1.98    50.59 97.127561 94.337630 14 60 75 76 96 151 167 168 182 183 214 119 134 135 150 215 236 97 118 237 258 259 281 39 59 1 22 23 38 
1.78    56.20 97.253838 94.583090 15 183 198 199 214 60 75 76 96 151 167 168 182 119 134 135 150 215 236 97 118 237 258 259 281 39 59 1 22 23 38 
