# pdb file = /home/wagram/gelly/CORNICHON/PROJECTS/DR/DR_2/PDBs_Clean/3FFRA/3FFRA.pdb
# dssp file = /home/wagram/gelly/CORNICHON/PROJECTS/DR/DR_2/PDBs_Clean/3FFRA/3FFRA.dssp
# R2 value = 99
# S2D limit size = 8
# limit size of PU= 15
# max size of PU= 0
# d0 value= 6.0
# delta value= 1.5
# only secondary structure= 0
# pruning flag= 0
# cut off pruning= 0
# Max Number of pu= 40
# END PARSE PDB
# END PARSE DSSP
#i/e    i/i+e R2        CI        N DOMAINS
12.73    7.85 77.428861 59.952286 3 1 16 17 267 268 361 
6.45    15.51 89.867427 80.761545 5 17 57 58 222 223 267 1 16 268 361 
6.33    15.79 91.101359 82.994575 6 223 243 244 267 17 57 58 222 1 16 268 361 
6.14    16.28 92.000436 84.640802 7 17 33 34 57 223 243 244 267 58 222 1 16 268 361 
3.88    25.74 95.071697 90.386276 9 58 82 83 181 182 222 17 33 34 57 223 243 244 267 1 16 268 361 
3.79    26.36 95.653155 91.495261 10 182 203 204 222 58 82 83 181 17 33 34 57 223 243 244 267 1 16 268 361 
3.18    31.44 96.730808 93.568492 12 268 285 286 339 340 361 182 203 204 222 58 82 83 181 17 33 34 57 223 243 244 267 1 16 
2.75    36.38 97.292748 94.658789 13 83 118 119 181 268 285 286 339 340 361 182 203 204 222 58 82 17 33 34 57 223 243 244 267 1 16 
2.54    39.33 97.580110 95.218779 14 286 307 308 339 83 118 119 181 268 285 340 361 182 203 204 222 58 82 17 33 34 57 223 243 244 267 1 16 
2.37    42.19 97.812582 95.673011 15 119 166 167 181 286 307 308 339 83 118 268 285 340 361 182 203 204 222 58 82 17 33 34 57 223 243 244 267 1 16 
2.18    45.82 97.947562 95.937249 16 119 135 136 166 167 181 286 307 308 339 83 118 268 285 340 361 182 203 204 222 58 82 17 33 34 57 223 243 244 267 1 16 
2.11    47.30 98.109331 96.254408 17 136 151 152 166 119 135 167 181 286 307 308 339 83 118 268 285 340 361 182 203 204 222 58 82 17 33 34 57 223 243 244 267 1 16 
1.92    52.15 98.158078 96.350084 18 83 99 100 118 136 151 152 166 119 135 167 181 286 307 308 339 268 285 340 361 182 203 204 222 58 82 17 33 34 57 223 243 244 267 1 16 
