# pdb file = /home/wagram/gelly/CORNICHON/PROJECTS/DR/DR_2/PDBs_Clean/3AX1A/3AX1A.pdb
# dssp file = /home/wagram/gelly/CORNICHON/PROJECTS/DR/DR_2/PDBs_Clean/3AX1A/3AX1A.dssp
# R2 value = 99
# S2D limit size = 8
# limit size of PU= 15
# max size of PU= 0
# d0 value= 6.0
# delta value= 1.5
# only secondary structure= 0
# pruning flag= 0
# cut off pruning= 0
# Max Number of pu= 40
# END PARSE PDB
# END PARSE DSSP
#i/e    i/i+e R2        CI        N DOMAINS
22.84    4.38 90.269512 81.485847 3 1 63 64 209 210 298 
19.86    5.04 92.284215 85.163764 4 1 43 44 63 64 209 210 298 
13.43    7.45 95.097850 90.436011 6 210 228 229 277 278 298 1 43 44 63 64 209 
11.31    8.84 96.209156 92.562017 7 64 191 192 209 210 228 229 277 278 298 1 43 44 63 
10.03    9.97 96.618829 93.351982 8 1 28 29 43 64 191 192 209 210 228 229 277 278 298 44 63 
5.11    19.59 97.882952 95.810723 10 64 106 107 163 164 191 1 28 29 43 192 209 210 228 229 277 278 298 44 63 
4.97    20.12 98.170258 96.373995 11 64 86 87 106 107 163 164 191 1 28 29 43 192 209 210 228 229 277 278 298 44 63 
4.49    22.29 98.414920 96.854965 12 107 137 138 163 64 86 87 106 164 191 1 28 29 43 192 209 210 228 229 277 278 298 44 63 
4.12    24.29 98.583525 97.187115 13 229 262 263 277 107 137 138 163 64 86 87 106 164 191 1 28 29 43 192 209 210 228 278 298 44 63 
3.87    25.87 98.696863 97.410707 14 107 122 123 137 229 262 263 277 138 163 64 86 87 106 164 191 1 28 29 43 192 209 210 228 278 298 44 63 
3.43    29.13 98.754990 97.525480 15 229 246 247 262 107 122 123 137 263 277 138 163 64 86 87 106 164 191 1 28 29 43 192 209 210 228 278 298 44 63 
