# pdb file = /home/wagram/gelly/CORNICHON/PROJECTS/DR/DR_2/PDBs_Clean/1QQP1/1QQP1.pdb
# dssp file = /home/wagram/gelly/CORNICHON/PROJECTS/DR/DR_2/PDBs_Clean/1QQP1/1QQP1.dssp
# R2 value = 99
# S2D limit size = 8
# limit size of PU= 15
# max size of PU= 0
# d0 value= 6.0
# delta value= 1.5
# only secondary structure= 0
# pruning flag= 0
# cut off pruning= 0
# Max Number of pu= 40
# END PARSE PDB
# END PARSE DSSP
#i/e    i/i+e R2        CI        N DOMAINS
315.77   0.32 65.716819 43.187002 2 1 24 25 188 
138.00   0.72 78.407793 61.477820 3 25 170 171 188 1 24 
4.00    25.02 88.905184 79.041317 5 25 78 79 153 154 170 171 188 1 24 
3.61    27.70 91.258373 83.280906 6 25 41 42 78 79 153 154 170 171 188 1 24 
3.31    30.18 92.455030 85.479326 7 42 57 58 78 25 41 79 153 154 170 171 188 1 24 
2.17    46.09 94.933523 90.123739 9 79 111 112 143 144 153 42 57 58 78 25 41 154 170 171 188 1 24 
2.02    49.49 95.438306 91.084703 10 112 127 128 143 79 111 144 153 42 57 58 78 25 41 154 170 171 188 1 24 
