# pdb file = /home/wagram/gelly/CORNICHON/PROJECTS/DR/DR_2/PDBs_Clean/3GMGA/3GMGA.pdb
# dssp file = /home/wagram/gelly/CORNICHON/PROJECTS/DR/DR_2/PDBs_Clean/3GMGA/3GMGA.dssp
# R2 value = 99
# S2D limit size = 8
# limit size of PU= 15
# max size of PU= 0
# d0 value= 6.0
# delta value= 1.5
# only secondary structure= 0
# pruning flag= 0
# cut off pruning= 0
# Max Number of pu= 40
# END PARSE PDB
# END PARSE DSSP
#i/e    i/i+e R2        CI        N DOMAINS
19.83    5.04 68.836816 47.385072 3 1 15 16 130 131 143 
2.23    44.80 82.379440 67.863721 5 16 62 63 83 84 130 1 15 131 143 
2.10    47.69 86.292977 74.464778 6 16 31 32 62 63 83 84 130 1 15 131 143 
1.98    50.51 88.388508 78.125283 7 32 47 48 62 16 31 63 83 84 130 1 15 131 143 
1.72    58.08 90.368159 81.664042 8 84 103 104 130 32 47 48 62 16 31 63 83 1 15 131 143 
