# pdb file = /home/wagram/gelly/CORNICHON/PROJECTS/DR/DR_2/PDBs_Clean/2IKBA/2IKBA.pdb
# dssp file = /home/wagram/gelly/CORNICHON/PROJECTS/DR/DR_2/PDBs_Clean/2IKBA/2IKBA.dssp
# R2 value = 99
# S2D limit size = 8
# limit size of PU= 15
# max size of PU= 0
# d0 value= 6.0
# delta value= 1.5
# only secondary structure= 0
# pruning flag= 0
# cut off pruning= 0
# Max Number of pu= 40
# END PARSE PDB
# END PARSE DSSP
#i/e    i/i+e R2        CI        N DOMAINS
27.59    3.62 80.248531 64.398267 2 1 66 67 162 
11.67    8.57 89.065224 79.326141 3 67 119 120 162 1 66 
7.36    13.58 93.244200 86.944808 5 1 15 16 50 51 66 67 119 120 162 
5.52    18.11 94.792251 89.855709 6 67 92 93 119 1 15 16 50 51 66 120 162 
4.42    22.63 95.713346 91.610447 7 120 140 141 162 67 92 93 119 1 15 16 50 51 66 
3.59    27.88 96.113122 92.377321 8 16 31 32 50 120 140 141 162 67 92 93 119 1 15 51 66 
