# pdb file = /home/wagram/gelly/CORNICHON/PROJECTS/DR/DR_2/PDBs_Clean/2CALA/2CALA.pdb
# dssp file = /home/wagram/gelly/CORNICHON/PROJECTS/DR/DR_2/PDBs_Clean/2CALA/2CALA.dssp
# R2 value = 99
# S2D limit size = 8
# limit size of PU= 15
# max size of PU= 0
# d0 value= 6.0
# delta value= 1.5
# only secondary structure= 0
# pruning flag= 0
# cut off pruning= 0
# Max Number of pu= 40
# END PARSE PDB
# END PARSE DSSP
#i/e    i/i+e R2        CI        N DOMAINS
4.62    21.66 72.969142 53.244957 3 1 17 18 75 76 153 
2.57    38.89 83.016774 68.917848 5 76 110 111 126 127 153 1 17 18 75 
1.98    50.51 85.631980 73.328359 6 18 33 34 75 76 110 111 126 127 153 1 17 
1.66    60.07 87.263293 76.148823 7 34 59 60 75 18 33 76 110 111 126 127 153 1 17 
1.42    70.58 88.214069 77.817219 8 76 91 92 110 34 59 60 75 18 33 111 126 127 153 1 17 
