# pdb file = /home/wagram/gelly/CORNICHON/PROJECTS/DR/DR_2/PDBs_Clean/3TC8A/3TC8A.pdb
# dssp file = /home/wagram/gelly/CORNICHON/PROJECTS/DR/DR_2/PDBs_Clean/3TC8A/3TC8A.dssp
# R2 value = 99
# S2D limit size = 8
# limit size of PU= 15
# max size of PU= 0
# d0 value= 6.0
# delta value= 1.5
# only secondary structure= 0
# pruning flag= 0
# cut off pruning= 0
# Max Number of pu= 40
# END PARSE PDB
# END PARSE DSSP
#i/e    i/i+e R2        CI        N DOMAINS
6.97    14.34 76.389258 58.353188 3 1 189 190 262 263 293 
6.62    15.11 77.987366 60.820293 4 263 278 279 293 1 189 190 262 
2.79    35.82 86.732478 75.225228 6 1 90 91 106 107 189 263 278 279 293 190 262 
2.52    39.75 90.942290 82.705001 8 107 140 141 176 177 189 1 90 91 106 263 278 279 293 190 262 
2.42    41.30 92.806595 86.130641 9 1 20 21 90 107 140 141 176 177 189 91 106 263 278 279 293 190 262 
2.10    47.64 94.680090 89.643195 11 21 51 52 68 69 90 1 20 107 140 141 176 177 189 91 106 263 278 279 293 190 262 
2.04    49.06 95.080240 90.402521 12 21 36 37 51 52 68 69 90 1 20 107 140 141 176 177 189 91 106 263 278 279 293 190 262 
1.96    50.97 95.596858 91.387593 13 107 122 123 140 21 36 37 51 52 68 69 90 1 20 141 176 177 189 91 106 263 278 279 293 190 262 
1.88    53.11 95.929427 92.024550 14 141 159 160 176 107 122 123 140 21 36 37 51 52 68 69 90 1 20 177 189 91 106 263 278 279 293 190 262 
1.53    65.19 96.817717 93.736703 16 190 207 208 226 227 262 141 159 160 176 107 122 123 140 21 36 37 51 52 68 69 90 1 20 177 189 91 106 263 278 279 293 
1.47    67.88 97.070296 94.226423 17 227 244 245 262 190 207 208 226 141 159 160 176 107 122 123 140 21 36 37 51 52 68 69 90 1 20 177 189 91 106 263 278 279 293 
