# pdb file = /home/wagram/gelly/CORNICHON/PROJECTS/DR/DR_2/PDBs_Clean/3P9VA/3P9VA.pdb
# dssp file = /home/wagram/gelly/CORNICHON/PROJECTS/DR/DR_2/PDBs_Clean/3P9VA/3P9VA.dssp
# R2 value = 99
# S2D limit size = 8
# limit size of PU= 15
# max size of PU= 0
# d0 value= 6.0
# delta value= 1.5
# only secondary structure= 0
# pruning flag= 0
# cut off pruning= 0
# Max Number of pu= 40
# END PARSE PDB
# END PARSE DSSP
#i/e    i/i+e R2        CI        N DOMAINS
3.53    28.35 77.072007 59.400943 3 1 36 37 96 97 158 
3.41    29.35 83.384948 69.530495 4 97 112 113 158 1 36 37 96 
3.27    30.58 86.477698 74.783923 5 1 16 17 36 97 112 113 158 37 96 
3.05    32.82 89.941101 80.894017 6 113 139 140 158 1 16 17 36 97 112 37 96 
2.50    39.94 92.373022 85.327752 7 37 64 65 96 113 139 140 158 1 16 17 36 97 112 
