# pdb file = /home/wagram/gelly/CORNICHON/PROJECTS/DR/DR_2/PDBs_Clean/3O2GA/3O2GA.pdb
# dssp file = /home/wagram/gelly/CORNICHON/PROJECTS/DR/DR_2/PDBs_Clean/3O2GA/3O2GA.dssp
# R2 value = 99
# S2D limit size = 8
# limit size of PU= 15
# max size of PU= 0
# d0 value= 6.0
# delta value= 1.5
# only secondary structure= 0
# pruning flag= 0
# cut off pruning= 0
# Max Number of pu= 40
# END PARSE PDB
# END PARSE DSSP
#i/e    i/i+e R2        CI        N DOMAINS
199.68   0.50 81.879425 67.042403 2 1 112 113 386 
87.26    1.15 84.918573 72.111640 3 1 96 97 112 113 386 
4.36    22.95 92.401190 85.379800 5 113 234 235 324 325 386 1 96 97 112 
4.30    23.27 93.465584 87.358154 6 325 367 368 386 113 234 235 324 1 96 97 112 
4.03    24.84 95.122256 90.482437 7 113 156 157 234 325 367 368 386 235 324 1 96 97 112 
3.94    25.35 95.546301 91.290957 8 325 350 351 367 113 156 157 234 368 386 235 324 1 96 97 112 
3.60    27.75 96.519843 93.160801 10 157 184 185 203 204 234 325 350 351 367 113 156 368 386 235 324 1 96 97 112 
3.14    31.86 97.347523 94.765401 12 235 253 254 302 303 324 157 184 185 203 204 234 325 350 351 367 113 156 368 386 1 96 97 112 
2.58    38.78 97.936153 95.914901 14 1 39 40 59 60 96 235 253 254 302 303 324 157 184 185 203 204 234 325 350 351 367 113 156 368 386 97 112 
2.38    42.01 98.064319 96.166106 15 254 277 278 302 1 39 40 59 60 96 235 253 303 324 157 184 185 203 204 234 325 350 351 367 113 156 368 386 97 112 
2.23    44.85 98.136042 96.306828 16 60 81 82 96 254 277 278 302 1 39 40 59 235 253 303 324 157 184 185 203 204 234 325 350 351 367 113 156 368 386 97 112 
2.07    48.20 98.222818 96.477220 17 1 24 25 39 60 81 82 96 254 277 278 302 40 59 235 253 303 324 157 184 185 203 204 234 325 350 351 367 113 156 368 386 97 112 
1.88    53.07 98.285316 96.600033 18 113 138 139 156 1 24 25 39 60 81 82 96 254 277 278 302 40 59 235 253 303 324 157 184 185 203 204 234 325 350 351 367 368 386 97 112 
