# pdb file = /home/wagram/gelly/CORNICHON/PROJECTS/DR/DR_2/PDBs_Clean/3AK8A/3AK8A.pdb
# dssp file = /home/wagram/gelly/CORNICHON/PROJECTS/DR/DR_2/PDBs_Clean/3AK8A/3AK8A.dssp
# R2 value = 99
# S2D limit size = 8
# limit size of PU= 15
# max size of PU= 0
# d0 value= 6.0
# delta value= 1.5
# only secondary structure= 0
# pruning flag= 0
# cut off pruning= 0
# Max Number of pu= 40
# END PARSE PDB
# END PARSE DSSP
#i/e    i/i+e R2        CI        N DOMAINS
12.26    8.16 72.726185 52.890980 2 1 104 105 154 
3.97    25.20 85.993559 73.948922 4 1 29 30 62 63 104 105 154 
3.84    26.07 89.053533 79.305318 5 63 78 79 104 1 29 30 62 105 154 
3.11    32.18 90.815134 82.473886 6 105 139 140 154 63 78 79 104 1 29 30 62 
2.79    35.78 92.476800 85.519586 7 105 120 121 139 140 154 63 78 79 104 1 29 30 62 
2.42    41.30 93.503193 87.428470 8 30 46 47 62 105 120 121 139 140 154 63 78 79 104 1 29 
