# pdb file = /home/wagram/gelly/CORNICHON/PROJECTS/DR/DR_2/PDBs_Clean/3TTVA/3TTVA.pdb
# dssp file = /home/wagram/gelly/CORNICHON/PROJECTS/DR/DR_2/PDBs_Clean/3TTVA/3TTVA.dssp
# R2 value = 99
# S2D limit size = 8
# limit size of PU= 15
# max size of PU= 0
# d0 value= 6.0
# delta value= 1.5
# only secondary structure= 0
# pruning flag= 0
# cut off pruning= 0
# Max Number of pu= 40
# END PARSE PDB
# END PARSE DSSP
#i/e    i/i+e R2        CI        N DOMAINS
55.48    1.80 68.451285 46.855784 3 1 46 47 94 95 726 
34.19    2.92 88.507918 78.336516 4 95 568 569 726 1 46 47 94 
13.99    7.15 94.312449 88.948381 6 95 413 414 445 446 568 569 726 1 46 47 94 
13.81    7.24 94.900121 90.060329 7 446 469 470 568 95 413 414 445 569 726 1 46 47 94 
13.38    7.47 95.110348 90.459782 8 1 31 32 46 446 469 470 568 95 413 414 445 569 726 47 94 
12.85    7.78 95.330999 90.879993 9 47 66 67 94 1 31 32 46 446 469 470 568 95 413 414 445 569 726 
10.46    9.56 95.957457 92.078335 11 470 493 494 548 549 568 47 66 67 94 1 31 32 46 446 469 95 413 414 445 569 726 
5.19    19.27 97.390394 94.848889 13 95 184 185 220 221 413 470 493 494 548 549 568 47 66 67 94 1 31 32 46 446 469 414 445 569 726 
4.86    20.57 97.957717 95.957144 14 221 351 352 413 95 184 185 220 470 493 494 548 549 568 47 66 67 94 1 31 32 46 446 469 414 445 569 726 
4.28    23.34 98.170012 96.373513 16 95 111 112 131 132 184 221 351 352 413 185 220 470 493 494 548 549 568 47 66 67 94 1 31 32 46 446 469 414 445 569 726 
3.68    27.17 98.550385 97.121784 18 221 275 276 304 305 351 95 111 112 131 132 184 352 413 185 220 470 493 494 548 549 568 47 66 67 94 1 31 32 46 446 469 414 445 569 726 
3.60    27.80 98.672165 97.361961 19 221 236 237 275 276 304 305 351 95 111 112 131 132 184 352 413 185 220 470 493 494 548 549 568 47 66 67 94 1 31 32 46 446 469 414 445 569 726 
3.42    29.25 98.829655 97.673007 21 352 366 367 386 387 413 221 236 237 275 276 304 305 351 95 111 112 131 132 184 185 220 470 493 494 548 549 568 47 66 67 94 1 31 32 46 446 469 414 445 569 726 
3.00    33.31 98.999425 98.008862 22 569 657 658 726 352 366 367 386 387 413 221 236 237 275 276 304 305 351 95 111 112 131 132 184 185 220 470 493 494 548 549 568 47 66 67 94 1 31 32 46 446 469 414 445 
2.89    34.56 99.052283 98.113547 23 494 513 514 548 569 657 658 726 352 366 367 386 387 413 221 236 237 275 276 304 305 351 95 111 112 131 132 184 185 220 470 493 549 568 47 66 67 94 1 31 32 46 446 469 414 445 
