# pdb file = /home/wagram/gelly/CORNICHON/PROJECTS/DR/DR_2/PDBs_Clean/3F9XA/3F9XA.pdb
# dssp file = /home/wagram/gelly/CORNICHON/PROJECTS/DR/DR_2/PDBs_Clean/3F9XA/3F9XA.dssp
# R2 value = 99
# S2D limit size = 8
# limit size of PU= 15
# max size of PU= 0
# d0 value= 6.0
# delta value= 1.5
# only secondary structure= 0
# pruning flag= 0
# cut off pruning= 0
# Max Number of pu= 40
# END PARSE PDB
# END PARSE DSSP
#i/e    i/i+e R2        CI        N DOMAINS
5.61    17.83 84.026393 70.604347 3 1 54 55 98 99 160 
5.08    19.69 88.996823 79.204346 4 1 22 23 54 55 98 99 160 
4.59    21.80 92.085197 84.796836 5 99 145 146 160 1 22 23 54 55 98 
4.08    24.53 93.041959 86.568061 6 23 39 40 54 99 145 146 160 1 22 55 98 
3.20    31.28 93.924714 88.218519 7 55 77 78 98 23 39 40 54 99 145 146 160 1 22 
2.44    40.94 94.490379 89.284318 8 99 129 130 145 55 77 78 98 23 39 40 54 146 160 1 22 
