# pdb file = /home/wagram/gelly/CORNICHON/PROJECTS/DR/DR_2/PDBs_Clean/2YC2C/2YC2C.pdb
# dssp file = /home/wagram/gelly/CORNICHON/PROJECTS/DR/DR_2/PDBs_Clean/2YC2C/2YC2C.dssp
# R2 value = 99
# S2D limit size = 8
# limit size of PU= 15
# max size of PU= 0
# d0 value= 6.0
# delta value= 1.5
# only secondary structure= 0
# pruning flag= 0
# cut off pruning= 0
# Max Number of pu= 40
# END PARSE PDB
# END PARSE DSSP
#i/e    i/i+e R2        CI        N DOMAINS
59.50    1.68 60.872054 37.054070 2 1 133 134 149 
8.96    11.16 88.671154 78.625736 4 1 51 52 120 121 133 134 149 
7.27    13.75 91.327885 83.407827 5 1 34 35 51 52 120 121 133 134 149 
3.49    28.69 94.409538 89.131608 7 52 71 72 88 89 120 1 34 35 51 121 133 134 149 
2.68    37.36 94.850107 89.965428 8 1 16 17 34 52 71 72 88 89 120 35 51 121 133 134 149 
2.14    46.78 95.318826 90.856785 9 89 105 106 120 1 16 17 34 52 71 72 88 35 51 121 133 134 149 
