# pdb file = /home/wagram/gelly/CORNICHON/PROJECTS/DR/DR_2/PDBs_Clean/3CYGA/3CYGA.pdb
# dssp file = /home/wagram/gelly/CORNICHON/PROJECTS/DR/DR_2/PDBs_Clean/3CYGA/3CYGA.dssp
# R2 value = 99
# S2D limit size = 8
# limit size of PU= 15
# max size of PU= 0
# d0 value= 6.0
# delta value= 1.5
# only secondary structure= 0
# pruning flag= 0
# cut off pruning= 0
# Max Number of pu= 40
# END PARSE PDB
# END PARSE DSSP
#i/e    i/i+e R2        CI        N DOMAINS
19.37    5.16 83.410011 69.572300 3 1 119 120 205 206 215 
9.18    10.90 89.934473 80.882094 4 1 75 76 119 120 205 206 215 
5.50    18.18 92.942436 86.382964 6 1 25 26 46 47 75 76 119 120 205 206 215 
3.82    26.18 95.091757 90.424422 8 120 164 165 198 199 205 1 25 26 46 47 75 76 119 206 215 
3.38    29.62 95.788570 91.754501 9 120 136 137 164 165 198 199 205 1 25 26 46 47 75 76 119 206 215 
2.86    35.02 96.204156 92.552397 10 76 91 92 119 120 136 137 164 165 198 199 205 1 25 26 46 47 75 206 215 
2.39    41.91 96.409572 92.948055 11 165 182 183 198 76 91 92 119 120 136 137 164 199 205 1 25 26 46 47 75 206 215 
