# pdb file = /home/wagram/gelly/CORNICHON/PROJECTS/DR/DR_2/PDBs_Clean/3D2LA/3D2LA.pdb
# dssp file = /home/wagram/gelly/CORNICHON/PROJECTS/DR/DR_2/PDBs_Clean/3D2LA/3D2LA.dssp
# R2 value = 99
# S2D limit size = 8
# limit size of PU= 15
# max size of PU= 0
# d0 value= 6.0
# delta value= 1.5
# only secondary structure= 0
# pruning flag= 0
# cut off pruning= 0
# Max Number of pu= 40
# END PARSE PDB
# END PARSE DSSP
#i/e    i/i+e R2        CI        N DOMAINS
10.17    9.83 84.492159 71.389250 3 1 133 134 195 196 238 
6.55    15.28 90.652857 82.179404 4 1 81 82 133 134 195 196 238 
5.49    18.22 92.870586 86.249458 5 1 27 28 81 82 133 134 195 196 238 
4.25    23.55 93.680596 87.760541 6 28 55 56 81 1 27 82 133 134 195 196 238 
3.36    29.80 94.407585 89.127921 7 134 161 162 195 28 55 56 81 1 27 82 133 196 238 
2.86    34.94 94.797783 89.866197 8 196 216 217 238 134 161 162 195 28 55 56 81 1 27 82 133 
2.41    41.54 95.357561 90.930645 9 82 97 98 133 196 216 217 238 134 161 162 195 28 55 56 81 1 27 
2.22    45.03 95.797246 91.771123 10 98 114 115 133 82 97 196 216 217 238 134 161 162 195 28 55 56 81 1 27 
1.94    51.54 95.978012 92.117787 11 162 177 178 195 98 114 115 133 82 97 196 216 217 238 134 161 28 55 56 81 1 27 
