# pdb file = /home/wagram/gelly/CORNICHON/PROJECTS/DR/DR_2/PDBs_Clean/1SDOA/1SDOA.pdb
# dssp file = /home/wagram/gelly/CORNICHON/PROJECTS/DR/DR_2/PDBs_Clean/1SDOA/1SDOA.dssp
# R2 value = 99
# S2D limit size = 8
# limit size of PU= 15
# max size of PU= 0
# d0 value= 6.0
# delta value= 1.5
# only secondary structure= 0
# pruning flag= 0
# cut off pruning= 0
# Max Number of pu= 40
# END PARSE PDB
# END PARSE DSSP
#i/e    i/i+e R2        CI        N DOMAINS
5.91    16.92 80.982596 65.581809 3 1 71 72 101 102 192 
5.28    18.94 86.468808 74.768547 4 1 34 35 71 72 101 102 192 
4.89    20.44 88.516168 78.351120 5 35 52 53 71 1 34 72 101 102 192 
3.00    33.34 92.989185 86.469886 7 102 151 152 180 181 192 35 52 53 71 1 34 72 101 
2.71    36.94 93.843361 88.065764 8 1 19 20 34 102 151 152 180 181 192 35 52 53 71 72 101 
2.31    43.33 94.858088 89.980569 9 102 117 118 151 1 19 20 34 152 180 181 192 35 52 53 71 72 101 
