# pdb file = /home/wagram/gelly/CORNICHON/PROJECTS/DR/DR_2/PDBs_Clean/1NPYA/1NPYA.pdb
# dssp file = /home/wagram/gelly/CORNICHON/PROJECTS/DR/DR_2/PDBs_Clean/1NPYA/1NPYA.dssp
# R2 value = 99
# S2D limit size = 8
# limit size of PU= 15
# max size of PU= 0
# d0 value= 6.0
# delta value= 1.5
# only secondary structure= 0
# pruning flag= 0
# cut off pruning= 0
# Max Number of pu= 40
# END PARSE PDB
# END PARSE DSSP
#i/e    i/i+e R2        CI        N DOMAINS
16.86    5.93 86.511133 74.841762 3 1 102 103 242 243 269 
9.25    10.82 91.552118 83.817903 4 103 176 177 242 1 102 243 269 
6.98    14.34 93.805462 87.994647 5 1 41 42 102 103 176 177 242 243 269 
6.01    16.63 94.670552 89.625134 6 103 118 119 176 1 41 42 102 177 242 243 269 
5.26    19.01 95.331282 90.880534 7 42 57 58 102 103 118 119 176 1 41 177 242 243 269 
4.27    23.42 95.896967 91.962282 8 119 148 149 176 42 57 58 102 103 118 1 41 177 242 243 269 
3.38    29.58 96.494070 93.111055 9 177 206 207 242 119 148 149 176 42 57 58 102 103 118 1 41 243 269 
2.96    33.79 96.827611 93.755862 10 58 73 74 102 177 206 207 242 119 148 149 176 42 57 103 118 1 41 243 269 
2.62    38.23 97.047308 94.181800 11 1 16 17 41 58 73 74 102 177 206 207 242 119 148 149 176 42 57 103 118 243 269 
2.27    43.96 97.254633 94.584636 12 207 227 228 242 1 16 17 41 58 73 74 102 177 206 119 148 149 176 42 57 103 118 243 269 
