# pdb file = /home/wagram/gelly/CORNICHON/PROJECTS/DR/DR_2/PDBs_Clean/2HXTA/2HXTA.pdb
# dssp file = /home/wagram/gelly/CORNICHON/PROJECTS/DR/DR_2/PDBs_Clean/2HXTA/2HXTA.dssp
# R2 value = 99
# S2D limit size = 8
# limit size of PU= 15
# max size of PU= 0
# d0 value= 6.0
# delta value= 1.5
# only secondary structure= 0
# pruning flag= 0
# cut off pruning= 0
# Max Number of pu= 40
# END PARSE PDB
# END PARSE DSSP
#i/e    i/i+e R2        CI        N DOMAINS
6.08    16.44 83.187636 69.201827 3 1 196 197 320 321 434 
5.89    16.97 86.122851 74.171454 4 321 413 414 434 1 196 197 320 
5.15    19.40 91.584116 83.876503 6 1 137 138 182 183 196 321 413 414 434 197 320 
5.02    19.91 92.218270 85.042094 7 138 167 168 182 1 137 183 196 321 413 414 434 197 320 
4.45    22.45 93.977993 88.318631 8 197 246 247 320 138 167 168 182 1 137 183 196 321 413 414 434 
4.20    23.81 94.826991 89.921583 9 1 122 123 137 197 246 247 320 138 167 168 182 183 196 321 413 414 434 
3.88    25.77 95.591898 91.378109 10 321 383 384 413 1 122 123 137 197 246 247 320 138 167 168 182 183 196 414 434 
3.20    31.25 96.634143 93.381577 12 1 83 84 109 110 122 321 383 384 413 123 137 197 246 247 320 138 167 168 182 183 196 414 434 
3.04    32.95 96.885415 93.867836 13 197 213 214 246 1 83 84 109 110 122 321 383 384 413 123 137 247 320 138 167 168 182 183 196 414 434 
2.82    35.45 97.317977 94.707886 14 321 347 348 383 197 213 214 246 1 83 84 109 110 122 384 413 123 137 247 320 138 167 168 182 183 196 414 434 
2.56    39.03 97.668844 95.392031 15 247 277 278 320 321 347 348 383 197 213 214 246 1 83 84 109 110 122 384 413 123 137 138 167 168 182 183 196 414 434 
2.41    41.55 97.868421 95.782278 16 1 67 68 83 247 277 278 320 321 347 348 383 197 213 214 246 84 109 110 122 384 413 123 137 138 167 168 182 183 196 414 434 
2.27    44.02 97.999611 96.039238 17 278 294 295 320 1 67 68 83 247 277 321 347 348 383 197 213 214 246 84 109 110 122 384 413 123 137 138 167 168 182 183 196 414 434 
2.16    46.36 98.109478 96.254696 18 348 363 364 383 278 294 295 320 1 67 68 83 247 277 321 347 197 213 214 246 84 109 110 122 384 413 123 137 138 167 168 182 183 196 414 434 
1.92    51.99 98.279093 96.587802 19 1 30 31 67 348 363 364 383 278 294 295 320 68 83 247 277 321 347 197 213 214 246 84 109 110 122 384 413 123 137 138 167 168 182 183 196 414 434 
1.83    54.60 98.328137 96.684225 20 214 231 232 246 1 30 31 67 348 363 364 383 278 294 295 320 68 83 247 277 321 347 197 213 84 109 110 122 384 413 123 137 138 167 168 182 183 196 414 434 
1.73    57.67 98.371835 96.770179 21 247 262 263 277 214 231 232 246 1 30 31 67 348 363 364 383 278 294 295 320 68 83 321 347 197 213 84 109 110 122 384 413 123 137 138 167 168 182 183 196 414 434 
