# pdb file = /home/wagram/gelly/CORNICHON/PROJECTS/DR/DR_2/PDBs_Clean/1YC5A/1YC5A.pdb
# dssp file = /home/wagram/gelly/CORNICHON/PROJECTS/DR/DR_2/PDBs_Clean/1YC5A/1YC5A.dssp
# R2 value = 99
# S2D limit size = 8
# limit size of PU= 15
# max size of PU= 0
# d0 value= 6.0
# delta value= 1.5
# only secondary structure= 0
# pruning flag= 0
# cut off pruning= 0
# Max Number of pu= 40
# END PARSE PDB
# END PARSE DSSP
#i/e    i/i+e R2        CI        N DOMAINS
6.77    14.77 83.532060 69.776050 3 1 104 105 148 149 234 
4.73    21.14 91.084138 82.963201 5 1 33 34 62 63 104 105 148 149 234 
4.41    22.68 92.857518 86.225187 6 149 219 220 234 1 33 34 62 63 104 105 148 
4.04    24.77 94.459977 89.226872 7 149 166 167 219 220 234 1 33 34 62 63 104 105 148 
3.49    28.65 95.099753 90.439631 8 63 81 82 104 149 166 167 219 220 234 1 33 34 62 105 148 
2.95    33.87 95.662457 91.513057 9 167 201 202 219 63 81 82 104 149 166 220 234 1 33 34 62 105 148 
2.45    40.84 95.947376 92.058990 10 105 122 123 148 167 201 202 219 63 81 82 104 149 166 220 234 1 33 34 62 
2.10    47.61 96.172616 92.491721 11 167 186 187 201 105 122 123 148 202 219 63 81 82 104 149 166 220 234 1 33 34 62 
