# pdb file = /home/wagram/gelly/CORNICHON/PROJECTS/DR/DR_2/PDBs_Clean/2QV8A/2QV8A.pdb
# dssp file = /home/wagram/gelly/CORNICHON/PROJECTS/DR/DR_2/PDBs_Clean/2QV8A/2QV8A.dssp
# R2 value = 99
# S2D limit size = 8
# limit size of PU= 15
# max size of PU= 0
# d0 value= 6.0
# delta value= 1.5
# only secondary structure= 0
# pruning flag= 0
# cut off pruning= 0
# Max Number of pu= 40
# END PARSE PDB
# END PARSE DSSP
#i/e    i/i+e R2        CI        N DOMAINS
4.40    22.75 71.201995 50.697241 3 1 78 79 93 94 144 
3.62    27.66 81.928840 67.123348 4 1 26 27 78 79 93 94 144 
3.26    30.70 85.890437 73.771672 5 27 63 64 78 1 26 79 93 94 144 
2.52    39.68 88.878688 78.994212 6 94 121 122 144 27 63 64 78 1 26 79 93 
2.03    49.38 90.047619 81.085738 7 27 44 45 63 94 121 122 144 64 78 1 26 79 93 
