# pdb file = /home/wagram/gelly/CORNICHON/PROJECTS/DR/DR_2/PDBs_Clean/3SHQA/3SHQA.pdb
# dssp file = /home/wagram/gelly/CORNICHON/PROJECTS/DR/DR_2/PDBs_Clean/3SHQA/3SHQA.dssp
# R2 value = 99
# S2D limit size = 8
# limit size of PU= 15
# max size of PU= 0
# d0 value= 6.0
# delta value= 1.5
# only secondary structure= 0
# pruning flag= 0
# cut off pruning= 0
# Max Number of pu= 40
# END PARSE PDB
# END PARSE DSSP
#i/e    i/i+e R2        CI        N DOMAINS
61.19    1.63 78.495436 61.615334 2 1 76 77 299 
17.67    5.66 86.326031 74.521837 4 77 91 92 112 113 299 1 76 
10.39    9.62 90.428215 81.772621 5 113 266 267 299 77 91 92 112 1 76 
6.05    16.52 94.448561 89.205307 7 113 201 202 254 255 266 267 299 77 91 92 112 1 76 
4.30    23.27 95.935195 92.035616 9 113 129 130 150 151 201 202 254 255 266 267 299 77 91 92 112 1 76 
3.85    25.95 96.553087 93.224986 10 202 228 229 254 113 129 130 150 151 201 255 266 267 299 77 91 92 112 1 76 
3.54    28.26 96.985547 94.061963 11 151 166 167 201 202 228 229 254 113 129 130 150 255 266 267 299 77 91 92 112 1 76 
3.35    29.85 97.230530 94.537760 12 267 284 285 299 151 166 167 201 202 228 229 254 113 129 130 150 255 266 77 91 92 112 1 76 
2.89    34.64 97.546133 95.152480 13 1 20 21 76 267 284 285 299 151 166 167 201 202 228 229 254 113 129 130 150 255 266 77 91 92 112 
2.54    39.42 97.775104 95.599709 14 21 41 42 76 1 20 267 284 285 299 151 166 167 201 202 228 229 254 113 129 130 150 255 266 77 91 92 112 
2.36    42.32 97.891086 95.826647 15 42 58 59 76 21 41 1 20 267 284 285 299 151 166 167 201 202 228 229 254 113 129 130 150 255 266 77 91 92 112 
2.16    46.31 98.022024 96.083172 16 167 186 187 201 42 58 59 76 21 41 1 20 267 284 285 299 151 166 202 228 229 254 113 129 130 150 255 266 77 91 92 112 
