# pdb file = /home/wagram/gelly/CORNICHON/PROJECTS/DR/DR_2/PDBs_Clean/1P2HA/1P2HA.pdb
# dssp file = /home/wagram/gelly/CORNICHON/PROJECTS/DR/DR_2/PDBs_Clean/1P2HA/1P2HA.dssp
# R2 value = 99
# S2D limit size = 8
# limit size of PU= 15
# max size of PU= 0
# d0 value= 6.0
# delta value= 1.5
# only secondary structure= 0
# pruning flag= 0
# cut off pruning= 0
# Max Number of pu= 40
# END PARSE PDB
# END PARSE DSSP
#i/e    i/i+e R2        CI        N DOMAINS
57.10    1.75 69.022037 47.640416 2 1 99 100 568 
6.80    14.70 89.524387 80.146159 4 100 360 361 502 503 568 1 99 
4.44    22.55 94.332425 88.986064 6 100 168 169 253 254 360 361 502 503 568 1 99 
4.41    22.69 95.131945 90.500869 7 254 272 273 360 100 168 169 253 361 502 503 568 1 99 
4.37    22.88 95.704396 91.593315 8 100 126 127 168 254 272 273 360 169 253 361 502 503 568 1 99 
4.24    23.59 96.314935 92.765667 9 273 310 311 360 100 126 127 168 254 272 169 253 361 502 503 568 1 99 
3.89    25.73 96.911289 93.917979 11 1 16 17 70 71 99 273 310 311 360 100 126 127 168 254 272 169 253 361 502 503 568 
3.77    26.55 97.139640 94.361097 12 17 41 42 70 1 16 71 99 273 310 311 360 100 126 127 168 254 272 169 253 361 502 503 568 
3.24    30.87 97.543057 95.146479 14 169 187 188 215 216 253 17 41 42 70 1 16 71 99 273 310 311 360 100 126 127 168 254 272 361 502 503 568 
3.14    31.88 97.685041 95.423672 15 311 342 343 360 169 187 188 215 216 253 17 41 42 70 1 16 71 99 273 310 100 126 127 168 254 272 361 502 503 568 
2.54    39.38 97.986694 96.013922 17 361 464 465 488 489 502 311 342 343 360 169 187 188 215 216 253 17 41 42 70 1 16 71 99 273 310 100 126 127 168 254 272 503 568 
2.43    41.08 98.208314 96.448730 18 361 441 442 464 465 488 489 502 311 342 343 360 169 187 188 215 216 253 17 41 42 70 1 16 71 99 273 310 100 126 127 168 254 272 503 568 
2.36    42.42 98.360568 96.748013 19 361 421 422 441 442 464 465 488 489 502 311 342 343 360 169 187 188 215 216 253 17 41 42 70 1 16 71 99 273 310 100 126 127 168 254 272 503 568 
2.28    43.80 98.495594 97.013821 20 361 377 378 421 422 441 442 464 465 488 489 502 311 342 343 360 169 187 188 215 216 253 17 41 42 70 1 16 71 99 273 310 100 126 127 168 254 272 503 568 
2.17    46.06 98.665399 97.348610 21 503 544 545 568 361 377 378 421 422 441 442 464 465 488 489 502 311 342 343 360 169 187 188 215 216 253 17 41 42 70 1 16 71 99 273 310 100 126 127 168 254 272 
2.09    47.79 98.714645 97.445811 22 216 233 234 253 503 544 545 568 361 377 378 421 422 441 442 464 465 488 489 502 311 342 343 360 169 187 188 215 17 41 42 70 1 16 71 99 273 310 100 126 127 168 254 272 
1.99    50.19 98.775068 97.565140 23 378 400 401 421 216 233 234 253 503 544 545 568 361 377 422 441 442 464 465 488 489 502 311 342 343 360 169 187 188 215 17 41 42 70 1 16 71 99 273 310 100 126 127 168 254 272 
1.88    53.16 98.822757 97.659372 24 127 150 151 168 378 400 401 421 216 233 234 253 503 544 545 568 361 377 422 441 442 464 465 488 489 502 311 342 343 360 169 187 188 215 17 41 42 70 1 16 71 99 273 310 100 126 254 272 
1.79    55.92 98.855676 97.724446 25 273 295 296 310 127 150 151 168 378 400 401 421 216 233 234 253 503 544 545 568 361 377 422 441 442 464 465 488 489 502 311 342 343 360 169 187 188 215 17 41 42 70 1 16 71 99 100 126 254 272 
1.71    58.52 98.883511 97.779487 26 311 326 327 342 273 295 296 310 127 150 151 168 378 400 401 421 216 233 234 253 503 544 545 568 361 377 422 441 442 464 465 488 489 502 343 360 169 187 188 215 17 41 42 70 1 16 71 99 100 126 254 272 
1.60    62.38 98.914568 97.840919 27 503 518 519 544 311 326 327 342 273 295 296 310 127 150 151 168 378 400 401 421 216 233 234 253 545 568 361 377 422 441 442 464 465 488 489 502 343 360 169 187 188 215 17 41 42 70 1 16 71 99 100 126 254 272 
