# pdb file = /home/wagram/gelly/CORNICHON/PROJECTS/DR/DR_2/PDBs_Clean/4DO4A/4DO4A.pdb
# dssp file = /home/wagram/gelly/CORNICHON/PROJECTS/DR/DR_2/PDBs_Clean/4DO4A/4DO4A.dssp
# R2 value = 99
# S2D limit size = 8
# limit size of PU= 15
# max size of PU= 0
# d0 value= 6.0
# delta value= 1.5
# only secondary structure= 0
# pruning flag= 0
# cut off pruning= 0
# Max Number of pu= 40
# END PARSE PDB
# END PARSE DSSP
#i/e    i/i+e R2        CI        N DOMAINS
32.98    3.03 74.318140 55.231859 2 1 296 297 387 
8.11    12.32 89.959602 80.927299 4 1 20 21 169 170 296 297 387 
6.64    15.06 92.480297 85.526053 5 170 235 236 296 1 20 21 169 297 387 
5.66    17.68 94.271502 88.871162 6 21 55 56 169 170 235 236 296 1 20 297 387 
5.45    18.36 94.650345 89.586878 7 21 38 39 55 56 169 170 235 236 296 1 20 297 387 
4.57    21.88 95.637716 91.465728 9 170 197 198 224 225 235 21 38 39 55 56 169 236 296 1 20 297 387 
3.63    27.54 96.727506 93.562104 11 56 76 77 96 97 169 170 197 198 224 225 235 21 38 39 55 236 296 1 20 297 387 
3.40    29.39 96.961730 94.015771 12 236 281 282 296 56 76 77 96 97 169 170 197 198 224 225 235 21 38 39 55 1 20 297 387 
3.22    31.02 97.204716 94.487568 13 236 266 267 281 282 296 56 76 77 96 97 169 170 197 198 224 225 235 21 38 39 55 1 20 297 387 
2.54    39.37 97.710187 95.472807 15 297 330 331 372 373 387 236 266 267 281 282 296 56 76 77 96 97 169 170 197 198 224 225 235 21 38 39 55 1 20 
2.26    44.30 97.963073 95.967636 16 97 143 144 169 297 330 331 372 373 387 236 266 267 281 282 296 56 76 77 96 170 197 198 224 225 235 21 38 39 55 1 20 
2.15    46.54 98.076142 96.189297 17 236 251 252 266 97 143 144 169 297 330 331 372 373 387 267 281 282 296 56 76 77 96 170 197 198 224 225 235 21 38 39 55 1 20 
2.02    49.49 98.157716 96.349372 18 297 312 313 330 236 251 252 266 97 143 144 169 331 372 373 387 267 281 282 296 56 76 77 96 170 197 198 224 225 235 21 38 39 55 1 20 
1.88    53.15 98.224699 96.480915 19 331 346 347 372 297 312 313 330 236 251 252 266 97 143 144 169 373 387 267 281 282 296 56 76 77 96 170 197 198 224 225 235 21 38 39 55 1 20 
1.69    59.08 98.306591 96.641858 20 97 121 122 143 331 346 347 372 297 312 313 330 236 251 252 266 144 169 373 387 267 281 282 296 56 76 77 96 170 197 198 224 225 235 21 38 39 55 1 20 
