# pdb file = /home/wagram/gelly/CORNICHON/PROJECTS/DR/DR_2/PDBs_Clean/3OLLA/3OLLA.pdb
# dssp file = /home/wagram/gelly/CORNICHON/PROJECTS/DR/DR_2/PDBs_Clean/3OLLA/3OLLA.dssp
# R2 value = 99
# S2D limit size = 8
# limit size of PU= 15
# max size of PU= 0
# d0 value= 6.0
# delta value= 1.5
# only secondary structure= 0
# pruning flag= 0
# cut off pruning= 0
# Max Number of pu= 40
# END PARSE PDB
# END PARSE DSSP
#i/e    i/i+e R2        CI        N DOMAINS
6.90    14.50 84.001387 70.562330 3 1 81 82 131 132 235 
6.40    15.62 89.744472 80.540702 4 132 199 200 235 1 81 82 131 
5.17    19.33 93.758233 87.906063 6 1 17 18 44 45 81 132 199 200 235 82 131 
4.67    21.40 95.142320 90.520610 7 132 177 178 199 1 17 18 44 45 81 200 235 82 131 
4.34    23.04 95.817865 91.810633 8 45 61 62 81 132 177 178 199 1 17 18 44 200 235 82 131 
4.03    24.81 96.369450 92.870708 9 200 215 216 235 45 61 62 81 132 177 178 199 1 17 18 44 82 131 
3.68    27.17 96.866438 93.831069 10 132 156 157 177 200 215 216 235 45 61 62 81 178 199 1 17 18 44 82 131 
3.23    30.94 97.315337 94.702749 11 82 102 103 131 132 156 157 177 200 215 216 235 45 61 62 81 178 199 1 17 18 44 
