# pdb file = /home/wagram/gelly/CORNICHON/PROJECTS/DR/DR_2/PDBs_Clean/3K4HA/3K4HA.pdb
# dssp file = /home/wagram/gelly/CORNICHON/PROJECTS/DR/DR_2/PDBs_Clean/3K4HA/3K4HA.dssp
# R2 value = 99
# S2D limit size = 8
# limit size of PU= 15
# max size of PU= 0
# d0 value= 6.0
# delta value= 1.5
# only secondary structure= 0
# pruning flag= 0
# cut off pruning= 0
# Max Number of pu= 40
# END PARSE PDB
# END PARSE DSSP
#i/e    i/i+e R2        CI        N DOMAINS
7.32    13.67 84.915514 72.106445 3 1 107 108 221 222 282 
5.92    16.88 88.999522 79.209150 5 222 239 240 269 270 282 1 107 108 221 
4.99    20.03 91.797306 84.267454 6 1 68 69 107 222 239 240 269 270 282 108 221 
3.66    27.30 93.429557 87.290822 8 1 16 17 37 38 68 69 107 222 239 240 269 270 282 108 221 
2.96    33.80 95.334159 90.886019 9 108 167 168 221 1 16 17 37 38 68 69 107 222 239 240 269 270 282 
2.74    36.47 95.733181 91.648419 10 69 87 88 107 108 167 168 221 1 16 17 37 38 68 222 239 240 269 270 282 
2.59    38.56 95.986001 92.133123 11 38 53 54 68 69 87 88 107 108 167 168 221 1 16 17 37 222 239 240 269 270 282 
2.30    43.41 96.464485 93.053970 12 108 126 127 167 38 53 54 68 69 87 88 107 168 221 1 16 17 37 222 239 240 269 270 282 
2.05    48.86 96.844704 93.788967 13 168 187 188 221 108 126 127 167 38 53 54 68 69 87 88 107 1 16 17 37 222 239 240 269 270 282 
1.85    54.03 97.049752 94.186543 14 127 147 148 167 168 187 188 221 108 126 38 53 54 68 69 87 88 107 1 16 17 37 222 239 240 269 270 282 
1.67    59.82 97.218309 94.513996 15 188 203 204 221 127 147 148 167 168 187 108 126 38 53 54 68 69 87 88 107 1 16 17 37 222 239 240 269 270 282 
