# pdb file = /home/wagram/gelly/CORNICHON/PROJECTS/DR/DR_2/PDBs_Clean/1GKMA/1GKMA.pdb
# dssp file = /home/wagram/gelly/CORNICHON/PROJECTS/DR/DR_2/PDBs_Clean/1GKMA/1GKMA.dssp
# R2 value = 99
# S2D limit size = 8
# limit size of PU= 15
# max size of PU= 0
# d0 value= 6.0
# delta value= 1.5
# only secondary structure= 0
# pruning flag= 0
# cut off pruning= 0
# Max Number of pu= 40
# END PARSE PDB
# END PARSE DSSP
#i/e    i/i+e R2        CI        N DOMAINS
21.47    4.66 78.654492 61.865291 2 1 192 193 506 
7.61    13.14 88.148391 77.701389 4 193 309 310 324 325 506 1 192 
6.67    15.00 91.118834 83.026419 6 193 211 212 291 292 309 310 324 325 506 1 192 
5.71    17.52 93.438607 87.307732 7 325 435 436 506 193 211 212 291 292 309 310 324 1 192 
4.54    22.04 95.051452 90.347786 9 325 350 351 383 384 435 436 506 193 211 212 291 292 309 310 324 1 192 
3.66    27.31 96.690411 93.490355 11 1 39 40 72 73 192 325 350 351 383 384 435 436 506 193 211 212 291 292 309 310 324 
3.55    28.13 96.963621 94.019438 12 436 491 492 506 1 39 40 72 73 192 325 350 351 383 384 435 193 211 212 291 292 309 310 324 
3.41    29.34 97.161700 94.403959 13 436 473 474 491 492 506 1 39 40 72 73 192 325 350 351 383 384 435 193 211 212 291 292 309 310 324 
3.31    30.25 97.306960 94.686444 14 436 452 453 473 474 491 492 506 1 39 40 72 73 192 325 350 351 383 384 435 193 211 212 291 292 309 310 324 
2.66    37.59 97.912183 95.867955 16 73 91 92 131 132 192 436 452 453 473 474 491 492 506 1 39 40 72 325 350 351 383 384 435 193 211 212 291 292 309 310 324 
2.50    40.01 98.233267 96.497748 18 132 150 151 181 182 192 73 91 92 131 436 452 453 473 474 491 492 506 1 39 40 72 325 350 351 383 384 435 193 211 212 291 292 309 310 324 
2.42    41.40 98.349506 96.726252 19 92 114 115 131 132 150 151 181 182 192 73 91 436 452 453 473 474 491 492 506 1 39 40 72 325 350 351 383 384 435 193 211 212 291 292 309 310 324 
2.29    43.63 98.509819 97.041845 20 212 228 229 291 92 114 115 131 132 150 151 181 182 192 73 91 436 452 453 473 474 491 492 506 1 39 40 72 325 350 351 383 384 435 193 211 292 309 310 324 
2.10    47.55 98.705391 97.427542 22 229 253 254 274 275 291 212 228 92 114 115 131 132 150 151 181 182 192 73 91 436 452 453 473 474 491 492 506 1 39 40 72 325 350 351 383 384 435 193 211 292 309 310 324 
2.01    49.75 98.792610 97.599797 23 384 416 417 435 229 253 254 274 275 291 212 228 92 114 115 131 132 150 151 181 182 192 73 91 436 452 453 473 474 491 492 506 1 39 40 72 325 350 351 383 193 211 292 309 310 324 
1.99    50.24 98.857222 97.727503 24 384 399 400 416 417 435 229 253 254 274 275 291 212 228 92 114 115 131 132 150 151 181 182 192 73 91 436 452 453 473 474 491 492 506 1 39 40 72 325 350 351 383 193 211 292 309 310 324 
1.93    51.76 98.906310 97.824581 25 40 56 57 72 384 399 400 416 417 435 229 253 254 274 275 291 212 228 92 114 115 131 132 150 151 181 182 192 73 91 436 452 453 473 474 491 492 506 1 39 325 350 351 383 193 211 292 309 310 324 
1.88    53.30 98.955300 97.921514 26 351 368 369 383 40 56 57 72 384 399 400 416 417 435 229 253 254 274 275 291 212 228 92 114 115 131 132 150 151 181 182 192 73 91 436 452 453 473 474 491 492 506 1 39 325 350 193 211 292 309 310 324 
1.81    55.29 99.005822 98.021527 27 1 22 23 39 351 368 369 383 40 56 57 72 384 399 400 416 417 435 229 253 254 274 275 291 212 228 92 114 115 131 132 150 151 181 182 192 73 91 436 452 453 473 474 491 492 506 325 350 193 211 292 309 310 324 
