# pdb file = /home/wagram/gelly/CORNICHON/PROJECTS/DR/DR_2/PDBs_Clean/1NLSA/1NLSA.pdb
# dssp file = /home/wagram/gelly/CORNICHON/PROJECTS/DR/DR_2/PDBs_Clean/1NLSA/1NLSA.dssp
# R2 value = 99
# S2D limit size = 8
# limit size of PU= 15
# max size of PU= 0
# d0 value= 6.0
# delta value= 1.5
# only secondary structure= 0
# pruning flag= 0
# cut off pruning= 0
# Max Number of pu= 40
# END PARSE PDB
# END PARSE DSSP
#i/e    i/i+e R2        CI        N DOMAINS
9.21    10.86 69.404198 48.169427 2 1 85 86 237 
7.02    14.25 76.668098 58.779972 3 1 42 43 85 86 237 
5.32    18.79 81.965223 67.182977 4 86 219 220 237 1 42 43 85 
2.14    46.78 89.175321 79.522379 6 86 131 132 176 177 219 220 237 1 42 43 85 
2.10    47.60 91.044586 82.891167 7 86 105 106 131 132 176 177 219 220 237 1 42 43 85 
2.06    48.43 92.290861 85.176030 8 177 192 193 219 86 105 106 131 132 176 220 237 1 42 43 85 
1.81    55.33 93.072857 86.625567 9 132 155 156 176 177 192 193 219 86 105 106 131 220 237 1 42 43 85 
1.60    62.56 93.557364 87.529804 10 43 65 66 85 132 155 156 176 177 192 193 219 86 105 106 131 220 237 1 42 
1.39    71.70 94.039813 88.434864 11 1 22 23 42 43 65 66 85 132 155 156 176 177 192 193 219 86 105 106 131 220 237 
