# pdb file = /home/wagram/gelly/CORNICHON/PROJECTS/DR/DR_2/PDBs_Clean/3HURA/3HURA.pdb
# dssp file = /home/wagram/gelly/CORNICHON/PROJECTS/DR/DR_2/PDBs_Clean/3HURA/3HURA.dssp
# R2 value = 99
# S2D limit size = 8
# limit size of PU= 15
# max size of PU= 0
# d0 value= 6.0
# delta value= 1.5
# only secondary structure= 0
# pruning flag= 0
# cut off pruning= 0
# Max Number of pu= 40
# END PARSE PDB
# END PARSE DSSP
#i/e    i/i+e R2        CI        N DOMAINS
15.22    6.57 82.670311 68.343803 3 1 254 255 338 339 384 
14.79    6.76 84.456751 71.329428 4 339 368 369 384 1 254 255 338 
5.86    17.06 93.937853 88.243203 6 1 85 86 199 200 254 339 368 369 384 255 338 
5.51    18.13 94.711967 89.703567 7 200 223 224 254 1 85 86 199 339 368 369 384 255 338 
5.04    19.83 95.727222 91.637011 8 1 30 31 85 200 223 224 254 86 199 339 368 369 384 255 338 
4.23    23.64 96.860888 93.820317 10 86 161 162 183 184 199 1 30 31 85 200 223 224 254 339 368 369 384 255 338 
3.83    26.09 97.259710 94.594511 11 86 104 105 161 162 183 184 199 1 30 31 85 200 223 224 254 339 368 369 384 255 338 
3.46    28.89 97.597603 95.252922 12 31 63 64 85 86 104 105 161 162 183 184 199 1 30 200 223 224 254 339 368 369 384 255 338 
3.02    33.10 97.868478 95.782390 13 255 283 284 338 31 63 64 85 86 104 105 161 162 183 184 199 1 30 200 223 224 254 339 368 369 384 
2.90    34.43 98.018333 96.075936 14 224 239 240 254 255 283 284 338 31 63 64 85 86 104 105 161 162 183 184 199 1 30 200 223 339 368 369 384 
2.60    38.49 98.158859 96.351615 15 105 137 138 161 224 239 240 254 255 283 284 338 31 63 64 85 86 104 162 183 184 199 1 30 200 223 339 368 369 384 
2.40    41.60 98.258870 96.548054 16 284 322 323 338 105 137 138 161 224 239 240 254 255 283 31 63 64 85 86 104 162 183 184 199 1 30 200 223 339 368 369 384 
2.23    44.78 98.332640 96.693081 17 284 299 300 322 323 338 105 137 138 161 224 239 240 254 255 283 31 63 64 85 86 104 162 183 184 199 1 30 200 223 339 368 369 384 
2.09    47.88 98.419772 96.864516 18 31 46 47 63 284 299 300 322 323 338 105 137 138 161 224 239 240 254 255 283 64 85 86 104 162 183 184 199 1 30 200 223 339 368 369 384 
