# pdb file = /home/wagram/gelly/CORNICHON/PROJECTS/DR/DR_2/PDBs_Clean/2I06A/2I06A.pdb
# dssp file = /home/wagram/gelly/CORNICHON/PROJECTS/DR/DR_2/PDBs_Clean/2I06A/2I06A.dssp
# R2 value = 99
# S2D limit size = 8
# limit size of PU= 15
# max size of PU= 0
# d0 value= 6.0
# delta value= 1.5
# only secondary structure= 0
# pruning flag= 0
# cut off pruning= 0
# Max Number of pu= 40
# END PARSE PDB
# END PARSE DSSP
#i/e    i/i+e R2        CI        N DOMAINS
6.05    16.54 80.095871 64.153486 3 1 177 178 222 223 305 
5.15    19.40 86.138492 74.198398 5 223 253 254 288 289 305 1 177 178 222 
5.09    19.65 87.402137 76.391335 6 254 271 272 288 223 253 289 305 1 177 178 222 
4.88    20.51 91.326936 83.406093 7 1 159 160 177 254 271 272 288 223 253 289 305 178 222 
3.54    28.25 95.824636 91.823609 9 1 27 28 97 98 159 160 177 254 271 272 288 223 253 289 305 178 222 
3.14    31.83 96.818508 93.738236 11 98 121 122 146 147 159 1 27 28 97 160 177 254 271 272 288 223 253 289 305 178 222 
2.90    34.47 97.072869 94.231420 12 178 193 194 222 98 121 122 146 147 159 1 27 28 97 160 177 254 271 272 288 223 253 289 305 
2.24    44.62 97.650730 95.356651 14 28 59 60 80 81 97 178 193 194 222 98 121 122 146 147 159 1 27 160 177 254 271 272 288 223 253 289 305 
2.06    48.61 97.761563 95.573232 15 28 44 45 59 60 80 81 97 178 193 194 222 98 121 122 146 147 159 1 27 160 177 254 271 272 288 223 253 289 305 
