# pdb file = /home/wagram/gelly/CORNICHON/PROJECTS/DR/DR_2/PDBs_Clean/19HCA/19HCA.pdb
# dssp file = /home/wagram/gelly/CORNICHON/PROJECTS/DR/DR_2/PDBs_Clean/19HCA/19HCA.dssp
# R2 value = 99
# S2D limit size = 8
# limit size of PU= 15
# max size of PU= 0
# d0 value= 6.0
# delta value= 1.5
# only secondary structure= 0
# pruning flag= 0
# cut off pruning= 0
# Max Number of pu= 40
# END PARSE PDB
# END PARSE DSSP
#i/e    i/i+e R2        CI        N DOMAINS
25.49    3.92 80.418490 64.671335 2 1 166 167 292 
9.01    11.10 91.684091 84.059726 4 1 45 46 120 121 166 167 292 
6.70    14.93 94.950139 90.155288 6 167 239 240 283 284 292 1 45 46 120 121 166 
6.25    16.01 96.238854 92.619170 7 46 100 101 120 167 239 240 283 284 292 1 45 121 166 
5.84    17.12 96.785594 93.674513 8 240 263 264 283 46 100 101 120 167 239 284 292 1 45 121 166 
5.29    18.91 97.291338 94.656045 9 167 221 222 239 240 263 264 283 46 100 101 120 284 292 1 45 121 166 
4.92    20.34 97.579218 95.217038 10 121 136 137 166 167 221 222 239 240 263 264 283 46 100 101 120 284 292 1 45 
4.37    22.90 97.899842 95.843790 11 46 80 81 100 121 136 137 166 167 221 222 239 240 263 264 283 101 120 284 292 1 45 
4.10    24.40 98.069614 96.176493 12 46 61 62 80 81 100 121 136 137 166 167 221 222 239 240 263 264 283 101 120 284 292 1 45 
3.68    27.17 98.316758 96.661848 13 167 202 203 221 46 61 62 80 81 100 121 136 137 166 222 239 240 263 264 283 101 120 284 292 1 45 
3.28    30.49 98.421945 96.868792 14 1 16 17 45 167 202 203 221 46 61 62 80 81 100 121 136 137 166 222 239 240 263 264 283 101 120 284 292 
2.97    33.66 98.523601 97.069000 15 167 182 183 202 1 16 17 45 203 221 46 61 62 80 81 100 121 136 137 166 222 239 240 263 264 283 101 120 284 292 
