# pdb file = /home/wagram/gelly/CORNICHON/PROJECTS/DR/DR_2/PDBs_Clean/1GZSB/1GZSB.pdb
# dssp file = /home/wagram/gelly/CORNICHON/PROJECTS/DR/DR_2/PDBs_Clean/1GZSB/1GZSB.dssp
# R2 value = 99
# S2D limit size = 8
# limit size of PU= 15
# max size of PU= 0
# d0 value= 6.0
# delta value= 1.5
# only secondary structure= 0
# pruning flag= 0
# cut off pruning= 0
# Max Number of pu= 40
# END PARSE PDB
# END PARSE DSSP
#i/e    i/i+e R2        CI        N DOMAINS
7.47    13.39 84.574566 71.528572 3 1 36 37 95 96 165 
6.78    14.76 90.339397 81.612066 4 96 134 135 165 1 36 37 95 
6.30    15.87 92.384236 85.348470 5 1 19 20 36 96 134 135 165 37 95 
5.69    17.58 93.424017 87.280469 6 135 150 151 165 1 19 20 36 96 134 37 95 
4.81    20.79 94.449132 89.206386 7 96 114 115 134 135 150 151 165 1 19 20 36 37 95 
3.70    27.00 95.656415 91.501498 8 37 62 63 95 96 114 115 134 135 150 151 165 1 19 20 36 
3.16    31.61 96.145116 92.438834 9 63 78 79 95 37 62 96 114 115 134 135 150 151 165 1 19 20 36 
