# pdb file = /home/wagram/gelly/CORNICHON/PROJECTS/DR/DR_2/PDBs_Clean/3TMPA/3TMPA.pdb
# dssp file = /home/wagram/gelly/CORNICHON/PROJECTS/DR/DR_2/PDBs_Clean/3TMPA/3TMPA.dssp
# R2 value = 99
# S2D limit size = 8
# limit size of PU= 15
# max size of PU= 0
# d0 value= 6.0
# delta value= 1.5
# only secondary structure= 0
# pruning flag= 0
# cut off pruning= 0
# Max Number of pu= 40
# END PARSE PDB
# END PARSE DSSP
#i/e    i/i+e R2        CI        N DOMAINS
59.31    1.69 56.052463 31.418786 2 1 16 17 166 
6.91    14.47 87.812740 77.110773 4 17 42 43 113 114 166 1 16 
5.11    19.56 91.456737 83.643347 5 43 68 69 113 17 42 114 166 1 16 
4.09    24.48 92.651957 85.843852 6 69 88 89 113 43 68 17 42 114 166 1 16 
3.29    30.40 94.060157 88.473132 7 114 148 149 166 69 88 89 113 43 68 17 42 1 16 
2.59    38.59 94.342292 89.004681 8 114 133 134 148 149 166 69 88 89 113 43 68 17 42 1 16 
