# pdb file = /home/wagram/gelly/CORNICHON/PROJECTS/DR/DR_2/PDBs_Clean/2W40A/2W40A.pdb
# dssp file = /home/wagram/gelly/CORNICHON/PROJECTS/DR/DR_2/PDBs_Clean/2W40A/2W40A.dssp
# R2 value = 99
# S2D limit size = 8
# limit size of PU= 15
# max size of PU= 0
# d0 value= 6.0
# delta value= 1.5
# only secondary structure= 0
# pruning flag= 0
# cut off pruning= 0
# Max Number of pu= 40
# END PARSE PDB
# END PARSE DSSP
#i/e    i/i+e R2        CI        N DOMAINS
18.30    5.46 79.004227 62.416678 2 1 246 247 501 
9.09    11.01 88.221316 77.830005 4 1 82 83 219 220 246 247 501 
5.23    19.10 93.909940 88.190768 6 247 309 310 386 387 501 1 82 83 219 220 246 
4.49    22.28 95.615978 91.424152 8 387 439 440 468 469 501 247 309 310 386 1 82 83 219 220 246 
4.30    23.24 95.937746 92.040510 9 387 405 406 439 440 468 469 501 247 309 310 386 1 82 83 219 220 246 
3.64    27.51 96.585428 93.287449 11 1 32 33 52 53 82 387 405 406 439 440 468 469 501 247 309 310 386 83 219 220 246 
3.10    32.28 97.019424 94.127687 13 310 348 349 363 364 386 1 32 33 52 53 82 387 405 406 439 440 468 469 501 247 309 83 219 220 246 
3.04    32.92 97.223402 94.523899 14 310 328 329 348 349 363 364 386 1 32 33 52 53 82 387 405 406 439 440 468 469 501 247 309 83 219 220 246 
2.53    39.45 97.878835 95.802664 16 83 105 106 134 135 219 310 328 329 348 349 363 364 386 1 32 33 52 53 82 387 405 406 439 440 468 469 501 247 309 220 246 
2.49    40.16 98.005107 96.050010 17 469 485 486 501 83 105 106 134 135 219 310 328 329 348 349 363 364 386 1 32 33 52 53 82 387 405 406 439 440 468 247 309 220 246 
2.33    43.01 98.200506 96.433394 18 135 158 159 219 469 485 486 501 83 105 106 134 310 328 329 348 349 363 364 386 1 32 33 52 53 82 387 405 406 439 440 468 247 309 220 246 
2.23    44.92 98.364318 96.755391 19 159 177 178 219 135 158 469 485 486 501 83 105 106 134 310 328 329 348 349 363 364 386 1 32 33 52 53 82 387 405 406 439 440 468 247 309 220 246 
2.08    48.06 98.534758 97.090985 20 247 275 276 309 159 177 178 219 135 158 469 485 486 501 83 105 106 134 310 328 329 348 349 363 364 386 1 32 33 52 53 82 387 405 406 439 440 468 220 246 
1.98    50.63 98.585821 97.191642 21 178 198 199 219 247 275 276 309 159 177 135 158 469 485 486 501 83 105 106 134 310 328 329 348 349 363 364 386 1 32 33 52 53 82 387 405 406 439 440 468 220 246 
1.87    53.44 98.632447 97.283596 22 406 422 423 439 178 198 199 219 247 275 276 309 159 177 135 158 469 485 486 501 83 105 106 134 310 328 329 348 349 363 364 386 1 32 33 52 53 82 387 405 440 468 220 246 
1.77    56.51 98.664562 97.346959 23 276 292 293 309 406 422 423 439 178 198 199 219 247 275 159 177 135 158 469 485 486 501 83 105 106 134 310 328 329 348 349 363 364 386 1 32 33 52 53 82 387 405 440 468 220 246 
