# pdb file = /home/wagram/gelly/CORNICHON/PROJECTS/DR/DR_2/PDBs_Clean/1VLOA/1VLOA.pdb
# dssp file = /home/wagram/gelly/CORNICHON/PROJECTS/DR/DR_2/PDBs_Clean/1VLOA/1VLOA.dssp
# R2 value = 99
# S2D limit size = 8
# limit size of PU= 15
# max size of PU= 0
# d0 value= 6.0
# delta value= 1.5
# only secondary structure= 0
# pruning flag= 0
# cut off pruning= 0
# Max Number of pu= 40
# END PARSE PDB
# END PARSE DSSP
#i/e    i/i+e R2        CI        N DOMAINS
22.00    4.55 77.087371 59.424628 3 1 275 276 351 352 364 
5.42    18.45 90.648744 82.171948 5 1 48 49 137 138 275 276 351 352 364 
5.29    18.89 94.049577 88.453229 6 138 230 231 275 1 48 49 137 276 351 352 364 
5.07    19.73 94.574966 89.444241 7 231 252 253 275 138 230 1 48 49 137 276 351 352 364 
4.78    20.91 95.480353 91.164977 8 138 215 216 230 231 252 253 275 1 48 49 137 276 351 352 364 
4.54    22.05 95.969682 92.101800 9 1 28 29 48 138 215 216 230 231 252 253 275 49 137 276 351 352 364 
4.16    24.02 96.431708 92.990743 10 138 198 199 215 1 28 29 48 216 230 231 252 253 275 49 137 276 351 352 364 
2.98    33.53 97.125054 94.332761 12 49 67 68 101 102 137 138 198 199 215 1 28 29 48 216 230 231 252 253 275 276 351 352 364 
2.88    34.77 97.305778 94.684144 13 102 118 119 137 49 67 68 101 138 198 199 215 1 28 29 48 216 230 231 252 253 275 276 351 352 364 
2.38    42.10 97.756686 95.563696 15 138 156 157 183 184 198 102 118 119 137 49 67 68 101 199 215 1 28 29 48 216 230 231 252 253 275 276 351 352 364 
2.12    47.21 97.935682 95.913978 16 276 331 332 351 138 156 157 183 184 198 102 118 119 137 49 67 68 101 199 215 1 28 29 48 216 230 231 252 253 275 352 364 
1.76    56.67 98.142265 96.319041 18 276 292 293 308 309 331 332 351 138 156 157 183 184 198 102 118 119 137 49 67 68 101 199 215 1 28 29 48 216 230 231 252 253 275 352 364 
1.64    60.93 98.203964 96.440186 19 68 85 86 101 276 292 293 308 309 331 332 351 138 156 157 183 184 198 102 118 119 137 49 67 199 215 1 28 29 48 216 230 231 252 253 275 352 364 
