# pdb file = /home/wagram/gelly/CORNICHON/PROJECTS/DR/DR_2/PDBs_Clean/3MCWA/3MCWA.pdb
# dssp file = /home/wagram/gelly/CORNICHON/PROJECTS/DR/DR_2/PDBs_Clean/3MCWA/3MCWA.dssp
# R2 value = 99
# S2D limit size = 8
# limit size of PU= 15
# max size of PU= 0
# d0 value= 6.0
# delta value= 1.5
# only secondary structure= 0
# pruning flag= 0
# cut off pruning= 0
# Max Number of pu= 40
# END PARSE PDB
# END PARSE DSSP
#i/e    i/i+e R2        CI        N DOMAINS
5.96    16.79 74.866805 56.050385 3 1 15 16 91 92 195 
5.38    18.59 81.680499 66.717039 4 92 179 180 195 1 15 16 91 
3.87    25.82 87.712135 76.934187 6 16 30 31 50 51 91 92 179 180 195 1 15 
3.40    29.42 91.028979 82.862750 7 92 110 111 179 16 30 31 50 51 91 180 195 1 15 
2.38    42.04 93.917455 88.204883 9 111 141 142 166 167 179 92 110 16 30 31 50 51 91 180 195 1 15 
2.10    47.55 94.410558 89.133535 10 51 74 75 91 111 141 142 166 167 179 92 110 16 30 31 50 180 195 1 15 
1.85    54.17 94.895851 90.052226 11 111 126 127 141 51 74 75 91 142 166 167 179 92 110 16 30 31 50 180 195 1 15 
