# pdb file = /home/wagram/gelly/CORNICHON/PROJECTS/DR/DR_2/PDBs_Clean/3NZPA/3NZPA.pdb
# dssp file = /home/wagram/gelly/CORNICHON/PROJECTS/DR/DR_2/PDBs_Clean/3NZPA/3NZPA.dssp
# R2 value = 99
# S2D limit size = 8
# limit size of PU= 15
# max size of PU= 0
# d0 value= 6.0
# delta value= 1.5
# only secondary structure= 0
# pruning flag= 0
# cut off pruning= 0
# Max Number of pu= 40
# END PARSE PDB
# END PARSE DSSP
#i/e    i/i+e R2        CI        N DOMAINS
14.55    6.87 86.815529 75.369360 3 1 327 328 406 407 581 
13.11    7.63 90.314666 81.567389 4 407 504 505 581 1 327 328 406 
12.70    7.87 91.483500 83.692308 5 505 525 526 581 407 504 1 327 328 406 
10.15    9.86 95.132809 90.502513 7 1 48 49 314 315 327 505 525 526 581 407 504 328 406 
9.74    10.26 95.488898 91.181297 8 1 29 30 48 49 314 315 327 505 525 526 581 407 504 328 406 
5.58    17.92 97.535521 95.131779 10 49 103 104 217 218 314 1 29 30 48 315 327 505 525 526 581 407 504 328 406 
5.12    19.53 97.768099 95.586011 12 526 542 543 570 571 581 49 103 104 217 218 314 1 29 30 48 315 327 505 525 407 504 328 406 
4.89    20.45 97.947888 95.937888 13 49 75 76 103 526 542 543 570 571 581 104 217 218 314 1 29 30 48 315 327 505 525 407 504 328 406 
4.36    22.96 98.287030 96.603403 14 104 154 155 217 49 75 76 103 526 542 543 570 571 581 218 314 1 29 30 48 315 327 505 525 407 504 328 406 
3.77    26.55 98.608495 97.236353 16 218 275 276 299 300 314 104 154 155 217 49 75 76 103 526 542 543 570 571 581 1 29 30 48 315 327 505 525 407 504 328 406 
3.48    28.77 98.766965 97.549133 18 218 232 233 256 257 275 276 299 300 314 104 154 155 217 49 75 76 103 526 542 543 570 571 581 1 29 30 48 315 327 505 525 407 504 328 406 
3.31    30.22 98.856729 97.726530 19 155 175 176 217 218 232 233 256 257 275 276 299 300 314 104 154 49 75 76 103 526 542 543 570 571 581 1 29 30 48 315 327 505 525 407 504 328 406 
2.86    35.00 98.971593 97.953762 21 328 367 368 388 389 406 155 175 176 217 218 232 233 256 257 275 276 299 300 314 104 154 49 75 76 103 526 542 543 570 571 581 1 29 30 48 315 327 505 525 407 504 
2.80    35.66 99.014432 98.038578 22 328 345 346 367 368 388 389 406 155 175 176 217 218 232 233 256 257 275 276 299 300 314 104 154 49 75 76 103 526 542 543 570 571 581 1 29 30 48 315 327 505 525 407 504 
