# pdb file = /home/wagram/gelly/CORNICHON/PROJECTS/DR/DR_2/PDBs_Clean/2ZODA/2ZODA.pdb
# dssp file = /home/wagram/gelly/CORNICHON/PROJECTS/DR/DR_2/PDBs_Clean/2ZODA/2ZODA.dssp
# R2 value = 99
# S2D limit size = 8
# limit size of PU= 15
# max size of PU= 0
# d0 value= 6.0
# delta value= 1.5
# only secondary structure= 0
# pruning flag= 0
# cut off pruning= 0
# Max Number of pu= 40
# END PARSE PDB
# END PARSE DSSP
#i/e    i/i+e R2        CI        N DOMAINS
20.27    4.93 78.797367 62.090251 2 1 133 134 315 
16.30    6.14 82.537792 68.124871 3 1 22 23 133 134 315 
5.26    19.01 87.145283 75.943003 5 134 165 166 180 181 315 1 22 23 133 
5.19    19.25 88.304229 77.976369 6 134 150 151 165 166 180 181 315 1 22 23 133 
3.00    33.29 91.476363 83.679251 8 181 226 227 241 242 315 134 150 151 165 166 180 1 22 23 133 
2.80    35.66 93.735764 87.863934 10 242 275 276 306 307 315 181 226 227 241 134 150 151 165 166 180 1 22 23 133 
2.74    36.44 94.679917 89.642868 11 181 197 198 226 242 275 276 306 307 315 227 241 134 150 151 165 166 180 1 22 23 133 
2.39    41.91 95.631147 91.453163 13 23 37 38 126 127 133 181 197 198 226 242 275 276 306 307 315 227 241 134 150 151 165 166 180 1 22 
2.25    44.35 95.908376 91.984167 14 242 257 258 275 23 37 38 126 127 133 181 197 198 226 276 306 307 315 227 241 134 150 151 165 166 180 1 22 
1.75    57.19 96.896251 93.888834 16 38 56 57 71 72 126 242 257 258 275 23 37 127 133 181 197 198 226 276 306 307 315 227 241 134 150 151 165 166 180 1 22 
1.45    69.14 97.278014 94.630120 18 72 86 87 104 105 126 38 56 57 71 242 257 258 275 23 37 127 133 181 197 198 226 276 306 307 315 227 241 134 150 151 165 166 180 1 22 
