# pdb file = /home/wagram/gelly/CORNICHON/PROJECTS/DR/DR_2/PDBs_Clean/1VAJA/1VAJA.pdb
# dssp file = /home/wagram/gelly/CORNICHON/PROJECTS/DR/DR_2/PDBs_Clean/1VAJA/1VAJA.dssp
# R2 value = 99
# S2D limit size = 8
# limit size of PU= 15
# max size of PU= 0
# d0 value= 6.0
# delta value= 1.5
# only secondary structure= 0
# pruning flag= 0
# cut off pruning= 0
# Max Number of pu= 40
# END PARSE PDB
# END PARSE DSSP
#i/e    i/i+e R2        CI        N DOMAINS
12.08    8.28 84.732559 71.796066 3 1 111 112 184 185 203 
6.74    14.83 89.330993 79.800262 4 1 39 40 111 112 184 185 203 
5.95    16.80 90.649849 82.173952 5 1 16 17 39 40 111 112 184 185 203 
3.71    26.92 92.585813 85.721328 7 112 126 127 171 172 184 1 16 17 39 40 111 185 203 
2.38    42.01 94.523627 89.347160 9 40 73 74 101 102 111 112 126 127 171 172 184 1 16 17 39 185 203 
2.03    49.19 95.080982 90.403932 10 127 154 155 171 40 73 74 101 102 111 112 126 172 184 1 16 17 39 185 203 
1.67    59.86 95.220418 90.669280 11 40 58 59 73 127 154 155 171 74 101 102 111 112 126 172 184 1 16 17 39 185 203 
