# pdb file = /home/wagram/gelly/CORNICHON/PROJECTS/DR/DR_2/PDBs_Clean/2WP8B/2WP8B.pdb
# dssp file = /home/wagram/gelly/CORNICHON/PROJECTS/DR/DR_2/PDBs_Clean/2WP8B/2WP8B.dssp
# R2 value = 99
# S2D limit size = 8
# limit size of PU= 15
# max size of PU= 0
# d0 value= 6.0
# delta value= 1.5
# only secondary structure= 0
# pruning flag= 0
# cut off pruning= 0
# Max Number of pu= 40
# END PARSE PDB
# END PARSE DSSP
#i/e    i/i+e R2        CI        N DOMAINS
11.18    8.95 83.010614 68.907620 3 1 21 22 133 134 217 
9.54    10.48 86.399032 74.647928 4 134 202 203 217 1 21 22 133 
3.91    25.58 92.314271 85.219247 6 22 53 54 101 102 133 134 202 203 217 1 21 
3.67    27.25 92.952857 86.402336 7 102 118 119 133 22 53 54 101 134 202 203 217 1 21 
2.97    33.73 94.051708 88.457237 8 134 182 183 202 102 118 119 133 22 53 54 101 203 217 1 21 
2.44    40.94 94.655515 89.596665 9 134 159 160 182 183 202 102 118 119 133 22 53 54 101 203 217 1 21 
1.97    50.70 94.982573 90.216892 10 54 83 84 101 134 159 160 182 183 202 102 118 119 133 22 53 203 217 1 21 
