# pdb file = /home/wagram/gelly/CORNICHON/PROJECTS/DR/DR_2/PDBs_Clean/3A6PA/3A6PA.pdb
# dssp file = /home/wagram/gelly/CORNICHON/PROJECTS/DR/DR_2/PDBs_Clean/3A6PA/3A6PA.dssp
# R2 value = 99
# S2D limit size = 8
# limit size of PU= 15
# max size of PU= 0
# d0 value= 6.0
# delta value= 1.5
# only secondary structure= 0
# pruning flag= 0
# cut off pruning= 0
# Max Number of pu= 40
# END PARSE PDB
# END PARSE DSSP
#i/e    i/i+e R2        CI        N DOMAINS
131.55   0.76 84.920071 72.114184 2 1 453 454 1072 
63.21    1.58 91.330092 83.411857 3 1 233 234 453 454 1072 
39.92    2.50 95.288460 90.798907 4 454 895 896 1072 1 233 234 453 
27.28    3.67 97.083060 94.251205 5 454 637 638 895 896 1072 1 233 234 453 
17.54    5.70 97.815770 95.679249 7 638 785 786 809 810 895 454 637 896 1072 1 233 234 453 
15.02    6.66 98.251946 96.534450 8 1 92 93 233 638 785 786 809 810 895 454 637 896 1072 234 453 
14.54    6.88 98.364496 96.755740 9 896 1055 1056 1072 1 92 93 233 638 785 786 809 810 895 454 637 234 453 
12.43    8.04 98.688799 97.394791 10 234 358 359 453 896 1055 1056 1072 1 92 93 233 638 785 786 809 810 895 454 637 
11.10    9.01 98.907986 97.827897 11 454 551 552 637 234 358 359 453 896 1055 1056 1072 1 92 93 233 638 785 786 809 810 895 
10.03    9.97 99.060818 98.130457 12 896 967 968 1055 454 551 552 637 234 358 359 453 1056 1072 1 92 93 233 638 785 786 809 810 895 
