# pdb file = /home/wagram/gelly/CORNICHON/PROJECTS/DR/DR_2/PDBs_Clean/3Q5DA/3Q5DA.pdb
# dssp file = /home/wagram/gelly/CORNICHON/PROJECTS/DR/DR_2/PDBs_Clean/3Q5DA/3Q5DA.dssp
# R2 value = 99
# S2D limit size = 8
# limit size of PU= 15
# max size of PU= 0
# d0 value= 6.0
# delta value= 1.5
# only secondary structure= 0
# pruning flag= 0
# cut off pruning= 0
# Max Number of pu= 40
# END PARSE PDB
# END PARSE DSSP
#i/e    i/i+e R2        CI        N DOMAINS
357.29   0.28 79.846123 63.754034 2 1 316 317 410 
8.88    11.26 92.544334 85.644537 4 1 150 151 243 244 316 317 410 
8.74    11.44 93.789024 87.963811 5 244 283 284 316 1 150 151 243 317 410 
4.89    20.45 95.920917 92.008223 7 1 50 51 89 90 150 244 283 284 316 151 243 317 410 
4.78    20.92 96.316567 92.768810 8 1 35 36 50 51 89 90 150 244 283 284 316 151 243 317 410 
4.62    21.63 96.613345 93.341383 9 244 262 263 283 1 35 36 50 51 89 90 150 284 316 151 243 317 410 
4.48    22.32 96.841316 93.782404 10 1 20 21 35 244 262 263 283 36 50 51 89 90 150 284 316 151 243 317 410 
4.20    23.81 97.295383 94.663915 11 90 120 121 150 1 20 21 35 244 262 263 283 36 50 51 89 284 316 151 243 317 410 
4.07    24.59 97.480459 95.024398 12 284 300 301 316 90 120 121 150 1 20 21 35 244 262 263 283 36 50 51 89 151 243 317 410 
3.71    26.99 97.847408 95.741152 13 151 178 179 243 284 300 301 316 90 120 121 150 1 20 21 35 244 262 263 283 36 50 51 89 317 410 
2.96    33.78 98.142116 96.318750 15 179 205 206 231 232 243 151 178 284 300 301 316 90 120 121 150 1 20 21 35 244 262 263 283 36 50 51 89 317 410 
2.52    39.71 98.538814 97.098979 17 317 333 334 377 378 410 179 205 206 231 232 243 151 178 284 300 301 316 90 120 121 150 1 20 21 35 244 262 263 283 36 50 51 89 
2.46    40.67 98.628927 97.276652 18 378 395 396 410 317 333 334 377 179 205 206 231 232 243 151 178 284 300 301 316 90 120 121 150 1 20 21 35 244 262 263 283 36 50 51 89 
2.34    42.67 98.719612 97.455617 19 334 353 354 377 378 395 396 410 317 333 179 205 206 231 232 243 151 178 284 300 301 316 90 120 121 150 1 20 21 35 244 262 263 283 36 50 51 89 
2.25    44.40 98.797064 97.608599 20 51 73 74 89 334 353 354 377 378 395 396 410 317 333 179 205 206 231 232 243 151 178 284 300 301 316 90 120 121 150 1 20 21 35 244 262 263 283 36 50 
2.09    47.87 98.835079 97.683729 21 90 105 106 120 51 73 74 89 334 353 354 377 378 395 396 410 317 333 179 205 206 231 232 243 151 178 284 300 301 316 121 150 1 20 21 35 244 262 263 283 36 50 
