# pdb file = /home/wagram/gelly/CORNICHON/PROJECTS/DR/DR_2/PDBs_Clean/1DFMA/1DFMA.pdb
# dssp file = /home/wagram/gelly/CORNICHON/PROJECTS/DR/DR_2/PDBs_Clean/1DFMA/1DFMA.dssp
# R2 value = 99
# S2D limit size = 8
# limit size of PU= 15
# max size of PU= 0
# d0 value= 6.0
# delta value= 1.5
# only secondary structure= 0
# pruning flag= 0
# cut off pruning= 0
# Max Number of pu= 40
# END PARSE PDB
# END PARSE DSSP
#i/e    i/i+e R2        CI        N DOMAINS
19.98    5.01 69.316649 48.047978 2 1 171 172 222 
6.48    15.43 86.498554 74.819998 4 1 15 16 64 65 171 172 222 
5.22    19.15 89.934602 80.882326 5 65 85 86 171 1 15 16 64 172 222 
4.64    21.54 91.418629 83.573657 6 16 48 49 64 65 85 86 171 1 15 172 222 
4.08    24.49 92.561719 85.676719 7 172 202 203 222 16 48 49 64 65 85 86 171 1 15 
2.76    36.19 95.072936 90.388632 9 86 131 132 160 161 171 172 202 203 222 16 48 49 64 65 85 1 15 
2.25    44.51 95.458601 91.123445 10 86 107 108 131 132 160 161 171 172 202 203 222 16 48 49 64 65 85 1 15 
1.90    52.63 95.546509 91.291353 11 172 187 188 202 86 107 108 131 132 160 161 171 203 222 16 48 49 64 65 85 1 15 
