# pdb file = /home/wagram/gelly/CORNICHON/PROJECTS/DR/DR_2/PDBs_Clean/4AFHA/4AFHA.pdb
# dssp file = /home/wagram/gelly/CORNICHON/PROJECTS/DR/DR_2/PDBs_Clean/4AFHA/4AFHA.dssp
# R2 value = 99
# S2D limit size = 8
# limit size of PU= 15
# max size of PU= 0
# d0 value= 6.0
# delta value= 1.5
# only secondary structure= 0
# pruning flag= 0
# cut off pruning= 0
# Max Number of pu= 40
# END PARSE PDB
# END PARSE DSSP
#i/e    i/i+e R2        CI        N DOMAINS
35.11    2.85 56.532468 31.959199 2 1 21 22 213 
4.25    23.51 85.176328 72.550069 4 22 63 64 134 135 213 1 21 
4.19    23.84 87.499933 76.562383 5 22 38 39 63 64 134 135 213 1 21 
2.64    37.82 90.872376 82.577887 7 64 95 96 110 111 134 22 38 39 63 135 213 1 21 
2.07    48.31 92.979375 86.451642 9 135 149 150 206 207 213 64 95 96 110 111 134 22 38 39 63 1 21 
1.73    57.78 95.062542 90.368870 11 150 168 169 187 188 206 135 149 207 213 64 95 96 110 111 134 22 38 39 63 1 21 
1.64    60.85 95.479364 91.163090 12 64 79 80 95 150 168 169 187 188 206 135 149 207 213 96 110 111 134 22 38 39 63 1 21 
