# pdb file = /home/wagram/gelly/CORNICHON/PROJECTS/DR/DR_2/PDBs_Clean/2Q3MA/2Q3MA.pdb
# dssp file = /home/wagram/gelly/CORNICHON/PROJECTS/DR/DR_2/PDBs_Clean/2Q3MA/2Q3MA.dssp
# R2 value = 99
# S2D limit size = 8
# limit size of PU= 15
# max size of PU= 0
# d0 value= 6.0
# delta value= 1.5
# only secondary structure= 0
# pruning flag= 0
# cut off pruning= 0
# Max Number of pu= 40
# END PARSE PDB
# END PARSE DSSP
#i/e    i/i+e R2        CI        N DOMAINS
71.77    1.39 51.276312 26.292601 2 1 21 22 284 
25.38    3.94 71.657312 51.347704 3 22 254 255 284 1 21 
12.81    7.81 83.157058 69.150962 4 22 216 217 254 255 284 1 21 
4.28    23.36 92.474328 85.515013 6 22 71 72 108 109 216 217 254 255 284 1 21 
4.14    24.17 94.712300 89.704198 7 109 134 135 216 22 71 72 108 217 254 255 284 1 21 
4.06    24.61 95.561610 91.320213 8 22 56 57 71 109 134 135 216 72 108 217 254 255 284 1 21 
3.28    30.49 97.068922 94.223756 10 135 157 158 194 195 216 22 56 57 71 109 134 72 108 217 254 255 284 1 21 
3.14    31.81 97.383380 94.835226 11 158 173 174 194 135 157 195 216 22 56 57 71 109 134 72 108 217 254 255 284 1 21 
2.99    33.45 97.663447 95.381488 12 217 239 240 254 158 173 174 194 135 157 195 216 22 56 57 71 109 134 72 108 255 284 1 21 
2.83    35.28 97.923140 95.889414 13 22 41 42 56 217 239 240 254 158 173 174 194 135 157 195 216 57 71 109 134 72 108 255 284 1 21 
2.62    38.24 98.084375 96.205447 14 72 91 92 108 22 41 42 56 217 239 240 254 158 173 174 194 135 157 195 216 57 71 109 134 255 284 1 21 
