# pdb file = /home/wagram/gelly/CORNICHON/PROJECTS/DR/DR_2/PDBs_Clean/3B1UA/3B1UA.pdb
# dssp file = /home/wagram/gelly/CORNICHON/PROJECTS/DR/DR_2/PDBs_Clean/3B1UA/3B1UA.dssp
# R2 value = 99
# S2D limit size = 8
# limit size of PU= 15
# max size of PU= 0
# d0 value= 6.0
# delta value= 1.5
# only secondary structure= 0
# pruning flag= 0
# cut off pruning= 0
# Max Number of pu= 40
# END PARSE PDB
# END PARSE DSSP
#i/e    i/i+e R2        CI        N DOMAINS
101.88   0.98 70.760577 50.070593 2 1 94 95 628 
27.28    3.67 88.549100 78.409431 3 95 259 260 628 1 94 
9.75    10.26 94.076425 88.503738 5 260 439 440 609 610 628 95 259 1 94 
8.09    12.36 95.428079 91.065183 6 260 358 359 439 440 609 610 628 95 259 1 94 
6.16    16.23 96.417110 92.962591 8 95 124 125 151 152 259 260 358 359 439 440 609 610 628 1 94 
5.62    17.81 96.883382 93.863896 9 260 311 312 358 95 124 125 151 152 259 359 439 440 609 610 628 1 94 
4.35    23.00 97.538137 95.136882 11 440 462 463 497 498 609 260 311 312 358 95 124 125 151 152 259 359 439 610 628 1 94 
4.17    23.95 97.965311 95.972021 12 498 547 548 609 440 462 463 497 260 311 312 358 95 124 125 151 152 259 359 439 610 628 1 94 
3.69    27.08 98.180362 96.393835 14 548 566 567 589 590 609 498 547 440 462 463 497 260 311 312 358 95 124 125 151 152 259 359 439 610 628 1 94 
3.60    27.81 98.268371 96.566727 15 498 532 533 547 548 566 567 589 590 609 440 462 463 497 260 311 312 358 95 124 125 151 152 259 359 439 610 628 1 94 
3.53    28.32 98.347240 96.721797 16 498 513 514 532 533 547 548 566 567 589 590 609 440 462 463 497 260 311 312 358 95 124 125 151 152 259 359 439 610 628 1 94 
3.24    30.87 98.530781 97.083149 17 152 219 220 259 498 513 514 532 533 547 548 566 567 589 590 609 440 462 463 497 260 311 312 358 95 124 125 151 359 439 610 628 1 94 
2.84    35.24 98.656519 97.331088 19 152 167 168 204 205 219 220 259 498 513 514 532 533 547 548 566 567 589 590 609 440 462 463 497 260 311 312 358 95 124 125 151 359 439 610 628 1 94 
2.74    36.52 98.746715 97.509138 20 260 275 276 311 152 167 168 204 205 219 220 259 498 513 514 532 533 547 548 566 567 589 590 609 440 462 463 497 312 358 95 124 125 151 359 439 610 628 1 94 
2.65    37.80 98.783264 97.581333 21 463 478 479 497 260 275 276 311 152 167 168 204 205 219 220 259 498 513 514 532 533 547 548 566 567 589 590 609 440 462 312 358 95 124 125 151 359 439 610 628 1 94 
2.30    43.50 98.916765 97.845264 23 359 397 398 420 421 439 463 478 479 497 260 275 276 311 152 167 168 204 205 219 220 259 498 513 514 532 533 547 548 566 567 589 590 609 440 462 312 358 95 124 125 151 610 628 1 94 
2.26    44.25 98.977725 97.965900 24 359 376 377 397 398 420 421 439 463 478 479 497 260 275 276 311 152 167 168 204 205 219 220 259 498 513 514 532 533 547 548 566 567 589 590 609 440 462 312 358 95 124 125 151 610 628 1 94 
2.19    45.70 99.010807 98.031399 25 276 296 297 311 359 376 377 397 398 420 421 439 463 478 479 497 260 275 152 167 168 204 205 219 220 259 498 513 514 532 533 547 548 566 567 589 590 609 440 462 312 358 95 124 125 151 610 628 1 94 
