# pdb file = /home/wagram/gelly/CORNICHON/PROJECTS/DR/DR_2/PDBs_Clean/3B42A/3B42A.pdb
# dssp file = /home/wagram/gelly/CORNICHON/PROJECTS/DR/DR_2/PDBs_Clean/3B42A/3B42A.dssp
# R2 value = 99
# S2D limit size = 8
# limit size of PU= 15
# max size of PU= 0
# d0 value= 6.0
# delta value= 1.5
# only secondary structure= 0
# pruning flag= 0
# cut off pruning= 0
# Max Number of pu= 40
# END PARSE PDB
# END PARSE DSSP
#i/e    i/i+e R2        CI        N DOMAINS
54.12    1.85 80.618130 64.992829 2 1 42 43 126 
26.70    3.75 85.936162 73.850239 3 1 20 21 42 43 126 
4.10    24.38 91.885309 84.429101 5 43 79 80 95 96 126 1 20 21 42 
3.36    29.78 93.158657 86.785354 6 43 64 65 79 80 95 96 126 1 20 21 42 
2.63    38.02 93.954452 88.274390 7 96 111 112 126 43 64 65 79 80 95 1 20 21 42 
