# pdb file = /home/wagram/gelly/CORNICHON/PROJECTS/DR/DR_2/PDBs_Clean/1ZUPA/1ZUPA.pdb
# dssp file = /home/wagram/gelly/CORNICHON/PROJECTS/DR/DR_2/PDBs_Clean/1ZUPA/1ZUPA.dssp
# R2 value = 99
# S2D limit size = 8
# limit size of PU= 15
# max size of PU= 0
# d0 value= 6.0
# delta value= 1.5
# only secondary structure= 0
# pruning flag= 0
# cut off pruning= 0
# Max Number of pu= 40
# END PARSE PDB
# END PARSE DSSP
#i/e    i/i+e R2        CI        N DOMAINS
132.48   0.75 48.348358 23.375637 2 1 22 23 293 
7.42    13.48 83.688406 70.037493 4 23 44 45 154 155 293 1 22 
7.20    13.90 87.489451 76.544040 5 155 278 279 293 23 44 45 154 1 22 
6.71    14.91 90.466229 81.841386 6 155 263 264 278 279 293 23 44 45 154 1 22 
4.18    23.90 93.380989 87.200091 8 45 77 78 95 96 154 155 263 264 278 279 293 23 44 1 22 
3.96    25.23 94.479257 89.263301 9 96 137 138 154 45 77 78 95 155 263 264 278 279 293 23 44 1 22 
2.95    33.84 96.365108 92.862341 11 155 180 181 196 197 263 96 137 138 154 45 77 78 95 264 278 279 293 23 44 1 22 
2.62    38.17 96.915032 93.925235 12 197 236 237 263 155 180 181 196 96 137 138 154 45 77 78 95 264 278 279 293 23 44 1 22 
2.28    43.87 97.120958 94.324806 13 197 217 218 236 237 263 155 180 181 196 96 137 138 154 45 77 78 95 264 278 279 293 23 44 1 22 
1.96    50.90 97.271757 94.617946 14 96 111 112 137 197 217 218 236 237 263 155 180 181 196 138 154 45 77 78 95 264 278 279 293 23 44 1 22 
1.78    56.31 97.421154 94.908812 15 45 60 61 77 96 111 112 137 197 217 218 236 237 263 155 180 181 196 138 154 78 95 264 278 279 293 23 44 1 22 
