# pdb file = /home/wagram/gelly/CORNICHON/PROJECTS/DR/DR_2/PDBs_Clean/3G4PA/3G4PA.pdb
# dssp file = /home/wagram/gelly/CORNICHON/PROJECTS/DR/DR_2/PDBs_Clean/3G4PA/3G4PA.dssp
# R2 value = 99
# S2D limit size = 8
# limit size of PU= 15
# max size of PU= 0
# d0 value= 6.0
# delta value= 1.5
# only secondary structure= 0
# pruning flag= 0
# cut off pruning= 0
# Max Number of pu= 40
# END PARSE PDB
# END PARSE DSSP
#i/e    i/i+e R2        CI        N DOMAINS
7.74    12.91 84.707375 71.753393 3 1 44 45 143 144 244 
4.95    20.19 90.683978 82.235838 5 45 66 67 101 102 143 1 44 144 244 
4.15    24.10 93.006380 86.501867 6 144 173 174 244 45 66 67 101 102 143 1 44 
3.67    27.23 94.239972 88.811723 7 174 225 226 244 144 173 45 66 67 101 102 143 1 44 
3.36    29.81 94.986570 90.224485 8 1 20 21 44 174 225 226 244 144 173 45 66 67 101 102 143 
3.00    33.31 95.494134 91.191295 9 102 122 123 143 1 20 21 44 174 225 226 244 144 173 45 66 67 101 
2.61    38.39 95.916608 91.999956 10 174 189 190 225 102 122 123 143 1 20 21 44 226 244 144 173 45 66 67 101 
2.36    42.43 96.164818 92.476722 11 67 86 87 101 174 189 190 225 102 122 123 143 1 20 21 44 226 244 144 173 45 66 
2.08    48.10 96.402790 92.934980 12 190 205 206 225 67 86 87 101 174 189 102 122 123 143 1 20 21 44 226 244 144 173 45 66 
