# pdb file = /home/wagram/gelly/CORNICHON/PROJECTS/DR/DR_2/PDBs_Clean/1RM6A/1RM6A.pdb
# dssp file = /home/wagram/gelly/CORNICHON/PROJECTS/DR/DR_2/PDBs_Clean/1RM6A/1RM6A.dssp
# R2 value = 99
# S2D limit size = 8
# limit size of PU= 15
# max size of PU= 0
# d0 value= 6.0
# delta value= 1.5
# only secondary structure= 0
# pruning flag= 0
# cut off pruning= 0
# Max Number of pu= 40
# END PARSE PDB
# END PARSE DSSP
#i/e    i/i+e R2        CI        N DOMAINS
9.28    10.78 75.802812 57.460663 3 1 533 534 582 583 761 
9.12    10.97 79.429772 63.090886 4 583 611 612 761 1 533 534 582 
7.37    13.57 89.850356 80.730865 6 1 20 21 436 437 533 583 611 612 761 534 582 
6.77    14.76 92.499209 85.561037 8 21 398 399 429 430 436 1 20 437 533 583 611 612 761 534 582 
4.84    20.65 93.555656 87.526608 10 612 669 670 687 688 761 21 398 399 429 430 436 1 20 437 533 583 611 534 582 
4.81    20.79 94.089799 88.528902 11 688 714 715 761 612 669 670 687 21 398 399 429 430 436 1 20 437 533 583 611 534 582 
4.71    21.24 94.538838 89.375919 12 612 644 645 669 688 714 715 761 670 687 21 398 399 429 430 436 1 20 437 533 583 611 534 582 
4.61    21.69 94.834773 89.936342 13 715 739 740 761 612 644 645 669 688 714 670 687 21 398 399 429 430 436 1 20 437 533 583 611 534 582 
3.04    32.93 97.269799 94.614138 15 21 178 179 274 275 398 715 739 740 761 612 644 645 669 688 714 670 687 399 429 430 436 1 20 437 533 583 611 534 582 
3.02    33.07 97.635140 95.326206 16 21 154 155 178 179 274 275 398 715 739 740 761 612 644 645 669 688 714 670 687 399 429 430 436 1 20 437 533 583 611 534 582 
2.98    33.52 97.955524 95.952846 17 21 124 125 154 155 178 179 274 275 398 715 739 740 761 612 644 645 669 688 714 670 687 399 429 430 436 1 20 437 533 583 611 534 582 
2.49    40.17 98.120612 96.276545 19 21 69 70 84 85 124 125 154 155 178 179 274 275 398 715 739 740 761 612 644 645 669 688 714 670 687 399 429 430 436 1 20 437 533 583 611 534 582 
2.47    40.42 98.213373 96.458667 20 21 37 38 69 70 84 85 124 125 154 155 178 179 274 275 398 715 739 740 761 612 644 645 669 688 714 670 687 399 429 430 436 1 20 437 533 583 611 534 582 
2.45    40.86 98.272333 96.574514 21 399 414 415 429 21 37 38 69 70 84 85 124 125 154 155 178 179 274 275 398 715 739 740 761 612 644 645 669 688 714 670 687 430 436 1 20 437 533 583 611 534 582 
2.42    41.37 98.329008 96.685938 22 85 101 102 124 399 414 415 429 21 37 38 69 70 84 125 154 155 178 179 274 275 398 715 739 740 761 612 644 645 669 688 714 670 687 430 436 1 20 437 533 583 611 534 582 
2.29    43.59 98.525846 97.073424 23 275 361 362 398 85 101 102 124 399 414 415 429 21 37 38 69 70 84 125 154 155 178 179 274 715 739 740 761 612 644 645 669 688 714 670 687 430 436 1 20 437 533 583 611 534 582 
2.28    43.82 98.592715 97.205235 24 362 383 384 398 275 361 85 101 102 124 399 414 415 429 21 37 38 69 70 84 125 154 155 178 179 274 715 739 740 761 612 644 645 669 688 714 670 687 430 436 1 20 437 533 583 611 534 582 
2.02    49.55 98.761520 97.538379 26 179 203 204 243 244 274 362 383 384 398 275 361 85 101 102 124 399 414 415 429 21 37 38 69 70 84 125 154 155 178 715 739 740 761 612 644 645 669 688 714 670 687 430 436 1 20 437 533 583 611 534 582 
1.82    54.96 98.907192 97.826326 28 437 458 459 508 509 533 179 203 204 243 244 274 362 383 384 398 275 361 85 101 102 124 399 414 415 429 21 37 38 69 70 84 125 154 155 178 715 739 740 761 612 644 645 669 688 714 670 687 430 436 1 20 583 611 534 582 
1.76    56.76 98.936744 97.884793 29 534 566 567 582 437 458 459 508 509 533 179 203 204 243 244 274 362 383 384 398 275 361 85 101 102 124 399 414 415 429 21 37 38 69 70 84 125 154 155 178 715 739 740 761 612 644 645 669 688 714 670 687 430 436 1 20 583 611 
1.72    58.19 98.966284 97.943255 30 204 228 229 243 534 566 567 582 437 458 459 508 509 533 179 203 244 274 362 383 384 398 275 361 85 101 102 124 399 414 415 429 21 37 38 69 70 84 125 154 155 178 715 739 740 761 612 644 645 669 688 714 670 687 430 436 1 20 583 611 
1.51    66.28 99.071755 98.152126 32 275 308 309 328 329 361 204 228 229 243 534 566 567 582 437 458 459 508 509 533 179 203 244 274 362 383 384 398 85 101 102 124 399 414 415 429 21 37 38 69 70 84 125 154 155 178 715 739 740 761 612 644 645 669 688 714 670 687 430 436 1 20 583 611 
