# pdb file = /home/wagram/gelly/CORNICHON/PROJECTS/DR/DR_2/PDBs_Clean/2Q83A/2Q83A.pdb
# dssp file = /home/wagram/gelly/CORNICHON/PROJECTS/DR/DR_2/PDBs_Clean/2Q83A/2Q83A.dssp
# R2 value = 99
# S2D limit size = 8
# limit size of PU= 15
# max size of PU= 0
# d0 value= 6.0
# delta value= 1.5
# only secondary structure= 0
# pruning flag= 0
# cut off pruning= 0
# Max Number of pu= 40
# END PARSE PDB
# END PARSE DSSP
#i/e    i/i+e R2        CI        N DOMAINS
28.90    3.46 77.643180 60.284634 2 1 99 100 332 
7.05    14.18 89.947194 80.904976 4 100 142 143 194 195 332 1 99 
6.88    14.54 90.912930 82.651608 5 100 127 128 142 143 194 195 332 1 99 
6.02    16.60 94.114358 88.575124 6 195 241 242 332 100 127 128 142 143 194 1 99 
4.97    20.12 95.883474 91.936406 8 242 259 260 276 277 332 195 241 100 127 128 142 143 194 1 99 
4.43    22.57 96.631224 93.375934 10 277 291 292 321 322 332 242 259 260 276 195 241 100 127 128 142 143 194 1 99 
3.46    28.88 97.682850 95.419391 12 1 50 51 75 76 99 277 291 292 321 322 332 242 259 260 276 195 241 100 127 128 142 143 194 
3.26    30.63 97.917469 95.878307 13 1 21 22 50 51 75 76 99 277 291 292 321 322 332 242 259 260 276 195 241 100 127 128 142 143 194 
3.11    32.15 98.147126 96.328583 14 195 210 211 241 1 21 22 50 51 75 76 99 277 291 292 321 322 332 242 259 260 276 100 127 128 142 143 194 
2.91    34.41 98.342861 96.713182 15 143 178 179 194 195 210 211 241 1 21 22 50 51 75 76 99 277 291 292 321 322 332 242 259 260 276 100 127 128 142 
2.82    35.51 98.488966 97.000765 16 143 158 159 178 179 194 195 210 211 241 1 21 22 50 51 75 76 99 277 291 292 321 322 332 242 259 260 276 100 127 128 142 
2.56    39.13 98.546619 97.114362 17 211 226 227 241 143 158 159 178 179 194 195 210 1 21 22 50 51 75 76 99 277 291 292 321 322 332 242 259 260 276 100 127 128 142 
