# pdb file = /home/wagram/gelly/CORNICHON/PROJECTS/DR/DR_2/PDBs_Clean/1W3IA/1W3IA.pdb
# dssp file = /home/wagram/gelly/CORNICHON/PROJECTS/DR/DR_2/PDBs_Clean/1W3IA/1W3IA.dssp
# R2 value = 99
# S2D limit size = 8
# limit size of PU= 15
# max size of PU= 0
# d0 value= 6.0
# delta value= 1.5
# only secondary structure= 0
# pruning flag= 0
# cut off pruning= 0
# Max Number of pu= 40
# END PARSE PDB
# END PARSE DSSP
#i/e    i/i+e R2        CI        N DOMAINS
8.78    11.39 86.413265 74.672524 3 1 65 66 178 179 293 
7.08    14.12 90.747777 82.351590 4 179 229 230 293 1 65 66 178 
6.62    15.10 91.998110 84.636523 5 230 278 279 293 179 229 1 65 66 178 
5.19    19.26 94.133390 88.610951 6 66 139 140 178 230 278 279 293 179 229 1 65 
3.84    26.06 95.405162 91.021450 8 66 101 102 121 122 139 140 178 230 278 279 293 179 229 1 65 
3.32    30.13 96.055370 92.266340 9 1 38 39 65 66 101 102 121 122 139 140 178 230 278 279 293 179 229 
3.01    33.23 96.421858 92.971746 10 230 257 258 278 1 38 39 65 66 101 102 121 122 139 140 178 279 293 179 229 
2.66    37.65 96.847154 93.793712 11 179 203 204 229 230 257 258 278 1 38 39 65 66 101 102 121 122 139 140 178 279 293 
2.44    41.04 97.040638 94.168854 12 1 22 23 38 179 203 204 229 230 257 258 278 39 65 66 101 102 121 122 139 140 178 279 293 
2.20    45.37 97.245027 94.565952 13 140 155 156 178 1 22 23 38 179 203 204 229 230 257 258 278 39 65 66 101 102 121 122 139 279 293 
1.98    50.39 97.368827 94.806885 14 66 86 87 101 140 155 156 178 1 22 23 38 179 203 204 229 230 257 258 278 39 65 102 121 122 139 279 293 
