# pdb file = /home/wagram/gelly/CORNICHON/PROJECTS/DR/DR_2/PDBs_Clean/3M1TA/3M1TA.pdb
# dssp file = /home/wagram/gelly/CORNICHON/PROJECTS/DR/DR_2/PDBs_Clean/3M1TA/3M1TA.dssp
# R2 value = 99
# S2D limit size = 8
# limit size of PU= 15
# max size of PU= 0
# d0 value= 6.0
# delta value= 1.5
# only secondary structure= 0
# pruning flag= 0
# cut off pruning= 0
# Max Number of pu= 40
# END PARSE PDB
# END PARSE DSSP
#i/e    i/i+e R2        CI        N DOMAINS
20.52    4.87 81.435294 66.317070 3 1 16 17 89 90 269 
6.47    15.46 91.733176 84.149756 5 90 142 143 171 172 269 1 16 17 89 
5.93    16.87 93.776564 87.940440 6 172 245 246 269 90 142 143 171 1 16 17 89 
5.21    19.18 95.168363 90.570173 7 172 194 195 245 246 269 90 142 143 171 1 16 17 89 
4.57    21.90 96.346528 92.826534 9 90 104 105 132 133 142 172 194 195 245 246 269 143 171 1 16 17 89 
3.98    25.12 97.034175 94.156311 10 17 45 46 89 90 104 105 132 133 142 172 194 195 245 246 269 143 171 1 16 
3.55    28.13 97.439481 94.944525 11 195 213 214 245 17 45 46 89 90 104 105 132 133 142 172 194 246 269 143 171 1 16 
3.35    29.86 97.604706 95.266786 12 214 230 231 245 195 213 17 45 46 89 90 104 105 132 133 142 172 194 246 269 143 171 1 16 
3.04    32.84 97.851566 95.749289 13 46 72 73 89 214 230 231 245 195 213 17 45 90 104 105 132 133 142 172 194 246 269 143 171 1 16 
