# pdb file = /home/wagram/gelly/CORNICHON/PROJECTS/DR/DR_2/PDBs_Clean/5CSMA/5CSMA.pdb
# dssp file = /home/wagram/gelly/CORNICHON/PROJECTS/DR/DR_2/PDBs_Clean/5CSMA/5CSMA.dssp
# R2 value = 99
# S2D limit size = 8
# limit size of PU= 15
# max size of PU= 0
# d0 value= 6.0
# delta value= 1.5
# only secondary structure= 0
# pruning flag= 0
# cut off pruning= 0
# Max Number of pu= 40
# END PARSE PDB
# END PARSE DSSP
#i/e    i/i+e R2        CI        N DOMAINS
17.56    5.69 76.778360 58.949166 2 1 160 161 250 
10.30    9.71 85.977603 73.921482 4 161 193 194 234 235 250 1 160 
4.64    21.54 93.714806 87.824649 6 1 64 65 112 113 160 161 193 194 234 235 250 
4.55    21.98 95.304113 90.828740 7 1 36 37 64 65 112 113 160 161 193 194 234 235 250 
4.25    23.52 95.984438 92.130123 8 113 134 135 160 1 36 37 64 65 112 161 193 194 234 235 250 
4.05    24.71 96.616143 93.346791 9 1 21 22 36 113 134 135 160 37 64 65 112 161 193 194 234 235 250 
3.81    26.22 97.087470 94.259768 10 65 97 98 112 1 21 22 36 113 134 135 160 37 64 161 193 194 234 235 250 
3.49    28.68 97.421024 94.908559 11 194 218 219 234 65 97 98 112 1 21 22 36 113 134 135 160 37 64 161 193 235 250 
3.03    32.98 97.530331 95.121654 12 65 82 83 97 194 218 219 234 98 112 1 21 22 36 113 134 135 160 37 64 161 193 235 250 
