# pdb file = /home/wagram/gelly/CORNICHON/PROJECTS/DR/DR_2/PDBs_Clean/3SFXB/3SFXB.pdb
# dssp file = /home/wagram/gelly/CORNICHON/PROJECTS/DR/DR_2/PDBs_Clean/3SFXB/3SFXB.dssp
# R2 value = 99
# S2D limit size = 8
# limit size of PU= 15
# max size of PU= 0
# d0 value= 6.0
# delta value= 1.5
# only secondary structure= 0
# pruning flag= 0
# cut off pruning= 0
# Max Number of pu= 40
# END PARSE PDB
# END PARSE DSSP
#i/e    i/i+e R2        CI        N DOMAINS
11.06    9.04 81.213241 65.955906 3 1 68 69 174 175 485 
10.44    9.58 83.226610 69.266687 4 1 41 42 68 69 174 175 485 
5.95    16.82 93.935250 88.238311 6 175 279 280 387 388 485 1 41 42 68 69 174 
4.80    20.83 94.933424 90.123550 8 388 411 412 432 433 485 175 279 280 387 1 41 42 68 69 174 
4.69    21.32 95.190891 90.613058 9 1 16 17 41 388 411 412 432 433 485 175 279 280 387 42 68 69 174 
4.52    22.12 95.619085 91.430094 10 433 460 461 485 1 16 17 41 388 411 412 432 175 279 280 387 42 68 69 174 
4.34    23.06 96.069662 92.293800 11 69 84 85 174 433 460 461 485 1 16 17 41 388 411 412 432 175 279 280 387 42 68 
3.55    28.13 97.022343 94.133350 13 280 321 322 336 337 387 69 84 85 174 433 460 461 485 1 16 17 41 388 411 412 432 175 279 42 68 
3.16    31.63 97.552836 95.165558 14 175 217 218 279 280 321 322 336 337 387 69 84 85 174 433 460 461 485 1 16 17 41 388 411 412 432 42 68 
3.05    32.78 97.713544 95.479367 15 175 201 202 217 218 279 280 321 322 336 337 387 69 84 85 174 433 460 461 485 1 16 17 41 388 411 412 432 42 68 
2.84    35.16 97.954989 95.951798 16 85 153 154 174 175 201 202 217 218 279 280 321 322 336 337 387 69 84 433 460 461 485 1 16 17 41 388 411 412 432 42 68 
2.70    37.01 98.127877 96.290802 17 218 260 261 279 85 153 154 174 175 201 202 217 280 321 322 336 337 387 69 84 433 460 461 485 1 16 17 41 388 411 412 432 42 68 
2.59    38.64 98.263967 96.558072 18 337 353 354 387 218 260 261 279 85 153 154 174 175 201 202 217 280 321 322 336 69 84 433 460 461 485 1 16 17 41 388 411 412 432 42 68 
2.29    43.64 98.520298 97.062491 20 85 115 116 143 144 153 337 353 354 387 218 260 261 279 154 174 175 201 202 217 280 321 322 336 69 84 433 460 461 485 1 16 17 41 388 411 412 432 42 68 
2.24    44.65 98.585742 97.191485 21 85 100 101 115 116 143 144 153 337 353 354 387 218 260 261 279 154 174 175 201 202 217 280 321 322 336 69 84 433 460 461 485 1 16 17 41 388 411 412 432 42 68 
2.17    46.12 98.671960 97.361556 22 354 372 373 387 85 100 101 115 116 143 144 153 337 353 218 260 261 279 154 174 175 201 202 217 280 321 322 336 69 84 433 460 461 485 1 16 17 41 388 411 412 432 42 68 
2.07    48.33 98.755353 97.526196 23 280 299 300 321 354 372 373 387 85 100 101 115 116 143 144 153 337 353 218 260 261 279 154 174 175 201 202 217 322 336 69 84 433 460 461 485 1 16 17 41 388 411 412 432 42 68 
1.93    51.89 98.802228 97.618803 24 218 233 234 260 280 299 300 321 354 372 373 387 85 100 101 115 116 143 144 153 337 353 261 279 154 174 175 201 202 217 322 336 69 84 433 460 461 485 1 16 17 41 388 411 412 432 42 68 
