# pdb file = /home/wagram/gelly/CORNICHON/PROJECTS/DR/DR_2/PDBs_Clean/2Z0DA/2Z0DA.pdb
# dssp file = /home/wagram/gelly/CORNICHON/PROJECTS/DR/DR_2/PDBs_Clean/2Z0DA/2Z0DA.dssp
# R2 value = 99
# S2D limit size = 8
# limit size of PU= 15
# max size of PU= 0
# d0 value= 6.0
# delta value= 1.5
# only secondary structure= 0
# pruning flag= 0
# cut off pruning= 0
# Max Number of pu= 40
# END PARSE PDB
# END PARSE DSSP
#i/e    i/i+e R2        CI        N DOMAINS
7.11    14.07 81.613871 66.608239 3 1 47 48 159 160 309 
3.50    28.55 87.169476 75.985176 5 160 245 246 264 265 309 1 47 48 159 
3.42    29.27 90.470503 81.849119 6 160 193 194 245 246 264 265 309 1 47 48 159 
3.36    29.79 91.710519 84.108193 7 265 282 283 309 160 193 194 245 246 264 1 47 48 159 
2.67    37.47 94.884794 90.031241 9 48 79 80 109 110 159 265 282 283 309 160 193 194 245 246 264 1 47 
2.56    39.12 95.544751 91.287994 10 194 210 211 245 48 79 80 109 110 159 265 282 283 309 160 193 246 264 1 47 
2.45    40.77 95.957595 92.078601 11 1 18 19 47 194 210 211 245 48 79 80 109 110 159 265 282 283 309 160 193 246 264 
2.29    43.59 96.470786 93.066126 12 110 138 139 159 1 18 19 47 194 210 211 245 48 79 80 109 265 282 283 309 160 193 246 264 
2.19    45.74 96.763714 93.632163 13 48 64 65 79 110 138 139 159 1 18 19 47 194 210 211 245 80 109 265 282 283 309 160 193 246 264 
1.97    50.78 96.876639 93.850832 14 160 178 179 193 48 64 65 79 110 138 139 159 1 18 19 47 194 210 211 245 80 109 265 282 283 309 246 264 
