# pdb file = /home/wagram/gelly/CORNICHON/PROJECTS/DR/DR_2/PDBs_Clean/1KLXA/1KLXA.pdb
# dssp file = /home/wagram/gelly/CORNICHON/PROJECTS/DR/DR_2/PDBs_Clean/1KLXA/1KLXA.dssp
# R2 value = 99
# S2D limit size = 8
# limit size of PU= 15
# max size of PU= 0
# d0 value= 6.0
# delta value= 1.5
# only secondary structure= 0
# pruning flag= 0
# cut off pruning= 0
# Max Number of pu= 40
# END PARSE PDB
# END PARSE DSSP
#i/e    i/i+e R2        CI        N DOMAINS
17.22    5.81 77.732055 60.422724 2 1 57 58 133 
8.04    12.44 86.828815 75.392431 3 58 90 91 133 1 57 
5.97    16.75 89.804737 80.648909 4 1 16 17 57 58 90 91 133 
4.47    22.37 91.619905 83.942070 5 91 117 118 133 1 16 17 57 58 90 
3.41    29.34 93.218147 86.896230 6 17 37 38 57 91 117 118 133 1 16 58 90 
2.76    36.27 94.040754 88.436634 7 58 75 76 90 17 37 38 57 91 117 118 133 1 16 
