# pdb file = /home/wagram/gelly/CORNICHON/PROJECTS/DR/DR_2/PDBs_Clean/3EBEA/3EBEA.pdb
# dssp file = /home/wagram/gelly/CORNICHON/PROJECTS/DR/DR_2/PDBs_Clean/3EBEA/3EBEA.dssp
# R2 value = 99
# S2D limit size = 8
# limit size of PU= 15
# max size of PU= 0
# d0 value= 6.0
# delta value= 1.5
# only secondary structure= 0
# pruning flag= 0
# cut off pruning= 0
# Max Number of pu= 40
# END PARSE PDB
# END PARSE DSSP
#i/e    i/i+e R2        CI        N DOMAINS
40.33    2.48 73.913474 54.632016 2 1 135 136 172 
8.89    11.24 86.305480 74.486358 4 1 28 29 128 129 135 136 172 
6.11    16.38 90.873799 82.580474 5 29 53 54 128 1 28 129 135 136 172 
4.36    22.92 92.972950 86.439694 6 54 103 104 128 29 53 1 28 129 135 136 172 
3.61    27.69 93.671936 87.744316 7 136 157 158 172 54 103 104 128 29 53 1 28 129 135 
2.83    35.32 94.560695 89.417250 8 54 83 84 103 136 157 158 172 104 128 29 53 1 28 129 135 
