# pdb file = /home/wagram/gelly/CORNICHON/PROJECTS/DR/DR_2/PDBs_Clean/1F9VA/1F9VA.pdb
# dssp file = /home/wagram/gelly/CORNICHON/PROJECTS/DR/DR_2/PDBs_Clean/1F9VA/1F9VA.dssp
# R2 value = 99
# S2D limit size = 8
# limit size of PU= 15
# max size of PU= 0
# d0 value= 6.0
# delta value= 1.5
# only secondary structure= 0
# pruning flag= 0
# cut off pruning= 0
# Max Number of pu= 40
# END PARSE PDB
# END PARSE DSSP
#i/e    i/i+e R2        CI        N DOMAINS
7.41    13.49 82.391564 67.883697 3 1 62 63 240 241 313 
3.43    29.19 88.773621 78.807557 5 63 148 149 165 166 240 1 62 241 313 
3.39    29.48 90.889674 82.609329 6 63 132 133 148 149 165 166 240 1 62 241 313 
3.35    29.83 92.520569 85.600556 7 166 185 186 240 63 132 133 148 149 165 1 62 241 313 
3.25    30.77 93.701038 87.798845 8 186 219 220 240 166 185 63 132 133 148 149 165 1 62 241 313 
3.10    32.24 94.654190 89.594157 9 63 115 116 132 186 219 220 240 166 185 133 148 149 165 1 62 241 313 
2.72    36.75 95.995364 92.151100 11 241 272 273 305 306 313 63 115 116 132 186 219 220 240 166 185 133 148 149 165 1 62 
2.38    41.98 96.691976 93.493383 13 1 18 19 53 54 62 241 272 273 305 306 313 63 115 116 132 186 219 220 240 166 185 133 148 149 165 
2.30    43.45 97.028778 94.145838 14 273 288 289 305 1 18 19 53 54 62 241 272 306 313 63 115 116 132 186 219 220 240 166 185 133 148 149 165 
2.14    46.64 97.389209 94.846581 15 63 88 89 115 273 288 289 305 1 18 19 53 54 62 241 272 306 313 116 132 186 219 220 240 166 185 133 148 149 165 
2.04    49.13 97.589439 95.236987 16 241 257 258 272 63 88 89 115 273 288 289 305 1 18 19 53 54 62 306 313 116 132 186 219 220 240 166 185 133 148 149 165 
1.83    54.71 97.685061 95.423712 17 186 201 202 219 241 257 258 272 63 88 89 115 273 288 289 305 1 18 19 53 54 62 306 313 116 132 220 240 166 185 133 148 149 165 
