# pdb file = /home/wagram/gelly/CORNICHON/PROJECTS/DR/DR_2/PDBs_Clean/2Q8PA/2Q8PA.pdb
# dssp file = /home/wagram/gelly/CORNICHON/PROJECTS/DR/DR_2/PDBs_Clean/2Q8PA/2Q8PA.dssp
# R2 value = 99
# S2D limit size = 8
# limit size of PU= 15
# max size of PU= 0
# d0 value= 6.0
# delta value= 1.5
# only secondary structure= 0
# pruning flag= 0
# cut off pruning= 0
# Max Number of pu= 40
# END PARSE PDB
# END PARSE DSSP
#i/e    i/i+e R2        CI        N DOMAINS
28.80    3.47 78.706147 61.946576 2 1 86 87 258 
15.12    6.62 87.254362 76.133238 3 87 120 121 258 1 86 
11.14    8.97 89.657703 80.385038 4 1 64 65 86 87 120 121 258 
7.12    14.05 93.196512 86.855898 6 121 135 136 241 242 258 1 64 65 86 87 120 
4.51    22.15 95.340924 90.898917 8 136 199 200 220 221 241 121 135 242 258 1 64 65 86 87 120 
3.11    32.10 96.314197 92.764245 10 136 151 152 178 179 199 200 220 221 241 121 135 242 258 1 64 65 86 87 120 
2.43    41.13 96.955752 94.004179 12 1 24 25 57 58 64 136 151 152 178 179 199 200 220 221 241 121 135 242 258 65 86 87 120 
2.28    43.76 97.183876 94.447057 13 25 42 43 57 1 24 58 64 136 151 152 178 179 199 200 220 221 241 121 135 242 258 65 86 87 120 
2.11    47.46 97.444107 94.953540 14 87 105 106 120 25 42 43 57 1 24 58 64 136 151 152 178 179 199 200 220 221 241 121 135 242 258 65 86 
