# pdb file = /home/wagram/gelly/CORNICHON/PROJECTS/DR/DR_2/PDBs_Clean/1XK5A/1XK5A.pdb
# dssp file = /home/wagram/gelly/CORNICHON/PROJECTS/DR/DR_2/PDBs_Clean/1XK5A/1XK5A.dssp
# R2 value = 99
# S2D limit size = 8
# limit size of PU= 15
# max size of PU= 0
# d0 value= 6.0
# delta value= 1.5
# only secondary structure= 0
# pruning flag= 0
# cut off pruning= 0
# Max Number of pu= 40
# END PARSE PDB
# END PARSE DSSP
#i/e    i/i+e R2        CI        N DOMAINS
5.50    18.20 79.756743 63.611380 3 1 30 31 136 137 204 
4.37    22.89 86.819223 75.375775 5 137 153 154 181 182 204 1 30 31 136 
2.71    36.94 92.117983 84.857229 7 31 90 91 118 119 136 137 153 154 181 182 204 1 30 
2.22    44.96 93.177562 86.820580 8 31 72 73 90 91 118 119 136 137 153 154 181 182 204 1 30 
1.91    52.46 93.937610 88.242745 9 31 56 57 72 73 90 91 118 119 136 137 153 154 181 182 204 1 30 
