# pdb file = /home/wagram/gelly/CORNICHON/PROJECTS/DR/DR_2/PDBs_Clean/2ATRA/2ATRA.pdb
# dssp file = /home/wagram/gelly/CORNICHON/PROJECTS/DR/DR_2/PDBs_Clean/2ATRA/2ATRA.dssp
# R2 value = 99
# S2D limit size = 8
# limit size of PU= 15
# max size of PU= 0
# d0 value= 6.0
# delta value= 1.5
# only secondary structure= 0
# pruning flag= 0
# cut off pruning= 0
# Max Number of pu= 40
# END PARSE PDB
# END PARSE DSSP
#i/e    i/i+e R2        CI        N DOMAINS
48.97    2.04 75.543444 57.068120 2 1 97 98 131 
31.55    3.17 80.517800 64.831162 3 98 115 116 131 1 97 
7.04    14.21 89.064751 79.325298 4 1 50 51 97 98 115 116 131 
4.50    22.20 90.747463 82.351021 5 51 67 68 97 1 50 98 115 116 131 
3.23    30.95 92.320790 85.231282 6 1 35 36 50 51 67 68 97 98 115 116 131 
2.76    36.24 93.422211 87.277095 7 1 20 21 35 36 50 51 67 68 97 98 115 116 131 
