# pdb file = /home/wagram/gelly/CORNICHON/PROJECTS/DR/DR_2/PDBs_Clean/1UKFA/1UKFA.pdb
# dssp file = /home/wagram/gelly/CORNICHON/PROJECTS/DR/DR_2/PDBs_Clean/1UKFA/1UKFA.dssp
# R2 value = 99
# S2D limit size = 8
# limit size of PU= 15
# max size of PU= 0
# d0 value= 6.0
# delta value= 1.5
# only secondary structure= 0
# pruning flag= 0
# cut off pruning= 0
# Max Number of pu= 40
# END PARSE PDB
# END PARSE DSSP
#i/e    i/i+e R2        CI        N DOMAINS
7.77    12.87 78.849135 62.171861 3 1 16 17 88 89 188 
6.24    16.01 85.318856 72.793072 4 17 56 57 88 1 16 89 188 
2.94    34.02 90.809558 82.463759 6 89 112 113 160 161 188 17 56 57 88 1 16 
2.49    40.12 92.218919 85.043290 7 113 140 141 160 89 112 161 188 17 56 57 88 1 16 
2.22    44.98 92.930675 86.361103 8 57 73 74 88 113 140 141 160 89 112 161 188 17 56 1 16 
1.92    52.03 93.739091 87.870172 9 17 32 33 56 57 73 74 88 113 140 141 160 89 112 161 188 1 16 
