# pdb file = /home/wagram/gelly/CORNICHON/PROJECTS/DR/DR_2/PDBs_Clean/1XJUA/1XJUA.pdb
# dssp file = /home/wagram/gelly/CORNICHON/PROJECTS/DR/DR_2/PDBs_Clean/1XJUA/1XJUA.dssp
# R2 value = 99
# S2D limit size = 8
# limit size of PU= 15
# max size of PU= 0
# d0 value= 6.0
# delta value= 1.5
# only secondary structure= 0
# pruning flag= 0
# cut off pruning= 0
# Max Number of pu= 40
# END PARSE PDB
# END PARSE DSSP
#i/e    i/i+e R2        CI        N DOMAINS
10.11    9.89 72.073093 51.945308 3 1 28 29 43 44 156 
5.26    19.01 85.314645 72.785886 4 44 104 105 156 1 28 29 43 
4.55    21.99 89.107749 79.401909 5 44 86 87 104 105 156 1 28 29 43 
3.81    26.24 91.473592 83.674181 6 105 121 122 156 44 86 87 104 1 28 29 43 
3.42    29.24 92.664649 85.867372 7 122 141 142 156 105 121 44 86 87 104 1 28 29 43 
2.92    34.23 94.122063 88.589628 8 44 59 60 86 122 141 142 156 105 121 87 104 1 28 29 43 
