# pdb file = /home/wagram/gelly/CORNICHON/PROJECTS/DR/DR_2/PDBs_Clean/3TV0A/3TV0A.pdb
# dssp file = /home/wagram/gelly/CORNICHON/PROJECTS/DR/DR_2/PDBs_Clean/3TV0A/3TV0A.dssp
# R2 value = 99
# S2D limit size = 8
# limit size of PU= 15
# max size of PU= 0
# d0 value= 6.0
# delta value= 1.5
# only secondary structure= 0
# pruning flag= 0
# cut off pruning= 0
# Max Number of pu= 40
# END PARSE PDB
# END PARSE DSSP
#i/e    i/i+e R2        CI        N DOMAINS
9.87    10.13 73.193942 53.573531 2 1 77 78 143 
5.80    17.25 79.327063 62.927830 3 78 123 124 143 1 77 
3.15    31.71 84.779097 71.874952 4 1 31 32 77 78 123 124 143 
2.10    47.60 87.241693 76.111130 5 78 99 100 123 1 31 32 77 124 143 
1.57    63.87 88.785273 78.828247 6 32 58 59 77 78 99 100 123 1 31 124 143 
1.24    80.46 89.297855 79.741069 7 1 16 17 31 32 58 59 77 78 99 100 123 124 143 
