# pdb file = /home/wagram/gelly/CORNICHON/PROJECTS/DR/DR_2/PDBs_Clean/1GV9A/1GV9A.pdb
# dssp file = /home/wagram/gelly/CORNICHON/PROJECTS/DR/DR_2/PDBs_Clean/1GV9A/1GV9A.dssp
# R2 value = 99
# S2D limit size = 8
# limit size of PU= 15
# max size of PU= 0
# d0 value= 6.0
# delta value= 1.5
# only secondary structure= 0
# pruning flag= 0
# cut off pruning= 0
# Max Number of pu= 40
# END PARSE PDB
# END PARSE DSSP
#i/e    i/i+e R2        CI        N DOMAINS
2.72    36.70 72.039877 51.897438 3 1 100 101 192 193 223 
2.41    41.44 80.117593 64.188287 4 101 147 148 192 1 100 193 223 
2.06    48.51 88.941635 79.106145 6 1 58 59 78 79 100 101 147 148 192 193 223 
2.01    49.86 90.097469 81.175539 7 193 208 209 223 1 58 59 78 79 100 101 147 148 192 
1.77    56.43 91.536505 83.789318 8 1 24 25 58 193 208 209 223 59 78 79 100 101 147 148 192 
1.57    63.73 92.258214 85.115781 9 101 130 131 147 1 24 25 58 193 208 209 223 59 78 79 100 148 192 
1.36    73.40 92.753377 86.031889 10 148 176 177 192 101 130 131 147 1 24 25 58 193 208 209 223 59 78 79 100 
1.21    82.42 93.299029 87.047089 11 25 41 42 58 148 176 177 192 101 130 131 147 1 24 193 208 209 223 59 78 79 100 
