# pdb file = /home/wagram/gelly/CORNICHON/PROJECTS/DR/DR_2/PDBs_Clean/1XTTA/1XTTA.pdb
# dssp file = /home/wagram/gelly/CORNICHON/PROJECTS/DR/DR_2/PDBs_Clean/1XTTA/1XTTA.dssp
# R2 value = 99
# S2D limit size = 8
# limit size of PU= 15
# max size of PU= 0
# d0 value= 6.0
# delta value= 1.5
# only secondary structure= 0
# pruning flag= 0
# cut off pruning= 0
# Max Number of pu= 40
# END PARSE PDB
# END PARSE DSSP
#i/e    i/i+e R2        CI        N DOMAINS
9.48    10.55 75.224228 56.586845 3 1 47 48 65 66 215 
8.09    12.37 78.701544 61.939330 4 1 31 32 47 48 65 66 215 
3.74    26.77 90.001296 81.002332 6 66 126 127 195 196 215 1 31 32 47 48 65 
3.47    28.80 91.143482 83.071344 7 1 16 17 31 66 126 127 195 196 215 32 47 48 65 
3.03    32.98 92.548708 85.652633 8 66 103 104 126 1 16 17 31 127 195 196 215 32 47 48 65 
2.11    47.34 94.488256 89.280304 10 127 144 145 159 160 195 66 103 104 126 1 16 17 31 196 215 32 47 48 65 
1.79    55.91 94.941492 90.138869 11 66 82 83 103 127 144 145 159 160 195 104 126 1 16 17 31 196 215 32 47 48 65 
1.51    66.27 95.301707 90.824153 12 160 177 178 195 66 82 83 103 127 144 145 159 104 126 1 16 17 31 196 215 32 47 48 65 
