# pdb file = /home/wagram/gelly/CORNICHON/PROJECTS/DR/DR_2/PDBs_Clean/3OVGA/3OVGA.pdb
# dssp file = /home/wagram/gelly/CORNICHON/PROJECTS/DR/DR_2/PDBs_Clean/3OVGA/3OVGA.dssp
# R2 value = 99
# S2D limit size = 8
# limit size of PU= 15
# max size of PU= 0
# d0 value= 6.0
# delta value= 1.5
# only secondary structure= 0
# pruning flag= 0
# cut off pruning= 0
# Max Number of pu= 40
# END PARSE PDB
# END PARSE DSSP
#i/e    i/i+e R2        CI        N DOMAINS
7.98    12.53 78.013674 60.861334 3 1 211 212 316 317 351 
7.85    12.74 80.197155 64.315837 4 317 332 333 351 1 211 212 316 
6.20    16.13 86.134405 74.191358 6 212 270 271 290 291 316 317 332 333 351 1 211 
4.62    21.63 92.319554 85.229000 7 1 95 96 211 212 270 271 290 291 316 317 332 333 351 
3.68    27.20 94.898716 90.057662 9 96 123 124 147 148 211 1 95 212 270 271 290 291 316 317 332 333 351 
3.43    29.19 95.580962 91.357202 10 1 16 17 95 96 123 124 147 148 211 212 270 271 290 291 316 317 332 333 351 
2.73    36.58 96.472514 93.069460 12 17 42 43 57 58 95 1 16 96 123 124 147 148 211 212 270 271 290 291 316 317 332 333 351 
2.51    39.88 96.816869 93.735062 13 212 230 231 270 17 42 43 57 58 95 1 16 96 123 124 147 148 211 271 290 291 316 317 332 333 351 
2.23    44.94 97.167995 94.416192 14 148 190 191 211 212 230 231 270 17 42 43 57 58 95 1 16 96 123 124 147 271 290 291 316 317 332 333 351 
2.07    48.23 97.309998 94.692358 15 231 250 251 270 148 190 191 211 212 230 17 42 43 57 58 95 1 16 96 123 124 147 271 290 291 316 317 332 333 351 
1.94    51.63 97.458039 94.980693 16 58 73 74 95 231 250 251 270 148 190 191 211 212 230 17 42 43 57 1 16 96 123 124 147 271 290 291 316 317 332 333 351 
1.75    57.04 97.634975 95.325884 17 148 170 171 190 58 73 74 95 231 250 251 270 191 211 212 230 17 42 43 57 1 16 96 123 124 147 271 290 291 316 317 332 333 351 
