# pdb file = /home/wagram/gelly/CORNICHON/PROJECTS/DR/DR_2/PDBs_Clean/1L1QA/1L1QA.pdb
# dssp file = /home/wagram/gelly/CORNICHON/PROJECTS/DR/DR_2/PDBs_Clean/1L1QA/1L1QA.dssp
# R2 value = 99
# S2D limit size = 8
# limit size of PU= 15
# max size of PU= 0
# d0 value= 6.0
# delta value= 1.5
# only secondary structure= 0
# pruning flag= 0
# cut off pruning= 0
# Max Number of pu= 40
# END PARSE PDB
# END PARSE DSSP
#i/e    i/i+e R2        CI        N DOMAINS
31.47    3.18 72.610448 52.722772 2 1 40 41 181 
8.45    11.83 84.149256 70.810973 3 41 82 83 181 1 40 
6.11    16.38 89.132238 79.445558 4 83 112 113 181 41 82 1 40 
4.03    24.81 91.456518 83.642948 5 113 150 151 181 83 112 41 82 1 40 
3.34    29.93 92.339105 85.265102 6 1 25 26 40 113 150 151 181 83 112 41 82 
2.74    36.55 93.119693 86.712772 7 41 58 59 82 1 25 26 40 113 150 151 181 83 112 
2.28    43.79 93.738871 87.869759 8 113 135 136 150 41 58 59 82 1 25 26 40 151 181 83 112 
1.93    51.85 94.049650 88.453367 9 151 166 167 181 113 135 136 150 41 58 59 82 1 25 26 40 83 112 
