# pdb file = /home/wagram/gelly/CORNICHON/PROJECTS/DR/DR_2/PDBs_Clean/1O63A/1O63A.pdb
# dssp file = /home/wagram/gelly/CORNICHON/PROJECTS/DR/DR_2/PDBs_Clean/1O63A/1O63A.dssp
# R2 value = 99
# S2D limit size = 8
# limit size of PU= 15
# max size of PU= 0
# d0 value= 6.0
# delta value= 1.5
# only secondary structure= 0
# pruning flag= 0
# cut off pruning= 0
# Max Number of pu= 40
# END PARSE PDB
# END PARSE DSSP
#i/e    i/i+e R2        CI        N DOMAINS
8.39    11.91 86.551438 74.911515 3 1 84 85 167 168 203 
7.07    14.14 90.242413 81.436931 4 1 62 63 84 85 167 168 203 
6.42    15.58 91.460833 83.650840 5 168 188 189 203 1 62 63 84 85 167 
3.68    27.20 93.814951 88.012451 7 85 99 100 147 148 167 168 188 189 203 1 62 63 84 
2.56    39.10 95.517878 91.236650 9 1 15 16 42 43 62 85 99 100 147 148 167 168 188 189 203 63 84 
2.19    45.72 96.073824 92.301797 10 100 129 130 147 1 15 16 42 43 62 85 99 148 167 168 188 189 203 63 84 
