# pdb file = /home/wagram/gelly/CORNICHON/PROJECTS/DR/DR_2/PDBs_Clean/1ZB1A/1ZB1A.pdb
# dssp file = /home/wagram/gelly/CORNICHON/PROJECTS/DR/DR_2/PDBs_Clean/1ZB1A/1ZB1A.dssp
# R2 value = 99
# S2D limit size = 8
# limit size of PU= 15
# max size of PU= 0
# d0 value= 6.0
# delta value= 1.5
# only secondary structure= 0
# pruning flag= 0
# cut off pruning= 0
# Max Number of pu= 40
# END PARSE PDB
# END PARSE DSSP
#i/e    i/i+e R2        CI        N DOMAINS
14.44    6.93 84.736563 71.802852 3 1 185 186 338 339 367 
9.06    11.04 90.253789 81.457464 5 1 16 17 49 50 185 186 338 339 367 
7.25    13.79 93.238176 86.933575 6 50 120 121 185 1 16 17 49 186 338 339 367 
6.79    14.73 94.191628 88.720627 7 50 70 71 120 121 185 1 16 17 49 186 338 339 367 
4.76    21.02 96.293683 92.724733 9 186 218 219 240 241 338 50 70 71 120 121 185 1 16 17 49 339 367 
3.99    25.03 97.209677 94.497213 11 241 296 297 322 323 338 186 218 219 240 50 70 71 120 121 185 1 16 17 49 339 367 
3.34    29.90 97.688694 95.430809 13 241 255 256 276 277 296 297 322 323 338 186 218 219 240 50 70 71 120 121 185 1 16 17 49 339 367 
3.04    32.91 98.004868 96.049541 14 121 150 151 185 241 255 256 276 277 296 297 322 323 338 186 218 219 240 50 70 71 120 1 16 17 49 339 367 
2.87    34.89 98.229557 96.490459 15 71 89 90 120 121 150 151 185 241 255 256 276 277 296 297 322 323 338 186 218 219 240 50 70 1 16 17 49 339 367 
2.73    36.58 98.375108 96.776619 16 186 201 202 218 71 89 90 120 121 150 151 185 241 255 256 276 277 296 297 322 323 338 219 240 50 70 1 16 17 49 339 367 
2.57    38.95 98.450597 96.925201 17 17 33 34 49 186 201 202 218 71 89 90 120 121 150 151 185 241 255 256 276 277 296 297 322 323 338 219 240 50 70 1 16 339 367 
2.37    42.23 98.543283 97.107786 18 151 170 171 185 17 33 34 49 186 201 202 218 71 89 90 120 121 150 241 255 256 276 277 296 297 322 323 338 219 240 50 70 1 16 339 367 
2.23    44.85 98.609584 97.238500 19 90 105 106 120 151 170 171 185 17 33 34 49 186 201 202 218 71 89 121 150 241 255 256 276 277 296 297 322 323 338 219 240 50 70 1 16 339 367 
