# pdb file = /home/wagram/gelly/CORNICHON/PROJECTS/DR/DR_2/PDBs_Clean/1JQLB/1JQLB.pdb
# dssp file = /home/wagram/gelly/CORNICHON/PROJECTS/DR/DR_2/PDBs_Clean/1JQLB/1JQLB.dssp
# R2 value = 99
# S2D limit size = 8
# limit size of PU= 15
# max size of PU= 0
# d0 value= 6.0
# delta value= 1.5
# only secondary structure= 0
# pruning flag= 0
# cut off pruning= 0
# Max Number of pu= 40
# END PARSE PDB
# END PARSE DSSP
#i/e    i/i+e R2        CI        N DOMAINS
4.92    20.33 71.760802 51.496127 3 1 45 46 132 133 140 
4.12    24.26 77.804625 60.535596 4 1 17 18 45 46 132 133 140 
3.32    30.14 84.182700 70.867270 5 46 115 116 132 1 17 18 45 133 140 
2.36    42.39 88.516922 78.352455 6 46 82 83 115 116 132 1 17 18 45 133 140 
2.07    48.37 90.119445 81.215143 7 83 99 100 115 46 82 116 132 1 17 18 45 133 140 
