# pdb file = /home/wagram/gelly/CORNICHON/PROJECTS/DR/DR_2/PDBs_Clean/3AAGA/3AAGA.pdb
# dssp file = /home/wagram/gelly/CORNICHON/PROJECTS/DR/DR_2/PDBs_Clean/3AAGA/3AAGA.dssp
# R2 value = 99
# S2D limit size = 8
# limit size of PU= 15
# max size of PU= 0
# d0 value= 6.0
# delta value= 1.5
# only secondary structure= 0
# pruning flag= 0
# cut off pruning= 0
# Max Number of pu= 40
# END PARSE PDB
# END PARSE DSSP
#i/e    i/i+e R2        CI        N DOMAINS
10.56    9.47 85.200506 72.591262 3 1 143 144 232 233 266 
5.71    17.51 92.576023 85.703200 5 1 57 58 118 119 143 144 232 233 266 
4.59    21.78 94.199578 88.735605 7 58 79 80 105 106 118 1 57 119 143 144 232 233 266 
4.28    23.38 94.682572 89.647894 8 233 248 249 266 58 79 80 105 106 118 1 57 119 143 144 232 
3.87    25.86 95.470643 91.146437 9 1 42 43 57 233 248 249 266 58 79 80 105 106 118 119 143 144 232 
3.14    31.84 96.400490 92.930544 10 144 183 184 232 1 42 43 57 233 248 249 266 58 79 80 105 106 118 119 143 
2.87    34.90 96.671436 93.453666 11 144 165 166 183 184 232 1 42 43 57 233 248 249 266 58 79 80 105 106 118 119 143 
2.59    38.62 96.977537 94.046426 12 1 16 17 42 144 165 166 183 184 232 43 57 233 248 249 266 58 79 80 105 106 118 119 143 
2.30    43.42 97.326194 94.723879 13 184 208 209 232 1 16 17 42 144 165 166 183 43 57 233 248 249 266 58 79 80 105 106 118 119 143 
