# pdb file = /home/wagram/gelly/CORNICHON/PROJECTS/DR/DR_2/PDBs_Clean/2FVKA/2FVKA.pdb
# dssp file = /home/wagram/gelly/CORNICHON/PROJECTS/DR/DR_2/PDBs_Clean/2FVKA/2FVKA.dssp
# R2 value = 99
# S2D limit size = 8
# limit size of PU= 15
# max size of PU= 0
# d0 value= 6.0
# delta value= 1.5
# only secondary structure= 0
# pruning flag= 0
# cut off pruning= 0
# Max Number of pu= 40
# END PARSE PDB
# END PARSE DSSP
#i/e    i/i+e R2        CI        N DOMAINS
5.75    17.39 83.093741 69.045697 3 1 198 199 386 387 532 
5.68    17.60 88.744699 78.756217 4 1 55 56 198 199 386 387 532 
5.61    17.82 89.804026 80.647631 5 387 517 518 532 1 55 56 198 199 386 
4.95    20.22 92.115644 84.852919 7 387 438 439 506 507 517 518 532 1 55 56 198 199 386 
4.46    22.42 93.281073 87.013586 9 439 456 457 480 481 506 387 438 507 517 518 532 1 55 56 198 199 386 
4.33    23.08 93.920149 88.209943 10 387 415 416 438 439 456 457 480 481 506 507 517 518 532 1 55 56 198 199 386 
3.90    25.67 95.304839 90.830124 11 56 133 134 198 387 415 416 438 439 456 457 480 481 506 507 517 518 532 1 55 199 386 
3.58    27.95 96.263050 92.665748 12 199 349 350 386 56 133 134 198 387 415 416 438 439 456 457 480 481 506 507 517 518 532 1 55 
3.02    33.12 97.353057 94.776176 14 199 278 279 332 333 349 350 386 56 133 134 198 387 415 416 438 439 456 457 480 481 506 507 517 518 532 1 55 
2.89    34.58 97.687348 95.428180 15 199 228 229 278 279 332 333 349 350 386 56 133 134 198 387 415 416 438 439 456 457 480 481 506 507 517 518 532 1 55 
2.70    37.04 97.882184 95.809220 16 134 162 163 198 199 228 229 278 279 332 333 349 350 386 56 133 387 415 416 438 439 456 457 480 481 506 507 517 518 532 1 55 
2.56    39.12 98.020338 96.079867 17 229 248 249 278 134 162 163 198 199 228 279 332 333 349 350 386 56 133 387 415 416 438 439 456 457 480 481 506 507 517 518 532 1 55 
2.33    43.00 98.174966 96.383240 19 279 293 294 318 319 332 229 248 249 278 134 162 163 198 199 228 333 349 350 386 56 133 387 415 416 438 439 456 457 480 481 506 507 517 518 532 1 55 
2.13    46.87 98.383015 96.792177 20 56 97 98 133 279 293 294 318 319 332 229 248 249 278 134 162 163 198 199 228 333 349 350 386 387 415 416 438 439 456 457 480 481 506 507 517 518 532 1 55 
2.09    47.84 98.478558 96.980263 21 98 115 116 133 56 97 279 293 294 318 319 332 229 248 249 278 134 162 163 198 199 228 333 349 350 386 387 415 416 438 439 456 457 480 481 506 507 517 518 532 1 55 
1.99    50.15 98.528804 97.079252 22 350 368 369 386 98 115 116 133 56 97 279 293 294 318 319 332 229 248 249 278 134 162 163 198 199 228 333 349 387 415 416 438 439 456 457 480 481 506 507 517 518 532 1 55 
1.91    52.42 98.574232 97.168792 23 163 178 179 198 350 368 369 386 98 115 116 133 56 97 279 293 294 318 319 332 229 248 249 278 134 162 199 228 333 349 387 415 416 438 439 456 457 480 481 506 507 517 518 532 1 55 
1.66    60.31 98.652318 97.322798 25 1 16 17 37 38 55 163 178 179 198 350 368 369 386 98 115 116 133 56 97 279 293 294 318 319 332 229 248 249 278 134 162 199 228 333 349 387 415 416 438 439 456 457 480 481 506 507 517 518 532 
1.57    63.74 98.714699 97.445919 26 56 77 78 97 1 16 17 37 38 55 163 178 179 198 350 368 369 386 98 115 116 133 279 293 294 318 319 332 229 248 249 278 134 162 199 228 333 349 387 415 416 438 439 456 457 480 481 506 507 517 518 532 
