# pdb file = /home/wagram/gelly/CORNICHON/PROJECTS/DR/DR_2/PDBs_Clean/4A8TA/4A8TA.pdb
# dssp file = /home/wagram/gelly/CORNICHON/PROJECTS/DR/DR_2/PDBs_Clean/4A8TA/4A8TA.dssp
# R2 value = 99
# S2D limit size = 8
# limit size of PU= 15
# max size of PU= 0
# d0 value= 6.0
# delta value= 1.5
# only secondary structure= 0
# pruning flag= 0
# cut off pruning= 0
# Max Number of pu= 40
# END PARSE PDB
# END PARSE DSSP
#i/e    i/i+e R2        CI        N DOMAINS
10.32    9.69 84.025638 70.603078 3 1 144 145 290 291 317 
7.29    13.72 90.282930 81.510074 5 1 37 38 130 131 144 145 290 291 317 
6.90    14.50 91.073951 82.944646 6 1 21 22 37 38 130 131 144 145 290 291 317 
5.17    19.35 94.017972 88.393791 7 145 217 218 290 1 21 22 37 38 130 131 144 291 317 
4.34    23.03 95.331759 90.881443 8 38 78 79 130 145 217 218 290 1 21 22 37 131 144 291 317 
3.40    29.42 96.166415 92.479793 10 218 232 233 250 251 290 38 78 79 130 145 217 1 21 22 37 131 144 291 317 
3.12    32.05 96.571360 93.260275 11 79 97 98 130 218 232 233 250 251 290 38 78 145 217 1 21 22 37 131 144 291 317 
2.84    35.16 96.754656 93.614635 12 251 267 268 290 79 97 98 130 218 232 233 250 38 78 145 217 1 21 22 37 131 144 291 317 
2.34    42.66 97.122602 94.327998 13 145 182 183 217 251 267 268 290 79 97 98 130 218 232 233 250 38 78 1 21 22 37 131 144 291 317 
2.19    45.62 97.233227 94.543004 14 183 198 199 217 145 182 251 267 268 290 79 97 98 130 218 232 233 250 38 78 1 21 22 37 131 144 291 317 
2.04    49.14 97.417603 94.901894 15 145 160 161 182 183 198 199 217 251 267 268 290 79 97 98 130 218 232 233 250 38 78 1 21 22 37 131 144 291 317 
1.80    55.62 97.509995 95.081992 16 38 53 54 78 145 160 161 182 183 198 199 217 251 267 268 290 79 97 98 130 218 232 233 250 1 21 22 37 131 144 291 317 
1.62    61.91 97.614403 95.285717 17 98 113 114 130 38 53 54 78 145 160 161 182 183 198 199 217 251 267 268 290 79 97 218 232 233 250 1 21 22 37 131 144 291 317 
