# pdb file = /home/wagram/gelly/CORNICHON/PROJECTS/DR/DR_2/PDBs_Clean/2I9UA/2I9UA.pdb
# dssp file = /home/wagram/gelly/CORNICHON/PROJECTS/DR/DR_2/PDBs_Clean/2I9UA/2I9UA.dssp
# R2 value = 99
# S2D limit size = 8
# limit size of PU= 15
# max size of PU= 0
# d0 value= 6.0
# delta value= 1.5
# only secondary structure= 0
# pruning flag= 0
# cut off pruning= 0
# Max Number of pu= 40
# END PARSE PDB
# END PARSE DSSP
#i/e    i/i+e R2        CI        N DOMAINS
11.41    8.76 81.404052 66.266197 3 1 59 60 346 347 419 
10.54    9.48 84.040876 70.628689 4 347 374 375 419 1 59 60 346 
9.22    10.84 87.156425 75.962425 5 60 328 329 346 347 374 375 419 1 59 
4.92    20.32 93.778747 87.944535 7 60 189 190 308 309 328 329 346 347 374 375 419 1 59 
4.30    23.23 94.971074 90.195049 8 60 152 153 189 190 308 309 328 329 346 347 374 375 419 1 59 
4.18    23.91 95.258923 90.742625 9 153 173 174 189 60 152 190 308 309 328 329 346 347 374 375 419 1 59 
3.46    28.87 96.206215 92.556357 11 60 74 75 97 98 152 153 173 174 189 190 308 309 328 329 346 347 374 375 419 1 59 
3.02    33.07 97.046638 94.180499 12 190 260 261 308 60 74 75 97 98 152 153 173 174 189 309 328 329 346 347 374 375 419 1 59 
2.61    38.28 97.547548 95.155241 14 190 222 223 240 241 260 261 308 60 74 75 97 98 152 153 173 174 189 309 328 329 346 347 374 375 419 1 59 
2.46    40.63 97.761637 95.573377 15 98 117 118 152 190 222 223 240 241 260 261 308 60 74 75 97 153 173 174 189 309 328 329 346 347 374 375 419 1 59 
2.32    43.03 97.923515 95.890147 16 261 277 278 308 98 117 118 152 190 222 223 240 241 260 60 74 75 97 153 173 174 189 309 328 329 346 347 374 375 419 1 59 
2.24    44.55 98.033248 96.105178 17 278 293 294 308 261 277 98 117 118 152 190 222 223 240 241 260 60 74 75 97 153 173 174 189 309 328 329 346 347 374 375 419 1 59 
1.95    51.24 98.188233 96.409291 19 1 21 22 47 48 59 278 293 294 308 261 277 98 117 118 152 190 222 223 240 241 260 60 74 75 97 153 173 174 189 309 328 329 346 347 374 375 419 
1.84    54.47 98.270212 96.570345 20 375 403 404 419 1 21 22 47 48 59 278 293 294 308 261 277 98 117 118 152 190 222 223 240 241 260 60 74 75 97 153 173 174 189 309 328 329 346 347 374 
1.74    57.36 98.341612 96.710726 21 190 207 208 222 375 403 404 419 1 21 22 47 48 59 278 293 294 308 261 277 98 117 118 152 223 240 241 260 60 74 75 97 153 173 174 189 309 328 329 346 347 374 
1.62    61.61 98.403827 96.833132 22 118 135 136 152 190 207 208 222 375 403 404 419 1 21 22 47 48 59 278 293 294 308 261 277 98 117 223 240 241 260 60 74 75 97 153 173 174 189 309 328 329 346 347 374 
