# pdb file = /home/wagram/gelly/CORNICHON/PROJECTS/DR/DR_2/PDBs_Clean/1YZVA/1YZVA.pdb
# dssp file = /home/wagram/gelly/CORNICHON/PROJECTS/DR/DR_2/PDBs_Clean/1YZVA/1YZVA.dssp
# R2 value = 99
# S2D limit size = 8
# limit size of PU= 15
# max size of PU= 0
# d0 value= 6.0
# delta value= 1.5
# only secondary structure= 0
# pruning flag= 0
# cut off pruning= 0
# Max Number of pu= 40
# END PARSE PDB
# END PARSE DSSP
#i/e    i/i+e R2        CI        N DOMAINS
32.11    3.11 54.067017 29.232423 2 1 173 174 195 
4.74    21.11 81.679605 66.715580 4 1 17 18 83 84 173 174 195 
4.04    24.75 85.212219 72.611222 5 84 99 100 173 1 17 18 83 174 195 
3.09    32.32 88.287386 77.946624 6 100 148 149 173 84 99 1 17 18 83 174 195 
2.28    43.77 91.671767 84.037129 8 18 34 35 50 51 83 100 148 149 173 84 99 1 17 174 195 
1.97    50.79 92.920642 86.342458 9 100 131 132 148 18 34 35 50 51 83 149 173 84 99 1 17 174 195 
1.75    57.17 93.655153 87.712877 10 100 116 117 131 132 148 18 34 35 50 51 83 149 173 84 99 1 17 174 195 
1.56    64.15 93.991331 88.343703 11 51 67 68 83 100 116 117 131 132 148 18 34 35 50 149 173 84 99 1 17 174 195 
