# pdb file = /home/wagram/gelly/CORNICHON/PROJECTS/DR/DR_2/PDBs_Clean/2DDRA/2DDRA.pdb
# dssp file = /home/wagram/gelly/CORNICHON/PROJECTS/DR/DR_2/PDBs_Clean/2DDRA/2DDRA.dssp
# R2 value = 99
# S2D limit size = 8
# limit size of PU= 15
# max size of PU= 0
# d0 value= 6.0
# delta value= 1.5
# only secondary structure= 0
# pruning flag= 0
# cut off pruning= 0
# Max Number of pu= 40
# END PARSE PDB
# END PARSE DSSP
#i/e    i/i+e R2        CI        N DOMAINS
10.89    9.18 74.472570 55.461637 2 1 141 142 288 
8.63    11.58 80.969621 65.560795 3 142 167 168 288 1 141 
5.63    17.75 86.722876 75.208573 5 168 182 183 202 203 288 142 167 1 141 
4.17    23.97 91.528915 83.775423 6 1 65 66 141 168 182 183 202 203 288 142 167 
3.09    32.41 93.124340 86.721428 8 1 15 16 38 39 65 66 141 168 182 183 202 203 288 142 167 
2.51    39.80 94.392616 89.099660 9 203 246 247 288 1 15 16 38 39 65 66 141 168 182 183 202 142 167 
2.30    43.45 94.910148 90.079361 10 203 231 232 246 247 288 1 15 16 38 39 65 66 141 168 182 183 202 142 167 
1.93    51.77 95.530016 91.259839 11 66 120 121 141 203 231 232 246 247 288 1 15 16 38 39 65 168 182 183 202 142 167 
1.64    60.87 95.752318 91.685065 12 66 84 85 120 121 141 203 231 232 246 247 288 1 15 16 38 39 65 168 182 183 202 142 167 
1.53    65.53 95.925912 92.017806 13 85 100 101 120 66 84 121 141 203 231 232 246 247 288 1 15 16 38 39 65 168 182 183 202 142 167 
1.38    72.71 96.132962 92.415463 14 247 273 274 288 85 100 101 120 66 84 121 141 203 231 232 246 1 15 16 38 39 65 168 182 183 202 142 167 
