# pdb file = /home/wagram/gelly/CORNICHON/PROJECTS/DR/DR_2/PDBs_Clean/3VMNA/3VMNA.pdb
# dssp file = /home/wagram/gelly/CORNICHON/PROJECTS/DR/DR_2/PDBs_Clean/3VMNA/3VMNA.dssp
# R2 value = 99
# S2D limit size = 8
# limit size of PU= 15
# max size of PU= 0
# d0 value= 6.0
# delta value= 1.5
# only secondary structure= 0
# pruning flag= 0
# cut off pruning= 0
# Max Number of pu= 40
# END PARSE PDB
# END PARSE DSSP
#i/e    i/i+e R2        CI        N DOMAINS
42.21    2.37 70.270353 49.379225 2 1 109 110 633 
16.08    6.22 88.473468 78.275545 3 110 351 352 633 1 109 
11.57    8.64 92.011753 84.661626 4 110 207 208 351 352 633 1 109 
7.83    12.78 94.797272 89.865227 5 352 492 493 633 110 207 208 351 1 109 
6.37    15.71 96.087415 92.327914 7 352 395 396 416 417 492 493 633 110 207 208 351 1 109 
5.68    17.61 96.735510 93.577590 9 417 438 439 467 468 492 352 395 396 416 493 633 110 207 208 351 1 109 
5.08    19.70 97.253313 94.582068 10 208 309 310 351 417 438 439 467 468 492 352 395 396 416 493 633 110 207 1 109 
4.42    22.60 97.711792 95.475943 12 208 258 259 283 284 309 310 351 417 438 439 467 468 492 352 395 396 416 493 633 110 207 1 109 
3.74    26.73 98.226637 96.484721 14 493 543 544 558 559 633 208 258 259 283 284 309 310 351 417 438 439 467 468 492 352 395 396 416 110 207 1 109 
3.25    30.73 98.518822 97.059584 16 110 158 159 186 187 207 493 543 544 558 559 633 208 258 259 283 284 309 310 351 417 438 439 467 468 492 352 395 396 416 1 109 
3.15    31.78 98.594464 97.208683 17 352 375 376 395 110 158 159 186 187 207 493 543 544 558 559 633 208 258 259 283 284 309 310 351 417 438 439 467 468 492 396 416 1 109 
3.03    32.95 98.656392 97.330838 18 310 325 326 351 352 375 376 395 110 158 159 186 187 207 493 543 544 558 559 633 208 258 259 283 284 309 417 438 439 467 468 492 396 416 1 109 
2.52    39.65 98.827037 97.667832 20 1 23 24 66 67 109 310 325 326 351 352 375 376 395 110 158 159 186 187 207 493 543 544 558 559 633 208 258 259 283 284 309 417 438 439 467 468 492 396 416 
2.48    40.37 98.872700 97.758107 21 67 82 83 109 1 23 24 66 310 325 326 351 352 375 376 395 110 158 159 186 187 207 493 543 544 558 559 633 208 258 259 283 284 309 417 438 439 467 468 492 396 416 
2.16    46.34 98.971548 97.953673 23 559 584 585 602 603 633 67 82 83 109 1 23 24 66 310 325 326 351 352 375 376 395 110 158 159 186 187 207 493 543 544 558 208 258 259 283 284 309 417 438 439 467 468 492 396 416 
2.14    46.69 99.017396 98.044448 24 603 618 619 633 559 584 585 602 67 82 83 109 1 23 24 66 310 325 326 351 352 375 376 395 110 158 159 186 187 207 493 543 544 558 208 258 259 283 284 309 417 438 439 467 468 492 396 416 
