# pdb file = /home/wagram/gelly/CORNICHON/PROJECTS/DR/DR_2/PDBs_Clean/3RIQA/3RIQA.pdb
# dssp file = /home/wagram/gelly/CORNICHON/PROJECTS/DR/DR_2/PDBs_Clean/3RIQA/3RIQA.dssp
# R2 value = 99
# S2D limit size = 8
# limit size of PU= 15
# max size of PU= 0
# d0 value= 6.0
# delta value= 1.5
# only secondary structure= 0
# pruning flag= 0
# cut off pruning= 0
# Max Number of pu= 40
# END PARSE PDB
# END PARSE DSSP
#i/e    i/i+e R2        CI        N DOMAINS
468.03   0.21 76.604083 58.681855 2 1 424 425 541 
254.42   0.39 81.508599 66.436518 3 425 498 499 541 1 424 
18.24    5.48 92.967382 86.429341 5 1 87 88 140 141 424 425 498 499 541 
10.07    9.93 96.007135 92.173699 6 141 301 302 424 1 87 88 140 425 498 499 541 
9.34    10.70 96.425238 92.978265 7 141 284 285 301 302 424 1 87 88 140 425 498 499 541 
8.71    11.49 96.622337 93.358760 8 88 121 122 140 141 284 285 301 302 424 1 87 425 498 499 541 
7.77    12.86 96.877252 93.852020 9 425 469 470 498 88 121 122 140 141 284 285 301 302 424 1 87 499 541 
6.79    14.72 97.228366 94.533552 10 1 33 34 87 425 469 470 498 88 121 122 140 141 284 285 301 302 424 499 541 
5.28    18.93 97.691612 95.436511 11 302 369 370 424 1 33 34 87 425 469 470 498 88 121 122 140 141 284 285 301 499 541 
4.22    23.68 98.198505 96.429463 12 141 185 186 284 302 369 370 424 1 33 34 87 425 469 470 498 88 121 122 140 285 301 499 541 
4.02    24.86 98.250334 96.531281 13 425 440 441 469 141 185 186 284 302 369 370 424 1 33 34 87 470 498 88 121 122 140 285 301 499 541 
3.81    26.22 98.285954 96.601287 14 1 17 18 33 425 440 441 469 141 185 186 284 302 369 370 424 34 87 470 498 88 121 122 140 285 301 499 541 
3.06    32.73 98.501314 97.025088 15 186 238 239 284 1 17 18 33 425 440 441 469 141 185 302 369 370 424 34 87 470 498 88 121 122 140 285 301 499 541 
2.84    35.24 98.560985 97.142677 16 186 223 224 238 239 284 1 17 18 33 425 440 441 469 141 185 302 369 370 424 34 87 470 498 88 121 122 140 285 301 499 541 
2.64    37.94 98.591386 97.202614 17 499 523 524 541 186 223 224 238 239 284 1 17 18 33 425 440 441 469 141 185 302 369 370 424 34 87 470 498 88 121 122 140 285 301 
2.37    42.22 98.670616 97.358904 18 302 351 352 369 499 523 524 541 186 223 224 238 239 284 1 17 18 33 425 440 441 469 141 185 370 424 34 87 470 498 88 121 122 140 285 301 
2.20    45.53 98.719941 97.456267 19 34 72 73 87 302 351 352 369 499 523 524 541 186 223 224 238 239 284 1 17 18 33 425 440 441 469 141 185 370 424 470 498 88 121 122 140 285 301 
2.07    48.32 98.737741 97.491415 20 88 103 104 121 34 72 73 87 302 351 352 369 499 523 524 541 186 223 224 238 239 284 1 17 18 33 425 440 441 469 141 185 370 424 470 498 122 140 285 301 
1.92    52.21 98.809594 97.633358 21 239 260 261 284 88 103 104 121 34 72 73 87 302 351 352 369 499 523 524 541 186 223 224 238 1 17 18 33 425 440 441 469 141 185 370 424 470 498 122 140 285 301 
1.73    57.95 98.856304 97.725689 22 370 400 401 424 239 260 261 284 88 103 104 121 34 72 73 87 302 351 352 369 499 523 524 541 186 223 224 238 1 17 18 33 425 440 441 469 141 185 470 498 122 140 285 301 
1.65    60.64 98.877451 97.767503 23 370 385 386 400 401 424 239 260 261 284 88 103 104 121 34 72 73 87 302 351 352 369 499 523 524 541 186 223 224 238 1 17 18 33 425 440 441 469 141 185 470 498 122 140 285 301 
1.54    65.02 98.926018 97.863570 24 141 156 157 185 370 385 386 400 401 424 239 260 261 284 88 103 104 121 34 72 73 87 302 351 352 369 499 523 524 541 186 223 224 238 1 17 18 33 425 440 441 469 470 498 122 140 285 301 
1.45    68.95 98.950398 97.911812 25 186 205 206 223 141 156 157 185 370 385 386 400 401 424 239 260 261 284 88 103 104 121 34 72 73 87 302 351 352 369 499 523 524 541 224 238 1 17 18 33 425 440 441 469 470 498 122 140 285 301 
1.34    74.88 98.988240 97.986717 26 302 317 318 351 186 205 206 223 141 156 157 185 370 385 386 400 401 424 239 260 261 284 88 103 104 121 34 72 73 87 352 369 499 523 524 541 224 238 1 17 18 33 425 440 441 469 470 498 122 140 285 301 
1.25    80.29 99.009920 98.029642 27 34 49 50 72 302 317 318 351 186 205 206 223 141 156 157 185 370 385 386 400 401 424 239 260 261 284 88 103 104 121 73 87 352 369 499 523 524 541 224 238 1 17 18 33 425 440 441 469 470 498 122 140 285 301 
