# pdb file = /home/wagram/gelly/CORNICHON/PROJECTS/DR/DR_2/PDBs_Clean/1C3CA/1C3CA.pdb
# dssp file = /home/wagram/gelly/CORNICHON/PROJECTS/DR/DR_2/PDBs_Clean/1C3CA/1C3CA.dssp
# R2 value = 99
# S2D limit size = 8
# limit size of PU= 15
# max size of PU= 0
# d0 value= 6.0
# delta value= 1.5
# only secondary structure= 0
# pruning flag= 0
# cut off pruning= 0
# Max Number of pu= 40
# END PARSE PDB
# END PARSE DSSP
#i/e    i/i+e R2        CI        N DOMAINS
54.93    1.82 77.495302 60.055218 3 1 341 342 407 408 424 
16.98    5.89 90.222951 81.401809 5 1 15 16 89 90 341 342 407 408 424 
8.88    11.26 95.254118 90.733469 7 90 213 214 330 331 341 1 15 16 89 342 407 408 424 
6.79    14.72 96.901880 93.899743 9 90 104 105 174 175 213 214 330 331 341 1 15 16 89 342 407 408 424 
5.82    17.20 97.539825 95.140174 11 105 121 122 158 159 174 90 104 175 213 214 330 331 341 1 15 16 89 342 407 408 424 
4.99    20.06 97.959486 95.960610 13 16 51 52 79 80 89 105 121 122 158 159 174 90 104 175 213 214 330 331 341 1 15 342 407 408 424 
3.83    26.11 98.505559 97.033452 15 214 232 233 273 274 330 16 51 52 79 80 89 105 121 122 158 159 174 90 104 175 213 331 341 1 15 342 407 408 424 
3.71    26.94 98.674430 97.366431 16 274 314 315 330 214 232 233 273 16 51 52 79 80 89 105 121 122 158 159 174 90 104 175 213 331 341 1 15 342 407 408 424 
3.44    29.08 98.788196 97.591077 17 342 387 388 407 274 314 315 330 214 232 233 273 16 51 52 79 80 89 105 121 122 158 159 174 90 104 175 213 331 341 1 15 408 424 
3.27    30.57 98.877685 97.767966 18 274 296 297 314 342 387 388 407 315 330 214 232 233 273 16 51 52 79 80 89 105 121 122 158 159 174 90 104 175 213 331 341 1 15 408 424 
3.12    32.04 98.944642 97.900422 19 16 31 32 51 274 296 297 314 342 387 388 407 315 330 214 232 233 273 52 79 80 89 105 121 122 158 159 174 90 104 175 213 331 341 1 15 408 424 
2.94    34.06 99.009296 98.028407 20 342 369 370 387 16 31 32 51 274 296 297 314 388 407 315 330 214 232 233 273 52 79 80 89 105 121 122 158 159 174 90 104 175 213 331 341 1 15 408 424 
