# pdb file = /home/wagram/gelly/CORNICHON/PROJECTS/DR/DR_2/PDBs_Clean/3EO7A/3EO7A.pdb
# dssp file = /home/wagram/gelly/CORNICHON/PROJECTS/DR/DR_2/PDBs_Clean/3EO7A/3EO7A.dssp
# R2 value = 99
# S2D limit size = 8
# limit size of PU= 15
# max size of PU= 0
# d0 value= 6.0
# delta value= 1.5
# only secondary structure= 0
# pruning flag= 0
# cut off pruning= 0
# Max Number of pu= 40
# END PARSE PDB
# END PARSE DSSP
#i/e    i/i+e R2        CI        N DOMAINS
13.29    7.52 81.751297 66.832746 3 1 22 23 242 243 487 
11.72    8.53 85.919961 73.822396 4 243 274 275 487 1 22 23 242 
8.26    12.10 88.921929 79.071094 6 275 294 295 310 311 487 243 274 1 22 23 242 
5.91    16.92 91.335338 83.421441 8 311 334 335 349 350 487 275 294 295 310 243 274 1 22 23 242 
4.46    22.42 94.044417 88.443524 10 23 43 44 87 88 242 311 334 335 349 350 487 275 294 295 310 243 274 1 22 
4.34    23.03 94.414133 89.140284 11 44 69 70 87 23 43 88 242 311 334 335 349 350 487 275 294 295 310 243 274 1 22 
3.27    30.59 96.064234 92.283370 13 350 415 416 451 452 487 44 69 70 87 23 43 88 242 311 334 335 349 275 294 295 310 243 274 1 22 
3.20    31.23 96.414652 92.957852 14 416 432 433 451 350 415 452 487 44 69 70 87 23 43 88 242 311 334 335 349 275 294 295 310 243 274 1 22 
2.61    38.25 97.270262 94.615038 16 88 103 104 130 131 242 416 432 433 451 350 415 452 487 44 69 70 87 23 43 311 334 335 349 275 294 295 310 243 274 1 22 
2.20    45.44 97.980289 96.001371 18 131 157 158 183 184 242 88 103 104 130 416 432 433 451 350 415 452 487 44 69 70 87 23 43 311 334 335 349 275 294 295 310 243 274 1 22 
2.01    49.67 98.247570 96.525850 20 184 201 202 219 220 242 131 157 158 183 88 103 104 130 416 432 433 451 350 415 452 487 44 69 70 87 23 43 311 334 335 349 275 294 295 310 243 274 1 22 
1.88    53.18 98.415275 96.855663 21 350 389 390 415 184 201 202 219 220 242 131 157 158 183 88 103 104 130 416 432 433 451 452 487 44 69 70 87 23 43 311 334 335 349 275 294 295 310 243 274 1 22 
1.79    55.76 98.505787 97.033901 22 350 369 370 389 390 415 184 201 202 219 220 242 131 157 158 183 88 103 104 130 416 432 433 451 452 487 44 69 70 87 23 43 311 334 335 349 275 294 295 310 243 274 1 22 
1.70    58.83 98.544334 97.109858 23 452 471 472 487 350 369 370 389 390 415 184 201 202 219 220 242 131 157 158 183 88 103 104 130 416 432 433 451 44 69 70 87 23 43 311 334 335 349 275 294 295 310 243 274 1 22 
