# pdb file = /home/wagram/gelly/CORNICHON/PROJECTS/DR/DR_2/PDBs_Clean/2YVLA/2YVLA.pdb
# dssp file = /home/wagram/gelly/CORNICHON/PROJECTS/DR/DR_2/PDBs_Clean/2YVLA/2YVLA.dssp
# R2 value = 99
# S2D limit size = 8
# limit size of PU= 15
# max size of PU= 0
# d0 value= 6.0
# delta value= 1.5
# only secondary structure= 0
# pruning flag= 0
# cut off pruning= 0
# Max Number of pu= 40
# END PARSE PDB
# END PARSE DSSP
#i/e    i/i+e R2        CI        N DOMAINS
81.73    1.22 77.448033 59.981979 2 1 57 58 247 
15.54    6.43 89.767358 80.581785 3 58 152 153 247 1 57 
8.95    11.17 92.140342 84.898426 4 153 188 189 247 58 152 1 57 
7.52    13.29 93.044211 86.572252 5 189 204 205 247 153 188 58 152 1 57 
5.40    18.54 94.651677 89.589399 6 58 87 88 152 189 204 205 247 153 188 1 57 
4.01    24.93 95.419739 91.049266 7 88 117 118 152 58 87 189 204 205 247 153 188 1 57 
3.57    28.03 95.716551 91.616582 8 118 137 138 152 88 117 58 87 189 204 205 247 153 188 1 57 
2.84    35.21 96.053867 92.263454 9 1 23 24 57 118 137 138 152 88 117 58 87 189 204 205 247 153 188 
2.69    37.12 96.378250 92.887671 10 24 42 43 57 1 23 118 137 138 152 88 117 58 87 189 204 205 247 153 188 
2.36    42.38 96.589265 93.294861 11 205 232 233 247 24 42 43 57 1 23 118 137 138 152 88 117 58 87 189 204 153 188 
2.00    49.99 96.778369 93.660527 12 153 170 171 188 205 232 233 247 24 42 43 57 1 23 118 137 138 152 88 117 58 87 189 204 
