# pdb file = /home/wagram/gelly/CORNICHON/PROJECTS/DR/DR_2/PDBs_Clean/2EX2A/2EX2A.pdb
# dssp file = /home/wagram/gelly/CORNICHON/PROJECTS/DR/DR_2/PDBs_Clean/2EX2A/2EX2A.dssp
# R2 value = 99
# S2D limit size = 8
# limit size of PU= 15
# max size of PU= 0
# d0 value= 6.0
# delta value= 1.5
# only secondary structure= 0
# pruning flag= 0
# cut off pruning= 0
# Max Number of pu= 40
# END PARSE PDB
# END PARSE DSSP
#i/e    i/i+e R2        CI        N DOMAINS
8.15    12.27 85.166163 72.532753 3 1 60 61 271 272 456 
8.05    12.43 86.873350 75.469789 4 1 37 38 60 61 271 272 456 
4.53    22.07 92.535737 85.628627 6 61 152 153 225 226 271 1 37 38 60 272 456 
4.49    22.26 93.072044 86.624054 7 226 255 256 271 61 152 153 225 1 37 38 60 272 456 
3.91    25.55 96.094665 92.341846 9 272 286 287 344 345 456 226 255 256 271 61 152 153 225 1 37 38 60 
3.70    27.02 96.669829 93.450558 10 345 368 369 456 272 286 287 344 226 255 256 271 61 152 153 225 1 37 38 60 
3.42    29.27 97.161501 94.403573 11 61 117 118 152 345 368 369 456 272 286 287 344 226 255 256 271 153 225 1 37 38 60 
2.91    34.39 97.697669 95.448344 13 369 391 392 437 438 456 61 117 118 152 345 368 272 286 287 344 226 255 256 271 153 225 1 37 38 60 
2.72    36.77 97.913393 95.870325 14 287 315 316 344 369 391 392 437 438 456 61 117 118 152 345 368 272 286 226 255 256 271 153 225 1 37 38 60 
2.38    42.00 98.107459 96.250735 16 153 176 177 216 217 225 287 315 316 344 369 391 392 437 438 456 61 117 118 152 345 368 272 286 226 255 256 271 1 37 38 60 
2.30    43.49 98.204904 96.442031 17 118 133 134 152 153 176 177 216 217 225 287 315 316 344 369 391 392 437 438 456 61 117 345 368 272 286 226 255 256 271 1 37 38 60 
2.10    47.68 98.321603 96.671377 18 61 90 91 117 118 133 134 152 153 176 177 216 217 225 287 315 316 344 369 391 392 437 438 456 345 368 272 286 226 255 256 271 1 37 38 60 
2.00    49.99 98.381082 96.788374 19 1 20 21 37 61 90 91 117 118 133 134 152 153 176 177 216 217 225 287 315 316 344 369 391 392 437 438 456 345 368 272 286 226 255 256 271 38 60 
1.87    53.52 98.479399 96.981920 20 392 410 411 437 1 20 21 37 61 90 91 117 118 133 134 152 153 176 177 216 217 225 287 315 316 344 369 391 438 456 345 368 272 286 226 255 256 271 38 60 
1.73    57.94 98.513645 97.049383 21 177 196 197 216 392 410 411 437 1 20 21 37 61 90 91 117 118 133 134 152 153 176 217 225 287 315 316 344 369 391 438 456 345 368 272 286 226 255 256 271 38 60 
