# pdb file = /home/wagram/gelly/CORNICHON/PROJECTS/DR/DR_2/PDBs_Clean/1VJXA/1VJXA.pdb
# dssp file = /home/wagram/gelly/CORNICHON/PROJECTS/DR/DR_2/PDBs_Clean/1VJXA/1VJXA.dssp
# R2 value = 99
# S2D limit size = 8
# limit size of PU= 15
# max size of PU= 0
# d0 value= 6.0
# delta value= 1.5
# only secondary structure= 0
# pruning flag= 0
# cut off pruning= 0
# Max Number of pu= 40
# END PARSE PDB
# END PARSE DSSP
#i/e    i/i+e R2        CI        N DOMAINS
11.68    8.56 74.008957 54.773257 2 1 91 92 149 
4.64    21.54 86.466391 74.764368 4 1 17 18 52 53 91 92 149 
4.54    22.03 89.122926 79.428960 5 53 75 76 91 1 17 18 52 92 149 
3.39    29.54 93.327675 87.100548 7 92 106 107 135 136 149 53 75 76 91 1 17 18 52 
2.59    38.63 94.059519 88.471931 8 18 33 34 52 92 106 107 135 136 149 53 75 76 91 1 17 
