# pdb file = /home/wagram/gelly/CORNICHON/PROJECTS/DR/DR_2/PDBs_Clean/3MAVA/3MAVA.pdb
# dssp file = /home/wagram/gelly/CORNICHON/PROJECTS/DR/DR_2/PDBs_Clean/3MAVA/3MAVA.dssp
# R2 value = 99
# S2D limit size = 8
# limit size of PU= 15
# max size of PU= 0
# d0 value= 6.0
# delta value= 1.5
# only secondary structure= 0
# pruning flag= 0
# cut off pruning= 0
# Max Number of pu= 40
# END PARSE PDB
# END PARSE DSSP
#i/e    i/i+e R2        CI        N DOMAINS
22.03    4.54 79.236794 62.784695 2 1 138 139 348 
10.84    9.22 91.309902 83.374983 4 139 248 249 320 321 348 1 138 
7.49    13.35 94.224984 88.783476 6 139 164 165 195 196 248 249 320 321 348 1 138 
5.54    18.05 96.367446 92.866846 8 1 86 87 122 123 138 139 164 165 195 196 248 249 320 321 348 
4.97    20.11 97.159520 94.399722 9 1 45 46 86 87 122 123 138 139 164 165 195 196 248 249 320 321 348 
4.67    21.40 97.414354 94.895564 10 1 22 23 45 46 86 87 122 123 138 139 164 165 195 196 248 249 320 321 348 
4.20    23.80 97.730486 95.512479 11 249 302 303 320 1 22 23 45 46 86 87 122 123 138 139 164 165 195 196 248 321 348 
3.83    26.11 97.964057 95.969564 12 249 278 279 302 303 320 1 22 23 45 46 86 87 122 123 138 139 164 165 195 196 248 321 348 
3.55    28.16 98.162016 96.357813 13 46 63 64 86 249 278 279 302 303 320 1 22 23 45 87 122 123 138 139 164 165 195 196 248 321 348 
3.30    30.26 98.273532 96.576871 14 87 104 105 122 46 63 64 86 249 278 279 302 303 320 1 22 23 45 123 138 139 164 165 195 196 248 321 348 
3.00    33.35 98.446192 96.916527 15 196 212 213 248 87 104 105 122 46 63 64 86 249 278 279 302 303 320 1 22 23 45 123 138 139 164 165 195 321 348 
2.86    35.00 98.611062 97.241415 16 213 230 231 248 196 212 87 104 105 122 46 63 64 86 249 278 279 302 303 320 1 22 23 45 123 138 139 164 165 195 321 348 
2.73    36.63 98.673078 97.363764 17 165 180 181 195 213 230 231 248 196 212 87 104 105 122 46 63 64 86 249 278 279 302 303 320 1 22 23 45 123 138 139 164 321 348 
