# pdb file = /home/wagram/gelly/CORNICHON/PROJECTS/DR/DR_2/PDBs_Clean/3N2WA/3N2WA.pdb
# dssp file = /home/wagram/gelly/CORNICHON/PROJECTS/DR/DR_2/PDBs_Clean/3N2WA/3N2WA.dssp
# R2 value = 99
# S2D limit size = 8
# limit size of PU= 15
# max size of PU= 0
# d0 value= 6.0
# delta value= 1.5
# only secondary structure= 0
# pruning flag= 0
# cut off pruning= 0
# Max Number of pu= 40
# END PARSE PDB
# END PARSE DSSP
#i/e    i/i+e R2        CI        N DOMAINS
4.85    20.62 67.565503 45.650971 3 1 228 229 245 246 367 
4.68    21.35 76.274071 58.177339 4 246 332 333 367 1 228 229 245 
4.44    22.50 81.162828 65.874047 5 1 209 210 228 246 332 333 367 229 245 
4.33    23.10 82.807737 68.571212 6 333 352 353 367 1 209 210 228 246 332 229 245 
3.26    30.66 90.085841 81.154587 8 1 25 26 174 175 209 333 352 353 367 210 228 246 332 229 245 
2.22    45.12 93.357586 87.156389 10 26 64 65 91 92 174 1 25 175 209 333 352 353 367 210 228 246 332 229 245 
1.88    53.18 94.563438 89.422439 12 92 110 111 128 129 174 26 64 65 91 1 25 175 209 333 352 353 367 210 228 246 332 229 245 
1.84    54.39 95.050620 90.346204 13 129 146 147 174 92 110 111 128 26 64 65 91 1 25 175 209 333 352 353 367 210 228 246 332 229 245 
1.65    60.72 96.191977 92.528965 15 246 293 294 308 309 332 129 146 147 174 92 110 111 128 26 64 65 91 1 25 175 209 333 352 353 367 210 228 229 245 
1.49    66.91 96.357148 92.846999 16 246 267 268 293 294 308 309 332 129 146 147 174 92 110 111 128 26 64 65 91 1 25 175 209 333 352 353 367 210 228 229 245 
1.39    72.20 96.535466 93.190961 17 175 190 191 209 246 267 268 293 294 308 309 332 129 146 147 174 92 110 111 128 26 64 65 91 1 25 333 352 353 367 210 228 229 245 
1.28    78.31 96.658332 93.428332 18 26 46 47 64 175 190 191 209 246 267 268 293 294 308 309 332 129 146 147 174 92 110 111 128 65 91 1 25 333 352 353 367 210 228 229 245 
