# pdb file = /home/wagram/gelly/CORNICHON/PROJECTS/DR/DR_2/PDBs_Clean/3DV8A/3DV8A.pdb
# dssp file = /home/wagram/gelly/CORNICHON/PROJECTS/DR/DR_2/PDBs_Clean/3DV8A/3DV8A.dssp
# R2 value = 99
# S2D limit size = 8
# limit size of PU= 15
# max size of PU= 0
# d0 value= 6.0
# delta value= 1.5
# only secondary structure= 0
# pruning flag= 0
# cut off pruning= 0
# Max Number of pu= 40
# END PARSE PDB
# END PARSE DSSP
#i/e    i/i+e R2        CI        N DOMAINS
36.64    2.73 80.694350 65.115782 2 1 141 142 216 
12.43    8.05 91.571627 83.853629 4 1 21 22 104 105 141 142 216 
10.94    9.14 92.817008 86.149970 5 105 124 125 141 1 21 22 104 142 216 
6.05    16.53 95.221368 90.671088 7 142 166 167 184 185 216 105 124 125 141 1 21 22 104 
2.55    39.16 96.357208 92.847114 9 22 49 50 68 69 104 142 166 167 184 185 216 105 124 125 141 1 21 
2.43    41.14 96.699566 93.508060 10 69 88 89 104 22 49 50 68 142 166 167 184 185 216 105 124 125 141 1 21 
