# pdb file = /home/wagram/gelly/CORNICHON/PROJECTS/DR/DR_2/PDBs_Clean/1L9MA/1L9MA.pdb
# dssp file = /home/wagram/gelly/CORNICHON/PROJECTS/DR/DR_2/PDBs_Clean/1L9MA/1L9MA.dssp
# R2 value = 99
# S2D limit size = 8
# limit size of PU= 15
# max size of PU= 0
# d0 value= 6.0
# delta value= 1.5
# only secondary structure= 0
# pruning flag= 0
# cut off pruning= 0
# Max Number of pu= 40
# END PARSE PDB
# END PARSE DSSP
#i/e    i/i+e R2        CI        N DOMAINS
49.49    2.02 73.489256 54.006708 2 1 133 134 675 
26.89    3.72 86.531452 74.876922 3 134 575 576 675 1 133 
17.28    5.79 92.678717 85.893445 4 134 461 462 575 576 675 1 133 
10.10    9.90 95.451965 91.110777 5 134 290 291 461 462 575 576 675 1 133 
8.49    11.77 96.177990 92.502057 7 134 157 158 282 283 290 291 461 462 575 576 675 1 133 
7.05    14.18 96.960553 94.013487 9 158 192 193 218 219 282 134 157 283 290 291 461 462 575 576 675 1 133 
6.93    14.42 97.139674 94.361162 10 158 177 178 192 193 218 219 282 134 157 283 290 291 461 462 575 576 675 1 133 
4.94    20.26 97.893293 95.830969 12 291 331 332 383 384 461 158 177 178 192 193 218 219 282 134 157 283 290 462 575 576 675 1 133 
4.80    20.82 98.065319 96.168068 13 384 440 441 461 291 331 332 383 158 177 178 192 193 218 219 282 134 157 283 290 462 575 576 675 1 133 
4.70    21.25 98.198253 96.428969 14 384 418 419 440 441 461 291 331 332 383 158 177 178 192 193 218 219 282 134 157 283 290 462 575 576 675 1 133 
3.86    25.90 98.470088 96.963581 16 1 32 33 106 107 133 384 418 419 440 441 461 291 331 332 383 158 177 178 192 193 218 219 282 134 157 283 290 462 575 576 675 
3.45    28.98 98.638575 97.295685 18 33 47 48 75 76 106 1 32 107 133 384 418 419 440 441 461 291 331 332 383 158 177 178 192 193 218 219 282 134 157 283 290 462 575 576 675 
3.14    31.85 98.784230 97.583242 20 219 234 235 250 251 282 33 47 48 75 76 106 1 32 107 133 384 418 419 440 441 461 291 331 332 383 158 177 178 192 193 218 134 157 283 290 462 575 576 675 
2.99    33.48 98.852204 97.717583 21 332 351 352 383 219 234 235 250 251 282 33 47 48 75 76 106 1 32 107 133 384 418 419 440 441 461 291 331 158 177 178 192 193 218 134 157 283 290 462 575 576 675 
2.95    33.88 98.912448 97.836723 22 352 367 368 383 332 351 219 234 235 250 251 282 33 47 48 75 76 106 1 32 107 133 384 418 419 440 441 461 291 331 158 177 178 192 193 218 134 157 283 290 462 575 576 675 
2.34    42.80 99.017239 98.044136 24 462 501 502 518 519 575 352 367 368 383 332 351 219 234 235 250 251 282 33 47 48 75 76 106 1 32 107 133 384 418 419 440 441 461 291 331 158 177 178 192 193 218 134 157 283 290 576 675 
