# pdb file = /home/wagram/gelly/CORNICHON/PROJECTS/DR/DR_2/PDBs_Clean/1RWZA/1RWZA.pdb
# dssp file = /home/wagram/gelly/CORNICHON/PROJECTS/DR/DR_2/PDBs_Clean/1RWZA/1RWZA.dssp
# R2 value = 99
# S2D limit size = 8
# limit size of PU= 15
# max size of PU= 0
# d0 value= 6.0
# delta value= 1.5
# only secondary structure= 0
# pruning flag= 0
# cut off pruning= 0
# Max Number of pu= 40
# END PARSE PDB
# END PARSE DSSP
#i/e    i/i+e R2        CI        N DOMAINS
22.02    4.54 80.147410 64.236074 2 1 122 123 244 
5.90    16.94 87.413822 76.411763 4 123 139 140 200 201 244 1 122 
3.90    25.64 91.373321 83.490838 6 1 84 85 110 111 122 123 139 140 200 201 244 
2.83    35.28 93.628252 87.662496 8 1 20 21 69 70 84 85 110 111 122 123 139 140 200 201 244 
2.10    47.51 94.792330 89.855858 10 140 157 158 187 188 200 1 20 21 69 70 84 85 110 111 122 123 139 201 244 
1.87    53.35 95.213439 90.655989 11 21 52 53 69 140 157 158 187 188 200 1 20 70 84 85 110 111 122 123 139 201 244 
1.67    59.78 95.682662 91.551717 12 201 216 217 244 21 52 53 69 140 157 158 187 188 200 1 20 70 84 85 110 111 122 123 139 
