# pdb file = /home/wagram/gelly/CORNICHON/PROJECTS/DR/DR_2/PDBs_Clean/2F02A/2F02A.pdb
# dssp file = /home/wagram/gelly/CORNICHON/PROJECTS/DR/DR_2/PDBs_Clean/2F02A/2F02A.dssp
# R2 value = 99
# S2D limit size = 8
# limit size of PU= 15
# max size of PU= 0
# d0 value= 6.0
# delta value= 1.5
# only secondary structure= 0
# pruning flag= 0
# cut off pruning= 0
# Max Number of pu= 40
# END PARSE PDB
# END PARSE DSSP
#i/e    i/i+e R2        CI        N DOMAINS
16.79    5.96 78.001444 60.842253 2 1 180 181 319 
10.13    9.88 87.086504 75.840592 4 181 245 246 306 307 319 1 180 
6.65    15.03 92.207691 85.022583 5 1 108 109 180 181 245 246 306 307 319 
5.91    16.92 93.330411 87.105656 6 109 129 130 180 1 108 181 245 246 306 307 319 
4.83    20.71 94.684921 89.652343 8 181 197 198 217 218 245 109 129 130 180 1 108 246 306 307 319 
3.63    27.52 95.493723 91.190512 10 246 260 261 279 280 306 181 197 198 217 218 245 109 129 130 180 1 108 307 319 
2.62    38.19 96.660055 93.431663 12 1 43 44 87 88 108 246 260 261 279 280 306 181 197 198 217 218 245 109 129 130 180 307 319 
2.39    41.82 96.974510 94.040556 13 130 165 166 180 1 43 44 87 88 108 246 260 261 279 280 306 181 197 198 217 218 245 109 129 307 319 
2.20    45.40 97.262079 94.599120 14 44 60 61 87 130 165 166 180 1 43 88 108 246 260 261 279 280 306 181 197 198 217 218 245 109 129 307 319 
2.03    49.14 97.424370 94.915079 15 130 146 147 165 44 60 61 87 166 180 1 43 88 108 246 260 261 279 280 306 181 197 198 217 218 245 109 129 307 319 
1.86    53.70 97.578566 95.215766 16 1 16 17 43 130 146 147 165 44 60 61 87 166 180 88 108 246 260 261 279 280 306 181 197 198 217 218 245 109 129 307 319 
