# pdb file = /home/wagram/gelly/CORNICHON/PROJECTS/DR/DR_2/PDBs_Clean/2B0TA/2B0TA.pdb
# dssp file = /home/wagram/gelly/CORNICHON/PROJECTS/DR/DR_2/PDBs_Clean/2B0TA/2B0TA.dssp
# R2 value = 99
# S2D limit size = 8
# limit size of PU= 15
# max size of PU= 0
# d0 value= 6.0
# delta value= 1.5
# only secondary structure= 0
# pruning flag= 0
# cut off pruning= 0
# Max Number of pu= 40
# END PARSE PDB
# END PARSE DSSP
#i/e    i/i+e R2        CI        N DOMAINS
18.68    5.35 88.632406 78.557034 3 1 138 139 559 560 735 
6.79    14.72 94.549403 89.395896 5 139 229 230 371 372 559 1 138 560 735 
6.76    14.80 95.174103 90.581098 6 139 171 172 229 230 371 372 559 1 138 560 735 
5.30    18.88 96.493768 93.110472 8 372 416 417 455 456 559 139 171 172 229 230 371 1 138 560 735 
5.27    18.97 96.696394 93.501925 9 372 401 402 416 417 455 456 559 139 171 172 229 230 371 1 138 560 735 
5.24    19.10 96.891302 93.879245 10 139 156 157 171 372 401 402 416 417 455 456 559 172 229 230 371 1 138 560 735 
5.12    19.53 97.249394 94.574446 11 456 537 538 559 139 156 157 171 372 401 402 416 417 455 172 229 230 371 1 138 560 735 
4.75    21.06 97.482922 95.029200 13 172 186 187 216 217 229 456 537 538 559 139 156 157 171 372 401 402 416 417 455 230 371 1 138 560 735 
4.53    22.09 97.795271 95.639150 14 560 705 706 735 172 186 187 216 217 229 456 537 538 559 139 156 157 171 372 401 402 416 417 455 230 371 1 138 
4.16    24.03 98.200003 96.432407 16 1 83 84 129 130 138 560 705 706 735 172 186 187 216 217 229 456 537 538 559 139 156 157 171 372 401 402 416 417 455 230 371 
3.53    28.36 98.560743 97.142201 18 230 251 252 321 322 371 1 83 84 129 130 138 560 705 706 735 172 186 187 216 217 229 456 537 538 559 139 156 157 171 372 401 402 416 417 455 
3.27    30.57 98.723055 97.462416 20 1 38 39 74 75 83 230 251 252 321 322 371 84 129 130 138 560 705 706 735 172 186 187 216 217 229 456 537 538 559 139 156 157 171 372 401 402 416 417 455 
2.96    33.74 98.923268 97.858130 22 560 662 663 696 697 705 1 38 39 74 75 83 230 251 252 321 322 371 84 129 130 138 706 735 172 186 187 216 217 229 456 537 538 559 139 156 157 171 372 401 402 416 417 455 
2.81    35.63 99.109246 98.226426 24 560 577 578 594 595 662 663 696 697 705 1 38 39 74 75 83 230 251 252 321 322 371 84 129 130 138 706 735 172 186 187 216 217 229 456 537 538 559 139 156 157 171 372 401 402 416 417 455 
