# pdb file = /home/wagram/gelly/CORNICHON/PROJECTS/DR/DR_2/PDBs_Clean/2W3XA/2W3XA.pdb
# dssp file = /home/wagram/gelly/CORNICHON/PROJECTS/DR/DR_2/PDBs_Clean/2W3XA/2W3XA.dssp
# R2 value = 99
# S2D limit size = 8
# limit size of PU= 15
# max size of PU= 0
# d0 value= 6.0
# delta value= 1.5
# only secondary structure= 0
# pruning flag= 0
# cut off pruning= 0
# Max Number of pu= 40
# END PARSE PDB
# END PARSE DSSP
#i/e    i/i+e R2        CI        N DOMAINS
5.64    17.72 74.845830 56.018983 3 1 34 35 53 54 141 
4.80    20.83 82.529062 68.110461 4 54 126 127 141 1 34 35 53 
3.76    26.60 87.063602 75.800708 5 54 111 112 126 127 141 1 34 35 53 
3.22    31.01 88.533998 78.382688 6 1 19 20 34 54 111 112 126 127 141 35 53 
1.99    50.27 91.385653 83.513376 8 54 68 69 103 104 111 1 19 20 34 112 126 127 141 35 53 
1.61    62.04 92.443780 85.458525 9 69 88 89 103 54 68 104 111 1 19 20 34 112 126 127 141 35 53 
