# pdb file = /home/wagram/gelly/CORNICHON/PROJECTS/DR/DR_2/PDBs_Clean/3E61A/3E61A.pdb
# dssp file = /home/wagram/gelly/CORNICHON/PROJECTS/DR/DR_2/PDBs_Clean/3E61A/3E61A.dssp
# R2 value = 99
# S2D limit size = 8
# limit size of PU= 15
# max size of PU= 0
# d0 value= 6.0
# delta value= 1.5
# only secondary structure= 0
# pruning flag= 0
# cut off pruning= 0
# Max Number of pu= 40
# END PARSE PDB
# END PARSE DSSP
#i/e    i/i+e R2        CI        N DOMAINS
20.15    4.96 77.508863 60.076238 2 1 85 86 239 
9.12    10.97 87.654878 76.833777 3 86 162 163 239 1 85 
6.72    14.89 90.213576 81.384892 4 1 56 57 85 86 162 163 239 
5.66    17.65 91.732980 84.149397 5 1 36 37 56 57 85 86 162 163 239 
4.13    24.20 93.844041 88.067040 7 163 189 190 230 231 239 1 36 37 56 57 85 86 162 
3.34    29.91 94.864550 89.992829 8 86 138 139 162 163 189 190 230 231 239 1 36 37 56 57 85 
2.98    33.57 95.434432 91.077308 9 190 206 207 230 86 138 139 162 163 189 231 239 1 36 37 56 57 85 
2.53    39.46 95.932850 92.031117 10 86 104 105 138 190 206 207 230 139 162 163 189 231 239 1 36 37 56 57 85 
2.24    44.67 96.181412 92.508641 11 1 18 19 36 86 104 105 138 190 206 207 230 139 162 163 189 231 239 37 56 57 85 
2.00    49.98 96.347033 92.827507 12 105 122 123 138 1 18 19 36 86 104 190 206 207 230 139 162 163 189 231 239 37 56 57 85 
