# pdb file = /home/wagram/gelly/CORNICHON/PROJECTS/DR/DR_2/PDBs_Clean/3H04A/3H04A.pdb
# dssp file = /home/wagram/gelly/CORNICHON/PROJECTS/DR/DR_2/PDBs_Clean/3H04A/3H04A.dssp
# R2 value = 99
# S2D limit size = 8
# limit size of PU= 15
# max size of PU= 0
# d0 value= 6.0
# delta value= 1.5
# only secondary structure= 0
# pruning flag= 0
# cut off pruning= 0
# Max Number of pu= 40
# END PARSE PDB
# END PARSE DSSP
#i/e    i/i+e R2        CI        N DOMAINS
7.61    13.14 83.654665 69.981030 3 1 130 131 186 187 272 
6.94    14.41 87.197840 76.034633 4 187 248 249 272 1 130 131 186 
6.41    15.59 88.955789 79.131323 5 187 203 204 248 249 272 1 130 131 186 
4.85    20.63 91.037859 82.878918 7 131 148 149 173 174 186 187 203 204 248 249 272 1 130 
3.73    26.83 94.042987 88.440833 8 1 94 95 130 131 148 149 173 174 186 187 203 204 248 249 272 
3.21    31.17 95.306391 90.833081 9 1 64 65 94 95 130 131 148 149 173 174 186 187 203 204 248 249 272 
2.96    33.82 95.982943 92.127254 10 1 18 19 64 65 94 95 130 131 148 149 173 174 186 187 203 204 248 249 272 
2.46    40.59 96.261847 92.663432 11 19 41 42 64 1 18 65 94 95 130 131 148 149 173 174 186 187 203 204 248 249 272 
2.09    47.84 96.416866 92.962120 12 204 233 234 248 19 41 42 64 1 18 65 94 95 130 131 148 149 173 174 186 187 203 249 272 
1.81    55.31 96.654417 93.420762 13 95 115 116 130 204 233 234 248 19 41 42 64 1 18 65 94 131 148 149 173 174 186 187 203 249 272 
