# pdb file = /home/wagram/gelly/CORNICHON/PROJECTS/DR/DR_2/PDBs_Clean/3L18A/3L18A.pdb
# dssp file = /home/wagram/gelly/CORNICHON/PROJECTS/DR/DR_2/PDBs_Clean/3L18A/3L18A.dssp
# R2 value = 99
# S2D limit size = 8
# limit size of PU= 15
# max size of PU= 0
# d0 value= 6.0
# delta value= 1.5
# only secondary structure= 0
# pruning flag= 0
# cut off pruning= 0
# Max Number of pu= 40
# END PARSE PDB
# END PARSE DSSP
#i/e    i/i+e R2        CI        N DOMAINS
9.45    10.58 72.339414 52.329908 2 1 96 97 168 
6.69    14.96 79.480011 63.170721 3 1 78 79 96 97 168 
5.21    19.19 83.479426 69.688146 4 97 152 153 168 1 78 79 96 
2.71    36.92 88.979721 79.173908 6 1 36 37 63 64 78 97 152 153 168 79 96 
1.90    52.64 92.309021 85.209553 8 97 113 114 138 139 152 1 36 37 63 64 78 153 168 79 96 
1.62    61.67 92.920377 86.341965 9 1 20 21 36 97 113 114 138 139 152 37 63 64 78 153 168 79 96 
