# pdb file = /home/wagram/gelly/CORNICHON/PROJECTS/DR/DR_2/PDBs_Clean/4F9DA/4F9DA.pdb
# dssp file = /home/wagram/gelly/CORNICHON/PROJECTS/DR/DR_2/PDBs_Clean/4F9DA/4F9DA.dssp
# R2 value = 99
# S2D limit size = 8
# limit size of PU= 15
# max size of PU= 0
# d0 value= 6.0
# delta value= 1.5
# only secondary structure= 0
# pruning flag= 0
# cut off pruning= 0
# Max Number of pu= 40
# END PARSE PDB
# END PARSE DSSP
#i/e    i/i+e R2        CI        N DOMAINS
58.45    1.71 83.710154 70.073899 2 1 267 268 592 
13.75    7.27 90.684579 82.236928 4 1 146 147 183 184 267 268 592 
12.99    7.70 91.523492 83.765495 5 184 248 249 267 1 146 147 183 268 592 
12.22    8.18 92.239272 85.080832 6 184 202 203 248 249 267 1 146 147 183 268 592 
9.33    10.71 94.667218 89.618823 7 268 526 527 592 184 202 203 248 249 267 1 146 147 183 
7.25    13.79 96.349995 92.833215 8 268 357 358 526 527 592 184 202 203 248 249 267 1 146 147 183 
6.28    15.92 97.102828 94.289591 9 1 71 72 146 268 357 358 526 527 592 184 202 203 248 249 267 147 183 
5.34    18.73 97.575451 95.209686 11 268 311 312 337 338 357 1 71 72 146 358 526 527 592 184 202 203 248 249 267 147 183 
4.13    24.22 98.317091 96.662503 13 358 433 434 463 464 526 268 311 312 337 338 357 1 71 72 146 527 592 184 202 203 248 249 267 147 183 
3.69    27.08 98.540620 97.102539 15 358 393 394 420 421 433 434 463 464 526 268 311 312 337 338 357 1 71 72 146 527 592 184 202 203 248 249 267 147 183 
3.51    28.48 98.681637 97.380655 16 464 489 490 526 358 393 394 420 421 433 434 463 268 311 312 337 338 357 1 71 72 146 527 592 184 202 203 248 249 267 147 183 
3.03    32.96 98.832284 97.678203 18 72 102 103 120 121 146 464 489 490 526 358 393 394 420 421 433 434 463 268 311 312 337 338 357 1 71 527 592 184 202 203 248 249 267 147 183 
2.73    36.62 98.960314 97.931437 20 1 16 17 42 43 71 72 102 103 120 121 146 464 489 490 526 358 393 394 420 421 433 434 463 268 311 312 337 338 357 527 592 184 202 203 248 249 267 147 183 
2.60    38.42 99.021031 98.051646 21 527 547 548 592 1 16 17 42 43 71 72 102 103 120 121 146 464 489 490 526 358 393 394 420 421 433 434 463 268 311 312 337 338 357 184 202 203 248 249 267 147 183 
