# pdb file = /home/wagram/gelly/CORNICHON/PROJECTS/DR/DR_2/PDBs_Clean/3TIGA/3TIGA.pdb
# dssp file = /home/wagram/gelly/CORNICHON/PROJECTS/DR/DR_2/PDBs_Clean/3TIGA/3TIGA.dssp
# R2 value = 99
# S2D limit size = 8
# limit size of PU= 15
# max size of PU= 0
# d0 value= 6.0
# delta value= 1.5
# only secondary structure= 0
# pruning flag= 0
# cut off pruning= 0
# Max Number of pu= 40
# END PARSE PDB
# END PARSE DSSP
#i/e    i/i+e R2        CI        N DOMAINS
10.52    9.51 87.099250 75.862794 3 1 98 99 160 161 308 
10.03    9.97 90.881393 82.594275 4 1 69 70 98 99 160 161 308 
4.73    21.14 94.630605 89.549515 6 161 203 204 251 252 308 1 69 70 98 99 160 
4.58    21.82 95.540168 91.279236 7 252 278 279 308 161 203 204 251 1 69 70 98 99 160 
4.40    22.73 96.186077 92.517615 8 204 228 229 251 252 278 279 308 161 203 1 69 70 98 99 160 
3.85    25.96 96.759528 93.624063 9 1 44 45 69 204 228 229 251 252 278 279 308 161 203 70 98 99 160 
3.32    30.10 97.087849 94.260505 10 99 124 125 160 1 44 45 69 204 228 229 251 252 278 279 308 161 203 70 98 
2.95    33.95 97.282780 94.639394 11 161 181 182 203 99 124 125 160 1 44 45 69 204 228 229 251 252 278 279 308 70 98 
2.61    38.32 97.375242 94.819378 12 125 140 141 160 161 181 182 203 99 124 1 44 45 69 204 228 229 251 252 278 279 308 70 98 
2.22    45.01 97.465877 94.995972 13 1 22 23 44 125 140 141 160 161 181 182 203 99 124 45 69 204 228 229 251 252 278 279 308 70 98 
