# pdb file = /home/wagram/gelly/CORNICHON/PROJECTS/DR/DR_2/PDBs_Clean/2E2RA/2E2RA.pdb
# dssp file = /home/wagram/gelly/CORNICHON/PROJECTS/DR/DR_2/PDBs_Clean/2E2RA/2E2RA.dssp
# R2 value = 99
# S2D limit size = 8
# limit size of PU= 15
# max size of PU= 0
# d0 value= 6.0
# delta value= 1.5
# only secondary structure= 0
# pruning flag= 0
# cut off pruning= 0
# Max Number of pu= 40
# END PARSE PDB
# END PARSE DSSP
#i/e    i/i+e R2        CI        N DOMAINS
6.00    16.68 82.904964 68.732330 3 1 80 81 130 131 227 
5.53    18.08 88.794335 78.844340 4 131 190 191 227 1 80 81 130 
4.72    21.18 93.301882 87.052412 6 1 16 17 44 45 80 131 190 191 227 81 130 
4.21    23.77 94.654362 89.594483 7 131 167 168 190 1 16 17 44 45 80 191 227 81 130 
3.94    25.40 95.301539 90.823834 8 191 212 213 227 131 167 168 190 1 16 17 44 45 80 81 130 
3.67    27.25 95.947708 92.059628 9 45 60 61 80 191 212 213 227 131 167 168 190 1 16 17 44 81 130 
3.37    29.65 96.376919 92.885105 10 131 147 148 167 45 60 61 80 191 212 213 227 168 190 1 16 17 44 81 130 
2.96    33.74 96.885585 93.868166 11 81 101 102 130 131 147 148 167 45 60 61 80 191 212 213 227 168 190 1 16 17 44 
