# pdb file = /home/wagram/gelly/CORNICHON/PROJECTS/DR/DR_2/PDBs_Clean/2GCUA/2GCUA.pdb
# dssp file = /home/wagram/gelly/CORNICHON/PROJECTS/DR/DR_2/PDBs_Clean/2GCUA/2GCUA.dssp
# R2 value = 99
# S2D limit size = 8
# limit size of PU= 15
# max size of PU= 0
# d0 value= 6.0
# delta value= 1.5
# only secondary structure= 0
# pruning flag= 0
# cut off pruning= 0
# Max Number of pu= 40
# END PARSE PDB
# END PARSE DSSP
#i/e    i/i+e R2        CI        N DOMAINS
8.64    11.57 81.566524 66.530979 3 1 96 97 219 220 244 
7.35    13.60 85.340065 72.829266 4 97 204 205 219 1 96 220 244 
5.23    19.13 89.101108 79.390075 5 1 57 58 96 97 204 205 219 220 244 
4.41    22.69 91.032589 82.869322 6 97 112 113 204 1 57 58 96 205 219 220 244 
3.94    25.38 91.814218 84.298507 7 58 79 80 96 97 112 113 204 1 57 205 219 220 244 
3.33    30.00 92.887382 86.280658 8 1 35 36 57 58 79 80 96 97 112 113 204 205 219 220 244 
2.54    39.38 94.269921 88.868180 9 113 170 171 204 1 35 36 57 58 79 80 96 97 112 205 219 220 244 
1.96    51.06 95.576399 91.348480 11 113 127 128 150 151 170 171 204 1 35 36 57 58 79 80 96 97 112 205 219 220 244 
1.80    55.52 95.885613 91.940508 12 171 189 190 204 113 127 128 150 151 170 1 35 36 57 58 79 80 96 97 112 205 219 220 244 
