# pdb file = /home/wagram/gelly/CORNICHON/PROJECTS/DR/DR_2/PDBs_Clean/3TVAA/3TVAA.pdb
# dssp file = /home/wagram/gelly/CORNICHON/PROJECTS/DR/DR_2/PDBs_Clean/3TVAA/3TVAA.dssp
# R2 value = 99
# S2D limit size = 8
# limit size of PU= 15
# max size of PU= 0
# d0 value= 6.0
# delta value= 1.5
# only secondary structure= 0
# pruning flag= 0
# cut off pruning= 0
# Max Number of pu= 40
# END PARSE PDB
# END PARSE DSSP
#i/e    i/i+e R2        CI        N DOMAINS
8.65    11.56 83.099352 69.055022 3 1 33 34 174 175 282 
7.18    13.92 87.681532 76.880511 4 175 251 252 282 1 33 34 174 
6.74    14.83 88.583998 78.471246 5 252 267 268 282 175 251 1 33 34 174 
4.99    20.02 92.598630 85.745063 6 34 117 118 174 252 267 268 282 175 251 1 33 
3.62    27.61 94.858683 89.981698 8 34 65 66 94 95 117 118 174 252 267 268 282 175 251 1 33 
3.34    29.93 95.492967 91.189068 9 118 133 134 174 34 65 66 94 95 117 252 267 268 282 175 251 1 33 
3.16    31.63 95.766578 91.712375 10 34 49 50 65 118 133 134 174 66 94 95 117 252 267 268 282 175 251 1 33 
2.77    36.05 96.482792 93.089291 11 175 230 231 251 34 49 50 65 118 133 134 174 66 94 95 117 252 267 268 282 1 33 
2.30    43.55 97.143750 94.369081 13 175 189 190 204 205 230 231 251 34 49 50 65 118 133 134 174 66 94 95 117 252 267 268 282 1 33 
2.14    46.76 97.393540 94.855017 14 134 149 150 174 175 189 190 204 205 230 231 251 34 49 50 65 118 133 66 94 95 117 252 267 268 282 1 33 
1.92    51.99 97.518651 95.098873 15 1 17 18 33 134 149 150 174 175 189 190 204 205 230 231 251 34 49 50 65 118 133 66 94 95 117 252 267 268 282 
