# pdb file = /home/wagram/gelly/CORNICHON/PROJECTS/DR/DR_2/PDBs_Clean/1XQRA/1XQRA.pdb
# dssp file = /home/wagram/gelly/CORNICHON/PROJECTS/DR/DR_2/PDBs_Clean/1XQRA/1XQRA.dssp
# R2 value = 99
# S2D limit size = 8
# limit size of PU= 15
# max size of PU= 0
# d0 value= 6.0
# delta value= 1.5
# only secondary structure= 0
# pruning flag= 0
# cut off pruning= 0
# Max Number of pu= 40
# END PARSE PDB
# END PARSE DSSP
#i/e    i/i+e R2        CI        N DOMAINS
40.98    2.44 82.569626 68.177432 2 1 148 149 267 
16.47    6.07 89.875058 80.775260 3 1 60 61 148 149 267 
10.56    9.47 92.067794 84.764787 5 1 19 20 35 36 60 61 148 149 267 
7.66    13.05 94.442366 89.193605 6 149 227 228 267 1 19 20 35 36 60 61 148 
6.26    15.97 95.594041 91.382207 7 149 171 172 227 228 267 1 19 20 35 36 60 61 148 
5.43    18.42 96.381456 92.893851 8 61 132 133 148 149 171 172 227 228 267 1 19 20 35 36 60 
4.29    23.29 97.098044 94.280301 10 172 188 189 210 211 227 61 132 133 148 149 171 228 267 1 19 20 35 36 60 
3.60    27.75 97.593687 95.245278 11 61 82 83 132 172 188 189 210 211 227 133 148 149 171 228 267 1 19 20 35 36 60 
3.30    30.29 97.767380 95.584605 12 228 244 245 267 61 82 83 132 172 188 189 210 211 227 133 148 149 171 1 19 20 35 36 60 
2.90    34.53 98.052766 96.143448 13 83 105 106 132 228 244 245 267 61 82 172 188 189 210 211 227 133 148 149 171 1 19 20 35 36 60 
