# pdb file = /home/wagram/gelly/CORNICHON/PROJECTS/DR/DR_2/PDBs_Clean/4AKXB/4AKXB.pdb
# dssp file = /home/wagram/gelly/CORNICHON/PROJECTS/DR/DR_2/PDBs_Clean/4AKXB/4AKXB.dssp
# R2 value = 99
# S2D limit size = 8
# limit size of PU= 15
# max size of PU= 0
# d0 value= 6.0
# delta value= 1.5
# only secondary structure= 0
# pruning flag= 0
# cut off pruning= 0
# Max Number of pu= 40
# END PARSE PDB
# END PARSE DSSP
#i/e    i/i+e R2        CI        N DOMAINS
22.68    4.41 87.523604 76.603813 3 1 54 55 333 334 534 
20.40    4.90 92.254612 85.109134 4 334 456 457 534 1 54 55 333 
19.86    5.04 92.779006 86.079439 5 1 16 17 54 334 456 457 534 55 333 
17.29    5.79 94.486604 89.277184 6 334 374 375 456 1 16 17 54 457 534 55 333 
6.70    14.92 96.378804 92.888739 8 55 131 132 149 150 333 334 374 375 456 1 16 17 54 457 534 
6.51    15.35 97.479313 95.022165 9 150 271 272 333 55 131 132 149 334 374 375 456 1 16 17 54 457 534 
6.33    15.80 97.721038 95.494012 10 272 306 307 333 150 271 55 131 132 149 334 374 375 456 1 16 17 54 457 534 
5.70    17.55 98.126792 96.288673 11 150 193 194 271 272 306 307 333 55 131 132 149 334 374 375 456 1 16 17 54 457 534 
5.44    18.39 98.286876 96.603100 12 194 251 252 271 150 193 272 306 307 333 55 131 132 149 334 374 375 456 1 16 17 54 457 534 
4.98    20.08 98.493963 97.010607 13 375 410 411 456 194 251 252 271 150 193 272 306 307 333 55 131 132 149 334 374 1 16 17 54 457 534 
4.82    20.76 98.591415 97.202671 14 334 349 350 374 375 410 411 456 194 251 252 271 150 193 272 306 307 333 55 131 132 149 1 16 17 54 457 534 
4.49    22.28 98.746397 97.508510 15 55 108 109 131 334 349 350 374 375 410 411 456 194 251 252 271 150 193 272 306 307 333 132 149 1 16 17 54 457 534 
3.94    25.40 98.934707 97.880762 17 55 69 70 87 88 108 109 131 334 349 350 374 375 410 411 456 194 251 252 271 150 193 272 306 307 333 132 149 1 16 17 54 457 534 
3.78    26.46 98.999820 98.009643 18 150 165 166 193 55 69 70 87 88 108 109 131 334 349 350 374 375 410 411 456 194 251 252 271 272 306 307 333 132 149 1 16 17 54 457 534 
3.51    28.48 99.091015 98.190292 19 457 509 510 534 150 165 166 193 55 69 70 87 88 108 109 131 334 349 350 374 375 410 411 456 194 251 252 271 272 306 307 333 132 149 1 16 17 54 
