# pdb file = /home/wagram/gelly/CORNICHON/PROJECTS/DR/DR_2/PDBs_Clean/3A9LA/3A9LA.pdb
# dssp file = /home/wagram/gelly/CORNICHON/PROJECTS/DR/DR_2/PDBs_Clean/3A9LA/3A9LA.dssp
# R2 value = 99
# S2D limit size = 8
# limit size of PU= 15
# max size of PU= 0
# d0 value= 6.0
# delta value= 1.5
# only secondary structure= 0
# pruning flag= 0
# cut off pruning= 0
# Max Number of pu= 40
# END PARSE PDB
# END PARSE DSSP
#i/e    i/i+e R2        CI        N DOMAINS
10.83    9.23 74.044224 54.825471 2 1 93 94 207 
6.67    14.99 85.760307 73.548303 4 94 167 168 190 191 207 1 93 
4.64    21.56 90.683311 82.234629 6 1 15 16 75 76 93 94 167 168 190 191 207 
2.45    40.83 93.191972 86.847436 8 94 116 117 135 136 167 1 15 16 75 76 93 168 190 191 207 
2.25    44.46 93.729460 87.852117 9 136 152 153 167 94 116 117 135 1 15 16 75 76 93 168 190 191 207 
1.67    59.99 94.192586 88.722432 10 16 38 39 75 136 152 153 167 94 116 117 135 1 15 76 93 168 190 191 207 
1.51    66.35 94.849199 89.963706 11 39 57 58 75 16 38 136 152 153 167 94 116 117 135 1 15 76 93 168 190 191 207 
