# pdb file = /home/wagram/gelly/CORNICHON/PROJECTS/DR/DR_2/PDBs_Clean/2RD7A/2RD7A.pdb
# dssp file = /home/wagram/gelly/CORNICHON/PROJECTS/DR/DR_2/PDBs_Clean/2RD7A/2RD7A.dssp
# R2 value = 99
# S2D limit size = 8
# limit size of PU= 15
# max size of PU= 0
# d0 value= 6.0
# delta value= 1.5
# only secondary structure= 0
# pruning flag= 0
# cut off pruning= 0
# Max Number of pu= 40
# END PARSE PDB
# END PARSE DSSP
#i/e    i/i+e R2        CI        N DOMAINS
9.86    10.14 65.410474 42.785301 3 1 47 48 64 65 328 
3.72    26.90 87.063314 75.800207 5 65 213 214 267 268 328 1 47 48 64 
3.67    27.28 89.453467 80.019228 6 268 298 299 328 65 213 214 267 1 47 48 64 
3.02    33.08 93.624418 87.655317 8 65 168 169 200 201 213 268 298 299 328 214 267 1 47 48 64 
2.71    36.94 95.762661 91.704872 10 65 82 83 155 156 168 169 200 201 213 268 298 299 328 214 267 1 47 48 64 
2.33    42.90 96.729372 93.565715 12 83 102 103 128 129 155 65 82 156 168 169 200 201 213 268 298 299 328 214 267 1 47 48 64 
2.26    44.24 97.086696 94.258266 13 1 32 33 47 83 102 103 128 129 155 65 82 156 168 169 200 201 213 268 298 299 328 214 267 48 64 
2.19    45.62 97.285916 94.645495 14 169 184 185 200 1 32 33 47 83 102 103 128 129 155 65 82 156 168 201 213 268 298 299 328 214 267 48 64 
1.93    51.84 97.694440 95.442035 16 214 228 229 243 244 267 169 184 185 200 1 32 33 47 83 102 103 128 129 155 65 82 156 168 201 213 268 298 299 328 48 64 
1.82    54.87 97.856416 95.758782 17 268 283 284 298 214 228 229 243 244 267 169 184 185 200 1 32 33 47 83 102 103 128 129 155 65 82 156 168 201 213 299 328 48 64 
