# pdb file = /home/wagram/gelly/CORNICHON/PROJECTS/DR/DR_2/PDBs_Clean/3MTVA/3MTVA.pdb
# dssp file = /home/wagram/gelly/CORNICHON/PROJECTS/DR/DR_2/PDBs_Clean/3MTVA/3MTVA.dssp
# R2 value = 99
# S2D limit size = 8
# limit size of PU= 15
# max size of PU= 0
# d0 value= 6.0
# delta value= 1.5
# only secondary structure= 0
# pruning flag= 0
# cut off pruning= 0
# Max Number of pu= 40
# END PARSE PDB
# END PARSE DSSP
#i/e    i/i+e R2        CI        N DOMAINS
41.60    2.40 82.314792 67.757251 2 1 85 86 203 
20.00    5.00 87.351633 76.303079 3 1 60 61 85 86 203 
6.77    14.77 92.900815 86.305615 5 86 133 134 194 195 203 1 60 61 85 
5.58    17.91 93.872944 88.121297 6 86 118 119 133 134 194 195 203 1 60 61 85 
4.86    20.56 94.444699 89.198011 7 86 103 104 118 119 133 134 194 195 203 1 60 61 85 
3.76    26.56 95.458529 91.123308 8 1 34 35 60 86 103 104 118 119 133 134 194 195 203 61 85 
3.24    30.84 95.976319 92.114537 9 134 179 180 194 1 34 35 60 86 103 104 118 119 133 195 203 61 85 
2.61    38.29 96.108035 92.367544 10 1 16 17 34 134 179 180 194 35 60 86 103 104 118 119 133 195 203 61 85 
1.96    51.13 96.323864 92.782868 11 134 161 162 179 1 16 17 34 180 194 35 60 86 103 104 118 119 133 195 203 61 85 
