# pdb file = /home/wagram/gelly/CORNICHON/PROJECTS/DR/DR_2/PDBs_Clean/3C9AA/3C9AA.pdb
# dssp file = /home/wagram/gelly/CORNICHON/PROJECTS/DR/DR_2/PDBs_Clean/3C9AA/3C9AA.dssp
# R2 value = 99
# S2D limit size = 8
# limit size of PU= 15
# max size of PU= 0
# d0 value= 6.0
# delta value= 1.5
# only secondary structure= 0
# pruning flag= 0
# cut off pruning= 0
# Max Number of pu= 40
# END PARSE PDB
# END PARSE DSSP
#i/e    i/i+e R2        CI        N DOMAINS
60.52    1.65 81.761291 66.849088 2 1 138 139 208 
18.39    5.44 90.824807 82.491456 3 1 76 77 138 139 208 
9.34    10.71 92.471591 85.509952 4 1 49 50 76 77 138 139 208 
5.98    16.73 93.659865 87.721703 5 77 108 109 138 1 49 50 76 139 208 
4.07    24.54 94.674297 89.632225 6 139 170 171 208 77 108 109 138 1 49 50 76 
3.38    29.56 95.265260 90.754698 7 1 17 18 49 139 170 171 208 77 108 109 138 50 76 
2.71    36.92 95.443905 91.095389 8 171 190 191 208 1 17 18 49 139 170 77 108 109 138 50 76 
2.30    43.49 95.673942 91.535031 9 139 154 155 170 171 190 191 208 1 17 18 49 77 108 109 138 50 76 
1.95    51.37 95.864398 91.899828 10 18 34 35 49 139 154 155 170 171 190 191 208 1 17 77 108 109 138 50 76 
1.65    60.62 96.057239 92.269931 11 77 92 93 108 18 34 35 49 139 154 155 170 171 190 191 208 1 17 109 138 50 76 
