# pdb file = /home/wagram/gelly/CORNICHON/PROJECTS/DR/DR_2/PDBs_Clean/1URUA/1URUA.pdb
# dssp file = /home/wagram/gelly/CORNICHON/PROJECTS/DR/DR_2/PDBs_Clean/1URUA/1URUA.dssp
# R2 value = 99
# S2D limit size = 8
# limit size of PU= 15
# max size of PU= 0
# d0 value= 6.0
# delta value= 1.5
# only secondary structure= 0
# pruning flag= 0
# cut off pruning= 0
# Max Number of pu= 40
# END PARSE PDB
# END PARSE DSSP
#i/e    i/i+e R2        CI        N DOMAINS
12.04    8.31 88.124909 77.659997 3 1 103 104 164 165 217 
10.40    9.61 91.778187 84.232356 4 1 24 25 103 104 164 165 217 
9.26    10.80 93.641522 87.687346 5 165 191 192 217 1 24 25 103 104 164 
6.39    15.64 96.369075 92.869986 7 25 44 45 82 83 103 165 191 192 217 1 24 104 164 
4.78    20.92 97.450930 94.966838 9 104 122 123 150 151 164 25 44 45 82 83 103 165 191 192 217 1 24 
4.27    23.40 97.792986 95.634681 10 45 60 61 82 104 122 123 150 151 164 25 44 83 103 165 191 192 217 1 24 
