# pdb file = /home/wagram/gelly/CORNICHON/PROJECTS/DR/DR_2/PDBs_Clean/2VE7C/2VE7C.pdb
# dssp file = /home/wagram/gelly/CORNICHON/PROJECTS/DR/DR_2/PDBs_Clean/2VE7C/2VE7C.dssp
# R2 value = 99
# S2D limit size = 8
# limit size of PU= 15
# max size of PU= 0
# d0 value= 6.0
# delta value= 1.5
# only secondary structure= 0
# pruning flag= 0
# cut off pruning= 0
# Max Number of pu= 40
# END PARSE PDB
# END PARSE DSSP
#i/e    i/i+e R2        CI        N DOMAINS
57952029.03  0.00 81.169270 65.884505 2 1 164 165 219 
99.64    1.00 90.640280 82.156604 3 1 130 131 164 165 219 
48.32    2.07 92.319247 85.228434 4 165 180 181 219 1 130 131 164 
9.60    10.42 96.537146 93.194205 6 1 56 57 84 85 130 165 180 181 219 131 164 
8.58    11.66 96.980571 94.052312 7 131 148 149 164 1 56 57 84 85 130 165 180 181 219 
7.15    13.99 97.560272 95.180067 8 1 37 38 56 131 148 149 164 57 84 85 130 165 180 181 219 
6.34    15.77 97.853739 95.753543 9 181 202 203 219 1 37 38 56 131 148 149 164 57 84 85 130 165 180 
5.42    18.46 98.253672 96.537841 10 85 109 110 130 181 202 203 219 1 37 38 56 131 148 149 164 57 84 165 180 
4.68    21.35 98.416778 96.858622 11 1 19 20 37 85 109 110 130 181 202 203 219 38 56 131 148 149 164 57 84 165 180 
