# pdb file = /home/wagram/gelly/CORNICHON/PROJECTS/DR/DR_2/PDBs_Clean/1KCFA/1KCFA.pdb
# dssp file = /home/wagram/gelly/CORNICHON/PROJECTS/DR/DR_2/PDBs_Clean/1KCFA/1KCFA.dssp
# R2 value = 99
# S2D limit size = 8
# limit size of PU= 15
# max size of PU= 0
# d0 value= 6.0
# delta value= 1.5
# only secondary structure= 0
# pruning flag= 0
# cut off pruning= 0
# Max Number of pu= 40
# END PARSE PDB
# END PARSE DSSP
#i/e    i/i+e R2        CI        N DOMAINS
19.90    5.03 76.262909 58.160313 3 1 34 35 224 225 240 
5.27    18.98 90.903235 82.633981 5 35 118 119 150 151 224 1 34 225 240 
3.82    26.18 93.946580 88.259599 7 35 72 73 108 109 118 119 150 151 224 1 34 225 240 
3.53    28.35 95.329716 90.877547 8 151 171 172 224 35 72 73 108 109 118 119 150 1 34 225 240 
3.36    29.73 95.771662 91.722111 9 119 135 136 150 151 171 172 224 35 72 73 108 109 118 1 34 225 240 
3.09    32.34 96.397803 92.925364 10 172 189 190 224 119 135 136 150 151 171 35 72 73 108 109 118 1 34 225 240 
2.95    33.93 96.817128 93.735562 11 190 205 206 224 172 189 119 135 136 150 151 171 35 72 73 108 109 118 1 34 225 240 
2.74    36.54 97.091307 94.267220 12 1 19 20 34 190 205 206 224 172 189 119 135 136 150 151 171 35 72 73 108 109 118 225 240 
2.54    39.39 97.349002 94.768282 13 73 92 93 108 1 19 20 34 190 205 206 224 172 189 119 135 136 150 151 171 35 72 109 118 225 240 
2.20    45.50 97.601998 95.261500 14 35 56 57 72 73 92 93 108 1 19 20 34 190 205 206 224 172 189 119 135 136 150 151 171 109 118 225 240 
