# pdb file = /home/wagram/gelly/CORNICHON/PROJECTS/DR/DR_2/PDBs_Clean/1F5VA/1F5VA.pdb
# dssp file = /home/wagram/gelly/CORNICHON/PROJECTS/DR/DR_2/PDBs_Clean/1F5VA/1F5VA.dssp
# R2 value = 99
# S2D limit size = 8
# limit size of PU= 15
# max size of PU= 0
# d0 value= 6.0
# delta value= 1.5
# only secondary structure= 0
# pruning flag= 0
# cut off pruning= 0
# Max Number of pu= 40
# END PARSE PDB
# END PARSE DSSP
#i/e    i/i+e R2        CI        N DOMAINS
26.52    3.77 83.084565 69.030450 3 1 166 167 222 223 240 
18.72    5.34 85.945640 73.866531 4 167 192 193 222 1 166 223 240 
3.91    25.60 92.261591 85.122012 6 1 82 83 102 103 166 167 192 193 222 223 240 
3.76    26.60 93.723928 87.841746 7 1 16 17 82 83 102 103 166 167 192 193 222 223 240 
3.46    28.87 94.924669 90.106928 8 17 44 45 82 1 16 83 102 103 166 167 192 193 222 223 240 
3.17    31.56 95.935752 92.036686 9 103 123 124 166 17 44 45 82 1 16 83 102 167 192 193 222 223 240 
2.77    36.14 96.274931 92.688624 10 124 151 152 166 103 123 17 44 45 82 1 16 83 102 167 192 193 222 223 240 
2.36    42.35 96.527389 93.175368 11 45 67 68 82 124 151 152 166 103 123 17 44 1 16 83 102 167 192 193 222 223 240 
