# pdb file = /home/wagram/gelly/CORNICHON/PROJECTS/DR/DR_2/PDBs_Clean/3T3PA/3T3PA.pdb
# dssp file = /home/wagram/gelly/CORNICHON/PROJECTS/DR/DR_2/PDBs_Clean/3T3PA/3T3PA.dssp
# R2 value = 99
# S2D limit size = 8
# limit size of PU= 15
# max size of PU= 0
# d0 value= 6.0
# delta value= 1.5
# only secondary structure= 0
# pruning flag= 0
# cut off pruning= 0
# Max Number of pu= 40
# END PARSE PDB
# END PARSE DSSP
#i/e    i/i+e R2        CI        N DOMAINS
11.44    8.74 81.009861 65.625976 3 1 20 21 236 237 454 
8.53    11.72 87.234890 76.099261 4 237 290 291 454 1 20 21 236 
5.92    16.90 91.689019 84.068762 5 21 142 143 236 237 290 291 454 1 20 
4.85    20.61 93.827257 88.035542 6 291 408 409 454 21 142 143 236 237 290 1 20 
4.49    22.27 94.388956 89.092750 7 143 161 162 236 291 408 409 454 21 142 237 290 1 20 
3.72    26.85 95.502019 91.206356 8 21 69 70 142 143 161 162 236 291 408 409 454 237 290 1 20 
3.11    32.19 96.336003 92.806256 9 291 357 358 408 21 69 70 142 143 161 162 236 409 454 237 290 1 20 
2.91    34.41 96.589269 93.294869 10 291 309 310 357 358 408 21 69 70 142 143 161 162 236 409 454 237 290 1 20 
2.76    36.25 96.768000 93.640458 11 21 38 39 69 291 309 310 357 358 408 70 142 143 161 162 236 409 454 237 290 1 20 
2.60    38.45 96.976502 94.044420 12 70 86 87 142 21 38 39 69 291 309 310 357 358 408 143 161 162 236 409 454 237 290 1 20 
2.44    40.95 97.145769 94.373005 13 237 256 257 290 70 86 87 142 21 38 39 69 291 309 310 357 358 408 143 161 162 236 409 454 1 20 
2.12    47.11 97.541140 95.142740 15 162 192 193 223 224 236 237 256 257 290 70 86 87 142 21 38 39 69 291 309 310 357 358 408 143 161 409 454 1 20 
2.00    50.00 97.663909 95.382390 16 358 377 378 408 162 192 193 223 224 236 237 256 257 290 70 86 87 142 21 38 39 69 291 309 310 357 143 161 409 454 1 20 
1.88    53.07 97.782664 95.614495 17 87 127 128 142 358 377 378 408 162 192 193 223 224 236 237 256 257 290 70 86 21 38 39 69 291 309 310 357 143 161 409 454 1 20 
1.83    54.52 97.968032 95.977352 18 87 110 111 127 128 142 358 377 378 408 162 192 193 223 224 236 237 256 257 290 70 86 21 38 39 69 291 309 310 357 143 161 409 454 1 20 
1.73    57.74 98.059855 96.157351 19 310 325 326 357 87 110 111 127 128 142 358 377 378 408 162 192 193 223 224 236 237 256 257 290 70 86 21 38 39 69 291 309 143 161 409 454 1 20 
1.66    60.12 98.114833 96.265205 20 193 208 209 223 310 325 326 357 87 110 111 127 128 142 358 377 378 408 162 192 224 236 237 256 257 290 70 86 21 38 39 69 291 309 143 161 409 454 1 20 
1.56    64.14 98.213481 96.458878 21 409 424 425 454 193 208 209 223 310 325 326 357 87 110 111 127 128 142 358 377 378 408 162 192 224 236 237 256 257 290 70 86 21 38 39 69 291 309 143 161 1 20 
1.49    67.12 98.268861 96.567691 22 326 342 343 357 409 424 425 454 193 208 209 223 310 325 87 110 111 127 128 142 358 377 378 408 162 192 224 236 237 256 257 290 70 86 21 38 39 69 291 309 143 161 1 20 
1.38    72.61 98.319888 96.668005 23 257 274 275 290 326 342 343 357 409 424 425 454 193 208 209 223 310 325 87 110 111 127 128 142 358 377 378 408 162 192 224 236 237 256 70 86 21 38 39 69 291 309 143 161 1 20 
1.28    78.08 98.371560 96.769639 24 162 177 178 192 257 274 275 290 326 342 343 357 409 424 425 454 193 208 209 223 310 325 87 110 111 127 128 142 358 377 378 408 224 236 237 256 70 86 21 38 39 69 291 309 143 161 1 20 
