# pdb file = /home/wagram/gelly/CORNICHON/PROJECTS/DR/DR_2/PDBs_Clean/3SNXA/3SNXA.pdb
# dssp file = /home/wagram/gelly/CORNICHON/PROJECTS/DR/DR_2/PDBs_Clean/3SNXA/3SNXA.dssp
# R2 value = 99
# S2D limit size = 8
# limit size of PU= 15
# max size of PU= 0
# d0 value= 6.0
# delta value= 1.5
# only secondary structure= 0
# pruning flag= 0
# cut off pruning= 0
# Max Number of pu= 40
# END PARSE PDB
# END PARSE DSSP
#i/e    i/i+e R2        CI        N DOMAINS
8.45    11.83 84.075544 70.686972 3 1 172 173 377 378 455 
7.62    13.12 87.452312 76.479068 5 378 392 393 425 426 455 1 172 173 377 
5.91    16.92 92.294888 85.183463 7 1 16 17 76 77 172 378 392 393 425 426 455 173 377 
3.96    25.28 95.993232 92.147007 9 173 241 242 308 309 377 1 16 17 76 77 172 378 392 393 425 426 455 
3.59    27.86 96.729351 93.565673 11 173 187 188 214 215 241 242 308 309 377 1 16 17 76 77 172 378 392 393 425 426 455 
3.25    30.77 97.176755 94.433217 13 242 265 266 299 300 308 173 187 188 214 215 241 309 377 1 16 17 76 77 172 378 392 393 425 426 455 
2.78    35.92 97.833354 95.713651 15 77 111 112 157 158 172 242 265 266 299 300 308 173 187 188 214 215 241 309 377 1 16 17 76 378 392 393 425 426 455 
2.58    38.73 98.253201 96.536914 17 17 34 35 60 61 76 77 111 112 157 158 172 242 265 266 299 300 308 173 187 188 214 215 241 309 377 1 16 378 392 393 425 426 455 
2.43    41.12 98.451399 96.926779 18 309 352 353 377 17 34 35 60 61 76 77 111 112 157 158 172 242 265 266 299 300 308 173 187 188 214 215 241 1 16 378 392 393 425 426 455 
2.33    42.93 98.562486 97.145636 19 309 336 337 352 353 377 17 34 35 60 61 76 77 111 112 157 158 172 242 265 266 299 300 308 173 187 188 214 215 241 1 16 378 392 393 425 426 455 
2.23    44.79 98.645585 97.309514 20 77 92 93 111 309 336 337 352 353 377 17 34 35 60 61 76 112 157 158 172 242 265 266 299 300 308 173 187 188 214 215 241 1 16 378 392 393 425 426 455 
2.13    47.01 98.724008 97.464298 21 112 127 128 157 77 92 93 111 309 336 337 352 353 377 17 34 35 60 61 76 158 172 242 265 266 299 300 308 173 187 188 214 215 241 1 16 378 392 393 425 426 455 
2.05    48.83 98.780952 97.576764 22 266 281 282 299 112 127 128 157 77 92 93 111 309 336 337 352 353 377 17 34 35 60 61 76 158 172 242 265 300 308 173 187 188 214 215 241 1 16 378 392 393 425 426 455 
1.92    52.07 98.797531 97.609522 23 393 408 409 425 266 281 282 299 112 127 128 157 77 92 93 111 309 336 337 352 353 377 17 34 35 60 61 76 158 172 242 265 300 308 173 187 188 214 215 241 1 16 378 392 426 455 
