# pdb file = /home/wagram/gelly/CORNICHON/PROJECTS/DR/DR_2/PDBs_Clean/1WZNA/1WZNA.pdb
# dssp file = /home/wagram/gelly/CORNICHON/PROJECTS/DR/DR_2/PDBs_Clean/1WZNA/1WZNA.dssp
# R2 value = 99
# S2D limit size = 8
# limit size of PU= 15
# max size of PU= 0
# d0 value= 6.0
# delta value= 1.5
# only secondary structure= 0
# pruning flag= 0
# cut off pruning= 0
# Max Number of pu= 40
# END PARSE PDB
# END PARSE DSSP
#i/e    i/i+e R2        CI        N DOMAINS
10.47    9.55 83.299985 69.388875 3 1 147 148 202 203 244 
8.16    12.26 88.406342 78.156813 4 1 22 23 147 148 202 203 244 
5.04    19.86 94.321348 88.965167 6 23 42 43 95 96 147 1 22 148 202 203 244 
4.20    23.81 94.887609 90.036583 7 148 166 167 202 23 42 43 95 96 147 1 22 203 244 
3.36    29.78 95.467684 91.140787 8 43 69 70 95 148 166 167 202 23 42 96 147 1 22 203 244 
2.88    34.73 95.774722 91.727974 9 203 222 223 244 43 69 70 95 148 166 167 202 23 42 96 147 1 22 
2.54    39.34 95.962208 92.087454 10 167 182 183 202 203 222 223 244 43 69 70 95 148 166 23 42 96 147 1 22 
2.12    47.20 96.347404 92.828223 11 96 111 112 147 167 182 183 202 203 222 223 244 43 69 70 95 148 166 23 42 1 22 
1.97    50.76 96.747239 93.600282 12 112 127 128 147 96 111 167 182 183 202 203 222 223 244 43 69 70 95 148 166 23 42 1 22 
