# pdb file = /home/wagram/gelly/CORNICHON/PROJECTS/DR/DR_2/PDBs_Clean/3EPRA/3EPRA.pdb
# dssp file = /home/wagram/gelly/CORNICHON/PROJECTS/DR/DR_2/PDBs_Clean/3EPRA/3EPRA.dssp
# R2 value = 99
# S2D limit size = 8
# limit size of PU= 15
# max size of PU= 0
# d0 value= 6.0
# delta value= 1.5
# only secondary structure= 0
# pruning flag= 0
# cut off pruning= 0
# Max Number of pu= 40
# END PARSE PDB
# END PARSE DSSP
#i/e    i/i+e R2        CI        N DOMAINS
8.27    12.09 86.589565 74.977528 3 1 72 73 179 180 260 
6.98    14.33 88.999249 79.208663 4 180 196 197 260 1 72 73 179 
5.76    17.37 91.484357 83.693876 5 1 42 43 72 180 196 197 260 73 179 
4.45    22.47 93.622235 87.651229 6 73 143 144 179 1 42 43 72 180 196 197 260 
4.06    24.63 94.350178 89.019561 7 197 245 246 260 73 143 144 179 1 42 43 72 180 196 
3.70    27.04 94.723746 89.725881 8 144 164 165 179 197 245 246 260 73 143 1 42 43 72 180 196 
3.15    31.78 95.463157 91.132144 9 73 124 125 143 144 164 165 179 197 245 246 260 1 42 43 72 180 196 
2.76    36.17 95.900397 91.968861 10 197 224 225 245 73 124 125 143 144 164 165 179 246 260 1 42 43 72 180 196 
2.49    40.13 96.213125 92.569654 11 1 26 27 42 197 224 225 245 73 124 125 143 144 164 165 179 246 260 43 72 180 196 
2.11    47.41 96.483166 93.090013 12 73 91 92 124 1 26 27 42 197 224 225 245 125 143 144 164 165 179 246 260 43 72 180 196 
1.98    50.42 96.770777 93.645833 13 92 107 108 124 73 91 1 26 27 42 197 224 225 245 125 143 144 164 165 179 246 260 43 72 180 196 
