# pdb file = /home/wagram/gelly/CORNICHON/PROJECTS/DR/DR_2/PDBs_Clean/3T66A/3T66A.pdb
# dssp file = /home/wagram/gelly/CORNICHON/PROJECTS/DR/DR_2/PDBs_Clean/3T66A/3T66A.dssp
# R2 value = 99
# S2D limit size = 8
# limit size of PU= 15
# max size of PU= 0
# d0 value= 6.0
# delta value= 1.5
# only secondary structure= 0
# pruning flag= 0
# cut off pruning= 0
# Max Number of pu= 40
# END PARSE PDB
# END PARSE DSSP
#i/e    i/i+e R2        CI        N DOMAINS
15.15    6.60 85.032589 72.305413 3 1 226 227 446 447 475 
12.71    7.87 89.405687 79.933769 4 1 186 187 226 227 446 447 475 
7.35    13.60 92.950388 86.397746 6 227 376 377 438 439 446 1 186 187 226 447 475 
5.28    18.94 94.994758 90.240040 8 227 255 256 289 290 376 377 438 439 446 1 186 187 226 447 475 
5.21    19.19 95.343001 90.902878 9 256 271 272 289 227 255 290 376 377 438 439 446 1 186 187 226 447 475 
4.90    20.40 95.918256 92.003118 10 290 317 318 376 256 271 272 289 227 255 377 438 439 446 1 186 187 226 447 475 
3.36    29.80 97.362985 94.795508 12 1 32 33 133 134 186 290 317 318 376 256 271 272 289 227 255 377 438 439 446 187 226 447 475 
3.19    31.33 97.626533 95.309400 13 377 402 403 438 1 32 33 133 134 186 290 317 318 376 256 271 272 289 227 255 439 446 187 226 447 475 
3.09    32.34 97.800815 95.649995 14 134 149 150 186 377 402 403 438 1 32 33 133 290 317 318 376 256 271 272 289 227 255 439 446 187 226 447 475 
2.99    33.41 97.948079 95.938262 15 187 207 208 226 134 149 150 186 377 402 403 438 1 32 33 133 290 317 318 376 256 271 272 289 227 255 439 446 447 475 
2.67    37.49 98.304272 96.637300 17 33 47 48 120 121 133 187 207 208 226 134 149 150 186 377 402 403 438 1 32 290 317 318 376 256 271 272 289 227 255 439 446 447 475 
2.34    42.65 98.545570 97.112295 19 48 82 83 99 100 120 33 47 121 133 187 207 208 226 134 149 150 186 377 402 403 438 1 32 290 317 318 376 256 271 272 289 227 255 439 446 447 475 
2.31    43.35 98.649136 97.316521 20 48 65 66 82 83 99 100 120 33 47 121 133 187 207 208 226 134 149 150 186 377 402 403 438 1 32 290 317 318 376 256 271 272 289 227 255 439 446 447 475 
2.22    44.96 98.724911 97.466080 21 403 418 419 438 48 65 66 82 83 99 100 120 33 47 121 133 187 207 208 226 134 149 150 186 377 402 1 32 290 317 318 376 256 271 272 289 227 255 439 446 447 475 
2.10    47.59 98.830356 97.674392 22 318 355 356 376 403 418 419 438 48 65 66 82 83 99 100 120 33 47 121 133 187 207 208 226 134 149 150 186 377 402 1 32 290 317 256 271 272 289 227 255 439 446 447 475 
2.04    48.91 98.894785 97.801785 23 1 16 17 32 318 355 356 376 403 418 419 438 48 65 66 82 83 99 100 120 33 47 121 133 187 207 208 226 134 149 150 186 377 402 290 317 256 271 272 289 227 255 439 446 447 475 
1.93    51.83 98.929759 97.870973 24 150 165 166 186 1 16 17 32 318 355 356 376 403 418 419 438 48 65 66 82 83 99 100 120 33 47 121 133 187 207 208 226 134 149 377 402 290 317 256 271 272 289 227 255 439 446 447 475 
1.80    55.48 98.955714 97.922334 25 318 335 336 355 150 165 166 186 1 16 17 32 356 376 403 418 419 438 48 65 66 82 83 99 100 120 33 47 121 133 187 207 208 226 134 149 377 402 290 317 256 271 272 289 227 255 439 446 447 475 
