# pdb file = /home/wagram/gelly/CORNICHON/PROJECTS/DR/DR_2/PDBs_Clean/1SQ5A/1SQ5A.pdb
# dssp file = /home/wagram/gelly/CORNICHON/PROJECTS/DR/DR_2/PDBs_Clean/1SQ5A/1SQ5A.dssp
# R2 value = 99
# S2D limit size = 8
# limit size of PU= 15
# max size of PU= 0
# d0 value= 6.0
# delta value= 1.5
# only secondary structure= 0
# pruning flag= 0
# cut off pruning= 0
# Max Number of pu= 40
# END PARSE PDB
# END PARSE DSSP
#i/e    i/i+e R2        CI        N DOMAINS
10.07    9.93 78.197869 61.149067 3 1 217 218 266 267 302 
7.99    12.51 89.228433 79.617132 4 1 71 72 217 218 266 267 302 
7.49    13.34 91.213403 83.198849 5 1 49 50 71 72 217 218 266 267 302 
7.21    13.88 92.221188 85.047475 6 267 282 283 302 1 49 50 71 72 217 218 266 
6.73    14.86 93.222728 86.904771 7 1 17 18 49 267 282 283 302 50 71 72 217 218 266 
6.40    15.64 93.832215 88.044847 8 18 34 35 49 1 17 267 282 283 302 50 71 72 217 218 266 
3.24    30.85 95.979013 92.119709 10 72 116 117 139 140 217 18 34 35 49 1 17 267 282 283 302 50 71 218 266 
2.91    34.33 97.184979 94.449201 12 140 154 155 178 179 217 72 116 117 139 18 34 35 49 1 17 267 282 283 302 50 71 218 266 
2.78    35.99 97.548661 95.157413 13 72 88 89 116 140 154 155 178 179 217 117 139 18 34 35 49 1 17 267 282 283 302 50 71 218 266 
2.59    38.56 97.820117 95.687752 14 218 250 251 266 72 88 89 116 140 154 155 178 179 217 117 139 18 34 35 49 1 17 267 282 283 302 50 71 
2.49    40.11 98.023153 96.085386 15 218 233 234 250 251 266 72 88 89 116 140 154 155 178 179 217 117 139 18 34 35 49 1 17 267 282 283 302 50 71 
2.37    42.26 98.218893 96.469510 16 179 202 203 217 218 233 234 250 251 266 72 88 89 116 140 154 155 178 117 139 18 34 35 49 1 17 267 282 283 302 50 71 
