# pdb file = /home/wagram/gelly/CORNICHON/PROJECTS/DR/DR_2/PDBs_Clean/3CINA/3CINA.pdb
# dssp file = /home/wagram/gelly/CORNICHON/PROJECTS/DR/DR_2/PDBs_Clean/3CINA/3CINA.dssp
# R2 value = 99
# S2D limit size = 8
# limit size of PU= 15
# max size of PU= 0
# d0 value= 6.0
# delta value= 1.5
# only secondary structure= 0
# pruning flag= 0
# cut off pruning= 0
# Max Number of pu= 40
# END PARSE PDB
# END PARSE DSSP
#i/e    i/i+e R2        CI        N DOMAINS
8.83    11.33 83.939038 70.457621 3 1 212 213 317 318 382 
8.29    12.06 86.289157 74.458187 4 318 342 343 382 1 212 213 317 
5.04    19.86 88.914749 79.058326 6 213 247 248 262 263 317 318 342 343 382 1 212 
4.96    20.18 90.147081 81.264963 7 263 279 280 317 213 247 248 262 318 342 343 382 1 212 
3.98    25.11 94.092572 88.534121 8 1 86 87 212 263 279 280 317 213 247 248 262 318 342 343 382 
3.89    25.70 94.522828 89.345650 9 213 232 233 247 1 86 87 212 263 279 280 317 248 262 318 342 343 382 
3.18    31.41 95.710898 91.605760 11 1 19 20 46 47 86 213 232 233 247 87 212 263 279 280 317 248 262 318 342 343 382 
2.82    35.51 96.695382 93.499969 12 87 124 125 212 1 19 20 46 47 86 213 232 233 247 263 279 280 317 248 262 318 342 343 382 
2.72    36.70 96.920045 93.934951 13 87 107 108 124 125 212 1 19 20 46 47 86 213 232 233 247 263 279 280 317 248 262 318 342 343 382 
2.31    43.35 97.590177 95.238427 15 125 141 142 158 159 212 87 107 108 124 1 19 20 46 47 86 213 232 233 247 263 279 280 317 248 262 318 342 343 382 
2.20    45.39 97.798169 95.644818 16 343 362 363 382 125 141 142 158 159 212 87 107 108 124 1 19 20 46 47 86 213 232 233 247 263 279 280 317 248 262 318 342 
2.04    49.08 98.048713 96.135500 17 159 176 177 212 343 362 363 382 125 141 142 158 87 107 108 124 1 19 20 46 47 86 213 232 233 247 263 279 280 317 248 262 318 342 
1.94    51.61 98.137974 96.310618 18 280 295 296 317 159 176 177 212 343 362 363 382 125 141 142 158 87 107 108 124 1 19 20 46 47 86 213 232 233 247 263 279 248 262 318 342 
1.75    57.20 98.173152 96.379678 19 47 71 72 86 280 295 296 317 159 176 177 212 343 362 363 382 125 141 142 158 87 107 108 124 1 19 20 46 213 232 233 247 263 279 248 262 318 342 
