# pdb file = /home/wagram/gelly/CORNICHON/PROJECTS/DR/DR_2/PDBs_Clean/2QK1A/2QK1A.pdb
# dssp file = /home/wagram/gelly/CORNICHON/PROJECTS/DR/DR_2/PDBs_Clean/2QK1A/2QK1A.dssp
# R2 value = 99
# S2D limit size = 8
# limit size of PU= 15
# max size of PU= 0
# d0 value= 6.0
# delta value= 1.5
# only secondary structure= 0
# pruning flag= 0
# cut off pruning= 0
# Max Number of pu= 40
# END PARSE PDB
# END PARSE DSSP
#i/e    i/i+e R2        CI        N DOMAINS
33.07    3.02 81.984270 67.214205 2 1 134 135 247 
15.86    6.31 88.796557 78.848286 3 135 186 187 247 1 134 
9.88    10.13 93.040144 86.564683 4 1 51 52 134 135 186 187 247 
8.02    12.48 94.267769 88.864122 5 187 210 211 247 1 51 52 134 135 186 
6.89    14.51 94.738325 89.753503 6 1 16 17 51 187 210 211 247 52 134 135 186 
6.36    15.73 95.252908 90.731164 7 17 36 37 51 1 16 187 210 211 247 52 134 135 186 
4.60    21.76 96.343835 92.821346 8 52 104 105 134 17 36 37 51 1 16 187 210 211 247 135 186 
3.65    27.40 97.068751 94.223425 10 52 66 67 83 84 104 105 134 17 36 37 51 1 16 187 210 211 247 135 186 
3.21    31.13 97.381970 94.832482 11 135 169 170 186 52 66 67 83 84 104 105 134 17 36 37 51 1 16 187 210 211 247 
3.03    33.04 97.661081 95.376868 12 135 150 151 169 170 186 52 66 67 83 84 104 105 134 17 36 37 51 1 16 187 210 211 247 
2.75    36.36 97.842890 95.732312 13 211 232 233 247 135 150 151 169 170 186 52 66 67 83 84 104 105 134 17 36 37 51 1 16 187 210 
