# pdb file = /home/wagram/gelly/CORNICHON/PROJECTS/DR/DR_2/PDBs_Clean/2CYYA/2CYYA.pdb
# dssp file = /home/wagram/gelly/CORNICHON/PROJECTS/DR/DR_2/PDBs_Clean/2CYYA/2CYYA.dssp
# R2 value = 99
# S2D limit size = 8
# limit size of PU= 15
# max size of PU= 0
# d0 value= 6.0
# delta value= 1.5
# only secondary structure= 0
# pruning flag= 0
# cut off pruning= 0
# Max Number of pu= 40
# END PARSE PDB
# END PARSE DSSP
#i/e    i/i+e R2        CI        N DOMAINS
46.63    2.14 86.314876 74.502578 3 1 56 57 143 144 150 
19.73    5.07 89.403749 79.930304 4 1 40 41 56 57 143 144 150 
13.37    7.48 91.553490 83.820415 5 1 21 22 40 41 56 57 143 144 150 
3.50    28.59 94.165862 88.672096 7 57 74 75 90 91 143 1 21 22 40 41 56 144 150 
3.20    31.23 95.572410 91.340856 8 91 109 110 143 57 74 75 90 1 21 22 40 41 56 144 150 
2.92    34.19 96.186289 92.518023 9 110 126 127 143 91 109 57 74 75 90 1 21 22 40 41 56 144 150 
