# pdb file = /home/wagram/gelly/CORNICHON/PROJECTS/DR/DR_2/PDBs_Clean/2YQZA/2YQZA.pdb
# dssp file = /home/wagram/gelly/CORNICHON/PROJECTS/DR/DR_2/PDBs_Clean/2YQZA/2YQZA.dssp
# R2 value = 99
# S2D limit size = 8
# limit size of PU= 15
# max size of PU= 0
# d0 value= 6.0
# delta value= 1.5
# only secondary structure= 0
# pruning flag= 0
# cut off pruning= 0
# Max Number of pu= 40
# END PARSE PDB
# END PARSE DSSP
#i/e    i/i+e R2        CI        N DOMAINS
17.90    5.59 78.657512 61.870041 2 1 138 139 261 
8.21    12.18 86.980174 75.655506 4 139 167 168 189 190 261 1 138 
5.26    19.02 90.066500 81.119744 6 190 220 221 242 243 261 139 167 168 189 1 138 
4.66    21.46 92.205294 85.018162 7 1 16 17 138 190 220 221 242 243 261 139 167 168 189 
4.17    23.96 93.838270 88.056209 8 17 32 33 138 1 16 190 220 221 242 243 261 139 167 168 189 
2.88    34.77 96.182819 92.511347 10 33 47 48 92 93 138 17 32 1 16 190 220 221 242 243 261 139 167 168 189 
2.47    40.45 96.488133 93.099599 11 48 66 67 92 33 47 93 138 17 32 1 16 190 220 221 242 243 261 139 167 168 189 
2.04    48.94 96.694599 93.498455 12 93 119 120 138 48 66 67 92 33 47 17 32 1 16 190 220 221 242 243 261 139 167 168 189 
