# pdb file = /home/wagram/gelly/CORNICHON/PROJECTS/DR/DR_2/PDBs_Clean/1P16A/1P16A.pdb
# dssp file = /home/wagram/gelly/CORNICHON/PROJECTS/DR/DR_2/PDBs_Clean/1P16A/1P16A.dssp
# R2 value = 99
# S2D limit size = 8
# limit size of PU= 15
# max size of PU= 0
# d0 value= 6.0
# delta value= 1.5
# only secondary structure= 0
# pruning flag= 0
# cut off pruning= 0
# Max Number of pu= 40
# END PARSE PDB
# END PARSE DSSP
#i/e    i/i+e R2        CI        N DOMAINS
27.74    3.60 85.796797 73.610904 3 1 242 243 363 364 389 
10.22    9.78 89.033280 79.269249 5 243 303 304 318 319 363 1 242 364 389 
9.87    10.13 90.099016 81.178327 6 319 347 348 363 243 303 304 318 1 242 364 389 
7.09    14.10 93.361172 87.163085 8 1 15 16 38 39 242 319 347 348 363 243 303 304 318 364 389 
4.04    24.77 96.293020 92.723457 10 39 68 69 196 197 242 1 15 16 38 319 347 348 363 243 303 304 318 364 389 
3.89    25.69 96.614980 93.344543 11 197 216 217 242 39 68 69 196 1 15 16 38 319 347 348 363 243 303 304 318 364 389 
3.04    32.92 97.372586 94.814205 13 69 152 153 189 190 196 197 216 217 242 39 68 1 15 16 38 319 347 348 363 243 303 304 318 364 389 
2.96    33.84 97.585801 95.229885 14 153 172 173 189 69 152 190 196 197 216 217 242 39 68 1 15 16 38 319 347 348 363 243 303 304 318 364 389 
2.55    39.27 98.145018 96.324446 16 69 101 102 116 117 152 153 172 173 189 190 196 197 216 217 242 39 68 1 15 16 38 319 347 348 363 243 303 304 318 364 389 
2.23    44.87 98.412865 96.850920 18 243 261 262 276 277 303 69 101 102 116 117 152 153 172 173 189 190 196 197 216 217 242 39 68 1 15 16 38 319 347 348 363 304 318 364 389 
2.02    49.62 98.473918 96.971125 19 117 137 138 152 243 261 262 276 277 303 69 101 102 116 153 172 173 189 190 196 197 216 217 242 39 68 1 15 16 38 319 347 348 363 304 318 364 389 
