# pdb file = /home/wagram/gelly/CORNICHON/PROJECTS/DR/DR_2/PDBs_Clean/4AZ3B/4AZ3B.pdb
# dssp file = /home/wagram/gelly/CORNICHON/PROJECTS/DR/DR_2/PDBs_Clean/4AZ3B/4AZ3B.dssp
# R2 value = 99
# S2D limit size = 8
# limit size of PU= 15
# max size of PU= 0
# d0 value= 6.0
# delta value= 1.5
# only secondary structure= 0
# pruning flag= 0
# cut off pruning= 0
# Max Number of pu= 40
# END PARSE PDB
# END PARSE DSSP
#i/e    i/i+e R2        CI        N DOMAINS
189.74   0.53 81.073410 65.728978 2 1 47 48 155 
37.38    2.68 87.844755 77.167010 3 48 64 65 155 1 47 
19.50    5.13 89.859394 80.747107 4 1 32 33 47 48 64 65 155 
14.67    6.82 91.219491 83.209955 5 1 16 17 32 33 47 48 64 65 155 
7.33    13.64 94.062775 88.478057 6 65 131 132 155 1 16 17 32 33 47 48 64 
3.14    31.87 95.930829 92.027239 8 65 93 94 116 117 131 132 155 1 16 17 32 33 47 48 64 
