# pdb file = /home/wagram/gelly/CORNICHON/PROJECTS/DR/DR_2/PDBs_Clean/2CZQA/2CZQA.pdb
# dssp file = /home/wagram/gelly/CORNICHON/PROJECTS/DR/DR_2/PDBs_Clean/2CZQA/2CZQA.dssp
# R2 value = 99
# S2D limit size = 8
# limit size of PU= 15
# max size of PU= 0
# d0 value= 6.0
# delta value= 1.5
# only secondary structure= 0
# pruning flag= 0
# cut off pruning= 0
# Max Number of pu= 40
# END PARSE PDB
# END PARSE DSSP
#i/e    i/i+e R2        CI        N DOMAINS
7.57    13.22 80.656830 65.055242 3 1 113 114 181 182 205 
3.58    27.91 86.971692 75.640752 5 1 24 25 39 40 113 114 181 182 205 
2.97    33.65 90.051391 81.092531 6 40 76 77 113 1 24 25 39 114 181 182 205 
2.78    35.95 91.118175 83.025218 7 40 61 62 76 77 113 1 24 25 39 114 181 182 205 
1.91    52.40 93.061603 86.604619 9 114 141 142 157 158 181 40 61 62 76 77 113 1 24 25 39 182 205 
1.69    59.01 93.665061 87.731436 10 77 97 98 113 114 141 142 157 158 181 40 61 62 76 1 24 25 39 182 205 
