# pdb file = /home/wagram/gelly/CORNICHON/PROJECTS/DR/DR_2/PDBs_Clean/1VIZA/1VIZA.pdb
# dssp file = /home/wagram/gelly/CORNICHON/PROJECTS/DR/DR_2/PDBs_Clean/1VIZA/1VIZA.dssp
# R2 value = 99
# S2D limit size = 8
# limit size of PU= 15
# max size of PU= 0
# d0 value= 6.0
# delta value= 1.5
# only secondary structure= 0
# pruning flag= 0
# cut off pruning= 0
# Max Number of pu= 40
# END PARSE PDB
# END PARSE DSSP
#i/e    i/i+e R2        CI        N DOMAINS
8.30    12.05 84.050022 70.644062 3 1 73 74 185 186 225 
4.96    20.15 90.139237 81.250820 5 74 90 91 108 109 185 1 73 186 225 
3.59    27.84 92.609284 85.764794 7 1 17 18 32 33 73 74 90 91 108 109 185 186 225 
2.91    34.31 94.319226 88.961164 8 109 134 135 185 1 17 18 32 33 73 74 90 91 108 186 225 
2.55    39.20 95.044704 90.334958 9 135 151 152 185 109 134 1 17 18 32 33 73 74 90 91 108 186 225 
2.24    44.56 95.531428 91.262537 10 186 203 204 225 135 151 152 185 109 134 1 17 18 32 33 73 74 90 91 108 
1.96    50.99 95.975296 92.112574 11 33 57 58 73 186 203 204 225 135 151 152 185 109 134 1 17 18 32 74 90 91 108 
