# pdb file = /home/wagram/gelly/CORNICHON/PROJECTS/DR/DR_2/PDBs_Clean/4A27A/4A27A.pdb
# dssp file = /home/wagram/gelly/CORNICHON/PROJECTS/DR/DR_2/PDBs_Clean/4A27A/4A27A.dssp
# R2 value = 99
# S2D limit size = 8
# limit size of PU= 15
# max size of PU= 0
# d0 value= 6.0
# delta value= 1.5
# only secondary structure= 0
# pruning flag= 0
# cut off pruning= 0
# Max Number of pu= 40
# END PARSE PDB
# END PARSE DSSP
#i/e    i/i+e R2        CI        N DOMAINS
13.57    7.37 86.398127 74.646364 3 1 124 125 278 279 314 
10.98    9.11 90.478652 81.863865 4 125 246 247 278 1 124 279 314 
10.18    9.83 91.154933 83.092218 5 247 262 263 278 125 246 1 124 279 314 
7.35    13.61 93.588044 87.587219 6 125 195 196 246 247 262 263 278 1 124 279 314 
6.50    15.38 94.508489 89.318544 7 125 140 141 195 196 246 247 262 263 278 1 124 279 314 
3.47    28.79 95.841916 91.856728 9 1 42 43 59 60 124 125 140 141 195 196 246 247 262 263 278 279 314 
3.42    29.23 96.355141 92.843133 10 1 25 26 42 43 59 60 124 125 140 141 195 196 246 247 262 263 278 279 314 
3.12    32.05 96.793565 93.689942 11 60 109 110 124 1 25 26 42 43 59 125 140 141 195 196 246 247 262 263 278 279 314 
2.78    35.95 97.097412 94.279075 12 141 174 175 195 60 109 110 124 1 25 26 42 43 59 125 140 196 246 247 262 263 278 279 314 
2.56    38.99 97.317342 94.706650 13 196 231 232 246 141 174 175 195 60 109 110 124 1 25 26 42 43 59 125 140 247 262 263 278 279 314 
2.27    43.97 97.462125 94.988658 14 60 90 91 109 196 231 232 246 141 174 175 195 110 124 1 25 26 42 43 59 125 140 247 262 263 278 279 314 
2.08    48.05 97.616205 95.289236 15 196 214 215 231 60 90 91 109 232 246 141 174 175 195 110 124 1 25 26 42 43 59 125 140 247 262 263 278 279 314 
1.94    51.47 97.707920 95.468377 16 60 75 76 90 196 214 215 231 91 109 232 246 141 174 175 195 110 124 1 25 26 42 43 59 125 140 247 262 263 278 279 314 
1.75    57.31 97.802515 95.653319 17 141 159 160 174 60 75 76 90 196 214 215 231 91 109 232 246 175 195 110 124 1 25 26 42 43 59 125 140 247 262 263 278 279 314 
1.55    64.42 97.868918 95.783252 18 279 295 296 314 141 159 160 174 60 75 76 90 196 214 215 231 91 109 232 246 175 195 110 124 1 25 26 42 43 59 125 140 247 262 263 278 
