# pdb file = /home/wagram/gelly/CORNICHON/PROJECTS/DR/DR_2/PDBs_Clean/1XXLA/1XXLA.pdb
# dssp file = /home/wagram/gelly/CORNICHON/PROJECTS/DR/DR_2/PDBs_Clean/1XXLA/1XXLA.dssp
# R2 value = 99
# S2D limit size = 8
# limit size of PU= 15
# max size of PU= 0
# d0 value= 6.0
# delta value= 1.5
# only secondary structure= 0
# pruning flag= 0
# cut off pruning= 0
# Max Number of pu= 40
# END PARSE PDB
# END PARSE DSSP
#i/e    i/i+e R2        CI        N DOMAINS
9.56    10.47 74.347020 55.274794 3 1 171 172 221 222 234 
7.01    14.27 87.602130 76.741332 4 1 119 120 171 172 221 222 234 
6.46    15.49 89.868885 80.764165 5 120 148 149 171 1 119 172 221 222 234 
4.61    21.70 93.609162 87.626752 6 1 71 72 119 120 148 149 171 172 221 222 234 
4.16    24.04 94.672941 89.629658 7 1 16 17 71 72 119 120 148 149 171 172 221 222 234 
3.66    27.29 95.273844 90.771053 8 172 192 193 221 1 16 17 71 72 119 120 148 149 171 222 234 
2.92    34.19 95.867664 91.906089 9 17 44 45 71 172 192 193 221 1 16 72 119 120 148 149 171 222 234 
2.35    42.62 96.220836 92.584493 10 72 88 89 119 17 44 45 71 172 192 193 221 1 16 120 148 149 171 222 234 
2.19    45.61 96.545114 93.209590 11 89 104 105 119 72 88 17 44 45 71 172 192 193 221 1 16 120 148 149 171 222 234 
