# pdb file = /home/wagram/gelly/CORNICHON/PROJECTS/DR/DR_2/PDBs_Clean/2H6RA/2H6RA.pdb
# dssp file = /home/wagram/gelly/CORNICHON/PROJECTS/DR/DR_2/PDBs_Clean/2H6RA/2H6RA.dssp
# R2 value = 99
# S2D limit size = 8
# limit size of PU= 15
# max size of PU= 0
# d0 value= 6.0
# delta value= 1.5
# only secondary structure= 0
# pruning flag= 0
# cut off pruning= 0
# Max Number of pu= 40
# END PARSE PDB
# END PARSE DSSP
#i/e    i/i+e R2        CI        N DOMAINS
7.57    13.22 83.250677 69.306752 3 1 59 60 164 165 203 
5.72    17.48 90.123083 81.221701 4 60 117 118 164 1 59 165 203 
5.04    19.86 91.465743 83.659821 5 165 183 184 203 60 117 118 164 1 59 
4.21    23.73 92.969549 86.433371 6 60 83 84 117 165 183 184 203 118 164 1 59 
2.95    33.88 94.769989 89.813508 8 1 19 20 34 35 59 60 83 84 117 165 183 184 203 118 164 
2.38    41.96 95.347233 90.910948 9 118 136 137 164 1 19 20 34 35 59 60 83 84 117 165 183 184 203 
2.08    48.15 95.628446 91.447997 10 84 100 101 117 118 136 137 164 1 19 20 34 35 59 60 83 165 183 184 203 
