# pdb file = /home/wagram/gelly/CORNICHON/PROJECTS/DR/DR_2/PDBs_Clean/1OX0A/1OX0A.pdb
# dssp file = /home/wagram/gelly/CORNICHON/PROJECTS/DR/DR_2/PDBs_Clean/1OX0A/1OX0A.dssp
# R2 value = 99
# S2D limit size = 8
# limit size of PU= 15
# max size of PU= 0
# d0 value= 6.0
# delta value= 1.5
# only secondary structure= 0
# pruning flag= 0
# cut off pruning= 0
# Max Number of pu= 40
# END PARSE PDB
# END PARSE DSSP
#i/e    i/i+e R2        CI        N DOMAINS
5.74    17.41 65.891296 43.416629 3 1 121 122 137 138 414 
5.46    18.30 76.355286 58.301297 4 138 164 165 414 1 121 122 137 
4.88    20.48 83.485937 69.699017 6 1 17 18 62 63 121 138 164 165 414 122 137 
4.68    21.35 85.480783 73.069643 7 63 96 97 121 1 17 18 62 138 164 165 414 122 137 
3.36    29.75 90.690043 82.246839 9 165 198 199 213 214 414 63 96 97 121 1 17 18 62 138 164 122 137 
2.71    36.93 93.909387 88.189729 11 214 237 238 258 259 414 165 198 199 213 63 96 97 121 1 17 18 62 138 164 122 137 
2.62    38.22 94.407631 89.128009 12 18 38 39 62 214 237 238 258 259 414 165 198 199 213 63 96 97 121 1 17 138 164 122 137 
2.55    39.28 94.758019 89.790821 13 63 81 82 96 18 38 39 62 214 237 238 258 259 414 165 198 199 213 97 121 1 17 138 164 122 137 
1.87    53.54 96.311343 92.758748 15 259 302 303 391 392 414 63 81 82 96 18 38 39 62 214 237 238 258 165 198 199 213 97 121 1 17 138 164 122 137 
1.62    61.58 97.168601 94.417371 17 303 342 343 361 362 391 259 302 392 414 63 81 82 96 18 38 39 62 214 237 238 258 165 198 199 213 97 121 1 17 138 164 122 137 
1.55    64.43 97.297846 94.668708 18 259 287 288 302 303 342 343 361 362 391 392 414 63 81 82 96 18 38 39 62 214 237 238 258 165 198 199 213 97 121 1 17 138 164 122 137 
1.49    66.99 97.477368 95.018373 19 165 180 181 198 259 287 288 302 303 342 343 361 362 391 392 414 63 81 82 96 18 38 39 62 214 237 238 258 199 213 97 121 1 17 138 164 122 137 
1.41    70.94 97.608947 95.275064 20 303 322 323 342 165 180 181 198 259 287 288 302 343 361 362 391 392 414 63 81 82 96 18 38 39 62 214 237 238 258 199 213 97 121 1 17 138 164 122 137 
