# pdb file = /home/wagram/gelly/CORNICHON/PROJECTS/DR/DR_2/PDBs_Clean/3HKXA/3HKXA.pdb
# dssp file = /home/wagram/gelly/CORNICHON/PROJECTS/DR/DR_2/PDBs_Clean/3HKXA/3HKXA.dssp
# R2 value = 99
# S2D limit size = 8
# limit size of PU= 15
# max size of PU= 0
# d0 value= 6.0
# delta value= 1.5
# only secondary structure= 0
# pruning flag= 0
# cut off pruning= 0
# Max Number of pu= 40
# END PARSE PDB
# END PARSE DSSP
#i/e    i/i+e R2        CI        N DOMAINS
187.86   0.53 47.715899 22.768071 2 1 248 249 263 
7.07    14.15 83.033239 68.945188 4 1 19 20 138 139 248 249 263 
5.41    18.47 87.914174 77.289020 5 139 178 179 248 1 19 20 138 249 263 
4.03    24.83 91.512050 83.744554 6 20 57 58 138 139 178 179 248 1 19 249 263 
3.16    31.69 93.560991 87.536590 8 58 73 74 120 121 138 20 57 139 178 179 248 1 19 249 263 
2.82    35.51 94.325085 88.972217 9 179 233 234 248 58 73 74 120 121 138 20 57 139 178 1 19 249 263 
2.46    40.59 94.842666 89.951313 10 74 90 91 120 179 233 234 248 58 73 121 138 20 57 139 178 1 19 249 263 
2.22    45.00 95.207908 90.645458 11 20 35 36 57 74 90 91 120 179 233 234 248 58 73 121 138 139 178 1 19 249 263 
1.89    52.84 95.678980 91.544672 12 179 201 202 233 20 35 36 57 74 90 91 120 234 248 58 73 121 138 139 178 1 19 249 263 
1.74    57.52 95.929931 92.025517 13 202 218 219 233 179 201 20 35 36 57 74 90 91 120 234 248 58 73 121 138 139 178 1 19 249 263 
1.52    65.82 96.147008 92.442472 14 139 159 160 178 202 218 219 233 179 201 20 35 36 57 74 90 91 120 234 248 58 73 121 138 1 19 249 263 
