# pdb file = /home/wagram/gelly/CORNICHON/PROJECTS/DR/DR_2/PDBs_Clean/4FK1A/4FK1A.pdb
# dssp file = /home/wagram/gelly/CORNICHON/PROJECTS/DR/DR_2/PDBs_Clean/4FK1A/4FK1A.dssp
# R2 value = 99
# S2D limit size = 8
# limit size of PU= 15
# max size of PU= 0
# d0 value= 6.0
# delta value= 1.5
# only secondary structure= 0
# pruning flag= 0
# cut off pruning= 0
# Max Number of pu= 40
# END PARSE PDB
# END PARSE DSSP
#i/e    i/i+e R2        CI        N DOMAINS
10.31    9.70 88.573497 78.452643 3 1 113 114 226 227 299 
5.29    18.90 92.157038 84.929197 5 1 34 35 60 61 113 114 226 227 299 
5.15    19.41 93.312209 87.071684 6 61 76 77 113 1 34 35 60 114 226 227 299 
4.51    22.16 94.504089 89.310229 7 227 273 274 299 61 76 77 113 1 34 35 60 114 226 
2.95    33.92 95.913688 91.994356 9 114 176 177 192 193 226 227 273 274 299 61 76 77 113 1 34 35 60 
2.84    35.27 96.470224 93.065042 10 114 129 130 176 177 192 193 226 227 273 274 299 61 76 77 113 1 34 35 60 
2.67    37.49 96.805072 93.712220 11 227 242 243 273 114 129 130 176 177 192 193 226 274 299 61 76 77 113 1 34 35 60 
2.49    40.20 96.992436 94.075327 12 243 258 259 273 227 242 114 129 130 176 177 192 193 226 274 299 61 76 77 113 1 34 35 60 
2.25    44.46 97.211129 94.500036 13 130 146 147 176 243 258 259 273 227 242 114 129 177 192 193 226 274 299 61 76 77 113 1 34 35 60 
2.09    47.92 97.449455 94.963963 14 77 96 97 113 130 146 147 176 243 258 259 273 227 242 114 129 177 192 193 226 274 299 61 76 1 34 35 60 
1.90    52.54 97.555894 95.171524 15 193 211 212 226 77 96 97 113 130 146 147 176 243 258 259 273 227 242 114 129 177 192 274 299 61 76 1 34 35 60 
1.71    58.35 97.685552 95.424671 16 1 16 17 34 193 211 212 226 77 96 97 113 130 146 147 176 243 258 259 273 227 242 114 129 177 192 274 299 61 76 35 60 
