# pdb file = /home/wagram/gelly/CORNICHON/PROJECTS/DR/DR_2/PDBs_Clean/1YGAA/1YGAA.pdb
# dssp file = /home/wagram/gelly/CORNICHON/PROJECTS/DR/DR_2/PDBs_Clean/1YGAA/1YGAA.dssp
# R2 value = 99
# S2D limit size = 8
# limit size of PU= 15
# max size of PU= 0
# d0 value= 6.0
# delta value= 1.5
# only secondary structure= 0
# pruning flag= 0
# cut off pruning= 0
# Max Number of pu= 40
# END PARSE PDB
# END PARSE DSSP
#i/e    i/i+e R2        CI        N DOMAINS
8.07    12.40 78.544891 61.692999 3 1 171 172 318 319 336 
4.43    22.57 87.660212 76.843127 5 1 61 62 87 88 171 172 318 319 336 
2.94    34.00 90.911680 82.649335 7 172 193 194 214 215 318 1 61 62 87 88 171 319 336 
2.83    35.32 92.332903 85.253649 8 215 231 232 318 172 193 194 214 1 61 62 87 88 171 319 336 
2.32    43.11 94.097779 88.543921 10 232 255 256 275 276 318 215 231 172 193 194 214 1 61 62 87 88 171 319 336 
2.27    44.09 94.791357 89.854013 11 276 303 304 318 232 255 256 275 215 231 172 193 194 214 1 61 62 87 88 171 319 336 
2.12    47.13 95.387312 90.987393 12 1 37 38 61 276 303 304 318 232 255 256 275 215 231 172 193 194 214 62 87 88 171 319 336 
1.93    51.76 96.480422 93.084718 14 88 102 103 163 164 171 1 37 38 61 276 303 304 318 232 255 256 275 215 231 172 193 194 214 62 87 319 336 
1.68    59.35 97.047252 94.181692 16 103 118 119 134 135 163 88 102 164 171 1 37 38 61 276 303 304 318 232 255 256 275 215 231 172 193 194 214 62 87 319 336 
1.54    65.10 97.195685 94.470012 17 1 19 20 37 103 118 119 134 135 163 88 102 164 171 38 61 276 303 304 318 232 255 256 275 215 231 172 193 194 214 62 87 319 336 
