# pdb file = /home/wagram/gelly/CORNICHON/PROJECTS/DR/DR_2/PDBs_Clean/1QVEA/1QVEA.pdb
# dssp file = /home/wagram/gelly/CORNICHON/PROJECTS/DR/DR_2/PDBs_Clean/1QVEA/1QVEA.dssp
# R2 value = 99
# S2D limit size = 8
# limit size of PU= 15
# max size of PU= 0
# d0 value= 6.0
# delta value= 1.5
# only secondary structure= 0
# pruning flag= 0
# cut off pruning= 0
# Max Number of pu= 40
# END PARSE PDB
# END PARSE DSSP
#i/e    i/i+e R2        CI        N DOMAINS
23.31    4.29 53.924597 29.078622 2 1 109 110 126 
4.47    22.36 82.776598 68.519652 4 1 18 19 49 50 109 110 126 
4.14    24.17 85.962192 73.894984 5 19 34 35 49 1 18 50 109 110 126 
2.72    36.71 89.392917 79.910935 6 50 86 87 109 19 34 35 49 1 18 110 126 
2.00    50.03 90.593394 82.071630 7 50 65 66 86 87 109 19 34 35 49 1 18 110 126 
