# pdb file = /home/wagram/gelly/CORNICHON/PROJECTS/DR/DR_2/PDBs_Clean/3I8SA/3I8SA.pdb
# dssp file = /home/wagram/gelly/CORNICHON/PROJECTS/DR/DR_2/PDBs_Clean/3I8SA/3I8SA.dssp
# R2 value = 99
# S2D limit size = 8
# limit size of PU= 15
# max size of PU= 0
# d0 value= 6.0
# delta value= 1.5
# only secondary structure= 0
# pruning flag= 0
# cut off pruning= 0
# Max Number of pu= 40
# END PARSE PDB
# END PARSE DSSP
#i/e    i/i+e R2        CI        N DOMAINS
16.65    6.01 82.476608 68.023908 3 1 171 172 243 244 260 
8.28    12.08 90.410112 81.739883 4 1 82 83 171 172 243 244 260 
6.77    14.77 92.221454 85.047966 5 1 59 60 82 83 171 172 243 244 260 
5.60    17.86 93.503317 87.428702 6 172 222 223 243 1 59 60 82 83 171 244 260 
4.30    23.27 94.866717 89.996941 7 83 128 129 171 172 222 223 243 1 59 60 82 244 260 
3.84    26.05 95.307810 90.835786 8 129 144 145 171 83 128 172 222 223 243 1 59 60 82 244 260 
3.29    30.41 95.797201 91.771038 9 172 202 203 222 129 144 145 171 83 128 223 243 1 59 60 82 244 260 
2.99    33.41 96.085543 92.324315 10 172 187 188 202 203 222 129 144 145 171 83 128 223 243 1 59 60 82 244 260 
2.52    39.62 96.515281 93.151995 11 1 23 24 59 172 187 188 202 203 222 129 144 145 171 83 128 223 243 60 82 244 260 
2.19    45.61 96.834634 93.769463 12 83 109 110 128 1 23 24 59 172 187 188 202 203 222 129 144 145 171 223 243 60 82 244 260 
