# pdb file = /home/wagram/gelly/CORNICHON/PROJECTS/DR/DR_2/PDBs_Clean/3IDFA/3IDFA.pdb
# dssp file = /home/wagram/gelly/CORNICHON/PROJECTS/DR/DR_2/PDBs_Clean/3IDFA/3IDFA.dssp
# R2 value = 99
# S2D limit size = 8
# limit size of PU= 15
# max size of PU= 0
# d0 value= 6.0
# delta value= 1.5
# only secondary structure= 0
# pruning flag= 0
# cut off pruning= 0
# Max Number of pu= 40
# END PARSE PDB
# END PARSE DSSP
#i/e    i/i+e R2        CI        N DOMAINS
4.59    21.78 76.982454 59.262983 3 1 41 42 62 63 138 
4.37    22.88 87.235540 76.100394 4 63 87 88 138 1 41 42 62 
3.32    30.13 89.613919 80.306545 5 88 107 108 138 63 87 1 41 42 62 
2.90    34.50 90.809980 82.464525 6 108 123 124 138 88 107 63 87 1 41 42 62 
2.23    44.81 91.973287 84.590855 7 1 19 20 41 108 123 124 138 88 107 63 87 42 62 
