# pdb file = /home/wagram/gelly/CORNICHON/PROJECTS/DR/DR_2/PDBs_Clean/2W07B/2W07B.pdb
# dssp file = /home/wagram/gelly/CORNICHON/PROJECTS/DR/DR_2/PDBs_Clean/2W07B/2W07B.dssp
# R2 value = 99
# S2D limit size = 8
# limit size of PU= 15
# max size of PU= 0
# d0 value= 6.0
# delta value= 1.5
# only secondary structure= 0
# pruning flag= 0
# cut off pruning= 0
# Max Number of pu= 40
# END PARSE PDB
# END PARSE DSSP
#i/e    i/i+e R2        CI        N DOMAINS
19.34    5.17 52.965552 28.053497 2 1 16 17 121 
7.93    12.61 67.625191 45.731664 3 17 32 33 121 1 16 
3.04    32.86 81.571091 66.538429 5 33 53 54 112 113 121 17 32 1 16 
1.88    53.12 87.698278 76.909879 7 54 69 70 102 103 112 33 53 113 121 17 32 1 16 
1.43    69.79 89.106705 79.400048 8 70 87 88 102 54 69 103 112 33 53 113 121 17 32 1 16 
