# pdb file = /home/wagram/gelly/CORNICHON/PROJECTS/DR/DR_2/PDBs_Clean/1F60A/1F60A.pdb
# dssp file = /home/wagram/gelly/CORNICHON/PROJECTS/DR/DR_2/PDBs_Clean/1F60A/1F60A.dssp
# R2 value = 99
# S2D limit size = 8
# limit size of PU= 15
# max size of PU= 0
# d0 value= 6.0
# delta value= 1.5
# only secondary structure= 0
# pruning flag= 0
# cut off pruning= 0
# Max Number of pu= 40
# END PARSE PDB
# END PARSE DSSP
#i/e    i/i+e R2        CI        N DOMAINS
52.93    1.89 83.594838 69.880970 2 1 235 236 440 
26.95    3.71 90.516548 81.932454 3 236 332 333 440 1 235 
9.24    10.82 94.253355 88.836949 5 1 33 34 74 75 235 236 332 333 440 
8.32    12.02 95.541905 91.282556 6 75 107 108 235 1 33 34 74 236 332 333 440 
8.14    12.29 95.888453 91.945954 7 75 90 91 107 108 235 1 33 34 74 236 332 333 440 
7.83    12.78 96.121577 92.393575 8 1 17 18 33 75 90 91 107 108 235 34 74 236 332 333 440 
6.21    16.11 96.902418 93.900787 9 108 185 186 235 1 17 18 33 75 90 91 107 34 74 236 332 333 440 
5.52    18.13 97.266932 94.608560 10 108 159 160 185 186 235 1 17 18 33 75 90 91 107 34 74 236 332 333 440 
5.18    19.31 97.413940 94.894757 11 34 53 54 74 108 159 160 185 186 235 1 17 18 33 75 90 91 107 236 332 333 440 
3.20    31.23 97.749775 95.550185 13 333 372 373 389 390 440 34 53 54 74 108 159 160 185 186 235 1 17 18 33 75 90 91 107 236 332 
3.15    31.70 97.895635 95.835553 14 333 349 350 372 373 389 390 440 34 53 54 74 108 159 160 185 186 235 1 17 18 33 75 90 91 107 236 332 
3.09    32.36 98.098573 96.233300 15 390 407 408 440 333 349 350 372 373 389 34 53 54 74 108 159 160 185 186 235 1 17 18 33 75 90 91 107 236 332 
2.88    34.73 98.220827 96.473309 16 186 209 210 235 390 407 408 440 333 349 350 372 373 389 34 53 54 74 108 159 160 185 1 17 18 33 75 90 91 107 236 332 
2.07    48.36 98.463127 96.949873 18 236 268 269 299 300 332 186 209 210 235 390 407 408 440 333 349 350 372 373 389 34 53 54 74 108 159 160 185 1 17 18 33 75 90 91 107 
2.05    48.85 98.541248 97.103776 19 300 317 318 332 236 268 269 299 186 209 210 235 390 407 408 440 333 349 350 372 373 389 34 53 54 74 108 159 160 185 1 17 18 33 75 90 91 107 
1.96    51.00 98.602552 97.224633 20 269 284 285 299 300 317 318 332 236 268 186 209 210 235 390 407 408 440 333 349 350 372 373 389 34 53 54 74 108 159 160 185 1 17 18 33 75 90 91 107 
1.83    54.64 98.696448 97.409889 21 108 144 145 159 269 284 285 299 300 317 318 332 236 268 186 209 210 235 390 407 408 440 333 349 350 372 373 389 34 53 54 74 160 185 1 17 18 33 75 90 91 107 
1.78    56.32 98.784503 97.583781 22 108 126 127 144 145 159 269 284 285 299 300 317 318 332 236 268 186 209 210 235 390 407 408 440 333 349 350 372 373 389 34 53 54 74 160 185 1 17 18 33 75 90 91 107 
1.67    59.87 98.826688 97.667142 23 408 424 425 440 108 126 127 144 145 159 269 284 285 299 300 317 318 332 236 268 186 209 210 235 390 407 333 349 350 372 373 389 34 53 54 74 160 185 1 17 18 33 75 90 91 107 
1.55    64.44 98.857991 97.729025 24 236 251 252 268 408 424 425 440 108 126 127 144 145 159 269 284 285 299 300 317 318 332 186 209 210 235 390 407 333 349 350 372 373 389 34 53 54 74 160 185 1 17 18 33 75 90 91 107 
