# pdb file = /home/wagram/gelly/CORNICHON/PROJECTS/DR/DR_2/PDBs_Clean/1CS1A/1CS1A.pdb
# dssp file = /home/wagram/gelly/CORNICHON/PROJECTS/DR/DR_2/PDBs_Clean/1CS1A/1CS1A.dssp
# R2 value = 99
# S2D limit size = 8
# limit size of PU= 15
# max size of PU= 0
# d0 value= 6.0
# delta value= 1.5
# only secondary structure= 0
# pruning flag= 0
# cut off pruning= 0
# Max Number of pu= 40
# END PARSE PDB
# END PARSE DSSP
#i/e    i/i+e R2        CI        N DOMAINS
21.79    4.59 77.966011 60.786989 2 1 247 248 384 
6.02    16.62 90.732480 82.323829 4 1 84 85 170 171 247 248 384 
5.36    18.66 93.104534 86.684542 6 1 26 27 49 50 84 85 170 171 247 248 384 
4.13    24.21 95.069475 90.382051 8 248 274 275 294 295 384 1 26 27 49 50 84 85 170 171 247 
3.04    32.94 95.827520 91.829137 10 295 339 340 354 355 384 248 274 275 294 1 26 27 49 50 84 85 170 171 247 
2.96    33.80 96.221576 92.585917 11 295 316 317 339 340 354 355 384 248 274 275 294 1 26 27 49 50 84 85 170 171 247 
2.70    36.99 96.817825 93.736912 12 171 212 213 247 295 316 317 339 340 354 355 384 248 274 275 294 1 26 27 49 50 84 85 170 
2.68    37.27 97.112446 94.308272 13 213 230 231 247 171 212 295 316 317 339 340 354 355 384 248 274 275 294 1 26 27 49 50 84 85 170 
2.20    45.44 97.543563 95.147468 15 85 99 100 114 115 170 213 230 231 247 171 212 295 316 317 339 340 354 355 384 248 274 275 294 1 26 27 49 50 84 
2.10    47.58 97.825141 95.697583 16 115 135 136 170 85 99 100 114 213 230 231 247 171 212 295 316 317 339 340 354 355 384 248 274 275 294 1 26 27 49 50 84 
2.03    49.29 98.005191 96.050175 17 50 65 66 84 115 135 136 170 85 99 100 114 213 230 231 247 171 212 295 316 317 339 340 354 355 384 248 274 275 294 1 26 27 49 
1.92    52.05 98.186536 96.405959 18 171 187 188 212 50 65 66 84 115 135 136 170 85 99 100 114 213 230 231 247 295 316 317 339 340 354 355 384 248 274 275 294 1 26 27 49 
1.82    54.88 98.293825 96.616761 19 136 152 153 170 171 187 188 212 50 65 66 84 115 135 85 99 100 114 213 230 231 247 295 316 317 339 340 354 355 384 248 274 275 294 1 26 27 49 
