# pdb file = /home/wagram/gelly/CORNICHON/PROJECTS/DR/DR_2/PDBs_Clean/3N71A/3N71A.pdb
# dssp file = /home/wagram/gelly/CORNICHON/PROJECTS/DR/DR_2/PDBs_Clean/3N71A/3N71A.dssp
# R2 value = 99
# S2D limit size = 8
# limit size of PU= 15
# max size of PU= 0
# d0 value= 6.0
# delta value= 1.5
# only secondary structure= 0
# pruning flag= 0
# cut off pruning= 0
# Max Number of pu= 40
# END PARSE PDB
# END PARSE DSSP
#i/e    i/i+e R2        CI        N DOMAINS
42.86    2.33 82.403532 67.903421 2 1 283 284 468 
12.16    8.22 91.918112 84.489393 4 1 37 38 202 203 283 284 468 
11.48    8.71 93.229918 86.918176 5 284 451 452 468 1 37 38 202 203 283 
9.37    10.67 95.439564 91.087104 6 284 384 385 451 452 468 1 37 38 202 203 283 
8.66    11.55 96.183347 92.512362 7 203 252 253 283 284 384 385 451 452 468 1 37 38 202 
6.01    16.63 97.487119 95.037384 9 38 99 100 179 180 202 203 252 253 283 284 384 385 451 452 468 1 37 
5.31    18.82 97.917702 95.878763 10 284 353 354 384 38 99 100 179 180 202 203 252 253 283 385 451 452 468 1 37 
4.44    22.50 98.222834 96.477251 12 284 311 312 334 335 353 354 384 38 99 100 179 180 202 203 252 253 283 385 451 452 468 1 37 
4.08    24.52 98.432676 96.889916 13 100 132 133 179 284 311 312 334 335 353 354 384 38 99 180 202 203 252 253 283 385 451 452 468 1 37 
3.87    25.81 98.575486 97.171265 14 38 82 83 99 100 132 133 179 284 311 312 334 335 353 354 384 180 202 203 252 253 283 385 451 452 468 1 37 
3.75    26.65 98.655571 97.329217 15 100 117 118 132 38 82 83 99 133 179 284 311 312 334 335 353 354 384 180 202 203 252 253 283 385 451 452 468 1 37 
3.45    28.97 98.797745 97.609945 16 385 428 429 451 100 117 118 132 38 82 83 99 133 179 284 311 312 334 335 353 354 384 180 202 203 252 253 283 452 468 1 37 
3.26    30.64 98.862210 97.737366 17 133 158 159 179 385 428 429 451 100 117 118 132 38 82 83 99 284 311 312 334 335 353 354 384 180 202 203 252 253 283 452 468 1 37 
3.05    32.78 98.945011 97.901152 18 38 61 62 82 133 158 159 179 385 428 429 451 100 117 118 132 83 99 284 311 312 334 335 353 354 384 180 202 203 252 253 283 452 468 1 37 
2.89    34.55 98.982934 97.976213 19 354 369 370 384 38 61 62 82 133 158 159 179 385 428 429 451 100 117 118 132 83 99 284 311 312 334 335 353 180 202 203 252 253 283 452 468 1 37 
2.76    36.22 99.024892 98.059293 20 1 22 23 37 354 369 370 384 38 61 62 82 133 158 159 179 385 428 429 451 100 117 118 132 83 99 284 311 312 334 335 353 180 202 203 252 253 283 452 468 
