# pdb file = /home/wagram/gelly/CORNICHON/PROJECTS/DR/DR_2/PDBs_Clean/3QLDA/3QLDA.pdb
# dssp file = /home/wagram/gelly/CORNICHON/PROJECTS/DR/DR_2/PDBs_Clean/3QLDA/3QLDA.dssp
# R2 value = 99
# S2D limit size = 8
# limit size of PU= 15
# max size of PU= 0
# d0 value= 6.0
# delta value= 1.5
# only secondary structure= 0
# pruning flag= 0
# cut off pruning= 0
# Max Number of pu= 40
# END PARSE PDB
# END PARSE DSSP
#i/e    i/i+e R2        CI        N DOMAINS
6.05    16.53 84.593711 71.560960 3 1 143 144 267 268 383 
5.95    16.81 86.879724 75.480865 4 268 368 369 383 1 143 144 267 
5.71    17.51 89.788439 80.619638 5 1 124 125 143 268 368 369 383 144 267 
5.08    19.67 91.741545 84.165111 6 268 323 324 368 1 124 125 143 369 383 144 267 
4.42    22.63 93.875476 88.126050 7 144 194 195 267 268 323 324 368 1 124 125 143 369 383 
3.42    29.24 95.758190 91.696309 9 1 64 65 101 102 124 144 194 195 267 268 323 324 368 125 143 369 383 
3.27    30.62 96.233542 92.608946 10 1 47 48 64 65 101 102 124 144 194 195 267 268 323 324 368 125 143 369 383 
3.07    32.53 96.579069 93.275165 11 144 164 165 194 1 47 48 64 65 101 102 124 195 267 268 323 324 368 125 143 369 383 
2.86    34.91 97.019457 94.127750 12 268 290 291 323 144 164 165 194 1 47 48 64 65 101 102 124 195 267 324 368 125 143 369 383 
2.73    36.64 97.252982 94.581426 13 324 349 350 368 268 290 291 323 144 164 165 194 1 47 48 64 65 101 102 124 195 267 125 143 369 383 
2.62    38.15 97.419541 94.905670 14 65 86 87 101 324 349 350 368 268 290 291 323 144 164 165 194 1 47 48 64 102 124 195 267 125 143 369 383 
2.39    41.79 97.783138 95.615420 15 195 243 244 267 65 86 87 101 324 349 350 368 268 290 291 323 144 164 165 194 1 47 48 64 102 124 125 143 369 383 
2.21    45.24 97.942002 95.926357 16 195 224 225 243 244 267 65 86 87 101 324 349 350 368 268 290 291 323 144 164 165 194 1 47 48 64 102 124 125 143 369 383 
2.06    48.45 98.095854 96.227965 17 1 31 32 47 195 224 225 243 244 267 65 86 87 101 324 349 350 368 268 290 291 323 144 164 165 194 48 64 102 124 125 143 369 383 
1.96    50.97 98.187767 96.408377 18 1 16 17 31 32 47 195 224 225 243 244 267 65 86 87 101 324 349 350 368 268 290 291 323 144 164 165 194 48 64 102 124 125 143 369 383 
1.82    54.81 98.278388 96.586415 19 291 308 309 323 1 16 17 31 32 47 195 224 225 243 244 267 65 86 87 101 324 349 350 368 268 290 144 164 165 194 48 64 102 124 125 143 369 383 
