# pdb file = /home/wagram/gelly/CORNICHON/PROJECTS/DR/DR_2/PDBs_Clean/2A35A/2A35A.pdb
# dssp file = /home/wagram/gelly/CORNICHON/PROJECTS/DR/DR_2/PDBs_Clean/2A35A/2A35A.dssp
# R2 value = 99
# S2D limit size = 8
# limit size of PU= 15
# max size of PU= 0
# d0 value= 6.0
# delta value= 1.5
# only secondary structure= 0
# pruning flag= 0
# cut off pruning= 0
# Max Number of pu= 40
# END PARSE PDB
# END PARSE DSSP
#i/e    i/i+e R2        CI        N DOMAINS
6.79    14.73 79.780634 63.649495 3 1 112 113 137 138 208 
4.31    23.22 88.952938 79.126251 5 1 70 71 89 90 112 113 137 138 208 
3.04    32.91 92.184233 84.979327 7 1 32 33 60 61 70 71 89 90 112 113 137 138 208 
2.27    44.05 94.536673 89.371825 9 138 154 155 176 177 208 1 32 33 60 61 70 71 89 90 112 113 137 
2.01    49.76 94.931043 90.119030 10 1 17 18 32 138 154 155 176 177 208 33 60 61 70 71 89 90 112 113 137 
