# pdb file = /home/wagram/gelly/CORNICHON/PROJECTS/DR/DR_2/PDBs_Clean/2B4VA/2B4VA.pdb
# dssp file = /home/wagram/gelly/CORNICHON/PROJECTS/DR/DR_2/PDBs_Clean/2B4VA/2B4VA.dssp
# R2 value = 99
# S2D limit size = 8
# limit size of PU= 15
# max size of PU= 0
# d0 value= 6.0
# delta value= 1.5
# only secondary structure= 0
# pruning flag= 0
# cut off pruning= 0
# Max Number of pu= 40
# END PARSE PDB
# END PARSE DSSP
#i/e    i/i+e R2        CI        N DOMAINS
8.27    12.10 86.065709 74.073062 3 1 136 137 229 230 437 
7.95    12.58 88.640834 78.571975 4 1 21 22 136 137 229 230 437 
6.84    14.62 91.913855 84.481568 6 22 79 80 124 125 136 1 21 137 229 230 437 
4.94    20.26 95.610089 91.412891 8 230 347 348 409 410 437 22 79 80 124 125 136 1 21 137 229 
4.77    20.98 96.528906 93.178297 9 230 245 246 347 348 409 410 437 22 79 80 124 125 136 1 21 137 229 
4.20    23.82 97.381137 94.830858 11 246 303 304 325 326 347 230 245 348 409 410 437 22 79 80 124 125 136 1 21 137 229 
3.81    26.22 97.804065 95.656351 13 246 264 265 291 292 303 304 325 326 347 230 245 348 409 410 437 22 79 80 124 125 136 1 21 137 229 
2.87    34.80 98.096106 96.228461 15 137 156 157 174 175 229 246 264 265 291 292 303 304 325 326 347 230 245 348 409 410 437 22 79 80 124 125 136 1 21 
2.78    35.96 98.265127 96.560353 16 175 204 205 229 137 156 157 174 246 264 265 291 292 303 304 325 326 347 230 245 348 409 410 437 22 79 80 124 125 136 1 21 
2.61    38.37 98.420610 96.866164 17 348 370 371 409 175 204 205 229 137 156 157 174 246 264 265 291 292 303 304 325 326 347 230 245 410 437 22 79 80 124 125 136 1 21 
2.43    41.16 98.559637 97.140020 18 22 47 48 79 348 370 371 409 175 204 205 229 137 156 157 174 246 264 265 291 292 303 304 325 326 347 230 245 410 437 80 124 125 136 1 21 
2.28    43.87 98.642636 97.303697 19 80 99 100 124 22 47 48 79 348 370 371 409 175 204 205 229 137 156 157 174 246 264 265 291 292 303 304 325 326 347 230 245 410 437 125 136 1 21 
2.14    46.76 98.692849 97.402785 20 371 386 387 409 80 99 100 124 22 47 48 79 348 370 175 204 205 229 137 156 157 174 246 264 265 291 292 303 304 325 326 347 230 245 410 437 125 136 1 21 
2.03    49.26 98.747997 97.511670 21 48 63 64 79 371 386 387 409 80 99 100 124 22 47 348 370 175 204 205 229 137 156 157 174 246 264 265 291 292 303 304 325 326 347 230 245 410 437 125 136 1 21 
